TN:
SF:/home/yilegu/squint/bug_study/wiredtiger-1-recover-from-backup/wiredtiger-before/src/block/block_addr.c
FN:19,__block_addr_unpack
FN:88,__wt_block_addr_pack
FN:129,__wt_block_addr_unpack
FN:144,__wt_block_addr_invalid
FN:174,__wt_block_addr_string
FN:197,__block_ckpt_unpack
FN:258,__wt_block_ckpt_unpack
FN:269,__wt_block_ckpt_decode
FN:283,__wt_block_ckpt_pack
FN:329,__wt_ckpt_verbose
FNDA:471,__wt_block_addr_invalid
FNDA:631,__wt_block_addr_pack
FNDA:481,__block_ckpt_unpack
FNDA:0,__wt_block_ckpt_decode
FNDA:36,__wt_block_ckpt_pack
FNDA:4287,__block_addr_unpack
FNDA:1421,__wt_block_addr_unpack
FNDA:471,__wt_block_addr_string
FNDA:0,__wt_ckpt_verbose
FNDA:481,__wt_block_ckpt_unpack
FNF:10
FNH:8
DA:19,4287
DA:22,4287
DA:23,4287
DA:24,4287
DA:37,4287
DA:38,4287
DA:39,4287
DA:40,4287
DA:41,4287
DA:42,4287
DA:43,4287
DA:44,0
DA:45,0
DA:46,0
DA:47,0
DA:56,4287
DA:69,4287
DA:70,481
DA:71,481
DA:72,481
DA:74,3806
DA:75,3806
DA:76,3806
DA:77,3806
DA:88,631
DA:91,631
DA:94,631
DA:99,577
DA:100,577
DA:101,577
DA:102,577
DA:104,631
DA:105,631
DA:106,631
DA:116,631
DA:117,0
DA:118,0
DA:119,0
DA:129,2363
DA:133,2363
DA:135,2363
DA:136,1421
DA:144,471
DA:147,471
DA:148,471
DA:150,471
DA:153,471
DA:166,471
DA:174,471
DA:177,471
DA:178,471
DA:181,471
DA:185,471
DA:197,481
DA:200,481
DA:201,481
DA:202,481
DA:203,481
DA:205,481
DA:207,481
DA:208,481
DA:209,0
DA:216,481
DA:217,481
DA:219,481
DA:221,481
DA:223,481
DA:225,481
DA:226,481
DA:227,481
DA:228,481
DA:231,481
DA:232,481
DA:233,481
DA:234,0
DA:235,0
DA:236,0
DA:237,0
DA:240,481
DA:247,481
DA:250,481
DA:258,481
DA:261,481
DA:269,0
DA:272,0
DA:274,0
DA:275,0
DA:283,36
DA:286,36
DA:288,36
DA:289,0
DA:291,36
DA:292,36
DA:299,36
DA:300,36
DA:302,36
DA:303,18
DA:305,18
DA:307,36
DA:309,36
DA:310,36
DA:311,36
DA:312,36
DA:314,36
DA:315,0
DA:316,0
DA:317,0
DA:318,0
DA:329,0
DA:332,0
DA:333,0
DA:334,0
DA:336,0
DA:337,0
DA:339,0
DA:343,0
DA:344,0
DA:345,0
DA:347,0
DA:348,0
DA:349,0
DA:350,0
DA:351,0
DA:353,0
DA:357,0
DA:358,0
DA:360,0
DA:364,0
DA:365,0
DA:367,0
DA:371,0
DA:372,0
DA:374,0
DA:378,0
DA:379,0
DA:381,0
DA:382,0
DA:384,0
DA:385,0
DA:386,0
LF:140
LH:87
end_of_record
TN:
SF:/home/yilegu/squint/bug_study/wiredtiger-1-recover-from-backup/wiredtiger-before/src/block/block_ckpt.c
FN:19,__wt_block_ckpt_init
FN:39,__wt_block_checkpoint_load
FN:142,__wt_block_checkpoint_unload
FN:174,__wt_block_ckpt_destroy
FN:190,__wt_block_checkpoint_start
FN:218,__wt_block_checkpoint
FN:269,__ckpt_extlist_read
FN:350,__ckpt_add_blkmod_entry
FN:400,__ckpt_add_blk_mods_alloc
FN:436,__ckpt_add_blk_mods_ext
FN:470,__ckpt_process
FN:784,__ckpt_update
FN:900,__wt_block_checkpoint_resolve
FNDA:18,__ckpt_process
FNDA:18,__ckpt_add_blk_mods_ext
FNDA:18,__ckpt_update
FNDA:0,__ckpt_add_blkmod_entry
FNDA:18,__ckpt_add_blk_mods_alloc
FNDA:10,__ckpt_extlist_read
FNDA:4061,__wt_block_ckpt_init
FNDA:4061,__wt_block_ckpt_destroy
FNDA:18,__wt_block_checkpoint
FNDA:3879,__wt_block_checkpoint_unload
FNDA:18,__wt_block_checkpoint_resolve
FNDA:4051,__wt_block_checkpoint_load
FNDA:18,__wt_block_checkpoint_start
FNF:13
FNH:12
DA:19,4061
DA:21,4061
DA:23,4061
DA:24,4061
DA:26,4061
DA:27,4061
DA:28,4061
DA:29,4061
DA:39,4051
DA:42,4051
DA:43,4051
DA:44,4051
DA:50,4051
DA:52,4051
DA:54,4051
DA:55,0
DA:62,4051
DA:63,4041
DA:64,4041
DA:76,10
DA:77,10
DA:84,4051
DA:85,3580
DA:88,471
DA:91,471
DA:92,0
DA:95,471
DA:96,471
DA:97,471
DA:99,471
DA:106,471
DA:107,0
DA:116,4051
DA:117,10
DA:120,0
DA:126,0
DA:127,0
DA:131,4051
DA:132,4041
DA:134,4051
DA:142,3879
DA:144,3879
DA:147,3879
DA:148,0
DA:155,3879
DA:156,10
DA:158,10
DA:159,10
DA:163,10
DA:166,3879
DA:174,4061
DA:177,4061
DA:178,4061
DA:179,4061
DA:180,4061
DA:181,4061
DA:182,4061
DA:183,4061
DA:190,18
DA:192,18
DA:194,18
DA:195,18
DA:196,0
DA:199,0
DA:203,0
DA:204,0
DA:205,18
DA:206,18
DA:207,18
DA:209,18
DA:210,18
DA:218,18
DA:221,18
DA:222,18
DA:224,18
DA:227,18
DA:238,18
DA:239,0
DA:240,0
DA:242,18
DA:249,18
DA:252,18
DA:255,18
DA:258,18
DA:259,18
DA:261,18
DA:269,10
DA:271,10
DA:282,10
DA:284,10
DA:285,10
DA:286,10
DA:287,10
DA:288,10
DA:298,30
DA:300,30
DA:309,20
DA:350,0
DA:353,0
DA:354,0
DA:356,0
DA:361,0
DA:362,0
DA:363,0
DA:365,0
DA:366,0
DA:367,0
DA:373,0
DA:374,0
DA:376,0
DA:377,0
DA:378,0
DA:380,0
DA:382,0
DA:383,0
DA:385,0
DA:388,0
DA:389,0
DA:391,0
DA:392,0
DA:400,18
DA:403,18
DA:404,18
DA:405,18
DA:406,18
DA:408,29
DA:409,29
DA:413,18
DA:415,0
DA:416,0
DA:418,0
DA:419,0
DA:421,0
DA:422,0
DA:423,0
DA:424,0
DA:427,0
DA:428,0
DA:436,18
DA:438,18
DA:439,18
DA:440,18
DA:442,29
DA:443,29
DA:447,18
DA:449,0
DA:450,0
DA:452,0
DA:453,0
DA:455,0
DA:456,0
DA:457,0
DA:458,0
DA:459,0
DA:460,0
DA:470,18
DA:472,18
DA:473,18
DA:474,18
DA:475,18
DA:476,18
DA:478,18
DA:479,18
DA:505,18
DA:506,18
DA:507,18
DA:508,18
DA:509,18
DA:510,0
DA:512,0
DA:516,0
DA:517,0
DA:522,18
DA:523,18
DA:538,18
DA:539,18
DA:540,18
DA:541,18
DA:547,18
DA:548,65
DA:549,29
DA:550,19
DA:551,10
DA:557,10
DA:558,10
DA:560,10
DA:561,10
DA:567,10
DA:568,29
DA:577,18
DA:586,18
DA:587,18
DA:594,18
DA:595,18
DA:596,18
DA:602,18
DA:605,18
DA:606,8
DA:612,30
DA:613,20
DA:614,10
DA:616,10
DA:617,0
DA:623,10
DA:624,10
DA:630,10
DA:631,10
DA:634,0
DA:643,10
DA:644,10
DA:651,20
DA:652,20
DA:653,10
DA:658,10
DA:659,10
DA:660,10
DA:661,10
DA:668,10
DA:669,0
DA:675,10
DA:680,10
DA:681,10
DA:690,0
DA:691,0
DA:693,0
DA:697,30
DA:698,20
DA:699,20
DA:701,10
DA:703,18
DA:706,47
DA:707,29
DA:714,18
DA:723,18
DA:732,18
DA:734,29
DA:742,18
DA:743,18
DA:744,18
DA:745,18
DA:762,18
DA:763,18
DA:764,0
DA:765,0
DA:768,18
DA:769,18
DA:772,47
DA:773,29
DA:774,10
DA:784,18
DA:787,18
DA:788,18
DA:789,18
DA:790,18
DA:792,18
DA:804,18
DA:805,18
DA:811,18
DA:815,18
DA:816,18
DA:817,18
DA:818,18
DA:825,18
DA:826,18
DA:827,18
DA:828,18
DA:829,18
DA:830,18
DA:843,18
DA:844,18
DA:845,18
DA:846,18
DA:847,18
DA:863,18
DA:880,18
DA:881,18
DA:884,18
DA:885,18
DA:886,18
DA:887,18
DA:889,18
DA:890,0
DA:900,18
DA:902,18
DA:903,18
DA:905,18
DA:911,18
DA:912,18
DA:913,0
DA:915,0
DA:916,0
DA:918,0
DA:922,0
DA:923,0
DA:924,18
DA:925,18
DA:927,0
DA:929,0
DA:930,0
DA:932,0
DA:934,18
DA:935,0
DA:937,0
DA:939,18
DA:942,18
DA:943,18
DA:944,18
DA:946,18
DA:947,18
DA:948,18
DA:949,18
DA:950,18
DA:952,18
LF:313
LH:232
end_of_record
TN:
SF:/home/yilegu/squint/bug_study/wiredtiger-1-recover-from-backup/wiredtiger-before/src/block/block_ckpt_scan.c
FN:42,__wt_block_checkpoint_final
FN:169,__block_checkpoint_update
FN:214,__wt_block_checkpoint_last
FNDA:0,__wt_block_checkpoint_last
FNDA:18,__wt_block_checkpoint_final
FNDA:0,__block_checkpoint_update
FNF:3
FNH:1
DA:42,18
DA:45,18
DA:46,18
DA:47,18
DA:49,18
DA:51,18
DA:52,18
DA:71,18
DA:72,18
DA:73,18
DA:74,18
DA:75,18
DA:81,18
DA:82,18
DA:83,18
DA:84,18
DA:85,18
DA:86,18
DA:89,18
DA:90,18
DA:91,18
DA:92,18
DA:93,18
DA:94,18
DA:97,18
DA:98,18
DA:99,18
DA:100,18
DA:101,18
DA:104,18
DA:105,18
DA:106,18
DA:107,18
DA:108,18
DA:109,18
DA:112,18
DA:113,18
DA:114,18
DA:115,18
DA:116,18
DA:122,18
DA:123,18
DA:124,18
DA:125,18
DA:126,18
DA:127,18
DA:132,18
DA:133,18
DA:134,18
DA:135,18
DA:136,18
DA:142,18
DA:143,18
DA:144,0
DA:146,18
DA:148,18
DA:169,0
DA:171,0
DA:172,0
DA:173,0
DA:175,0
DA:176,0
DA:178,0
DA:179,0
DA:180,0
DA:186,0
DA:187,0
DA:188,0
DA:189,0
DA:190,0
DA:191,0
DA:192,0
DA:193,0
DA:194,0
DA:196,0
DA:197,0
DA:214,0
DA:217,0
DA:218,0
DA:219,0
DA:220,0
DA:221,0
DA:222,0
DA:223,0
DA:224,0
DA:225,0
DA:226,0
DA:227,0
DA:229,0
DA:230,0
DA:233,0
DA:245,0
DA:246,0
DA:247,0
DA:248,0
DA:250,0
DA:251,0
DA:252,0
DA:253,0
DA:255,0
DA:257,0
DA:262,0
DA:263,0
DA:266,0
DA:267,0
DA:273,0
DA:275,0
DA:276,0
DA:277,0
DA:278,0
DA:286,0
DA:287,0
DA:288,0
DA:289,0
DA:292,0
DA:293,0
DA:294,0
DA:296,0
DA:297,0
DA:298,0
DA:299,0
DA:300,0
DA:301,0
DA:303,0
DA:306,0
DA:307,0
DA:308,0
DA:314,0
DA:315,0
DA:320,0
DA:321,0
DA:322,0
DA:324,0
DA:328,0
DA:329,0
DA:330,0
DA:331,0
DA:336,0
DA:337,0
DA:338,0
DA:341,0
DA:342,0
DA:343,0
DA:344,0
DA:347,0
DA:348,0
DA:349,0
DA:350,0
DA:353,0
DA:354,0
DA:363,0
DA:364,0
DA:367,0
DA:373,0
DA:374,0
DA:375,0
DA:376,0
DA:377,0
DA:379,0
DA:380,0
DA:381,0
DA:382,0
DA:383,0
DA:384,0
DA:385,0
DA:387,0
DA:389,0
DA:390,0
LF:168
LH:55
end_of_record
TN:
SF:/home/yilegu/squint/bug_study/wiredtiger-1-recover-from-backup/wiredtiger-before/src/block/block_compact.c
FN:18,__wt_block_compact_start
FN:39,__wt_block_compact_end
FN:58,__wt_block_compact_skip
FN:133,__wt_block_compact_page_skip
FN:182,__block_dump_avail
FNDA:0,__wt_block_compact_start
FNDA:0,__wt_block_compact_end
FNDA:0,__block_dump_avail
FNDA:0,__wt_block_compact_skip
FNDA:0,__wt_block_compact_page_skip
FNF:5
FNH:0
DA:18,0
DA:20,0
DA:23,0
DA:26,0
DA:27,0
DA:28,0
DA:29,0
DA:31,0
DA:39,0
DA:42,0
DA:45,0
DA:46,0
DA:47,0
DA:48,0
DA:50,0
DA:58,0
DA:60,0
DA:61,0
DA:62,0
DA:64,0
DA:71,0
DA:74,0
DA:77,0
DA:78,0
DA:81,0
DA:82,0
DA:83,0
DA:85,0
DA:86,0
DA:87,0
DA:88,0
DA:89,0
DA:90,0
DA:103,0
DA:104,0
DA:105,0
DA:106,0
DA:107,0
DA:108,0
DA:111,0
DA:114,0
DA:117,0
DA:123,0
DA:125,0
DA:133,0
DA:136,0
DA:137,0
DA:138,0
DA:139,0
DA:141,0
DA:144,0
DA:153,0
DA:154,0
DA:155,0
DA:156,0
DA:157,0
DA:158,0
DA:160,0
DA:161,0
DA:162,0
DA:166,0
DA:168,0
DA:169,0
DA:170,0
DA:172,0
DA:182,0
DA:184,0
DA:185,0
DA:186,0
DA:187,0
DA:189,0
DA:190,0
DA:192,0
DA:195,0
DA:196,0
DA:198,0
DA:200,0
DA:204,0
DA:211,0
DA:212,0
DA:218,0
DA:219,0
DA:220,0
DA:221,0
DA:222,0
DA:223,0
DA:238,0
DA:239,0
DA:240,0
LF:89
LH:0
end_of_record
TN:
SF:/home/yilegu/squint/bug_study/wiredtiger-1-recover-from-backup/wiredtiger-before/src/block/block_ext.c
FN:89,__block_first_srch
FN:171,__block_ext_insert
FN:231,__block_off_insert
FN:313,__block_off_remove
FN:384,__wt_block_off_remove_overlap
FN:448,__block_extend
FN:483,__wt_block_alloc
FN:562,__wt_block_free
FN:599,__wt_block_off_free
FN:667,__wt_block_extlist_overlap
FN:699,__block_ext_overlap
FN:874,__wt_block_extlist_merge
FN:912,__block_append
FN:958,__wt_block_insert_ext
FN:978,__block_merge
FN:1054,__wt_block_extlist_read_avail
FN:1094,__wt_block_extlist_read
FN:1161,__wt_block_extlist_write
FN:1249,__wt_block_extlist_truncate
FN:1280,__wt_block_extlist_init
FN:1303,__wt_block_extlist_free
FN:1328,__block_extlist_dump
FNDA:20,__wt_block_extlist_read
FNDA:46,__block_extend
FNDA:24474,__wt_block_extlist_free
FNDA:10,__block_ext_overlap
FNDA:93,__block_merge
FNDA:52,__block_off_insert
FNDA:8,__wt_block_off_free
FNDA:30,__wt_block_insert_ext
FNDA:133,__block_ext_insert
FNDA:0,__wt_block_extlist_read_avail
FNDA:16298,__wt_block_extlist_init
FNDA:123,__block_off_remove
FNDA:54,__wt_block_extlist_write
FNDA:8,__wt_block_free
FNDA:64,__block_extlist_dump
FNDA:44,__wt_block_off_remove_overlap
FNDA:38,__wt_block_extlist_merge
FNDA:56,__block_append
FNDA:10,__wt_block_extlist_overlap
FNDA:18,__wt_block_extlist_truncate
FNDA:18,__block_first_srch
FNDA:70,__wt_block_alloc
FNF:22
FNH:21
DA:36,53
DA:38,53
DA:39,53
DA:41,53
DA:47,607
DA:48,554
DA:49,24
DA:50,24
DA:52,530
DA:53,53
DA:62,371
DA:64,371
DA:65,371
DA:77,4124
DA:78,3753
DA:79,43
DA:81,3710
DA:89,18
DA:91,18
DA:96,18
DA:97,18
DA:99,18
DA:103,18
DA:112,103
DA:114,103
DA:115,103
DA:123,1145
DA:124,1042
DA:125,12
DA:127,1030
DA:135,137
DA:137,137
DA:138,137
DA:140,137
DA:142,137
DA:148,1589
DA:149,1452
DA:150,1313
DA:151,1313
DA:152,1313
DA:155,139
DA:156,82
DA:157,82
DA:159,57
DA:160,57
DA:161,57
DA:171,133
DA:173,133
DA:174,133
DA:175,133
DA:181,133
DA:182,52
DA:183,52
DA:184,52
DA:185,47
DA:186,47
DA:187,47
DA:188,104
DA:189,57
DA:190,57
DA:197,52
DA:198,115
DA:199,63
DA:200,63
DA:210,133
DA:211,291
DA:212,158
DA:213,158
DA:216,133
DA:217,133
DA:220,133
DA:221,116
DA:231,52
DA:233,52
DA:235,52
DA:236,52
DA:237,52
DA:239,52
DA:313,123
DA:316,123
DA:317,123
DA:318,123
DA:321,123
DA:322,123
DA:323,123
DA:324,0
DA:325,273
DA:326,150
DA:332,123
DA:333,45
DA:334,45
DA:335,45
DA:336,0
DA:337,45
DA:338,45
DA:339,45
DA:340,0
DA:341,101
DA:342,56
DA:343,45
DA:344,92
DA:345,51
DA:346,41
DA:359,123
DA:360,123
DA:363,123
DA:364,18
DA:366,105
DA:369,123
DA:370,94
DA:374,0
DA:375,0
DA:384,44
DA:387,44
DA:388,44
DA:390,44
DA:393,44
DA:396,44
DA:397,17
DA:400,17
DA:401,17
DA:402,17
DA:403,17
DA:404,27
DA:405,19
DA:411,19
DA:412,19
DA:413,19
DA:414,19
DA:422,36
DA:423,17
DA:424,17
DA:425,17
DA:426,17
DA:428,36
DA:429,0
DA:430,0
DA:432,0
DA:433,0
DA:434,0
DA:435,0
DA:438,36
DA:439,19
DA:448,46
DA:456,46
DA:457,0
DA:465,46
DA:466,0
DA:468,46
DA:469,46
DA:471,46
DA:472,46
DA:483,70
DA:485,70
DA:486,70
DA:489,70
DA:492,70
DA:494,70
DA:495,70
DA:496,0
DA:511,70
DA:512,46
DA:513,24
DA:514,18
DA:515,0
DA:516,18
DA:518,6
DA:519,6
DA:520,0
DA:521,46
DA:522,46
DA:527,6
DA:531,24
DA:532,24
DA:535,24
DA:536,19
DA:542,19
DA:543,19
DA:544,19
DA:546,5
DA:549,5
DA:553,24
DA:562,8
DA:564,8
DA:565,8
DA:566,8
DA:568,8
DA:571,8
DA:575,8
DA:578,8
DA:586,8
DA:587,8
DA:588,8
DA:589,8
DA:591,8
DA:599,8
DA:602,8
DA:605,8
DA:608,8
DA:620,8
DA:622,0
DA:623,8
DA:624,8
DA:667,10
DA:669,10
DA:671,10
DA:672,10
DA:675,10
DA:679,14
DA:680,4
DA:681,4
DA:683,10
DA:684,0
DA:685,0
DA:689,34
DA:699,10
DA:702,10
DA:703,10
DA:704,10
DA:706,10
DA:747,10
DA:748,10
DA:749,10
DA:750,0
DA:751,0
DA:752,0
DA:753,0
DA:754,0
DA:755,0
DA:756,0
DA:757,0
DA:760,10
DA:761,7
DA:766,6
DA:767,6
DA:768,6
DA:769,6
DA:770,6
DA:771,1
DA:776,1
DA:777,1
DA:778,1
DA:779,1
DA:784,1
DA:785,1
DA:786,1
DA:792,0
DA:793,0
DA:794,0
DA:795,0
DA:800,0
DA:801,0
DA:802,0
DA:804,3
DA:808,3
DA:809,3
DA:810,3
DA:815,3
DA:816,3
DA:817,3
DA:818,0
DA:819,0
DA:823,0
DA:824,0
DA:825,0
DA:830,0
DA:831,0
DA:832,0
DA:838,0
DA:839,0
DA:840,0
DA:841,0
DA:844,0
DA:845,0
DA:851,0
DA:852,0
DA:853,0
DA:856,0
DA:861,0
DA:862,0
DA:863,0
DA:874,38
DA:876,38
DA:877,38
DA:878,38
DA:880,38
DA:887,38
DA:888,10
DA:889,10
DA:890,10
DA:891,10
DA:892,10
DA:893,110
DA:894,100
DA:895,100
DA:896,100
DA:897,100
DA:901,59
DA:902,21
DA:912,56
DA:915,56
DA:916,56
DA:918,56
DA:919,56
DA:929,56
DA:930,21
DA:932,35
DA:933,35
DA:934,0
DA:936,35
DA:937,35
DA:938,35
DA:940,79
DA:941,44
DA:942,35
DA:946,35
DA:948,56
DA:950,56
DA:958,30
DA:970,30
DA:978,93
DA:981,93
DA:987,93
DA:988,93
DA:989,42
DA:990,0
DA:995,42
DA:996,63
DA:998,93
DA:999,20
DA:1000,0
DA:1006,20
DA:1007,82
DA:1009,93
DA:1010,52
DA:1013,52
DA:1022,11
DA:1023,11
DA:1025,11
DA:1030,11
DA:1031,11
DA:1033,30
DA:1034,0
DA:1035,0
DA:1037,30
DA:1039,30
DA:1044,30
DA:1046,41
DA:1054,0
DA:1057,0
DA:1060,0
DA:1072,0
DA:1078,0
DA:1094,20
DA:1097,20
DA:1098,20
DA:1099,20
DA:1100,20
DA:1101,20
DA:1104,20
DA:1107,10
DA:1108,10
DA:1111,10
DA:1112,10
DA:1113,10
DA:1114,0
DA:1124,10
DA:1125,20
DA:1126,20
DA:1127,20
DA:1136,10
DA:1137,10
DA:1138,0
DA:1139,0
DA:1140,0
DA:1146,10
DA:1149,10
DA:1151,10
DA:1152,10
DA:1153,10
DA:1161,54
DA:1164,54
DA:1165,54
DA:1166,54
DA:1167,54
DA:1168,54
DA:1169,54
DA:1170,54
DA:1172,54
DA:1179,54
DA:1180,54
DA:1181,18
DA:1182,18
DA:1183,18
DA:1192,36
DA:1193,36
DA:1194,36
DA:1195,36
DA:1196,36
DA:1197,36
DA:1198,36
DA:1201,36
DA:1203,36
DA:1204,61
DA:1205,25
DA:1206,36
DA:1207,31
DA:1208,13
DA:1210,36
DA:1213,36
DA:1214,36
DA:1226,36
DA:1233,36
DA:1236,36
DA:1239,36
DA:1240,36
DA:1241,36
DA:1249,18
DA:1251,18
DA:1252,18
DA:1258,36
DA:1260,8
DA:1261,8
DA:1268,2
DA:1269,2
DA:1272,2
DA:1280,16298
DA:1283,16298
DA:1285,16298
DA:1287,32596
DA:1288,16298
DA:1289,16298
DA:1290,16298
DA:1293,16298
DA:1294,16298
DA:1295,16298
DA:1303,24474
DA:1305,24474
DA:1306,24474
DA:1308,24474
DA:1310,24519
DA:1311,45
DA:1312,45
DA:1314,24480
DA:1315,6
DA:1316,6
DA:1320,24474
DA:1321,24474
DA:1328,64
DA:1330,64
DA:1331,64
DA:1332,64
DA:1333,64
DA:1334,64
DA:1335,64
DA:1336,64
DA:1338,64
DA:1341,0
DA:1342,0
DA:1343,0
DA:1346,0
DA:1349,0
DA:1350,0
DA:1352,0
DA:1353,0
DA:1354,0
DA:1355,0
DA:1356,0
DA:1357,0
DA:1359,0
DA:1360,0
DA:1361,0
DA:1362,0
DA:1363,0
DA:1364,0
DA:1369,0
DA:1370,0
DA:1372,0
DA:1374,0
DA:1375,0
DA:1376,0
DA:1377,0
DA:1378,0
LF:483
LH:388
end_of_record
TN:
SF:/home/yilegu/squint/bug_study/wiredtiger-1-recover-from-backup/wiredtiger-before/src/block/block_map.c
FN:16,__wt_block_map
FN:69,__wt_block_unmap
FNDA:3869,__wt_block_unmap
FNDA:4041,__wt_block_map
FNF:2
FNH:2
DA:16,4041
DA:19,4041
DA:20,4041
DA:22,4041
DA:23,4041
DA:24,4041
DA:27,4041
DA:34,4041
DA:41,4041
DA:47,4041
DA:48,4041
DA:55,4041
DA:56,4041
DA:57,0
DA:58,0
DA:69,3869
DA:72,3869
DA:75,3869
DA:76,3869
LF:19
LH:17
end_of_record
TN:
SF:/home/yilegu/squint/bug_study/wiredtiger-1-recover-from-backup/wiredtiger-before/src/block/block_mgr.c
FN:18,__bm_readonly
FN:29,__bm_addr_invalid
FN:39,__bm_addr_string
FN:50,__bm_block_header
FN:60,__bm_checkpoint
FN:71,__bm_checkpoint_last
FN:83,__bm_checkpoint_readonly
FN:98,__bm_checkpoint_load
FN:129,__bm_checkpoint_resolve
FN:139,__bm_checkpoint_resolve_readonly
FN:151,__bm_checkpoint_start
FN:161,__bm_checkpoint_start_readonly
FN:171,__bm_checkpoint_unload
FN:190,__bm_close
FN:208,__bm_compact_end
FN:218,__bm_compact_end_readonly
FN:228,__bm_compact_page_skip
FN:239,__bm_compact_page_skip_readonly
FN:254,__bm_compact_skip
FN:264,__bm_compact_skip_readonly
FN:276,__bm_compact_start
FN:286,__bm_compact_start_readonly
FN:296,__bm_free
FN:306,__bm_free_readonly
FN:319,__bm_is_mapped
FN:331,__bm_map_discard
FN:344,__bm_salvage_end
FN:354,__bm_salvage_end_readonly
FN:364,__bm_salvage_next_readonly
FN:379,__bm_salvage_next
FN:390,__bm_salvage_start
FN:400,__bm_salvage_start_readonly
FN:410,__bm_salvage_valid
FN:420,__bm_salvage_valid_readonly
FN:435,__bm_stat
FN:446,__bm_switch_object
FN:456,__bm_switch_object_readonly
FN:469,__bm_sync
FN:479,__bm_sync_readonly
FN:491,__bm_verify_addr
FN:501,__bm_verify_end
FN:511,__bm_verify_start
FN:521,__bm_write
FN:535,__bm_write_readonly
FN:552,__bm_write_size
FN:562,__bm_write_size_readonly
FN:574,__bm_method_set
FN:635,__wt_block_manager_open
FN:663,__wt_block_set_readonly
FNDA:471,__bm_addr_invalid
FNDA:0,__bm_compact_end_readonly
FNDA:4051,__wt_block_manager_open
FNDA:8,__bm_free
FNDA:0,__bm_switch_object
FNDA:34,__bm_write_size
FNDA:18,__bm_checkpoint
FNDA:0,__bm_salvage_valid_readonly
FNDA:0,__bm_checkpoint_resolve_readonly
FNDA:0,__bm_compact_skip
FNDA:0,__bm_compact_page_skip_readonly
FNDA:0,__bm_write_readonly
FNDA:0,__bm_salvage_valid
FNDA:0,__bm_checkpoint_last
FNDA:0,__bm_verify_addr
FNDA:0,__bm_salvage_end
FNDA:0,__bm_salvage_start_readonly
FNDA:0,__bm_stat
FNDA:942,__bm_map_discard
FNDA:34,__bm_sync
FNDA:0,__bm_compact_end
FNDA:0,__bm_salvage_next
FNDA:4051,__bm_block_header
FNDA:0,__bm_switch_object_readonly
FNDA:0,__bm_verify_end
FNDA:3879,__bm_is_mapped
FNDA:471,__bm_addr_string
FNDA:0,__bm_verify_start
FNDA:18,__bm_checkpoint_start
FNDA:3879,__bm_close
FNDA:0,__bm_salvage_end_readonly
FNDA:0,__bm_compact_skip_readonly
FNDA:18,__bm_checkpoint_resolve
FNDA:0,__bm_sync_readonly
FNDA:0,__wt_block_set_readonly
FNDA:3879,__bm_checkpoint_unload
FNDA:8092,__bm_method_set
FNDA:16,__bm_write
FNDA:0,__bm_free_readonly
FNDA:0,__bm_salvage_start
FNDA:0,__bm_checkpoint_start_readonly
FNDA:0,__bm_checkpoint_readonly
FNDA:0,__bm_salvage_next_readonly
FNDA:0,__bm_compact_start_readonly
FNDA:0,__bm_readonly
FNDA:0,__bm_compact_start
FNDA:0,__bm_write_size_readonly
FNDA:4051,__bm_checkpoint_load
FNDA:0,__bm_compact_page_skip
FNF:49
FNH:17
DA:18,0
DA:20,0
DA:29,471
DA:31,471
DA:39,471
DA:42,471
DA:50,4051
DA:52,4051
DA:60,18
DA:63,18
DA:71,0
DA:74,0
DA:75,0
DA:83,0
DA:86,0
DA:87,0
DA:88,0
DA:90,0
DA:98,4051
DA:102,4051
DA:103,4051
DA:106,4051
DA:111,4041
DA:118,4041
DA:129,18
DA:131,18
DA:139,0
DA:141,0
DA:143,0
DA:151,18
DA:153,18
DA:161,0
DA:163,0
DA:171,3879
DA:173,3879
DA:176,3879
DA:177,3869
DA:180,3879
DA:182,3879
DA:190,3879
DA:192,3879
DA:194,3879
DA:197,3879
DA:199,3879
DA:208,0
DA:210,0
DA:218,0
DA:220,0
DA:228,0
DA:231,0
DA:239,0
DA:242,0
DA:243,0
DA:244,0
DA:246,0
DA:254,0
DA:256,0
DA:264,0
DA:266,0
DA:268,0
DA:276,0
DA:278,0
DA:286,0
DA:288,0
DA:296,8
DA:298,8
DA:306,0
DA:308,0
DA:309,0
DA:311,0
DA:319,3879
DA:321,3879
DA:323,3879
DA:331,942
DA:333,942
DA:335,942
DA:336,942
DA:344,0
DA:346,0
DA:354,0
DA:356,0
DA:364,0
DA:367,0
DA:368,0
DA:369,0
DA:371,0
DA:379,0
DA:382,0
DA:390,0
DA:392,0
DA:400,0
DA:402,0
DA:410,0
DA:412,0
DA:420,0
DA:423,0
DA:424,0
DA:425,0
DA:427,0
DA:435,0
DA:437,0
DA:438,0
DA:446,0
DA:448,0
DA:456,0
DA:458,0
DA:459,0
DA:461,0
DA:469,34
DA:471,34
DA:479,0
DA:481,0
DA:483,0
DA:491,0
DA:493,0
DA:501,0
DA:503,0
DA:511,0
DA:513,0
DA:521,16
DA:524,16
DA:525,16
DA:526,16
DA:527,16
DA:535,0
DA:538,0
DA:539,0
DA:540,0
DA:541,0
DA:542,0
DA:544,0
DA:552,34
DA:554,34
DA:562,0
DA:564,0
DA:566,0
DA:574,8092
DA:576,8092
DA:577,8092
DA:578,8092
DA:579,8092
DA:580,8092
DA:581,8092
DA:582,8092
DA:583,8092
DA:584,8092
DA:585,8092
DA:586,8092
DA:587,8092
DA:588,8092
DA:589,8092
DA:590,8092
DA:591,8092
DA:592,8092
DA:593,8092
DA:594,8092
DA:595,8092
DA:596,8092
DA:597,8092
DA:598,8092
DA:599,8092
DA:600,8092
DA:601,8092
DA:602,8092
DA:603,8092
DA:604,8092
DA:605,8092
DA:606,8092
DA:607,8092
DA:608,8092
DA:610,8092
DA:611,4041
DA:612,4041
DA:613,4041
DA:614,4041
DA:615,4041
DA:616,4041
DA:617,4041
DA:618,4041
DA:619,4041
DA:620,4041
DA:621,4041
DA:622,4041
DA:623,4041
DA:624,4041
DA:625,4041
DA:626,4041
DA:628,8092
DA:635,4051
DA:639,4051
DA:640,4051
DA:642,4051
DA:644,4051
DA:645,4051
DA:647,4051
DA:650,4051
DA:651,4051
DA:653,0
DA:654,0
DA:663,0
DA:666,0
DA:667,0
LF:202
LH:108
end_of_record
TN:
SF:/home/yilegu/squint/bug_study/wiredtiger-1-recover-from-backup/wiredtiger-before/src/block/block_open.c
FN:18,__wt_block_manager_drop
FN:28,__wt_block_manager_create
FN:89,__block_destroy
FN:123,__wt_block_configure_first_fit
FN:141,__wt_block_open
FN:263,__wt_block_close
FN:291,__wt_desc_write
FN:331,__desc_read
FN:439,__wt_block_stat
FN:459,__wt_block_manager_size
FN:472,__wt_block_manager_named_size
FNDA:3879,__wt_block_close
FNDA:9,__wt_block_manager_create
FNDA:4051,__wt_block_open
FNDA:475,__wt_block_manager_named_size
FNDA:4051,__desc_read
FNDA:9,__wt_desc_write
FNDA:0,__wt_block_stat
FNDA:2,__wt_block_manager_drop
FNDA:0,__wt_block_manager_size
FNDA:36,__wt_block_configure_first_fit
FNDA:3879,__block_destroy
FNF:11
FNH:9
DA:18,2
DA:20,2
DA:28,9
DA:30,9
DA:31,9
DA:32,9
DA:33,9
DA:34,9
DA:36,9
DA:45,9
DA:46,9
DA:49,0
DA:51,0
DA:52,0
DA:53,0
DA:54,0
DA:55,0
DA:56,0
DA:64,9
DA:69,9
DA:72,9
DA:75,9
DA:76,0
DA:78,9
DA:79,9
DA:81,9
DA:89,3879
DA:91,3879
DA:92,3879
DA:93,3879
DA:94,3879
DA:96,3879
DA:97,3879
DA:98,3879
DA:100,3879
DA:102,3879
DA:103,0
DA:104,0
DA:105,0
DA:108,3879
DA:109,3879
DA:111,3879
DA:113,3879
DA:115,3879
DA:123,36
DA:130,36
DA:131,18
DA:133,18
DA:134,36
DA:141,4051
DA:144,4051
DA:145,4051
DA:146,4051
DA:147,4051
DA:148,4051
DA:149,4051
DA:151,4051
DA:153,4051
DA:155,4051
DA:156,4051
DA:157,4051
DA:158,4051
DA:159,4051
DA:160,0
DA:161,0
DA:162,0
DA:163,0
DA:164,0
DA:175,4051
DA:176,4051
DA:177,4051
DA:178,4051
DA:179,4051
DA:180,4051
DA:182,4051
DA:184,4051
DA:185,4051
DA:186,4051
DA:187,4051
DA:188,0
DA:191,4051
DA:192,4051
DA:195,4051
DA:196,4051
DA:199,4051
DA:206,4051
DA:207,4051
DA:208,4051
DA:210,4051
DA:211,4051
DA:213,4051
DA:214,0
DA:215,4051
DA:216,0
DA:217,4051
DA:218,4051
DA:219,0
DA:222,4051
DA:226,4051
DA:232,4051
DA:233,0
DA:236,4051
DA:244,4051
DA:245,4051
DA:247,4051
DA:248,4051
DA:249,4051
DA:251,0
DA:252,0
DA:253,0
DA:254,0
DA:255,0
DA:263,3879
DA:265,3879
DA:266,3879
DA:268,3879
DA:271,3879
DA:273,3879
DA:275,3879
DA:278,3879
DA:279,3879
DA:281,3879
DA:283,3879
DA:291,9
DA:293,9
DA:294,9
DA:295,9
DA:298,9
DA:302,9
DA:303,9
DA:310,9
DA:311,9
DA:312,9
DA:313,9
DA:314,9
DA:315,9
DA:316,9
DA:320,9
DA:322,9
DA:323,9
DA:331,4051
DA:333,4051
DA:334,4051
DA:335,4051
DA:336,4051
DA:337,4051
DA:340,4051
DA:360,4051
DA:361,0
DA:364,0
DA:365,0
DA:367,0
DA:373,4051
DA:376,4051
DA:384,4051
DA:385,4051
DA:389,4051
DA:390,4051
DA:391,4051
DA:392,4051
DA:401,4051
DA:402,0
DA:403,0
DA:409,0
DA:410,0
DA:412,0
DA:415,0
DA:419,4051
DA:420,4051
DA:421,0
DA:426,4051
DA:429,4051
DA:430,4051
DA:431,4051
DA:439,0
DA:445,0
DA:446,0
DA:447,0
DA:448,0
DA:449,0
DA:450,0
DA:451,0
DA:452,0
DA:459,0
DA:461,0
DA:463,0
DA:464,0
DA:472,475
DA:474,475
LF:189
LH:139
end_of_record
TN:
SF:/home/yilegu/squint/bug_study/wiredtiger-1-recover-from-backup/wiredtiger-before/src/block/block_read.c
FN:16,__wt_bm_preload
FN:60,__wt_bm_read
FN:117,__wt_bm_corrupt_dump
FN:157,__wt_bm_corrupt
FN:216,__wt_block_read_off
FNDA:10,__wt_block_read_off
FNDA:471,__wt_bm_preload
FNDA:942,__wt_bm_read
FNDA:0,__wt_bm_corrupt
FNDA:0,__wt_bm_corrupt_dump
FNF:5
FNH:3
DA:16,471
DA:18,471
DA:19,471
DA:20,471
DA:21,471
DA:22,471
DA:23,471
DA:24,471
DA:25,471
DA:27,471
DA:29,471
DA:32,471
DA:35,471
DA:36,471
DA:37,471
DA:38,471
DA:39,471
DA:41,471
DA:42,0
DA:44,471
DA:48,0
DA:49,0
DA:50,0
DA:52,0
DA:60,942
DA:63,942
DA:64,942
DA:65,942
DA:66,942
DA:67,942
DA:68,942
DA:69,942
DA:71,942
DA:74,942
DA:80,942
DA:81,942
DA:82,942
DA:83,942
DA:84,942
DA:85,942
DA:86,942
DA:89,942
DA:90,942
DA:91,942
DA:103,0
DA:104,0
DA:107,0
DA:117,0
DA:120,0
DA:121,0
DA:122,0
DA:125,0
DA:126,0
DA:128,0
DA:131,0
DA:133,0
DA:134,0
DA:135,0
DA:136,0
DA:137,0
DA:141,0
DA:143,0
DA:147,0
DA:148,0
DA:149,0
DA:157,0
DA:159,0
DA:160,0
DA:161,0
DA:162,0
DA:165,0
DA:166,0
DA:169,0
DA:171,0
DA:173,0
DA:174,0
DA:175,0
DA:216,10
DA:219,10
DA:220,10
DA:221,10
DA:223,10
DA:226,10
DA:227,10
DA:236,10
DA:237,10
DA:239,0
DA:240,0
DA:247,10
DA:248,0
DA:252,10
DA:253,10
DA:254,10
DA:255,10
DA:261,10
DA:262,10
DA:263,10
DA:264,10
DA:265,20
DA:271,10
DA:275,0
DA:276,0
DA:281,0
DA:282,0
DA:288,0
DA:289,0
DA:292,0
DA:293,0
DA:295,0
LF:109
LH:59
end_of_record
TN:
SF:/home/yilegu/squint/bug_study/wiredtiger-1-recover-from-backup/wiredtiger-before/src/block/block_session.c
FN:27,__block_ext_alloc
FN:46,__wt_block_ext_alloc
FN:81,__block_ext_prealloc
FN:102,__wt_block_ext_free
FN:121,__block_ext_discard
FN:161,__wt_block_size_alloc
FN:188,__block_size_prealloc
FN:209,__wt_block_size_free
FN:228,__block_size_discard
FN:258,__block_manager_session_cleanup
FN:278,__wt_block_ext_prealloc
FN:294,__wt_block_ext_discard
FNDA:51,__block_manager_session_cleanup
FNDA:96,__block_ext_prealloc
FNDA:18,__wt_block_ext_discard
FNDA:96,__block_size_prealloc
FNDA:47,__wt_block_size_alloc
FNDA:87,__wt_block_ext_alloc
FNDA:40,__block_ext_discard
FNDA:41,__wt_block_size_free
FNDA:3310,__block_ext_alloc
FNDA:96,__wt_block_ext_prealloc
FNDA:42,__wt_block_ext_free
FNDA:40,__block_size_discard
FNF:12
FNH:12
DA:27,3310
DA:29,3310
DA:31,3310
DA:33,3310
DA:34,3310
DA:35,3310
DA:36,3310
DA:38,3310
DA:46,87
DA:48,87
DA:49,87
DA:50,87
DA:52,87
DA:55,87
DA:56,86
DA:57,86
DA:60,195
DA:61,109
DA:66,86
DA:67,86
DA:69,86
DA:70,86
DA:73,1
DA:81,96
DA:83,96
DA:84,96
DA:86,96
DA:88,3405
DA:89,3309
DA:91,3309
DA:92,3309
DA:102,42
DA:104,42
DA:106,42
DA:107,0
DA:109,42
DA:110,42
DA:112,42
DA:114,42
DA:121,40
DA:123,40
DA:124,40
DA:126,40
DA:127,40
DA:130,3287
DA:131,3265
DA:132,3265
DA:133,3265
DA:135,3265
DA:136,3265
DA:139,22
DA:141,22
DA:142,0
DA:151,3297
DA:153,3297
DA:161,47
DA:163,47
DA:165,47
DA:168,47
DA:169,45
DA:170,45
DA:175,45
DA:176,45
DA:177,45
DA:180,2
DA:188,96
DA:190,96
DA:191,96
DA:193,96
DA:195,3391
DA:196,3295
DA:198,3295
DA:199,3295
DA:209,41
DA:211,41
DA:213,41
DA:214,2
DA:216,39
DA:217,39
DA:219,39
DA:221,41
DA:228,40
DA:230,40
DA:231,40
DA:233,40
DA:234,40
DA:237,3311
DA:238,3289
DA:239,3289
DA:240,3289
DA:242,3289
DA:243,3289
DA:246,22
DA:248,22
DA:249,0
DA:258,51
DA:260,51
DA:262,51
DA:265,22
DA:266,22
DA:268,22
DA:278,96
DA:280,96
DA:281,22
DA:282,22
DA:284,96
DA:285,96
DA:294,18
DA:296,18
DA:297,18
LF:110
LH:107
end_of_record
TN:
SF:/home/yilegu/squint/bug_study/wiredtiger-1-recover-from-backup/wiredtiger-before/src/block/block_slvg.c
FN:16,__wt_block_salvage_start
FN:65,__wt_block_salvage_end
FN:80,__wt_block_offset_invalid
FN:99,__wt_block_salvage_next
FN:169,__wt_block_salvage_valid
FNDA:0,__wt_block_salvage_next
FNDA:0,__wt_block_offset_invalid
FNDA:0,__wt_block_salvage_valid
FNDA:0,__wt_block_salvage_start
FNDA:0,__wt_block_salvage_end
FNF:5
FNH:0
DA:16,0
DA:18,0
DA:19,0
DA:21,0
DA:24,0
DA:30,0
DA:36,0
DA:37,0
DA:38,0
DA:39,0
DA:45,0
DA:51,0
DA:54,0
DA:55,0
DA:57,0
DA:65,0
DA:68,0
DA:69,0
DA:72,0
DA:80,0
DA:82,0
DA:84,0
DA:86,0
DA:89,0
DA:90,0
DA:99,0
DA:102,0
DA:103,0
DA:104,0
DA:105,0
DA:106,0
DA:107,0
DA:108,0
DA:110,0
DA:113,0
DA:115,0
DA:116,0
DA:117,0
DA:120,0
DA:121,0
DA:122,0
DA:123,0
DA:124,0
DA:131,0
DA:132,0
DA:133,0
DA:134,0
DA:135,0
DA:142,0
DA:143,0
DA:147,0
DA:149,0
DA:150,0
DA:154,0
DA:155,0
DA:156,0
DA:158,0
DA:159,0
DA:160,0
DA:161,0
DA:169,0
DA:172,0
DA:173,0
DA:179,0
DA:181,0
DA:182,0
DA:184,0
DA:185,0
LF:68
LH:0
end_of_record
TN:
SF:/home/yilegu/squint/bug_study/wiredtiger-1-recover-from-backup/wiredtiger-before/src/block/block_tiered.c
FN:16,__block_switch_writeable
FN:40,__wt_block_fh
FN:92,__wt_block_switch_object
FNDA:1423,__wt_block_fh
FNDA:0,__block_switch_writeable
FNDA:0,__wt_block_switch_object
FNF:3
FNH:1
DA:16,0
DA:18,0
DA:26,0
DA:27,0
DA:29,0
DA:30,0
DA:32,0
DA:40,1423
DA:42,1423
DA:45,1423
DA:46,1423
DA:47,1423
DA:56,0
DA:57,0
DA:61,0
DA:62,0
DA:63,0
DA:64,0
DA:73,0
DA:74,0
DA:75,0
DA:76,0
DA:77,0
DA:78,0
DA:79,0
DA:82,0
DA:92,0
DA:95,0
DA:105,0
LF:29
LH:5
end_of_record
TN:
SF:/home/yilegu/squint/bug_study/wiredtiger-1-recover-from-backup/wiredtiger-before/src/block/block_vrfy.c
FN:28,__wt_block_verify_start
FN:113,__verify_last_avail
FN:143,__verify_set_file_size
FN:178,__wt_block_verify_end
FN:205,__wt_verify_ckpt_load
FN:297,__wt_verify_ckpt_unload
FN:315,__wt_block_verify_addr
FN:351,__verify_filefrag_add
FN:388,__verify_filefrag_chk
FN:444,__verify_ckptfrag_add
FN:484,__verify_ckptfrag_chk
FNDA:0,__verify_filefrag_add
FNDA:0,__verify_filefrag_chk
FNDA:0,__wt_block_verify_end
FNDA:0,__verify_last_avail
FNDA:0,__wt_block_verify_start
FNDA:0,__verify_set_file_size
FNDA:0,__wt_block_verify_addr
FNDA:0,__wt_verify_ckpt_unload
FNDA:0,__wt_verify_ckpt_load
FNDA:0,__verify_ckptfrag_add
FNDA:0,__verify_ckptfrag_chk
FNF:11
FNH:0
DA:28,0
DA:31,0
DA:32,0
DA:33,0
DA:36,0
DA:37,0
DA:40,0
DA:41,0
DA:47,0
DA:48,0
DA:49,0
DA:50,0
DA:51,0
DA:55,0
DA:61,0
DA:62,0
DA:66,0
DA:67,0
DA:86,0
DA:87,0
DA:92,0
DA:97,0
DA:103,0
DA:113,0
DA:115,0
DA:116,0
DA:117,0
DA:118,0
DA:120,0
DA:121,0
DA:122,0
DA:124,0
DA:125,0
DA:126,0
DA:127,0
DA:128,0
DA:133,0
DA:134,0
DA:135,0
DA:143,0
DA:145,0
DA:146,0
DA:147,0
DA:149,0
DA:150,0
DA:151,0
DA:153,0
DA:154,0
DA:155,0
DA:157,0
DA:165,0
DA:167,0
DA:168,0
DA:169,0
DA:170,0
DA:178,0
DA:180,0
DA:183,0
DA:185,0
DA:186,0
DA:187,0
DA:190,0
DA:193,0
DA:194,0
DA:195,0
DA:197,0
DA:205,0
DA:207,0
DA:208,0
DA:209,0
DA:212,0
DA:218,0
DA:219,0
DA:221,0
DA:222,0
DA:224,0
DA:225,0
DA:227,0
DA:228,0
DA:237,0
DA:238,0
DA:239,0
DA:240,0
DA:241,0
DA:243,0
DA:244,0
DA:245,0
DA:246,0
DA:247,0
DA:249,0
DA:259,0
DA:260,0
DA:261,0
DA:262,0
DA:271,0
DA:272,0
DA:281,0
DA:282,0
DA:283,0
DA:284,0
DA:285,0
DA:286,0
DA:297,0
DA:299,0
DA:302,0
DA:305,0
DA:307,0
DA:315,0
DA:318,0
DA:319,0
DA:322,0
DA:326,0
DA:340,0
DA:351,0
DA:354,0
DA:356,0
DA:362,0
DA:363,0
DA:367,0
DA:368,0
DA:371,0
DA:372,0
DA:373,0
DA:374,0
DA:378,0
DA:380,0
DA:388,0
DA:390,0
DA:393,0
DA:404,0
DA:405,0
DA:407,0
DA:415,0
DA:416,0
DA:418,0
DA:419,0
DA:420,0
DA:422,0
DA:425,0
DA:426,0
DA:428,0
DA:431,0
DA:434,0
DA:435,0
DA:444,0
DA:446,0
DA:448,0
DA:456,0
DA:457,0
DA:461,0
DA:462,0
DA:465,0
DA:466,0
DA:467,0
DA:474,0
DA:476,0
DA:484,0
DA:486,0
DA:492,0
DA:500,0
DA:501,0
DA:503,0
DA:504,0
DA:505,0
DA:507,0
DA:510,0
DA:511,0
DA:513,0
DA:517,0
DA:520,0
DA:521,0
LF:171
LH:0
end_of_record
TN:
SF:/home/yilegu/squint/bug_study/wiredtiger-1-recover-from-backup/wiredtiger-before/src/block/block_write.c
FN:16,__wt_block_truncate
FN:58,__wt_block_discard
FN:90,__wt_block_extend
FN:167,__wt_block_write_size
FN:189,__wt_block_write
FN:211,__block_write_off
FN:378,__wt_block_write_off
FNDA:70,__wt_block_write_size
FNDA:22,__wt_block_truncate
FNDA:16,__wt_block_write
FNDA:70,__wt_block_extend
FNDA:54,__wt_block_write_off
FNDA:70,__block_write_off
FNDA:70,__wt_block_discard
FNF:7
FNH:7
DA:16,22
DA:18,22
DA:19,22
DA:21,22
DA:23,22
DA:32,22
DA:42,22
DA:43,22
DA:50,22
DA:58,70
DA:60,70
DA:61,70
DA:64,70
DA:65,70
DA:69,70
DA:76,0
DA:79,0
DA:80,0
DA:82,0
DA:90,70
DA:93,70
DA:94,70
DA:107,70
DA:118,0
DA:119,0
DA:120,0
DA:128,0
DA:129,0
DA:140,0
DA:147,0
DA:148,0
DA:149,0
DA:156,0
DA:157,0
DA:159,0
DA:167,70
DA:169,70
DA:180,70
DA:181,70
DA:189,16
DA:192,16
DA:193,16
DA:194,16
DA:196,48
DA:199,16
DA:200,16
DA:201,16
DA:203,16
DA:211,70
DA:215,70
DA:216,70
DA:217,70
DA:218,70
DA:219,70
DA:220,70
DA:221,70
DA:222,70
DA:224,70
DA:225,70
DA:226,70
DA:228,70
DA:229,70
DA:232,70
DA:233,0
DA:234,0
DA:240,70
DA:241,18
DA:250,70
DA:251,70
DA:252,0
DA:253,0
DA:255,70
DA:256,0
DA:257,0
DA:261,70
DA:268,70
DA:269,70
DA:270,34
DA:271,34
DA:273,70
DA:274,70
DA:275,70
DA:276,70
DA:277,34
DA:278,70
DA:284,70
DA:285,18
DA:288,70
DA:293,70
DA:294,70
DA:299,70
DA:316,70
DA:317,70
DA:318,70
DA:319,70
DA:320,70
DA:321,140
DA:322,70
DA:328,70
DA:329,0
DA:330,0
DA:331,0
DA:332,0
DA:333,0
DA:334,0
DA:341,70
DA:342,70
DA:343,0
DA:344,0
DA:348,0
DA:350,0
DA:355,70
DA:357,70
DA:358,70
DA:359,70
DA:360,70
DA:362,70
DA:365,70
DA:366,70
DA:367,70
DA:368,70
DA:370,70
DA:378,70
DA:382,70
DA:389,70
DA:390,70
DA:392,70
DA:393,16
LF:128
LH:96
end_of_record
TN:
SF:/home/yilegu/squint/bug_study/wiredtiger-1-recover-from-backup/wiredtiger-before/src/bloom/bloom.c
FN:23,__bloom_init
FN:62,__bloom_setup
FN:88,__wt_bloom_create
FN:112,__bloom_open_cursor
FN:145,__wt_bloom_open
FN:177,__wt_bloom_insert
FN:194,__wt_bloom_finalize
FN:238,__wt_bloom_hash
FN:252,__wt_bloom_hash_get
FN:312,__wt_bloom_get
FN:326,__wt_bloom_inmem_get
FN:345,__wt_bloom_intersection
FN:367,__wt_bloom_close
FN:389,__wt_bloom_drop
FNDA:0,__wt_bloom_intersection
FNDA:0,__wt_bloom_insert
FNDA:0,__bloom_setup
FNDA:0,__wt_bloom_open
FNDA:0,__wt_bloom_finalize
FNDA:0,__wt_bloom_close
FNDA:0,__bloom_init
FNDA:0,__wt_bloom_drop
FNDA:0,__wt_bloom_get
FNDA:0,__wt_bloom_inmem_get
FNDA:0,__wt_bloom_create
FNDA:0,__wt_bloom_hash_get
FNDA:0,__wt_bloom_hash
FNDA:0,__bloom_open_cursor
FNF:14
FNH:0
DA:23,0
DA:25,0
DA:26,0
DA:27,0
DA:29,0
DA:31,0
DA:33,0
DA:34,0
DA:35,0
DA:36,0
DA:37,0
DA:39,0
DA:42,0
DA:44,0
DA:45,0
DA:47,0
DA:48,0
DA:49,0
DA:50,0
DA:51,0
DA:62,0
DA:64,0
DA:65,0
DA:68,0
DA:69,0
DA:70,0
DA:71,0
DA:72,0
DA:74,0
DA:75,0
DA:88,0
DA:91,0
DA:92,0
DA:94,0
DA:95,0
DA:97,0
DA:99,0
DA:100,0
DA:102,0
DA:103,0
DA:112,0
DA:114,0
DA:115,0
DA:116,0
DA:118,0
DA:121,0
DA:122,0
DA:123,0
DA:124,0
DA:125,0
DA:126,0
DA:133,0
DA:135,0
DA:136,0
DA:145,0
DA:148,0
DA:149,0
DA:150,0
DA:151,0
DA:153,0
DA:154,0
DA:155,0
DA:158,0
DA:159,0
DA:160,0
DA:162,0
DA:164,0
DA:165,0
DA:167,0
DA:168,0
DA:177,0
DA:179,0
DA:180,0
DA:182,0
DA:183,0
DA:184,0
DA:185,0
DA:186,0
DA:194,0
DA:196,0
DA:197,0
DA:198,0
DA:199,0
DA:200,0
DA:202,0
DA:203,0
DA:209,0
DA:210,0
DA:213,0
DA:215,0
DA:220,0
DA:221,0
DA:222,0
DA:225,0
DA:226,0
DA:227,0
DA:228,0
DA:230,0
DA:238,0
DA:240,0
DA:242,0
DA:243,0
DA:244,0
DA:252,0
DA:254,0
DA:255,0
DA:256,0
DA:257,0
DA:258,0
DA:259,0
DA:262,0
DA:265,0
DA:266,0
DA:267,0
DA:269,0
DA:270,0
DA:272,0
DA:273,0
DA:278,0
DA:279,0
DA:280,0
DA:282,0
DA:287,0
DA:291,0
DA:292,0
DA:300,0
DA:302,0
DA:312,0
DA:314,0
DA:316,0
DA:317,0
DA:326,0
DA:328,0
DA:329,0
DA:331,0
DA:332,0
DA:333,0
DA:334,0
DA:345,0
DA:347,0
DA:349,0
DA:350,0
DA:351,0
DA:356,0
DA:357,0
DA:358,0
DA:367,0
DA:369,0
DA:370,0
DA:372,0
DA:374,0
DA:375,0
DA:376,0
DA:377,0
DA:378,0
DA:379,0
DA:381,0
DA:389,0
DA:391,0
DA:392,0
DA:394,0
DA:395,0
DA:396,0
DA:397,0
DA:399,0
DA:400,0
DA:402,0
LF:167
LH:0
end_of_record
TN:
SF:/home/yilegu/squint/bug_study/wiredtiger-1-recover-from-backup/wiredtiger-before/src/btree/bt_compact.c
FN:16,__compact_rewrite
FN:60,__compact_rewrite_lock
FN:91,__compact_progress
FN:120,__wt_compact
FN:224,__wt_compact_page_skip
FNDA:0,__wt_compact_page_skip
FNDA:0,__compact_progress
FNDA:0,__compact_rewrite
FNDA:0,__compact_rewrite_lock
FNDA:0,__wt_compact
FNF:5
FNH:0
DA:16,0
DA:18,0
DA:19,0
DA:20,0
DA:21,0
DA:22,0
DA:24,0
DA:26,0
DA:29,0
DA:30,0
DA:31,0
DA:38,0
DA:39,0
DA:40,0
DA:41,0
DA:43,0
DA:44,0
DA:45,0
DA:46,0
DA:47,0
DA:48,0
DA:60,0
DA:62,0
DA:63,0
DA:65,0
DA:76,0
DA:78,0
DA:81,0
DA:83,0
DA:91,0
DA:93,0
DA:94,0
DA:95,0
DA:97,0
DA:98,0
DA:100,0
DA:101,0
DA:104,0
DA:105,0
DA:106,0
DA:111,0
DA:120,0
DA:122,0
DA:123,0
DA:124,0
DA:125,0
DA:126,0
DA:128,0
DA:129,0
DA:131,0
DA:137,0
DA:138,0
DA:139,0
DA:140,0
DA:141,0
DA:148,0
DA:149,0
DA:150,0
DA:157,0
DA:158,0
DA:159,0
DA:161,0
DA:162,0
DA:171,0
DA:178,0
DA:180,0
DA:195,0
DA:196,0
DA:197,0
DA:198,0
DA:200,0
DA:201,0
DA:202,0
DA:205,0
DA:206,0
DA:208,0
DA:209,0
DA:212,0
DA:213,0
DA:214,0
DA:224,0
DA:226,0
DA:227,0
DA:228,0
DA:229,0
DA:231,0
DA:233,0
DA:236,0
DA:243,0
DA:244,0
DA:245,0
DA:252,0
DA:260,0
DA:261,0
DA:262,0
DA:263,0
DA:267,0
DA:268,0
LF:98
LH:0
end_of_record
TN:
SF:/home/yilegu/squint/bug_study/wiredtiger-1-recover-from-backup/wiredtiger-before/src/btree/bt_curnext.c
FN:16,__cursor_fix_append_next
FN:78,__cursor_fix_next
FN:136,__cursor_var_append_next
FN:183,__cursor_var_next
FN:337,__cursor_row_next
FN:629,__wt_btcur_iterate_setup
FN:694,__wt_btcur_next_prefix
FN:872,__wt_btcur_next
FNDA:0,__cursor_fix_append_next
FNDA:0,__cursor_var_append_next
FNDA:4859,__cursor_row_next
FNDA:7138,__wt_btcur_next
FNDA:0,__cursor_var_next
FNDA:0,__cursor_fix_next
FNDA:4871,__wt_btcur_iterate_setup
FNDA:7686,__wt_btcur_next_prefix
FNF:8
FNH:4
DA:16,0
DA:18,0
DA:20,0
DA:23,0
DA:24,0
DA:26,0
DA:27,0
DA:29,0
DA:30,0
DA:40,0
DA:55,0
DA:56,0
DA:57,0
DA:59,0
DA:60,0
DA:61,0
DA:62,0
DA:63,0
DA:64,0
DA:65,0
DA:67,0
DA:69,0
DA:70,0
DA:78,0
DA:80,0
DA:81,0
DA:82,0
DA:84,0
DA:85,0
DA:86,0
DA:89,0
DA:90,0
DA:93,0
DA:94,0
DA:95,0
DA:97,0
DA:98,0
DA:102,0
DA:104,0
DA:106,0
DA:108,0
DA:109,0
DA:110,0
DA:111,0
DA:116,0
DA:117,0
DA:118,0
DA:119,0
DA:120,0
DA:121,0
DA:122,0
DA:123,0
DA:124,0
DA:126,0
DA:127,0
DA:128,0
DA:136,0
DA:138,0
DA:140,0
DA:141,0
DA:144,0
DA:145,0
DA:147,0
DA:148,0
DA:149,0
DA:152,0
DA:153,0
DA:154,0
DA:155,0
DA:158,0
DA:159,0
DA:160,0
DA:162,0
DA:163,0
DA:164,0
DA:166,0
DA:167,0
DA:168,0
DA:169,0
DA:170,0
DA:171,0
DA:173,0
DA:183,0
DA:185,0
DA:186,0
DA:187,0
DA:188,0
DA:189,0
DA:190,0
DA:191,0
DA:193,0
DA:194,0
DA:196,0
DA:197,0
DA:200,0
DA:201,0
DA:204,0
DA:208,0
DA:209,0
DA:210,0
DA:212,0
DA:213,0
DA:214,0
DA:215,0
DA:219,0
DA:220,0
DA:222,0
DA:224,0
DA:225,0
DA:227,0
DA:229,0
DA:232,0
DA:233,0
DA:234,0
DA:235,0
DA:236,0
DA:237,0
DA:238,0
DA:239,0
DA:240,0
DA:241,0
DA:242,0
DA:243,0
DA:245,0
DA:253,0
DA:254,0
DA:255,0
DA:256,0
DA:257,0
DA:258,0
DA:262,0
DA:263,0
DA:264,0
DA:265,0
DA:266,0
DA:267,0
DA:268,0
DA:279,0
DA:287,0
DA:288,0
DA:289,0
DA:292,0
DA:293,0
DA:294,0
DA:297,0
DA:298,0
DA:300,0
DA:301,0
DA:303,0
DA:310,0
DA:311,0
DA:312,0
DA:323,0
DA:324,0
DA:326,0
DA:337,4859
DA:340,4859
DA:341,4859
DA:342,4859
DA:343,4859
DA:344,4859
DA:345,4859
DA:346,4859
DA:348,4859
DA:349,4859
DA:350,4859
DA:351,4859
DA:352,4859
DA:353,4859
DA:356,4859
DA:357,0
DA:358,0
DA:359,0
DA:360,0
DA:362,4859
DA:373,4859
DA:377,4
DA:378,4
DA:379,4
DA:380,4
DA:381,4
DA:382,4
DA:386,4855
DA:391,4855
DA:392,68
DA:394,4787
DA:395,9098
DA:396,9098
DA:397,9098
DA:398,67
DA:399,67
DA:404,67
DA:405,0
DA:406,0
DA:407,0
DA:409,67
DA:410,67
DA:411,0
DA:412,0
DA:414,67
DA:415,0
DA:416,0
DA:417,0
DA:418,0
DA:419,0
DA:421,67
DA:425,9031
DA:427,8007
DA:433,8007
DA:434,4239
DA:435,4239
DA:436,4239
DA:438,3768
DA:439,3768
DA:441,3768
DA:442,3768
DA:443,3768
DA:444,3768
DA:449,3768
DA:455,3768
DA:456,0
DA:457,0
DA:458,0
DA:461,3768
DA:463,3768
DA:464,0
DA:465,0
DA:467,3768
DA:468,0
DA:469,0
DA:470,0
DA:471,0
DA:472,0
DA:474,3768
DA:629,4871
DA:631,4871
DA:637,4871
DA:640,4871
DA:643,4871
DA:644,4871
DA:645,4871
DA:651,4871
DA:658,1492
DA:659,1492
DA:668,1492
DA:669,1492
DA:670,2
DA:671,2
DA:673,0
DA:679,0
DA:680,0
DA:683,0
DA:684,0
DA:694,7686
DA:696,7686
DA:697,7686
DA:698,7686
DA:699,7686
DA:700,7686
DA:701,7686
DA:702,7686
DA:704,7686
DA:705,7686
DA:706,7686
DA:707,7686
DA:709,7686
DA:711,7686
DA:712,7686
DA:713,0
DA:715,7686
DA:717,7686
DA:722,7686
DA:723,4323
DA:729,7686
DA:730,7686
DA:731,7686
DA:732,4859
DA:734,7690
DA:736,0
DA:737,0
DA:738,0
DA:739,0
DA:740,0
DA:741,0
DA:742,0
DA:743,0
DA:744,0
DA:745,0
DA:746,0
DA:748,0
DA:750,0
DA:751,0
DA:753,7690
DA:754,4859
DA:755,0
DA:756,0
DA:757,0
DA:758,0
DA:759,0
DA:760,0
DA:761,0
DA:762,4859
DA:763,4859
DA:765,4859
DA:771,4859
DA:776,0
DA:777,0
DA:779,4859
DA:786,1024
DA:787,0
DA:788,0
DA:802,0
DA:803,1024
DA:804,0
DA:805,0
DA:806,0
DA:808,3855
DA:810,3855
DA:811,0
DA:819,3855
DA:820,3855
DA:821,3855
DA:824,0
DA:825,11545
DA:828,3835
DA:829,7686
DA:830,7686
DA:832,0
DA:834,7686
DA:836,7686
DA:837,3835
DA:838,3835
DA:852,3835
DA:853,0
DA:858,0
DA:859,0
DA:860,3851
DA:861,3851
DA:863,7686
DA:864,7686
DA:872,7138
DA:874,7138
LF:342
LH:122
end_of_record
TN:
SF:/home/yilegu/squint/bug_study/wiredtiger-1-recover-from-backup/wiredtiger-before/src/btree/bt_curprev.c
FN:35,__cursor_skip_prev
FN:144,__cursor_fix_append_prev
FN:239,__cursor_fix_prev
FN:297,__cursor_var_append_prev
FN:343,__cursor_var_prev
FN:498,__cursor_row_prev
FN:631,__wt_btcur_prev
FNDA:548,__cursor_row_prev
FNDA:0,__cursor_var_append_prev
FNDA:0,__cursor_fix_append_prev
FNDA:548,__wt_btcur_prev
FNDA:0,__cursor_fix_prev
FNDA:0,__cursor_var_prev
FNDA:0,__cursor_skip_prev
FNF:7
FNH:2
DA:35,0
DA:37,0
DA:38,0
DA:39,0
DA:40,0
DA:41,0
DA:43,0
DA:49,0
DA:50,0
DA:51,0
DA:52,0
DA:53,0
DA:54,0
DA:56,0
DA:70,0
DA:71,0
DA:81,0
DA:82,0
DA:83,0
DA:84,0
DA:91,0
DA:92,0
DA:97,0
DA:102,0
DA:103,0
DA:104,0
DA:105,0
DA:117,0
DA:118,0
DA:125,0
DA:126,0
DA:127,0
DA:132,0
DA:133,0
DA:135,0
DA:136,0
DA:144,0
DA:146,0
DA:148,0
DA:151,0
DA:152,0
DA:154,0
DA:155,0
DA:159,0
DA:160,0
DA:192,0
DA:193,0
DA:203,0
DA:204,0
DA:206,0
DA:216,0
DA:217,0
DA:218,0
DA:220,0
DA:221,0
DA:222,0
DA:223,0
DA:224,0
DA:225,0
DA:226,0
DA:228,0
DA:230,0
DA:231,0
DA:239,0
DA:241,0
DA:242,0
DA:243,0
DA:245,0
DA:246,0
DA:247,0
DA:250,0
DA:251,0
DA:254,0
DA:255,0
DA:256,0
DA:258,0
DA:259,0
DA:263,0
DA:265,0
DA:267,0
DA:269,0
DA:270,0
DA:271,0
DA:272,0
DA:277,0
DA:278,0
DA:279,0
DA:280,0
DA:281,0
DA:282,0
DA:283,0
DA:284,0
DA:285,0
DA:287,0
DA:288,0
DA:289,0
DA:297,0
DA:299,0
DA:301,0
DA:302,0
DA:305,0
DA:306,0
DA:308,0
DA:309,0
DA:310,0
DA:313,0
DA:314,0
DA:315,0
DA:316,0
DA:319,0
DA:320,0
DA:321,0
DA:322,0
DA:323,0
DA:324,0
DA:326,0
DA:327,0
DA:328,0
DA:329,0
DA:330,0
DA:331,0
DA:333,0
DA:343,0
DA:345,0
DA:346,0
DA:347,0
DA:348,0
DA:349,0
DA:350,0
DA:351,0
DA:353,0
DA:354,0
DA:356,0
DA:357,0
DA:360,0
DA:361,0
DA:364,0
DA:368,0
DA:369,0
DA:370,0
DA:372,0
DA:373,0
DA:374,0
DA:375,0
DA:379,0
DA:380,0
DA:382,0
DA:383,0
DA:386,0
DA:388,0
DA:390,0
DA:393,0
DA:394,0
DA:395,0
DA:396,0
DA:397,0
DA:398,0
DA:399,0
DA:400,0
DA:401,0
DA:402,0
DA:403,0
DA:404,0
DA:406,0
DA:414,0
DA:415,0
DA:416,0
DA:417,0
DA:418,0
DA:419,0
DA:423,0
DA:424,0
DA:425,0
DA:426,0
DA:427,0
DA:428,0
DA:429,0
DA:440,0
DA:448,0
DA:449,0
DA:450,0
DA:453,0
DA:454,0
DA:455,0
DA:458,0
DA:459,0
DA:461,0
DA:462,0
DA:464,0
DA:471,0
DA:472,0
DA:473,0
DA:484,0
DA:485,0
DA:487,0
DA:498,548
DA:500,548
DA:501,548
DA:502,548
DA:503,548
DA:504,548
DA:505,548
DA:507,548
DA:508,548
DA:509,548
DA:510,548
DA:513,548
DA:514,0
DA:515,0
DA:516,0
DA:517,0
DA:519,548
DA:530,548
DA:532,548
DA:537,548
DA:538,548
DA:539,548
DA:541,0
DA:542,548
DA:543,548
DA:544,548
DA:545,548
DA:549,0
DA:554,0
DA:555,0
DA:557,0
DA:558,548
DA:559,548
DA:560,548
DA:561,0
DA:562,0
DA:564,0
DA:565,0
DA:566,0
DA:567,0
DA:569,0
DA:570,0
DA:571,0
DA:572,0
DA:573,0
DA:574,0
DA:576,0
DA:580,548
DA:582,0
DA:588,0
DA:589,0
DA:590,0
DA:591,0
DA:592,0
DA:593,0
DA:595,0
DA:596,0
DA:598,0
DA:599,0
DA:600,0
DA:601,0
DA:606,0
DA:608,0
DA:610,0
DA:611,0
DA:612,0
DA:614,0
DA:615,0
DA:616,0
DA:617,0
DA:618,0
DA:619,0
DA:621,0
DA:631,548
DA:633,548
DA:634,548
DA:635,548
DA:636,548
DA:637,548
DA:638,548
DA:639,548
DA:641,548
DA:642,548
DA:643,548
DA:645,548
DA:647,548
DA:649,548
DA:650,0
DA:652,548
DA:654,548
DA:659,548
DA:660,548
DA:666,548
DA:667,548
DA:668,548
DA:669,548
DA:675,1096
DA:676,0
DA:677,0
DA:679,1096
DA:681,0
DA:682,0
DA:683,0
DA:684,0
DA:685,0
DA:686,0
DA:687,0
DA:688,0
DA:689,0
DA:690,0
DA:691,0
DA:693,0
DA:695,0
DA:696,0
DA:700,1096
DA:701,548
DA:702,0
DA:703,0
DA:704,0
DA:705,0
DA:706,0
DA:707,0
DA:708,0
DA:709,548
DA:710,548
DA:711,548
DA:716,548
DA:719,0
DA:720,0
DA:722,548
DA:736,548
DA:737,548
DA:738,548
DA:739,0
DA:740,0
DA:742,1096
DA:744,1096
DA:745,0
DA:753,1096
DA:754,1096
DA:755,1096
DA:758,0
DA:759,1644
DA:762,0
DA:763,548
DA:764,548
DA:766,0
DA:768,548
DA:770,548
DA:771,0
DA:772,0
DA:786,0
DA:787,0
DA:792,0
DA:793,0
DA:794,548
DA:795,548
DA:797,548
DA:798,548
LF:354
LH:74
end_of_record
TN:
SF:/home/yilegu/squint/bug_study/wiredtiger-1-recover-from-backup/wiredtiger-before/src/btree/bt_cursor.c
FN:110,__cursor_size_chk
FN:174,__wt_cursor_valid
FN:357,__cursor_col_search
FN:382,__cursor_row_search
FN:407,__cursor_col_modify
FN:421,__cursor_row_modify
FN:435,__cursor_restart
FN:446,__wt_btcur_reset
FN:466,__wt_btcur_search_prepared
FN:531,__wt_btcur_search
FN:625,__wt_btcur_search_near
FN:818,__wt_btcur_insert
FN:973,__curfile_update_check
FN:1006,__wt_btcur_insert_check
FN:1053,__wt_btcur_remove
FN:1242,__btcur_update
FN:1398,__cursor_chain_exceeded
FN:1454,__wt_btcur_modify
FN:1542,__wt_btcur_reserve
FN:1568,__wt_btcur_update
FN:1593,__wt_btcur_compare
FN:1634,__cursor_equals
FN:1666,__wt_btcur_equals
FN:1700,__cursor_truncate
FN:1755,__cursor_truncate_fix
FN:1814,__wt_btcur_range_truncate
FN:1869,__wt_btcur_init
FN:1882,__wt_btcur_open
FN:1900,__wt_btcur_cache
FN:1917,__wt_btcur_close
FNDA:0,__wt_btcur_init
FNDA:13588,__wt_btcur_close
FNDA:148,__cursor_size_chk
FNDA:0,__wt_btcur_update
FNDA:17378,__cursor_row_search
FNDA:0,__cursor_col_modify
FNDA:0,__cursor_chain_exceeded
FNDA:0,__wt_btcur_reserve
FNDA:0,__cursor_row_modify
FNDA:0,__cursor_col_search
FNDA:0,__btcur_update
FNDA:15423,__wt_btcur_reset
FNDA:0,__cursor_restart
FNDA:6,__wt_btcur_insert_check
FNDA:0,__cursor_truncate_fix
FNDA:1492,__wt_btcur_search_near
FNDA:74,__wt_btcur_insert
FNDA:15238,__wt_btcur_open
FNDA:15334,__wt_btcur_search
FNDA:0,__wt_btcur_equals
FNDA:0,__wt_btcur_compare
FNDA:60,__wt_btcur_cache
FNDA:0,__wt_btcur_remove
FNDA:0,__cursor_truncate
FNDA:0,__wt_btcur_range_truncate
FNDA:0,__wt_btcur_modify
FNDA:0,__cursor_equals
FNDA:13328,__wt_cursor_valid
FNDA:6,__curfile_update_check
FNDA:0,__wt_btcur_search_prepared
FNF:30
FNH:12
DA:28,33800
DA:30,33800
DA:31,33800
DA:32,33800
DA:33,33800
DA:34,74
DA:41,4046
DA:43,4046
DA:44,4046
DA:45,4046
DA:46,0
DA:47,4046
DA:48,4046
DA:49,4046
DA:50,4046
DA:57,16900
DA:59,16900
DA:60,16900
DA:62,16900
DA:63,16900
DA:68,1566
DA:82,0
DA:92,472
DA:99,472
DA:110,148
DA:112,148
DA:113,148
DA:114,148
DA:115,148
DA:117,148
DA:118,148
DA:120,148
DA:122,0
DA:123,0
DA:131,148
DA:135,0
DA:136,0
DA:142,0
DA:143,0
DA:144,0
DA:155,4046
DA:166,0
DA:174,13328
DA:176,13328
DA:177,13328
DA:178,13328
DA:179,13328
DA:180,13328
DA:182,13328
DA:184,13328
DA:185,13328
DA:186,13328
DA:232,13328
DA:233,63
DA:234,63
DA:235,63
DA:237,63
DA:238,63
DA:246,13265
DA:254,13265
DA:255,0
DA:261,0
DA:264,0
DA:268,0
DA:269,0
DA:271,0
DA:277,0
DA:283,0
DA:291,0
DA:292,0
DA:293,0
DA:300,0
DA:301,0
DA:302,0
DA:304,0
DA:307,13265
DA:309,13265
DA:315,12717
DA:321,12717
DA:325,12717
DA:331,12717
DA:332,942
DA:334,942
DA:338,12717
DA:342,12717
DA:343,12717
DA:345,12717
DA:357,0
DA:359,0
DA:360,0
DA:362,0
DA:372,0
DA:374,0
DA:382,17378
DA:384,17378
DA:385,17378
DA:387,17378
DA:397,17378
DA:399,17378
DA:407,0
DA:412,0
DA:421,74
DA:426,0
DA:435,0
DA:437,0
DA:438,0
DA:439,0
DA:446,15423
DA:448,15423
DA:449,15423
DA:451,15423
DA:452,15423
DA:454,15423
DA:456,15423
DA:458,15423
DA:466,0
DA:468,0
DA:469,0
DA:470,0
DA:472,0
DA:474,0
DA:475,0
DA:476,0
DA:484,0
DA:486,0
DA:494,0
DA:498,0
DA:499,0
DA:506,0
DA:507,0
DA:508,0
DA:509,0
DA:511,0
DA:517,0
DA:518,0
DA:522,0
DA:523,0
DA:531,15334
DA:533,15334
DA:534,15334
DA:535,15334
DA:536,15334
DA:537,15334
DA:538,15334
DA:540,15334
DA:541,15334
DA:542,15334
DA:544,15334
DA:546,15334
DA:547,15334
DA:555,15334
DA:556,15334
DA:557,15334
DA:563,15334
DA:564,15334
DA:565,0
DA:567,0
DA:568,0
DA:569,0
DA:570,0
DA:572,0
DA:573,0
DA:574,0
DA:577,15334
DA:578,15334
DA:580,15334
DA:581,15334
DA:582,15334
DA:583,11836
DA:585,0
DA:586,0
DA:587,0
DA:591,15334
DA:592,11836
DA:593,3498
DA:598,0
DA:599,0
DA:600,0
DA:601,0
DA:602,0
DA:603,0
DA:612,11836
DA:613,11836
DA:614,3498
DA:615,3498
DA:625,1492
DA:627,1492
DA:628,1492
DA:629,1492
DA:630,1492
DA:631,1492
DA:632,1492
DA:633,1492
DA:635,1492
DA:636,1492
DA:637,1492
DA:638,1492
DA:640,1492
DA:642,1492
DA:643,1492
DA:651,1492
DA:652,1492
DA:653,1492
DA:662,1492
DA:663,1492
DA:664,472
DA:670,472
DA:682,472
DA:683,472
DA:684,0
DA:687,1492
DA:688,1492
DA:694,1492
DA:695,1492
DA:700,1492
DA:703,0
DA:704,0
DA:724,1492
DA:725,944
DA:731,944
DA:732,944
DA:733,0
DA:734,0
DA:736,944
DA:737,944
DA:741,548
DA:742,0
DA:743,0
DA:744,0
DA:745,0
DA:746,0
DA:747,0
DA:748,0
DA:755,548
DA:756,0
DA:757,0
DA:758,0
DA:760,0
DA:761,0
DA:762,0
DA:774,548
DA:775,0
DA:780,548
DA:781,0
DA:782,0
DA:783,0
DA:785,0
DA:786,0
DA:787,0
DA:791,548
DA:792,1492
DA:793,1492
DA:794,944
DA:801,1492
DA:807,548
DA:808,548
DA:818,74
DA:820,74
DA:821,74
DA:822,74
DA:823,74
DA:824,74
DA:825,74
DA:826,74
DA:827,74
DA:829,74
DA:830,74
DA:831,74
DA:832,74
DA:833,74
DA:835,74
DA:836,74
DA:838,74
DA:839,74
DA:840,74
DA:843,74
DA:850,74
DA:853,74
DA:863,74
DA:864,0
DA:865,0
DA:870,0
DA:871,0
DA:872,0
DA:873,0
DA:874,0
DA:875,0
DA:882,0
DA:883,0
DA:884,0
DA:885,0
DA:892,74
DA:893,74
DA:894,74
DA:896,74
DA:897,74
DA:899,74
DA:900,74
DA:904,74
DA:905,0
DA:907,0
DA:908,0
DA:909,74
DA:912,74
DA:913,0
DA:918,0
DA:919,0
DA:920,0
DA:921,0
DA:922,0
DA:924,0
DA:931,0
DA:932,0
DA:933,0
DA:935,0
DA:936,0
DA:937,0
DA:938,0
DA:939,0
DA:942,0
DA:945,0
DA:946,74
DA:947,0
DA:948,0
DA:952,74
DA:953,74
DA:954,74
DA:955,74
DA:956,0
DA:958,74
DA:959,74
DA:960,0
DA:973,6
DA:975,6
DA:976,6
DA:977,6
DA:978,6
DA:980,6
DA:981,6
DA:982,6
DA:983,6
DA:985,6
DA:988,6
DA:989,6
DA:990,0
DA:991,0
DA:992,0
DA:993,0
DA:996,6
DA:1006,6
DA:1008,6
DA:1009,6
DA:1010,6
DA:1011,6
DA:1013,6
DA:1014,6
DA:1015,6
DA:1017,6
DA:1024,6
DA:1025,6
DA:1027,6
DA:1028,6
DA:1029,6
DA:1032,6
DA:1034,6
DA:1035,6
DA:1036,0
DA:1037,0
DA:1041,6
DA:1042,6
DA:1043,6
DA:1045,6
DA:1053,0
DA:1055,0
DA:1056,0
DA:1057,0
DA:1058,0
DA:1059,0
DA:1060,0
DA:1061,0
DA:1063,0
DA:1064,0
DA:1065,0
DA:1066,0
DA:1067,0
DA:1068,0
DA:1070,0
DA:1071,0
DA:1074,0
DA:1094,0
DA:1095,0
DA:1101,0
DA:1102,0
DA:1103,0
DA:1104,0
DA:1105,0
DA:1106,0
DA:1109,0
DA:1117,0
DA:1118,0
DA:1119,0
DA:1121,0
DA:1123,0
DA:1124,0
DA:1125,0
DA:1126,0
DA:1129,0
DA:1131,0
DA:1132,0
DA:1133,0
DA:1134,0
DA:1135,0
DA:1136,0
DA:1138,0
DA:1140,0
DA:1141,0
DA:1142,0
DA:1148,0
DA:1151,0
DA:1152,0
DA:1153,0
DA:1154,0
DA:1156,0
DA:1157,0
DA:1158,0
DA:1167,0
DA:1169,0
DA:1172,0
DA:1173,0
DA:1174,0
DA:1175,0
DA:1178,0
DA:1185,0
DA:1186,0
DA:1187,0
DA:1189,0
DA:1190,0
DA:1197,0
DA:1198,0
DA:1199,0
DA:1210,0
DA:1211,0
DA:1212,0
DA:1213,0
DA:1221,0
DA:1222,0
DA:1225,0
DA:1231,0
DA:1232,0
DA:1234,0
DA:1242,0
DA:1244,0
DA:1245,0
DA:1246,0
DA:1247,0
DA:1248,0
DA:1249,0
DA:1250,0
DA:1252,0
DA:1253,0
DA:1254,0
DA:1255,0
DA:1258,0
DA:1261,0
DA:1271,0
DA:1272,0
DA:1278,0
DA:1279,0
DA:1280,0
DA:1281,0
DA:1282,0
DA:1289,0
DA:1290,0
DA:1291,0
DA:1292,0
DA:1299,0
DA:1300,0
DA:1301,0
DA:1303,0
DA:1304,0
DA:1305,0
DA:1308,0
DA:1312,0
DA:1313,0
DA:1314,0
DA:1315,0
DA:1316,0
DA:1318,0
DA:1319,0
DA:1320,0
DA:1322,0
DA:1330,0
DA:1331,0
DA:1332,0
DA:1333,0
DA:1334,0
DA:1336,0
DA:1338,0
DA:1339,0
DA:1341,0
DA:1344,0
DA:1345,0
DA:1346,0
DA:1347,0
DA:1357,0
DA:1358,0
DA:1359,0
DA:1360,0
DA:1364,0
DA:1365,0
DA:1366,0
DA:1370,0
DA:1372,0
DA:1377,0
DA:1378,0
DA:1379,0
DA:1381,0
DA:1385,0
DA:1386,0
DA:1387,0
DA:1398,0
DA:1400,0
DA:1401,0
DA:1402,0
DA:1403,0
DA:1404,0
DA:1405,0
DA:1407,0
DA:1408,0
DA:1409,0
DA:1411,0
DA:1412,0
DA:1413,0
DA:1414,0
DA:1415,0
DA:1416,0
DA:1436,0
DA:1437,0
DA:1439,0
DA:1440,0
DA:1443,0
DA:1444,0
DA:1454,0
DA:1456,0
DA:1457,0
DA:1458,0
DA:1459,0
DA:1460,0
DA:1461,0
DA:1462,0
DA:1464,0
DA:1465,0
DA:1468,0
DA:1488,0
DA:1489,0
DA:1491,0
DA:1492,0
DA:1494,0
DA:1495,0
DA:1497,0
DA:1499,0
DA:1500,0
DA:1501,0
DA:1502,0
DA:1504,0
DA:1513,0
DA:1514,0
DA:1515,0
DA:1516,0
DA:1518,0
DA:1519,0
DA:1520,0
DA:1527,0
DA:1528,0
DA:1529,0
DA:1530,0
DA:1533,0
DA:1534,0
DA:1542,0
DA:1544,0
DA:1545,0
DA:1546,0
DA:1547,0
DA:1549,0
DA:1550,0
DA:1552,0
DA:1555,0
DA:1556,0
DA:1557,0
DA:1558,0
DA:1559,0
DA:1560,0
DA:1568,0
DA:1570,0
DA:1571,0
DA:1572,0
DA:1574,0
DA:1575,0
DA:1576,0
DA:1578,0
DA:1579,0
DA:1581,0
DA:1582,0
DA:1583,0
DA:1585,0
DA:1593,0
DA:1595,0
DA:1596,0
DA:1597,0
DA:1599,0
DA:1600,0
DA:1601,0
DA:1602,0
DA:1605,0
DA:1606,0
DA:1608,0
DA:1609,0
DA:1615,0
DA:1616,0
DA:1617,0
DA:1618,0
DA:1620,0
DA:1622,0
DA:1623,0
DA:1634,0
DA:1636,0
DA:1637,0
DA:1643,0
DA:1644,0
DA:1646,0
DA:1647,0
DA:1649,0
DA:1650,0
DA:1651,0
DA:1654,0
DA:1655,0
DA:1666,0
DA:1668,0
DA:1669,0
DA:1670,0
DA:1672,0
DA:1673,0
DA:1674,0
DA:1675,0
DA:1678,0
DA:1679,0
DA:1686,0
DA:1687,0
DA:1689,0
DA:1690,0
DA:1700,0
DA:1703,0
DA:1704,0
DA:1705,0
DA:1707,0
DA:1708,0
DA:1725,0
DA:1726,0
DA:1727,0
DA:1729,0
DA:1730,0
DA:1732,0
DA:1735,0
DA:1737,0
DA:1740,0
DA:1741,0
DA:1742,0
DA:1743,0
DA:1746,0
DA:1755,0
DA:1758,0
DA:1759,0
DA:1760,0
DA:1761,0
DA:1763,0
DA:1764,0
DA:1782,0
DA:1783,0
DA:1784,0
DA:1786,0
DA:1787,0
DA:1788,0
DA:1789,0
DA:1791,0
DA:1794,0
DA:1796,0
DA:1799,0
DA:1800,0
DA:1801,0
DA:1802,0
DA:1805,0
DA:1814,0
DA:1816,0
DA:1817,0
DA:1818,0
DA:1820,0
DA:1821,0
DA:1822,0
DA:1824,0
DA:1834,0
DA:1835,0
DA:1837,0
DA:1838,0
DA:1839,0
DA:1841,0
DA:1842,0
DA:1844,0
DA:1854,0
DA:1858,0
DA:1859,0
DA:1860,0
DA:1869,0
DA:1871,0
DA:1873,0
DA:1874,0
DA:1875,0
DA:1882,15238
DA:1884,15238
DA:1885,15238
DA:1886,15238
DA:1887,15238
DA:1893,15238
DA:1900,60
DA:1902,60
DA:1904,60
DA:1906,60
DA:1907,60
DA:1908,60
DA:1909,60
DA:1910,60
DA:1917,13588
DA:1919,13588
DA:1920,13588
DA:1922,13588
DA:1929,13588
DA:1930,13588
DA:1932,13573
DA:1933,13567
DA:1934,13557
DA:1935,13546
DA:1940,13538
LF:741
LH:253
end_of_record
TN:
SF:/home/yilegu/squint/bug_study/wiredtiger-1-recover-from-backup/wiredtiger-before/src/btree/bt_delete.c
FN:57,__wt_delete_page
FN:152,__wt_delete_page_rollback
FN:216,__wt_delete_page_skip
FN:259,__tombstone_update_alloc
FN:285,__wt_delete_page_instantiate
FNDA:6126,__wt_delete_page_skip
FNDA:281,__wt_delete_page_instantiate
FNDA:0,__wt_delete_page
FNDA:0,__wt_delete_page_rollback
FNDA:0,__tombstone_update_alloc
FNF:5
FNH:2
DA:57,0
DA:59,0
DA:60,0
DA:61,0
DA:63,0
DA:66,0
DA:67,0
DA:68,0
DA:69,0
DA:70,0
DA:71,0
DA:74,0
DA:75,0
DA:76,0
DA:77,0
DA:78,0
DA:85,0
DA:86,0
DA:88,0
DA:92,0
DA:101,0
DA:111,0
DA:112,0
DA:113,0
DA:114,0
DA:115,0
DA:116,0
DA:117,0
DA:118,0
DA:124,0
DA:127,0
DA:128,0
DA:130,0
DA:132,0
DA:133,0
DA:136,0
DA:137,0
DA:139,0
DA:140,0
DA:143,0
DA:144,0
DA:152,0
DA:154,0
DA:155,0
DA:156,0
DA:157,0
DA:160,0
DA:161,0
DA:164,0
DA:167,0
DA:168,0
DA:170,0
DA:172,0
DA:175,0
DA:182,0
DA:183,0
DA:194,0
DA:195,0
DA:196,0
DA:197,0
DA:198,0
DA:205,0
DA:207,0
DA:208,0
DA:216,6126
DA:218,6126
DA:235,6126
DA:238,6126
DA:245,6126
DA:246,0
DA:247,0
DA:248,0
DA:250,6126
DA:251,6126
DA:259,0
DA:262,0
DA:264,0
DA:265,0
DA:270,0
DA:271,0
DA:272,0
DA:273,0
DA:274,0
DA:276,0
DA:277,0
DA:285,281
DA:287,281
DA:288,281
DA:289,281
DA:290,281
DA:291,281
DA:292,281
DA:293,281
DA:294,281
DA:295,281
DA:296,281
DA:297,281
DA:299,281
DA:300,281
DA:301,281
DA:302,281
DA:304,281
DA:309,562
DA:315,281
DA:316,7
DA:322,281
DA:323,0
DA:326,281
DA:327,0
DA:351,281
DA:352,0
DA:353,0
DA:354,0
DA:355,0
DA:356,0
DA:357,0
DA:358,0
DA:359,0
DA:360,0
DA:361,0
DA:363,0
DA:367,281
DA:368,281
DA:369,281
DA:370,281
DA:371,0
DA:372,0
DA:373,0
DA:374,0
DA:375,0
DA:377,0
DA:378,0
DA:380,281
DA:385,0
DA:386,0
DA:387,0
DA:388,0
DA:389,0
DA:390,0
DA:392,0
DA:393,0
DA:395,0
DA:396,0
DA:397,0
DA:398,0
DA:399,0
DA:400,0
DA:402,0
DA:403,0
DA:407,281
DA:413,281
DA:414,281
DA:415,0
DA:419,0
DA:420,0
LF:155
LH:38
end_of_record
TN:
SF:/home/yilegu/squint/bug_study/wiredtiger-1-recover-from-backup/wiredtiger-before/src/btree/bt_discard.c
FN:24,__wt_ref_out
FN:55,__wt_page_out
FN:142,__free_page_modify
FN:226,__wt_ref_addr_free
FN:252,__wt_free_ref
FN:305,__free_page_int
FN:321,__wt_free_ref_index
FN:374,__free_skip_array
FN:399,__free_skip_list
FN:416,__free_update
FN:439,__wt_free_update_list
FNDA:0,__free_update
FNDA:0,__wt_free_ref_index
FNDA:8,__free_skip_array
FNDA:3879,__wt_free_ref
FNDA:4459,__wt_page_out
FNDA:3879,__free_page_int
FNDA:3879,__wt_ref_addr_free
FNDA:117,__free_page_modify
FNDA:8,__free_skip_list
FNDA:10,__wt_free_update_list
FNDA:4459,__wt_ref_out
FNF:11
FNH:9
DA:24,4459
DA:31,4459
DA:39,4459
DA:42,4459
DA:47,4459
DA:48,4459
DA:55,4459
DA:57,4459
DA:58,4459
DA:59,4459
DA:64,4459
DA:65,4459
DA:72,4459
DA:73,4459
DA:76,4459
DA:77,4459
DA:83,4459
DA:84,3879
DA:86,3879
DA:87,3879
DA:88,0
DA:93,4459
DA:95,4459
DA:96,4459
DA:97,0
DA:100,4459
DA:101,942
DA:102,942
DA:108,4459
DA:109,0
DA:112,4459
DA:113,117
DA:115,4459
DA:118,3879
DA:120,3879
DA:121,3879
DA:122,0
DA:123,4459
DA:125,580
DA:126,5039
DA:131,4459
DA:132,0
DA:134,4459
DA:142,117
DA:144,117
DA:145,117
DA:146,117
DA:147,117
DA:148,117
DA:150,117
DA:153,117
DA:155,117
DA:156,0
DA:158,0
DA:159,0
DA:160,0
DA:162,0
DA:165,0
DA:166,0
DA:167,0
DA:169,0
DA:171,16
DA:176,16
DA:180,117
DA:181,0
DA:184,0
DA:185,0
DA:186,0
DA:187,0
DA:191,0
DA:192,0
DA:193,0
DA:195,109
DA:202,109
DA:203,8
DA:206,109
DA:207,0
DA:212,117
DA:213,117
DA:215,117
DA:216,117
DA:218,117
DA:219,117
DA:226,3879
DA:228,3879
DA:235,3879
DA:236,3879
DA:237,3879
DA:238,3406
DA:239,473
DA:241,473
DA:242,2
DA:243,473
DA:252,3879
DA:254,3879
DA:256,3879
DA:257,0
DA:263,3879
DA:271,3879
DA:272,0
DA:273,0
DA:283,3879
DA:284,3879
DA:286,7287
DA:287,3408
DA:292,3879
DA:295,3879
DA:297,3879
DA:305,3879
DA:307,3879
DA:308,3879
DA:310,7758
DA:311,3879
DA:313,3879
DA:314,3879
DA:321,0
DA:323,0
DA:324,0
DA:326,0
DA:329,0
DA:330,0
DA:336,0
DA:338,0
DA:340,0
DA:348,0
DA:351,0
DA:359,580
DA:361,580
DA:362,580
DA:365,8587
DA:366,8007
DA:374,8
DA:377,8
DA:383,16
DA:384,8
DA:385,8
DA:386,8
DA:390,8
DA:391,8
DA:399,8
DA:401,8
DA:403,72
DA:404,64
DA:405,128
DA:406,64
DA:407,64
DA:409,8
DA:416,0
DA:419,0
DA:425,0
DA:426,0
DA:427,0
DA:430,0
DA:431,0
DA:439,74
DA:441,74
DA:443,148
DA:444,74
DA:445,74
DA:447,0
DA:448,64
LF:161
LH:116
end_of_record
TN:
SF:/home/yilegu/squint/bug_study/wiredtiger-1-recover-from-backup/wiredtiger-before/src/btree/bt_handle.c
FN:22,__btree_clear
FN:58,__wt_btree_open
FN:200,__wt_btree_close
FN:260,__wt_btree_discard
FN:279,__wt_btree_config_encryptor
FN:313,__btree_conf
FN:581,__wt_root_ref_init
FN:600,__wt_btree_tree_open
FN:676,__btree_tree_open_empty
FN:761,__wt_btree_new_leaf_page
FN:795,__btree_preload
FN:818,__btree_get_last_recno
FN:844,__btree_page_sizes
FN:1002,__wt_btree_immediately_durable
FN:1023,__wt_btree_switch_object
FNDA:3879,__wt_btree_close
FNDA:4051,__btree_conf
FNDA:471,__btree_preload
FNDA:4051,__wt_btree_open
FNDA:3580,__btree_tree_open_empty
FNDA:4051,__btree_page_sizes
FNDA:281,__wt_btree_new_leaf_page
FNDA:471,__wt_btree_tree_open
FNDA:4087,__wt_btree_config_encryptor
FNDA:4184,__wt_btree_discard
FNDA:0,__wt_root_ref_init
FNDA:0,__btree_get_last_recno
FNDA:8,__wt_btree_immediately_durable
FNDA:8235,__btree_clear
FNDA:0,__wt_btree_switch_object
FNF:15
FNH:12
DA:22,8235
DA:24,8235
DA:25,8235
DA:27,8235
DA:32,8235
DA:36,3879
DA:39,3879
DA:40,0
DA:43,3879
DA:44,3879
DA:47,3879
DA:48,3879
DA:58,4051
DA:60,4051
DA:61,4051
DA:62,4051
DA:63,4051
DA:64,4051
DA:65,4051
DA:66,4051
DA:67,4051
DA:68,4051
DA:69,4051
DA:70,4051
DA:71,4051
DA:73,4051
DA:74,4051
DA:81,4051
DA:82,4051
DA:83,4051
DA:86,4051
DA:89,4051
DA:90,4051
DA:91,4041
DA:94,4051
DA:100,4051
DA:101,4051
DA:102,0
DA:105,4051
DA:106,4051
DA:107,0
DA:108,0
DA:112,4051
DA:120,4051
DA:123,4051
DA:126,4051
DA:139,4051
DA:145,4051
DA:151,4051
DA:153,4051
DA:154,3580
DA:156,471
DA:159,471
DA:160,471
DA:163,471
DA:164,0
DA:179,4051
DA:180,471
DA:181,3580
DA:182,3580
DA:186,0
DA:187,0
DA:189,4051
DA:191,4051
DA:192,4051
DA:200,3879
DA:202,3879
DA:203,3879
DA:204,3879
DA:206,3879
DA:216,3879
DA:218,3879
DA:224,3879
DA:229,3879
DA:235,3879
DA:236,3400
DA:237,3400
DA:241,3879
DA:242,3879
DA:245,3879
DA:246,3879
DA:249,3879
DA:260,4184
DA:262,4184
DA:263,4184
DA:265,4184
DA:267,4184
DA:268,4184
DA:269,4184
DA:271,4184
DA:279,4087
DA:282,4087
DA:283,4087
DA:284,4087
DA:291,4087
DA:292,4087
DA:293,4087
DA:294,0
DA:295,0
DA:297,0
DA:298,0
DA:299,0
DA:300,0
DA:301,0
DA:302,0
DA:303,0
DA:313,4051
DA:315,4051
DA:316,4051
DA:317,4051
DA:318,4051
DA:319,4051
DA:320,4051
DA:321,4051
DA:323,4051
DA:324,4051
DA:325,4051
DA:328,4051
DA:329,0
DA:330,0
DA:331,0
DA:332,0
DA:333,0
DA:337,4051
DA:338,4051
DA:341,4051
DA:342,4051
DA:343,4051
DA:344,0
DA:346,4051
DA:347,4051
DA:349,4051
DA:350,4051
DA:351,4051
DA:354,4051
DA:355,4051
DA:356,4051
DA:357,0
DA:358,0
DA:364,4051
DA:365,0
DA:366,0
DA:367,0
DA:368,0
DA:370,0
DA:371,0
DA:376,4051
DA:378,4051
DA:379,4051
DA:380,0
DA:382,4051
DA:384,4051
DA:385,4051
DA:386,0
DA:387,0
DA:390,0
DA:392,4051
DA:398,4051
DA:399,746
DA:401,4051
DA:402,4051
DA:403,4051
DA:405,0
DA:407,4051
DA:408,4051
DA:409,0
DA:411,4051
DA:414,4051
DA:415,4051
DA:416,4051
DA:417,0
DA:418,0
DA:419,0
DA:420,0
DA:422,0
DA:425,4051
DA:435,4051
DA:438,4051
DA:439,4051
DA:440,4051
DA:442,4051
DA:443,4051
DA:444,4051
DA:445,4051
DA:447,4051
DA:448,4051
DA:449,4051
DA:450,4051
DA:453,4051
DA:454,4051
DA:467,4051
DA:468,4051
DA:469,4051
DA:470,4051
DA:471,4051
DA:472,0
DA:481,0
DA:482,0
DA:483,0
DA:485,0
DA:486,0
DA:487,0
DA:492,4051
DA:493,473
DA:494,473
DA:498,4051
DA:501,4051
DA:502,4051
DA:503,0
DA:506,4051
DA:507,4051
DA:509,4051
DA:511,4051
DA:512,4051
DA:535,4051
DA:536,4051
DA:539,4051
DA:540,4049
DA:542,2
DA:555,4051
DA:556,4051
DA:557,1
DA:558,4050
DA:560,1
DA:570,4051
DA:571,0
DA:581,4051
DA:583,4051
DA:584,0
DA:586,4051
DA:587,4051
DA:588,4051
DA:590,4051
DA:592,4051
DA:593,471
DA:600,471
DA:602,471
DA:603,471
DA:604,471
DA:605,471
DA:606,471
DA:607,471
DA:609,471
DA:610,471
DA:616,471
DA:624,471
DA:625,471
DA:627,471
DA:628,471
DA:629,471
DA:633,471
DA:634,0
DA:635,471
DA:636,471
DA:637,0
DA:642,0
DA:643,0
DA:644,0
DA:647,0
DA:651,0
DA:657,942
DA:659,471
DA:662,471
DA:664,471
DA:665,471
DA:666,471
DA:668,471
DA:676,3580
DA:678,3580
DA:679,3580
DA:680,3580
DA:681,3580
DA:682,3580
DA:684,3580
DA:685,3580
DA:686,3580
DA:692,3580
DA:693,3580
DA:704,3580
DA:705,0
DA:707,0
DA:708,0
DA:710,0
DA:711,0
DA:712,0
DA:713,0
DA:714,0
DA:715,0
DA:716,0
DA:717,0
DA:718,0
DA:719,3580
DA:720,3580
DA:721,3580
DA:723,3580
DA:724,3580
DA:725,3580
DA:726,3580
DA:727,3580
DA:728,3580
DA:729,3580
DA:730,3580
DA:735,3580
DA:736,0
DA:737,0
DA:738,0
DA:739,0
DA:740,0
DA:744,3580
DA:746,3580
DA:748,0
DA:749,0
DA:750,0
DA:751,0
DA:752,0
DA:761,281
DA:763,281
DA:765,281
DA:767,281
DA:768,0
DA:769,0
DA:771,0
DA:772,0
DA:774,281
DA:775,281
DA:784,281
DA:785,281
DA:787,281
DA:795,471
DA:797,471
DA:798,471
DA:799,471
DA:800,471
DA:802,471
DA:803,471
DA:806,942
DA:807,471
DA:808,471
DA:818,0
DA:820,0
DA:821,0
DA:822,0
DA:824,0
DA:826,0
DA:827,0
DA:828,0
DA:831,0
DA:832,0
DA:833,0
DA:835,0
DA:844,4051
DA:846,4051
DA:847,4051
DA:848,4051
DA:849,4051
DA:850,4051
DA:851,4051
DA:853,4051
DA:854,4051
DA:855,4051
DA:860,4051
DA:861,4051
DA:862,0
DA:867,4051
DA:868,4051
DA:869,4051
DA:870,4051
DA:871,0
DA:879,4051
DA:880,4051
DA:881,4051
DA:882,4051
DA:883,4051
DA:884,0
DA:885,0
DA:900,4051
DA:901,4051
DA:902,4051
DA:903,4051
DA:907,4051
DA:913,4051
DA:920,4051
DA:921,4051
DA:922,0
DA:923,0
DA:926,4051
DA:927,4051
DA:928,4051
DA:933,4051
DA:934,4051
DA:935,4051
DA:937,0
DA:938,4051
DA:939,4051
DA:940,4051
DA:942,0
DA:950,4051
DA:951,0
DA:952,0
DA:953,0
DA:954,0
DA:962,4051
DA:963,4051
DA:964,4051
DA:965,4051
DA:966,4051
DA:968,4051
DA:969,4051
DA:970,4051
DA:971,4051
DA:972,4051
DA:973,3578
DA:974,3578
DA:975,3578
DA:987,4051
DA:988,4051
DA:989,4051
DA:990,4051
DA:991,4051
DA:992,3578
DA:1002,9
DA:1004,9
DA:1006,9
DA:1013,18
DA:1014,9
DA:1015,0
DA:1023,0
DA:1025,0
DA:1026,0
DA:1028,0
DA:1035,0
DA:1036,0
DA:1038,0
LF:433
LH:317
end_of_record
TN:
SF:/home/yilegu/squint/bug_study/wiredtiger-1-recover-from-backup/wiredtiger-before/src/btree/bt_huffman.c
FN:135,__huffman_confchk_file
FN:177,__huffman_confchk
FN:196,__wt_btree_huffman_open
FN:246,__wt_huffman_read
FN:337,__wt_btree_huffman_close
FNDA:4051,__huffman_confchk
FNDA:0,__wt_huffman_read
FNDA:3879,__wt_btree_huffman_close
FNDA:4051,__wt_btree_huffman_open
FNDA:0,__huffman_confchk_file
FNF:5
FNH:3
DA:135,0
DA:138,0
DA:139,0
DA:140,0
DA:141,0
DA:144,0
DA:145,0
DA:146,0
DA:147,0
DA:148,0
DA:149,0
DA:151,0
DA:153,0
DA:154,0
DA:157,0
DA:158,0
DA:161,0
DA:162,0
DA:164,0
DA:166,0
DA:167,0
DA:177,4051
DA:179,4051
DA:183,0
DA:185,0
DA:188,0
DA:196,4051
DA:198,4051
DA:199,4051
DA:200,4051
DA:201,4051
DA:202,4051
DA:203,4051
DA:205,4051
DA:206,4051
DA:208,4051
DA:209,4051
DA:210,4051
DA:213,0
DA:214,0
DA:215,0
DA:222,0
DA:224,0
DA:225,0
DA:227,0
DA:228,0
DA:231,0
DA:232,0
DA:233,0
DA:234,0
DA:246,0
DA:249,0
DA:250,0
DA:251,0
DA:252,0
DA:253,0
DA:254,0
DA:255,0
DA:256,0
DA:258,0
DA:259,0
DA:261,0
DA:262,0
DA:267,0
DA:273,0
DA:274,0
DA:275,0
DA:276,0
DA:278,0
DA:279,0
DA:280,0
DA:283,0
DA:284,0
DA:285,0
DA:286,0
DA:289,0
DA:295,0
DA:296,0
DA:299,0
DA:300,0
DA:304,0
DA:305,0
DA:309,0
DA:310,0
DA:315,0
DA:316,0
DA:319,0
DA:320,0
DA:322,0
DA:323,0
DA:324,0
DA:326,0
DA:328,0
DA:329,0
DA:337,3879
DA:339,3879
DA:341,3879
DA:343,3879
DA:344,0
DA:345,0
DA:347,3879
LF:101
LH:19
end_of_record
TN:
SF:/home/yilegu/squint/bug_study/wiredtiger-1-recover-from-backup/wiredtiger-before/src/btree/bt_import.c
FN:16,__wt_import_repair
FNDA:0,__wt_import_repair
FNF:1
FNH:0
DA:16,0
DA:18,0
DA:19,0
DA:20,0
DA:21,0
DA:22,0
DA:23,0
DA:24,0
DA:25,0
DA:26,0
DA:27,0
DA:28,0
DA:29,0
DA:30,0
DA:32,0
DA:33,0
DA:35,0
DA:36,0
DA:37,0
DA:38,0
DA:40,0
DA:41,0
DA:42,0
DA:48,0
DA:49,0
DA:50,0
DA:51,0
DA:52,0
DA:53,0
DA:60,0
DA:61,0
DA:62,0
DA:63,0
DA:71,0
DA:72,0
DA:73,0
DA:74,0
DA:76,0
DA:77,0
DA:78,0
DA:79,0
DA:81,0
DA:82,0
DA:83,0
DA:84,0
DA:85,0
DA:101,0
DA:102,0
DA:103,0
DA:104,0
DA:105,0
DA:106,0
DA:108,0
DA:109,0
DA:110,0
DA:113,0
DA:114,0
DA:121,0
DA:122,0
DA:123,0
DA:124,0
DA:125,0
DA:135,0
DA:136,0
DA:137,0
DA:139,0
DA:140,0
DA:141,0
DA:142,0
DA:143,0
DA:144,0
DA:145,0
DA:147,0
DA:148,0
DA:150,0
DA:152,0
DA:153,0
DA:154,0
DA:155,0
DA:156,0
DA:158,0
DA:159,0
DA:160,0
DA:161,0
DA:163,0
LF:85
LH:0
end_of_record
TN:
SF:/home/yilegu/squint/bug_study/wiredtiger-1-recover-from-backup/wiredtiger-before/src/btree/bt_io.c
FN:16,__wt_bt_read
FN:155,__wt_bt_write
FNDA:942,__wt_bt_read
FNDA:34,__wt_bt_write
FNF:2
FNH:2
DA:16,942
DA:18,942
DA:19,942
DA:20,942
DA:21,942
DA:22,942
DA:23,942
DA:24,942
DA:25,942
DA:26,942
DA:27,942
DA:29,942
DA:30,942
DA:31,942
DA:37,942
DA:38,942
DA:39,942
DA:40,942
DA:42,0
DA:43,0
DA:44,0
DA:45,0
DA:52,942
DA:53,0
DA:54,0
DA:55,0
DA:56,0
DA:63,0
DA:64,0
DA:65,0
DA:66,0
DA:69,0
DA:70,0
DA:71,942
DA:72,0
DA:73,0
DA:76,942
DA:77,0
DA:78,0
DA:79,0
DA:85,0
DA:94,0
DA:95,0
DA:96,0
DA:97,0
DA:104,0
DA:105,0
DA:106,0
DA:114,942
DA:115,0
DA:119,942
DA:120,0
DA:121,0
DA:122,0
DA:123,0
DA:126,942
DA:127,942
DA:128,0
DA:129,942
DA:130,942
DA:131,942
DA:135,0
DA:137,0
DA:138,0
DA:139,0
DA:140,0
DA:144,0
DA:145,942
DA:146,942
DA:147,942
DA:155,34
DA:158,34
DA:159,34
DA:160,34
DA:161,34
DA:162,34
DA:163,34
DA:164,34
DA:165,34
DA:166,34
DA:167,34
DA:168,34
DA:169,34
DA:170,34
DA:172,34
DA:173,16
DA:175,34
DA:176,34
DA:177,34
DA:178,34
DA:181,34
DA:186,34
DA:222,34
DA:224,0
DA:225,0
DA:226,0
DA:229,0
DA:230,0
DA:239,0
DA:240,0
DA:242,0
DA:245,0
DA:246,0
DA:247,0
DA:250,0
DA:251,0
DA:253,0
DA:254,0
DA:256,0
DA:265,0
DA:266,0
DA:267,0
DA:269,0
DA:270,0
DA:275,0
DA:276,0
DA:277,0
DA:280,0
DA:281,0
DA:288,34
DA:292,0
DA:294,0
DA:295,0
DA:296,0
DA:298,0
DA:299,0
DA:301,34
DA:304,34
DA:305,0
DA:306,34
DA:307,0
DA:314,34
DA:317,34
DA:318,34
DA:322,0
DA:323,0
DA:324,0
DA:325,0
DA:326,0
DA:327,0
DA:328,0
DA:329,0
DA:330,0
DA:332,34
DA:333,34
DA:334,0
DA:337,34
DA:341,34
DA:342,0
DA:343,0
DA:344,0
DA:345,0
DA:346,0
DA:349,34
DA:350,34
DA:351,34
DA:352,34
DA:354,34
DA:355,34
DA:356,34
DA:357,34
LF:161
LH:73
end_of_record
TN:
SF:/home/yilegu/squint/bug_study/wiredtiger-1-recover-from-backup/wiredtiger-before/src/btree/bt_misc.c
FN:16,__wt_addr_string
FN:41,__wt_cell_type_string
FN:87,__wt_key_string
FN:118,__wt_page_type_string
FNDA:0,__wt_page_type_string
FNDA:0,__wt_addr_string
FNDA:0,__wt_cell_type_string
FNDA:0,__wt_key_string
FNF:4
FNH:0
DA:16,0
DA:18,0
DA:19,0
DA:21,0
DA:23,0
DA:25,0
DA:26,0
DA:27,0
DA:28,0
DA:29,0
DA:30,0
DA:31,0
DA:33,0
DA:41,0
DA:43,0
DA:46,0
DA:47,0
DA:48,0
DA:49,0
DA:50,0
DA:51,0
DA:52,0
DA:53,0
DA:54,0
DA:55,0
DA:56,0
DA:57,0
DA:58,0
DA:59,0
DA:60,0
DA:61,0
DA:62,0
DA:63,0
DA:64,0
DA:65,0
DA:66,0
DA:67,0
DA:68,0
DA:69,0
DA:70,0
DA:71,0
DA:72,0
DA:73,0
DA:74,0
DA:75,0
DA:76,0
DA:77,0
DA:87,0
DA:90,0
DA:100,0
DA:101,0
DA:102,0
DA:103,0
DA:104,0
DA:110,0
DA:118,0
DA:120,0
DA:123,0
DA:124,0
DA:125,0
DA:126,0
DA:127,0
DA:128,0
DA:129,0
DA:130,0
DA:131,0
DA:132,0
DA:133,0
DA:134,0
DA:135,0
DA:136,0
DA:137,0
DA:138,0
LF:73
LH:0
end_of_record
TN:
SF:/home/yilegu/squint/bug_study/wiredtiger-1-recover-from-backup/wiredtiger-before/src/btree/bt_ovfl.c
FN:16,__ovfl_read
FN:45,__wt_ovfl_read
FN:81,__wt_ovfl_remove
FN:118,__wt_ovfl_discard
FNDA:0,__wt_ovfl_discard
FNDA:0,__ovfl_read
FNDA:0,__wt_ovfl_read
FNDA:0,__wt_ovfl_remove
FNF:4
FNH:0
DA:16,0
DA:18,0
DA:19,0
DA:21,0
DA:30,0
DA:31,0
DA:32,0
DA:33,0
DA:35,0
DA:45,0
DA:48,0
DA:50,0
DA:56,0
DA:57,0
DA:65,0
DA:66,0
DA:67,0
DA:68,0
DA:70,0
DA:71,0
DA:73,0
DA:81,0
DA:110,0
DA:118,0
DA:120,0
DA:121,0
DA:122,0
DA:124,0
DA:125,0
DA:126,0
DA:128,0
DA:139,0
DA:141,0
DA:142,0
DA:143,0
DA:145,0
DA:146,0
DA:148,0
DA:149,0
DA:152,0
DA:155,0
LF:41
LH:0
end_of_record
TN:
SF:/home/yilegu/squint/bug_study/wiredtiger-1-recover-from-backup/wiredtiger-before/src/btree/bt_page.c
FN:23,__wt_page_alloc
FN:128,__page_inmem_prepare_update
FN:196,__wt_page_inmem_prepare
FN:300,__wt_page_inmem
FN:442,__inmem_col_int
FN:473,__inmem_col_var_repeats
FN:492,__inmem_col_var
FN:561,__inmem_row_int
FN:678,__inmem_row_leaf_entries
FN:718,__inmem_row_leaf
FNDA:0,__page_inmem_prepare_update
FNDA:0,__wt_page_inmem_prepare
FNDA:0,__inmem_col_var_repeats
FNDA:471,__inmem_row_int
FNDA:0,__inmem_row_leaf_entries
FNDA:4803,__wt_page_alloc
FNDA:0,__inmem_col_int
FNDA:471,__inmem_row_leaf
FNDA:0,__inmem_col_var
FNDA:942,__wt_page_inmem
FNF:10
FNH:4
DA:23,4803
DA:26,4803
DA:27,4803
DA:28,4803
DA:29,4803
DA:30,4803
DA:31,4803
DA:32,4803
DA:34,4803
DA:36,4803
DA:37,4803
DA:39,4803
DA:40,4803
DA:45,0
DA:50,0
DA:51,0
DA:52,752
DA:57,752
DA:58,752
DA:59,0
DA:60,0
DA:63,4803
DA:65,4803
DA:66,4803
DA:68,4803
DA:69,0
DA:70,0
DA:71,0
DA:72,4051
DA:74,4051
DA:79,4051
DA:81,4051
DA:82,4051
DA:83,4051
DA:84,4051
DA:85,4051
DA:86,4051
DA:87,8102
DA:88,4051
DA:89,4051
DA:92,0
DA:93,0
DA:94,0
DA:95,0
DA:96,0
DA:98,0
DA:99,0
DA:102,0
DA:103,0
DA:104,0
DA:105,0
DA:106,752
DA:107,752
DA:108,752
DA:109,752
DA:110,0
DA:111,0
DA:115,4803
DA:116,4803
DA:117,4803
DA:119,4803
DA:120,4803
DA:128,0
DA:131,0
DA:132,0
DA:133,0
DA:135,0
DA:137,0
DA:138,0
DA:140,0
DA:141,0
DA:142,0
DA:143,0
DA:144,0
DA:145,0
DA:152,0
DA:153,0
DA:154,0
DA:155,0
DA:156,0
DA:157,0
DA:158,0
DA:159,0
DA:166,0
DA:167,0
DA:168,0
DA:169,0
DA:170,0
DA:173,0
DA:174,0
DA:176,0
DA:177,0
DA:178,0
DA:181,0
DA:182,0
DA:184,0
DA:185,0
DA:186,0
DA:196,0
DA:198,0
DA:199,0
DA:200,0
DA:201,0
DA:202,0
DA:203,0
DA:204,0
DA:205,0
DA:206,0
DA:207,0
DA:208,0
DA:209,0
DA:210,0
DA:212,0
DA:213,0
DA:214,0
DA:220,0
DA:221,0
DA:223,0
DA:224,0
DA:226,0
DA:227,0
DA:228,0
DA:229,0
DA:231,0
DA:232,0
DA:233,0
DA:234,0
DA:235,0
DA:236,0
DA:240,0
DA:243,0
DA:245,0
DA:246,0
DA:249,0
DA:253,0
DA:255,0
DA:259,0
DA:260,0
DA:262,0
DA:263,0
DA:264,0
DA:267,0
DA:268,0
DA:269,0
DA:270,0
DA:273,0
DA:277,0
DA:279,0
DA:283,0
DA:285,0
DA:286,0
DA:287,0
DA:289,0
DA:290,0
DA:291,0
DA:292,0
DA:300,942
DA:303,942
DA:304,942
DA:305,942
DA:306,942
DA:307,942
DA:309,942
DA:311,942
DA:312,471
DA:314,942
DA:315,942
DA:321,942
DA:322,0
DA:333,0
DA:334,0
DA:335,471
DA:340,471
DA:341,471
DA:342,471
DA:350,471
DA:351,0
DA:352,471
DA:353,471
DA:355,0
DA:357,0
DA:358,0
DA:362,942
DA:363,942
DA:364,942
DA:374,942
DA:376,942
DA:377,0
DA:378,942
DA:380,0
DA:381,0
DA:382,0
DA:383,0
DA:384,0
DA:386,471
DA:387,471
DA:389,471
DA:390,471
DA:392,0
DA:393,0
DA:397,942
DA:399,942
DA:400,0
DA:403,942
DA:404,471
DA:405,0
DA:407,0
DA:408,0
DA:410,471
DA:413,942
DA:414,942
DA:416,0
DA:417,0
DA:418,0
DA:426,0
DA:428,0
DA:429,0
DA:431,0
DA:432,0
DA:434,0
DA:435,0
DA:442,0
DA:444,0
DA:445,0
DA:446,0
DA:447,0
DA:453,0
DA:454,0
DA:455,0
DA:456,0
DA:457,0
DA:458,0
DA:459,0
DA:460,0
DA:461,0
DA:463,0
DA:466,0
DA:473,0
DA:475,0
DA:477,0
DA:480,0
DA:481,0
DA:482,0
DA:485,0
DA:492,0
DA:495,0
DA:496,0
DA:497,0
DA:498,0
DA:499,0
DA:500,0
DA:501,0
DA:502,0
DA:504,0
DA:505,0
DA:506,0
DA:513,0
DA:514,0
DA:515,0
DA:516,0
DA:517,0
DA:524,0
DA:526,0
DA:527,0
DA:528,0
DA:529,0
DA:530,0
DA:532,0
DA:533,0
DA:534,0
DA:536,0
DA:537,0
DA:538,0
DA:542,0
DA:543,0
DA:545,0
DA:546,0
DA:550,0
DA:551,0
DA:561,471
DA:563,471
DA:564,471
DA:565,471
DA:566,471
DA:567,471
DA:568,471
DA:569,471
DA:570,471
DA:572,471
DA:574,471
DA:580,471
DA:581,471
DA:582,471
DA:583,471
DA:584,1413
DA:585,942
DA:586,942
DA:587,942
DA:589,942
DA:590,0
DA:591,0
DA:592,0
DA:593,471
DA:596,471
DA:597,471
DA:600,942
DA:605,471
DA:607,0
DA:612,0
DA:614,0
DA:617,0
DA:618,0
DA:619,0
DA:620,0
DA:635,0
DA:636,0
DA:637,0
DA:644,0
DA:645,0
DA:646,0
DA:649,471
DA:652,471
DA:653,471
DA:654,471
DA:655,0
DA:656,942
DA:665,471
DA:666,0
DA:668,471
DA:669,471
DA:670,471
DA:678,0
DA:680,0
DA:681,0
DA:693,0
DA:694,0
DA:695,0
DA:696,0
DA:698,0
DA:699,0
DA:703,0
DA:704,0
DA:709,0
DA:710,0
DA:718,471
DA:720,471
DA:721,471
DA:722,471
DA:723,471
DA:724,471
DA:725,471
DA:726,471
DA:727,471
DA:729,471
DA:730,471
DA:731,471
DA:734,471
DA:735,471
DA:736,471
DA:737,471
DA:740,471
DA:741,16485
DA:742,16014
DA:743,8007
DA:780,8007
DA:781,8007
DA:783,8007
DA:784,0
DA:785,0
DA:786,0
DA:792,0
DA:793,0
DA:794,0
DA:795,0
DA:796,0
DA:799,8007
DA:800,8007
DA:801,8007
DA:802,0
DA:808,0
DA:810,0
DA:811,0
DA:812,0
DA:813,8007
DA:821,8007
DA:822,8007
DA:823,0
DA:824,0
DA:825,8007
DA:829,0
DA:830,0
DA:834,8007
DA:835,0
DA:840,471
DA:841,0
DA:842,0
DA:844,471
DA:845,471
DA:853,471
DA:854,471
DA:856,471
DA:857,0
DA:859,471
DA:860,471
LF:404
LH:150
end_of_record
TN:
SF:/home/yilegu/squint/bug_study/wiredtiger-1-recover-from-backup/wiredtiger-before/src/btree/bt_random.c
FN:16,__random_insert_valid
FN:57,__random_skip_entries
FN:106,__random_leaf_skip
FN:164,__random_leaf_insert
FN:231,__random_leaf_disk
FN:265,__random_leaf
FN:358,__wt_random_descent
FN:468,__wt_btcur_next_random
FNDA:0,__wt_random_descent
FNDA:0,__random_leaf
FNDA:0,__random_leaf_insert
FNDA:0,__random_skip_entries
FNDA:0,__wt_btcur_next_random
FNDA:0,__random_leaf_disk
FNDA:0,__random_insert_valid
FNDA:0,__random_leaf_skip
FNF:8
FNH:0
DA:16,0
DA:18,0
DA:20,0
DA:21,0
DA:22,0
DA:23,0
DA:24,0
DA:25,0
DA:26,0
DA:28,0
DA:36,0
DA:38,0
DA:40,0
DA:41,0
DA:42,0
DA:44,0
DA:57,0
DA:59,0
DA:60,0
DA:61,0
DA:62,0
DA:64,0
DA:65,0
DA:67,0
DA:71,0
DA:72,0
DA:73,0
DA:75,0
DA:81,0
DA:82,0
DA:90,0
DA:91,0
DA:106,0
DA:108,0
DA:109,0
DA:110,0
DA:111,0
DA:113,0
DA:115,0
DA:118,0
DA:123,0
DA:124,0
DA:125,0
DA:126,0
DA:128,0
DA:129,0
DA:133,0
DA:134,0
DA:135,0
DA:140,0
DA:141,0
DA:142,0
DA:143,0
DA:145,0
DA:146,0
DA:147,0
DA:164,0
DA:166,0
DA:167,0
DA:168,0
DA:169,0
DA:171,0
DA:173,0
DA:174,0
DA:177,0
DA:178,0
DA:179,0
DA:180,0
DA:181,0
DA:190,0
DA:191,0
DA:192,0
DA:193,0
DA:194,0
DA:195,0
DA:196,0
DA:197,0
DA:201,0
DA:202,0
DA:203,0
DA:204,0
DA:205,0
DA:206,0
DA:213,0
DA:214,0
DA:215,0
DA:216,0
DA:231,0
DA:233,0
DA:234,0
DA:235,0
DA:236,0
DA:238,0
DA:240,0
DA:241,0
DA:242,0
DA:245,0
DA:246,0
DA:247,0
DA:248,0
DA:249,0
DA:265,0
DA:267,0
DA:268,0
DA:269,0
DA:270,0
DA:271,0
DA:273,0
DA:274,0
DA:281,0
DA:282,0
DA:283,0
DA:284,0
DA:288,0
DA:289,0
DA:290,0
DA:296,0
DA:297,0
DA:298,0
DA:299,0
DA:300,0
DA:315,0
DA:316,0
DA:317,0
DA:318,0
DA:319,0
DA:320,0
DA:321,0
DA:322,0
DA:324,0
DA:326,0
DA:327,0
DA:339,0
DA:340,0
DA:341,0
DA:342,0
DA:344,0
DA:358,0
DA:360,0
DA:361,0
DA:362,0
DA:363,0
DA:364,0
DA:365,0
DA:366,0
DA:368,0
DA:370,0
DA:371,0
DA:372,0
DA:378,0
DA:380,0
DA:381,0
DA:385,0
DA:389,0
DA:390,0
DA:391,0
DA:394,0
DA:395,0
DA:396,0
DA:399,0
DA:400,0
DA:401,0
DA:414,0
DA:415,0
DA:416,0
DA:419,0
DA:420,0
DA:421,0
DA:422,0
DA:425,0
DA:426,0
DA:427,0
DA:429,0
DA:430,0
DA:439,0
DA:440,0
DA:441,0
DA:442,0
DA:444,0
DA:446,0
DA:447,0
DA:455,0
DA:456,0
DA:468,0
DA:470,0
DA:471,0
DA:472,0
DA:473,0
DA:474,0
DA:475,0
DA:476,0
DA:478,0
DA:479,0
DA:480,0
DA:482,0
DA:483,0
DA:484,0
DA:490,0
DA:491,0
DA:493,0
DA:495,0
DA:508,0
DA:509,0
DA:510,0
DA:511,0
DA:512,0
DA:521,0
DA:531,0
DA:532,0
DA:549,0
DA:550,0
DA:551,0
DA:552,0
DA:568,0
DA:569,0
DA:570,0
DA:571,0
DA:572,0
DA:574,0
DA:582,0
DA:583,0
DA:586,0
DA:590,0
DA:591,0
LF:224
LH:0
end_of_record
TN:
SF:/home/yilegu/squint/bug_study/wiredtiger-1-recover-from-backup/wiredtiger-before/src/btree/bt_read.c
FN:16,__evict_force_check
FN:88,__page_read
FN:203,__wt_page_in_func
FNDA:752,__page_read
FNDA:24196,__wt_page_in_func
FNDA:13357,__evict_force_check
FNF:3
FNH:3
DA:16,13357
DA:18,13357
DA:19,13357
DA:20,13357
DA:22,13357
DA:23,13357
DA:26,13357
DA:33,13526
DA:44,168
DA:45,168
DA:46,0
DA:49,168
DA:56,0
DA:60,0
DA:62,0
DA:66,0
DA:73,0
DA:77,0
DA:80,0
DA:88,752
DA:90,752
DA:91,752
DA:92,752
DA:93,752
DA:94,752
DA:95,752
DA:96,752
DA:97,752
DA:99,752
DA:105,752
DA:108,752
DA:109,752
DA:111,752
DA:123,752
DA:124,471
DA:130,752
DA:131,281
DA:133,281
DA:134,281
DA:138,471
DA:139,471
DA:140,0
DA:141,471
DA:142,471
DA:143,0
DA:144,0
DA:145,0
DA:146,0
DA:147,0
DA:159,471
DA:160,471
DA:161,0
DA:162,471
DA:163,471
DA:164,471
DA:165,0
DA:167,471
DA:168,752
DA:169,281
DA:171,281
DA:175,752
DA:176,752
DA:178,752
DA:179,752
DA:181,0
DA:186,0
DA:187,0
DA:189,0
DA:190,0
DA:192,0
DA:194,0
DA:203,24196
DA:210,24196
DA:211,24196
DA:212,24196
DA:213,24196
DA:214,24196
DA:215,24196
DA:216,24196
DA:218,24196
DA:220,24196
DA:221,68
DA:224,24196
DA:226,24196
DA:232,24196
DA:233,20301
DA:235,24196
DA:237,24948
DA:238,6407
DA:239,6407
DA:241,12533
DA:242,6126
DA:244,281
DA:245,471
DA:247,471
DA:249,471
DA:254,752
DA:255,752
DA:257,752
DA:260,752
DA:261,752
DA:269,2256
DA:270,752
DA:271,752
DA:272,752
DA:273,0
DA:274,0
DA:277,0
DA:278,0
DA:282,0
DA:285,0
DA:291,18070
DA:298,18070
DA:299,0
DA:308,18070
DA:310,18070
DA:311,0
DA:321,18070
DA:322,17318
DA:323,4713
DA:329,13357
DA:330,0
DA:331,0
DA:336,13357
DA:337,0
DA:338,0
DA:342,0
DA:344,0
DA:345,0
DA:346,0
DA:350,0
DA:357,0
DA:360,13357
DA:369,18070
DA:370,18070
DA:371,752
DA:372,0
DA:374,752
DA:375,17318
DA:376,17286
DA:388,18732
DA:389,662
DA:390,18070
DA:391,17476
DA:392,0
DA:393,0
DA:400,0
DA:401,0
DA:402,0
DA:403,0
DA:404,0
DA:406,0
DA:414,0
DA:415,0
DA:416,0
DA:417,0
DA:419,0
DA:420,0
LF:158
LH:102
end_of_record
TN:
SF:/home/yilegu/squint/bug_study/wiredtiger-1-recover-from-backup/wiredtiger-before/src/btree/bt_ret.c
FN:16,__key_return
FN:76,__read_col_time_window
FN:89,__wt_read_row_time_window
FN:111,__wt_read_cell_time_window
FN:148,__wt_value_return_buf
FN:220,__wt_key_return
FN:247,__wt_value_return
FNDA:0,__wt_read_row_time_window
FNDA:0,__read_col_time_window
FNDA:16615,__wt_value_return
FNDA:16485,__wt_value_return_buf
FNDA:12780,__key_return
FNDA:0,__wt_read_cell_time_window
FNDA:12780,__wt_key_return
FNF:7
FNH:4
DA:16,12780
DA:18,12780
DA:19,12780
DA:20,12780
DA:21,12780
DA:22,12780
DA:24,12780
DA:25,12780
DA:26,12780
DA:28,12780
DA:29,12780
DA:36,12780
DA:37,63
DA:38,63
DA:39,63
DA:49,12717
DA:50,11775
DA:51,11775
DA:52,11775
DA:54,11775
DA:55,11775
DA:56,11775
DA:58,942
DA:67,0
DA:68,0
DA:76,0
DA:78,0
DA:80,0
DA:81,0
DA:82,0
DA:89,0
DA:91,0
DA:97,0
DA:98,0
DA:99,0
DA:102,0
DA:103,0
DA:111,0
DA:113,0
DA:114,0
DA:116,0
DA:118,0
DA:119,0
DA:121,0
DA:125,0
DA:126,0
DA:127,0
DA:129,0
DA:130,0
DA:131,0
DA:132,0
DA:134,0
DA:135,0
DA:140,0
DA:148,16485
DA:150,16485
DA:151,16485
DA:152,16485
DA:153,16485
DA:154,16485
DA:155,16485
DA:156,16485
DA:157,16485
DA:159,16485
DA:160,16485
DA:162,16485
DA:163,16485
DA:165,16485
DA:166,16485
DA:172,16485
DA:173,16485
DA:174,16485
DA:175,16485
DA:179,0
DA:180,0
DA:181,0
[...]
DA:737,0
DA:738,0
DA:739,0
DA:741,0
DA:742,0
DA:743,0
DA:745,0
DA:748,0
DA:749,0
DA:750,0
DA:751,0
DA:752,0
DA:753,0
DA:754,0
DA:756,0
DA:757,0
DA:758,0
LF:358
LH:18
end_of_record
TN:
SF:/home/yilegu/squint/bug_study/wiredtiger-1-recover-from-backup/wiredtiger-before/src/txn/txn_recover.c
FN:43,__recovery_cursor
FN:117,__txn_op_apply
FN:305,__txn_commit_apply
FN:319,__txn_log_recover
FN:366,__recovery_retrieve_timestamp
FN:400,__recovery_set_checkpoint_timestamp
FN:437,__recovery_set_oldest_timestamp
FN:469,__recovery_set_checkpoint_snapshot
FN:552,__recovery_set_ckpt_base_write_gen
FN:582,__recovery_txn_setup_initial_state
FN:621,__recovery_setup_file
FN:679,__recovery_close_cursors
FN:704,__recovery_file_scan_prefix
FN:742,__recovery_file_scan
FN:764,__hs_exists
FN:827,__wt_txn_recover
FNDA:746,__recovery_set_checkpoint_snapshot
FNDA:4050,__recovery_setup_file
FNDA:1492,__recovery_close_cursors
FNDA:0,__txn_op_apply
FNDA:0,__recovery_cursor
FNDA:746,__recovery_set_oldest_timestamp
FNDA:0,__txn_commit_apply
FNDA:0,__txn_log_recover
FNDA:1492,__recovery_retrieve_timestamp
FNDA:746,__recovery_file_scan
FNDA:746,__recovery_set_ckpt_base_write_gen
FNDA:746,__wt_txn_recover
FNDA:1492,__recovery_file_scan_prefix
FNDA:746,__recovery_txn_setup_initial_state
FNDA:746,__recovery_set_checkpoint_timestamp
FNDA:746,__hs_exists
FNF:16
FNH:12
DA:43,0
DA:46,0
DA:47,0
DA:48,0
DA:50,0
DA:55,0
DA:65,0
DA:66,0
DA:68,0
DA:70,0
DA:71,0
DA:73,0
DA:74,0
DA:78,0
DA:79,0
DA:80,0
DA:92,0
DA:93,0
DA:95,0
DA:96,0
DA:117,0
DA:119,0
DA:120,0
DA:121,0
DA:122,0
DA:123,0
DA:124,0
DA:125,0
DA:127,0
DA:128,0
DA:131,0
DA:132,0
DA:138,0
DA:139,0
DA:140,0
DA:143,0
DA:144,0
DA:145,0
DA:146,0
DA:147,0
DA:148,0
DA:149,0
DA:155,0
DA:157,0
DA:161,0
DA:162,0
DA:163,0
DA:164,0
DA:165,0
DA:166,0
DA:169,0
DA:170,0
DA:171,0
DA:172,0
DA:173,0
DA:176,0
DA:177,0
DA:179,0
DA:182,0
DA:183,0
DA:184,0
DA:185,0
DA:186,0
DA:187,0
DA:189,0
DA:190,0
DA:194,0
DA:195,0
DA:196,0
DA:197,0
DA:199,0
DA:201,0
DA:202,0
DA:203,0
DA:206,0
DA:207,0
DA:208,0
DA:209,0
DA:210,0
DA:211,0
DA:217,0
DA:219,0
DA:223,0
DA:224,0
DA:225,0
DA:226,0
DA:227,0
DA:228,0
DA:231,0
DA:232,0
DA:233,0
DA:234,0
DA:235,0
DA:238,0
DA:239,0
DA:241,0
DA:243,0
DA:244,0
DA:248,0
DA:249,0
DA:250,0
DA:253,0
DA:255,0
DA:256,0
DA:257,0
DA:258,0
DA:259,0
DA:263,0
DA:264,0
DA:265,0
DA:266,0
DA:268,0
DA:270,0
DA:271,0
DA:272,0
DA:282,0
DA:283,0
DA:286,0
DA:288,0
DA:289,0
DA:292,0
DA:293,0
DA:297,0
DA:305,0
DA:308,0
DA:309,0
DA:319,0
DA:322,0
DA:323,0
DA:324,0
DA:325,0
DA:326,0
DA:328,0
DA:329,0
DA:330,0
DA:331,0
DA:334,0
DA:340,0
DA:341,0
DA:342,0
DA:345,0
DA:346,0
DA:347,0
DA:348,0
DA:351,0
DA:352,0
DA:353,0
DA:354,0
DA:366,1492
DA:369,1492
DA:370,1492
DA:371,1492
DA:372,1492
DA:374,1492
DA:376,1492
DA:379,1492
DA:380,1492
DA:381,0
DA:382,0
DA:383,0
DA:384,0
DA:386,0
DA:390,1492
DA:391,1492
DA:392,1492
DA:400,746
DA:402,746
DA:403,746
DA:404,746
DA:405,746
DA:407,746
DA:408,746
DA:413,746
DA:415,746
DA:422,746
DA:424,746
DA:437,746
DA:439,746
DA:440,746
DA:441,746
DA:442,746
DA:444,746
DA:445,746
DA:450,746
DA:452,746
DA:454,746
DA:455,746
DA:457,746
DA:469,746
DA:471,746
DA:472,746
DA:473,746
DA:474,746
DA:475,746
DA:476,746
DA:477,746
DA:479,746
DA:480,746
DA:481,746
DA:484,746
DA:485,746
DA:486,746
DA:497,746
DA:498,744
DA:505,746
DA:507,746
DA:508,471
DA:509,471
DA:510,471
DA:511,471
DA:513,471
DA:514,471
DA:515,471
DA:517,471
DA:518,471
DA:519,471
DA:521,471
DA:522,0
DA:523,0
DA:524,0
DA:526,0
DA:527,0
DA:535,746
DA:542,746
DA:543,746
DA:552,746
DA:554,746
DA:555,746
DA:556,746
DA:557,746
DA:559,746
DA:560,746
DA:563,746
DA:565,746
DA:566,471
DA:567,471
DA:568,471
DA:569,471
DA:572,275
DA:573,746
DA:574,746
DA:582,746
DA:584,746
DA:586,746
DA:588,746
DA:594,746
DA:595,746
DA:601,746
DA:603,746
DA:608,746
DA:609,746
DA:610,0
DA:621,4050
DA:623,4050
DA:624,4050
DA:625,4050
DA:626,4050
DA:628,4050
DA:629,4050
DA:632,4050
DA:633,3304
DA:635,4050
DA:636,4050
DA:637,4050
DA:640,4050
DA:641,0
DA:644,4050
DA:645,4050
DA:646,0
DA:649,4050
DA:650,3108
DA:652,942
DA:653,942
DA:655,0
DA:658,4050
DA:660,4050
DA:664,4050
DA:665,0
DA:666,0
DA:669,4050
DA:670,0
DA:679,1492
DA:681,1492
DA:682,1492
DA:683,1492
DA:684,1492
DA:686,1492
DA:687,5542
DA:688,4050
DA:689,4050
DA:690,4796
DA:693,1492
DA:694,1492
DA:695,1492
DA:704,1492
DA:706,1492
DA:707,1492
DA:708,1492
DA:709,1492
DA:712,1492
DA:713,1492
DA:714,1492
DA:716,548
DA:719,944
DA:721,472
DA:724,3776
DA:725,3776
DA:726,3776
DA:728,3304
DA:729,0
DA:730,3304
DA:731,3304
DA:733,472
DA:742,746
DA:745,746
DA:746,746
DA:752,746
DA:754,746
DA:764,746
DA:766,746
DA:767,746
DA:768,746
DA:770,746
DA:782,746
DA:783,746
DA:784,746
DA:785,274
DA:786,274
DA:789,472
DA:790,472
DA:794,472
DA:795,472
DA:796,0
DA:797,0
DA:798,0
DA:800,0
DA:808,0
DA:809,0
DA:810,0
DA:813,0
DA:816,746
DA:818,746
DA:819,746
DA:827,746
DA:829,746
DA:830,746
DA:831,746
DA:832,746
DA:833,746
DA:834,746
DA:835,746
DA:836,746
DA:837,746
DA:838,746
DA:840,746
DA:841,746
DA:842,746
DA:843,746
DA:844,746
DA:845,746
DA:846,746
DA:847,746
DA:850,746
DA:852,746
DA:853,746
DA:854,746
DA:855,746
DA:857,746
DA:858,746
DA:859,746
DA:860,746
DA:861,746
DA:862,746
DA:864,746
DA:871,746
DA:879,746
DA:884,746
DA:886,746
DA:887,0
DA:888,0
DA:891,746
DA:892,746
DA:904,0
DA:905,0
DA:910,0
DA:911,0
DA:912,0
DA:913,0
DA:915,0
DA:916,0
DA:922,0
DA:923,0
DA:926,0
DA:932,0
DA:933,0
DA:934,0
DA:937,0
DA:941,0
DA:951,0
DA:957,0
DA:963,0
DA:964,0
DA:970,0
DA:971,0
DA:974,0
DA:979,0
DA:980,0
DA:981,0
DA:982,0
DA:983,0
DA:986,0
DA:987,0
DA:988,0
DA:991,0
DA:992,0
DA:998,0
DA:1005,0
DA:1006,0
DA:1012,0
DA:1013,0
DA:1014,0
DA:1015,0
DA:1018,0
DA:1019,0
DA:1021,0
DA:1023,0
DA:1025,746
DA:1038,746
DA:1043,746
DA:1044,472
DA:1045,472
DA:1054,746
DA:1056,1
DA:1057,1
DA:1061,1
DA:1066,1
DA:1067,1
DA:1075,746
DA:1076,1
DA:1078,746
DA:1083,1
DA:1092,746
DA:1098,746
DA:1099,0
DA:1100,746
DA:1102,746
DA:1103,746
DA:1104,746
DA:1105,746
DA:1107,746
DA:1108,0
DA:1109,0
DA:1116,746
DA:1117,1
DA:1119,746
DA:1120,746
DA:1122,746
LF:457
LH:234
end_of_record
TN:
SF:/home/yilegu/squint/bug_study/wiredtiger-1-recover-from-backup/wiredtiger-before/src/txn/txn_rollback_to_stable.c
FN:25,__rollback_delete_hs
FN:78,__rollback_abort_update
FN:163,__rollback_abort_insert_list
FN:216,__rollback_col_modify
FN:246,__rollback_row_modify
FN:276,__rollback_txn_visible_id
FN:304,__rollback_ondisk_fixup_key
FN:631,__rollback_abort_ondisk_kv
FN:785,__rollback_abort_col_var
FN:904,__rollback_abort_col_fix
FN:928,__rollback_abort_row_leaf
FN:1011,__rollback_page_needs_abort
FN:1087,__rollback_abort_updates
FN:1138,__rollback_abort_fast_truncate
FN:1167,__wt_rts_page_skip
FN:1193,__rollback_to_stable_btree_walk
FN:1217,__rollback_to_stable_btree
FN:1255,__rollback_to_stable_check
FN:1281,__rollback_to_stable_btree_hs_truncate
FN:1332,__rollback_to_stable_hs_final_pass
FN:1395,__rollback_progress_msg
FN:1420,__rollback_to_stable_btree_apply
FN:1575,__wt_rollback_to_stable_one
FN:1612,__rollback_to_stable_btree_apply_all
FN:1665,__rollback_to_stable
FN:1737,__wt_rollback_to_stable
FNDA:1,__rollback_to_stable_btree_apply_all
FNDA:15,__rollback_progress_msg
FNDA:0,__rollback_abort_col_fix
FNDA:1,__wt_rollback_to_stable
FNDA:0,__rollback_txn_visible_id
FNDA:0,__rollback_to_stable_btree_walk
FNDA:0,__rollback_row_modify
FNDA:0,__rollback_delete_hs
FNDA:0,__rollback_abort_ondisk_kv
FNDA:0,__rollback_abort_row_leaf
FNDA:0,__rollback_page_needs_abort
FNDA:0,__rollback_abort_updates
FNDA:0,__rollback_col_modify
FNDA:0,__wt_rollback_to_stable_one
FNDA:0,__rollback_ondisk_fixup_key
FNDA:0,__rollback_to_stable_btree_hs_truncate
FNDA:0,__wt_rts_page_skip
FNDA:1,__rollback_to_stable
FNDA:0,__rollback_abort_insert_list
FNDA:0,__rollback_abort_update
FNDA:1,__rollback_to_stable_hs_final_pass
FNDA:15,__rollback_to_stable_btree_apply
FNDA:1,__rollback_to_stable_check
FNDA:0,__rollback_abort_fast_truncate
FNDA:0,__rollback_to_stable_btree
FNDA:0,__rollback_abort_col_var
FNF:26
FNH:7
DA:25,0
DA:27,0
DA:28,0
DA:29,0
DA:30,0
DA:31,0
DA:32,0
DA:35,0
DA:41,0
DA:43,0
DA:51,0
DA:52,0
DA:53,0
DA:54,0
DA:55,0
DA:57,0
DA:58,0
DA:59,0
DA:60,0
DA:62,0
DA:64,0
DA:66,0
DA:67,0
DA:68,0
DA:78,0
DA:81,0
DA:82,0
DA:84,0
DA:85,0
DA:86,0
DA:87,0
DA:89,0
DA:90,0
DA:92,0
DA:93,0
DA:100,0
DA:101,0
DA:102,0
DA:116,0
DA:117,0
DA:119,0
DA:120,0
DA:121,0
DA:122,0
DA:123,0
DA:138,0
DA:145,0
DA:146,0
DA:147,0
DA:148,0
DA:150,0
DA:151,0
DA:163,0
DA:166,0
DA:167,0
DA:168,0
DA:169,0
DA:170,0
DA:171,0
DA:173,0
DA:176,0
DA:177,0
DA:178,0
DA:179,0
DA:180,0
DA:182,0
DA:183,0
DA:184,0
DA:185,0
DA:187,0
DA:189,0
DA:190,0
DA:193,0
DA:194,0
DA:195,0
DA:204,0
DA:206,0
DA:207,0
DA:208,0
DA:216,0
DA:218,0
DA:219,0
DA:221,0
DA:222,0
DA:225,0
DA:231,0
DA:234,0
DA:236,0
DA:238,0
DA:246,0
DA:248,0
DA:249,0
DA:251,0
DA:252,0
DA:255,0
DA:261,0
DA:264,0
DA:266,0
DA:268,0
DA:276,0
DA:278,0
DA:280,0
DA:283,0
DA:290,0
DA:293,0
DA:294,0
DA:304,0
DA:307,0
DA:308,0
DA:309,0
DA:310,0
DA:311,0
DA:312,0
DA:313,0
DA:314,0
DA:315,0
DA:316,0
DA:317,0
DA:318,0
DA:319,0
DA:320,0
DA:321,0
DA:322,0
DA:323,0
DA:328,0
DA:330,0
DA:331,0
DA:332,0
DA:333,0
DA:334,0
DA:340,0
DA:341,0
DA:343,0
DA:344,0
DA:345,0
DA:348,0
DA:349,0
DA:353,0
DA:354,0
DA:355,0
DA:356,0
DA:359,0
DA:360,0
DA:361,0
DA:362,0
DA:364,0
DA:367,0
DA:373,0
DA:382,0
DA:383,0
DA:384,0
DA:385,0
DA:388,0
DA:390,0
DA:393,0
DA:401,0
DA:402,0
DA:403,0
DA:407,0
DA:408,0
DA:409,0
DA:424,0
DA:425,0
DA:426,0
DA:429,0
DA:430,0
DA:433,0
DA:461,0
DA:466,0
DA:467,0
DA:473,0
DA:474,0
DA:475,0
DA:482,0
DA:483,0
DA:484,0
DA:487,0
DA:502,0
DA:507,0
DA:508,0
DA:509,0
DA:516,0
DA:518,0
DA:519,0
DA:521,0
DA:529,0
DA:530,0
DA:532,0
DA:533,0
DA:534,0
DA:535,0
DA:544,0
DA:545,0
DA:551,0
DA:552,0
DA:557,0
DA:561,0
DA:568,0
DA:569,0
DA:571,0
DA:572,0
DA:573,0
DA:574,0
DA:584,0
DA:586,0
DA:587,0
DA:588,0
DA:591,0
DA:592,0
DA:593,0
DA:596,0
DA:597,0
DA:599,0
DA:602,0
DA:604,0
DA:606,0
DA:607,0
DA:608,0
DA:612,0
DA:613,0
DA:614,0
DA:616,0
DA:617,0
DA:618,0
DA:619,0
DA:620,0
DA:621,0
DA:622,0
DA:623,0
DA:631,0
DA:635,0
DA:636,0
DA:637,0
DA:638,0
DA:639,0
DA:640,0
DA:641,0
DA:643,0
DA:644,0
DA:647,0
DA:648,0
DA:650,0
DA:651,0
DA:657,0
DA:658,0
DA:666,0
DA:667,0
DA:670,0
DA:671,0
DA:672,0
DA:673,0
DA:679,0
DA:680,0
DA:687,0
DA:688,0
DA:690,0
DA:691,0
DA:692,0
DA:698,0
DA:699,0
DA:701,0
DA:702,0
DA:703,0
DA:710,0
DA:711,0
DA:718,0
DA:719,0
DA:720,0
DA:721,0
DA:722,0
DA:730,0
DA:731,0
DA:733,0
DA:734,0
DA:735,0
DA:736,0
DA:737,0
DA:738,0
DA:753,0
DA:754,0
DA:755,0
DA:758,0
DA:759,0
DA:760,0
DA:763,0
DA:764,0
DA:766,0
DA:768,0
DA:771,0
DA:772,0
DA:774,0
DA:775,0
DA:785,0
DA:787,0
DA:788,0
DA:789,0
DA:790,0
DA:791,0
DA:792,0
DA:793,0
DA:794,0
DA:795,0
DA:797,0
DA:801,0
DA:802,0
DA:807,0
DA:808,0
DA:810,0
DA:811,0
DA:814,0
DA:816,0
DA:817,0
DA:818,0
DA:842,0
DA:843,0
DA:844,0
DA:845,0
DA:847,0
DA:848,0
DA:849,0
DA:851,0
DA:852,0
DA:854,0
DA:855,0
DA:858,0
DA:859,0
DA:860,0
DA:861,0
DA:863,0
DA:866,0
DA:867,0
DA:871,0
DA:872,0
DA:875,0
DA:876,0
DA:877,0
DA:878,0
DA:880,0
DA:883,0
DA:884,0
DA:889,0
DA:890,0
DA:893,0
DA:894,0
DA:904,0
DA:906,0
DA:909,0
DA:910,0
DA:913,0
DA:914,0
DA:917,0
DA:918,0
DA:928,0
DA:930,0
DA:931,0
DA:932,0
DA:933,0
DA:934,0
DA:935,0
DA:936,0
DA:937,0
DA:938,0
DA:940,0
DA:942,0
DA:947,0
DA:948,0
DA:954,0
DA:955,0
DA:956,0
DA:957,0
DA:958,0
DA:964,0
DA:965,0
DA:970,0
DA:971,0
DA:972,0
DA:973,0
DA:979,0
DA:980,0
DA:982,0
DA:983,0
DA:984,0
DA:997,0
DA:999,0
DA:1000,0
DA:1002,0
DA:1011,0
DA:1014,0
DA:1015,0
DA:1016,0
DA:1017,0
DA:1018,0
DA:1019,0
DA:1020,0
DA:1021,0
DA:1022,0
DA:1023,0
DA:1025,0
DA:1026,0
DA:1027,0
DA:1028,0
DA:1029,0
DA:1030,0
DA:1041,0
DA:1042,0
DA:1043,0
DA:1044,0
DA:1045,0
DA:1046,0
DA:1047,0
DA:1049,0
DA:1050,0
DA:1052,0
DA:1053,0
DA:1055,0
DA:1056,0
DA:1057,0
DA:1059,0
DA:1060,0
DA:1061,0
DA:1062,0
DA:1063,0
DA:1064,0
DA:1065,0
DA:1066,0
DA:1067,0
DA:1068,0
DA:1069,0
DA:1070,0
DA:1071,0
DA:1074,0
DA:1079,0
DA:1087,0
DA:1089,0
DA:1096,0
DA:1097,0
DA:1098,0
DA:1099,0
DA:1100,0
DA:1103,0
DA:1104,0
DA:1108,0
DA:1109,0
DA:1110,0
DA:1112,0
DA:1113,0
DA:1123,0
DA:1124,0
DA:1126,0
DA:1127,0
DA:1138,0
DA:1141,0
DA:1143,0
DA:1151,0
DA:1152,0
DA:1153,0
DA:1155,0
DA:1167,0
DA:1169,0
DA:1171,0
DA:1172,0
DA:1175,0
DA:1179,0
DA:1180,0
DA:1181,0
DA:1182,0
DA:1193,0
DA:1195,0
DA:1196,0
DA:1199,0
DA:1200,0
DA:1201,0
DA:1202,0
DA:1203,0
DA:1204,0
DA:1207,0
DA:1217,0
DA:1219,0
DA:1220,0
DA:1222,0
DA:1223,0
DA:1225,0
DA:1236,0
DA:1240,0
DA:1244,0
DA:1247,0
DA:1255,1
DA:1257,1
DA:1258,1
DA:1264,1
DA:1270,1
DA:1271,0
DA:1281,0
DA:1283,0
DA:1284,0
DA:1285,0
DA:1286,0
DA:1287,0
DA:1288,0
DA:1289,0
DA:1291,0
DA:1293,0
DA:1296,0
DA:1299,0
DA:1300,0
DA:1302,0
DA:1303,0
DA:1306,0
DA:1308,0
DA:1312,0
DA:1313,0
DA:1314,0
DA:1316,0
DA:1318,0
DA:1319,0
DA:1320,0
DA:1321,0
DA:1332,1
DA:1334,1
DA:1335,1
DA:1336,1
DA:1337,1
DA:1338,1
DA:1339,1
DA:1341,1
DA:1343,1
DA:1352,1
DA:1353,1
DA:1354,1
DA:1355,2
DA:1356,0
DA:1357,0
DA:1358,0
DA:1359,0
DA:1360,0
DA:1361,0
DA:1362,0
DA:1363,1
DA:1365,1
DA:1366,1
DA:1372,1
DA:1373,0
DA:1376,0
DA:1378,1
DA:1383,1
DA:1385,1
DA:1386,1
DA:1395,15
DA:1398,15
DA:1399,15
DA:1401,15
DA:1404,15
DA:1406,15
DA:1407,0
DA:1411,0
DA:1413,15
DA:1420,15
DA:1423,15
DA:1424,15
DA:1425,15
DA:1426,15
DA:1427,15
DA:1428,15
DA:1429,15
DA:1430,15
DA:1431,15
DA:1432,15
DA:1433,15
DA:1436,15
DA:1439,6
DA:1440,6
DA:1441,6
DA:1442,6
DA:1445,6
DA:1446,6
DA:1448,6
DA:1449,6
DA:1450,12
DA:1451,0
DA:1452,0
DA:1453,0
DA:1454,0
DA:1456,0
DA:1457,0
DA:1458,0
DA:1459,0
DA:1460,0
DA:1462,0
DA:1463,0
DA:1464,0
DA:1465,0
DA:1466,0
DA:1468,0
DA:1469,0
DA:1470,0
DA:1471,0
DA:1472,0
DA:1473,0
DA:1474,0
DA:1475,0
DA:1476,6
DA:1478,6
DA:1479,6
DA:1482,0
DA:1483,0
DA:1491,6
DA:1492,6
DA:1493,0
DA:1494,0
DA:1495,6
DA:1499,6
DA:1510,0
DA:1512,0
DA:1514,0
DA:1516,0
DA:1517,0
DA:1523,0
DA:1527,0
DA:1528,0
DA:1529,0
DA:1531,0
DA:1533,0
DA:1541,0
DA:1543,0
DA:1557,0
DA:1558,0
DA:1559,0
DA:1560,0
DA:1561,0
DA:1564,0
DA:1565,0
DA:1566,0
DA:1575,0
DA:1577,0
DA:1578,0
DA:1579,0
DA:1588,0
DA:1589,0
DA:1592,0
DA:1595,0
DA:1597,0
DA:1598,0
DA:1599,0
DA:1601,0
DA:1612,1
DA:1614,1
DA:1615,1
DA:1616,1
DA:1617,1
DA:1618,1
DA:1621,1
DA:1622,1
DA:1623,1
DA:1625,1
DA:1626,16
DA:1628,15
DA:1629,15
DA:1631,15
DA:1632,15
DA:1634,15
DA:1635,15
DA:1636,15
DA:1642,15
DA:1643,0
DA:1646,0
DA:1648,31
DA:1650,1
DA:1652,1
DA:1653,1
DA:1655,1
DA:1656,1
DA:1665,1
DA:1667,1
DA:1668,1
DA:1669,1
DA:1670,1
DA:1671,1
DA:1673,1
DA:1674,1
DA:1680,1
DA:1682,1
DA:1691,1
DA:1693,1
DA:1700,1
DA:1701,1
DA:1706,1
DA:1707,1
DA:1713,1
DA:1716,1
DA:1717,1
DA:1724,1
DA:1725,0
DA:1727,1
DA:1728,1
DA:1729,1
DA:1737,1
DA:1739,1
DA:1741,1
DA:1749,1
DA:1752,1
DA:1753,1
DA:1755,1
DA:1757,1
LF:703
LH:118
end_of_record
TN:
SF:/home/yilegu/squint/bug_study/wiredtiger-1-recover-from-backup/wiredtiger-before/src/txn/txn_timestamp.c
FN:16,__wt_txn_parse_timestamp_raw
FN:59,__wt_txn_parse_timestamp
FN:85,__wt_txn_get_pinned_timestamp
FN:150,__txn_global_query_timestamp
FN:222,__txn_query_timestamp
FN:255,__wt_txn_query_timestamp
FN:275,__wt_txn_update_pinned_timestamp
FN:328,__wt_txn_global_set_timestamp
FN:539,__wt_txn_set_commit_timestamp
FN:635,__wt_txn_set_durable_timestamp
FN:699,__wt_txn_set_prepare_timestamp
FN:764,__wt_txn_set_read_timestamp
FN:861,__wt_txn_set_timestamp
FN:919,__wt_txn_set_timestamp_uint
FN:956,__wt_txn_publish_durable_timestamp
FN:992,__wt_txn_clear_durable_timestamp
FN:1013,__wt_txn_clear_read_timestamp
FNDA:6452,__wt_txn_update_pinned_timestamp
FNDA:0,__wt_txn_query_timestamp
FNDA:65,__wt_txn_clear_durable_timestamp
FNDA:63,__wt_txn_publish_durable_timestamp
FNDA:65,__wt_txn_clear_read_timestamp
FNDA:0,__wt_txn_set_timestamp_uint
FNDA:0,__wt_txn_set_commit_timestamp
FNDA:0,__txn_query_timestamp
FNDA:0,__wt_txn_global_set_timestamp
FNDA:6452,__wt_txn_get_pinned_timestamp
FNDA:63,__wt_txn_set_timestamp
FNDA:0,__wt_txn_parse_timestamp
FNDA:0,__wt_txn_set_prepare_timestamp
FNDA:0,__wt_txn_set_read_timestamp
FNDA:0,__wt_txn_parse_timestamp_raw
FNDA:0,__txn_global_query_timestamp
FNDA:0,__wt_txn_set_durable_timestamp
FNF:17
FNH:6
DA:16,0
DA:19,0
DA:24,0
DA:25,0
DA:26,0
DA:27,0
DA:29,0
DA:31,0
DA:35,0
DA:36,0
DA:39,0
DA:40,0
DA:41,0
DA:44,0
DA:45,0
DA:47,0
DA:49,0
DA:51,0
DA:59,0
DA:62,0
DA:63,0
DA:64,0
DA:75,0
DA:77,0
DA:85,6452
DA:87,6452
DA:88,6452
DA:89,6452
DA:90,6452
DA:91,6452
DA:92,6452
DA:94,6452
DA:95,6452
DA:96,6452
DA:97,6452
DA:99,6452
DA:102,0
DA:103,0
DA:105,0
DA:108,0
DA:110,0
DA:113,0
DA:114,0
DA:115,0
DA:116,0
DA:117,0
DA:121,0
DA:122,0
DA:125,0
DA:126,0
DA:128,0
DA:130,0
DA:132,0
DA:140,0
DA:142,0
DA:150,0
DA:152,0
DA:153,0
DA:154,0
DA:155,0
DA:156,0
DA:157,0
DA:159,0
DA:160,0
DA:162,0
DA:163,0
DA:164,0
DA:165,0
DA:167,0
DA:168,0
DA:170,0
DA:173,0
DA:174,0
DA:175,0
DA:176,0
DA:177,0
DA:178,0
DA:179,0
DA:182,0
DA:188,0
DA:190,0
DA:192,0
DA:193,0
DA:194,0
DA:195,0
DA:197,0
DA:198,0
DA:199,0
DA:200,0
DA:201,0
DA:203,0
DA:205,0
DA:206,0
DA:207,0
DA:209,0
DA:211,0
DA:213,0
DA:214,0
DA:222,0
DA:224,0
DA:225,0
DA:226,0
DA:228,0
DA:229,0
DA:231,0
DA:232,0
DA:235,0
DA:236,0
DA:237,0
DA:238,0
DA:239,0
DA:240,0
DA:241,0
DA:242,0
DA:243,0
DA:245,0
DA:255,0
DA:258,0
DA:260,0
DA:261,0
DA:263,0
DA:265,0
DA:266,0
DA:275,6452
DA:277,6452
DA:278,6452
DA:279,6452
DA:281,6452
DA:284,6452
DA:288,6452
DA:290,6452
DA:292,0
DA:293,0
DA:295,0
DA:299,0
DA:304,0
DA:306,0
DA:307,0
DA:310,0
DA:311,0
DA:312,0
DA:313,0
DA:314,0
DA:315,0
DA:316,0
DA:318,0
DA:320,0
DA:328,0
DA:330,0
DA:331,0
DA:332,0
DA:333,0
DA:334,0
DA:335,0
DA:336,0
DA:338,0
DA:340,0
DA:346,0
DA:347,0
DA:348,0
DA:349,0
DA:351,0
DA:352,0
DA:353,0
DA:354,0
DA:355,0
DA:358,0
DA:359,0
DA:360,0
DA:361,0
DA:363,0
DA:364,0
DA:365,0
DA:366,0
DA:369,0
DA:375,0
DA:376,0
DA:377,0
DA:379,0
DA:380,0
DA:382,0
DA:383,0
DA:385,0
DA:387,0
DA:388,0
DA:391,0
DA:392,0
DA:394,0
DA:395,0
DA:402,0
DA:403,0
DA:404,0
DA:405,0
DA:406,0
DA:407,0
DA:413,0
DA:414,0
DA:415,0
DA:421,0
DA:422,0
DA:423,0
DA:432,0
DA:433,0
DA:434,0
DA:435,0
DA:441,0
DA:444,0
DA:447,0
DA:448,0
DA:457,0
DA:458,0
DA:459,0
DA:460,0
DA:461,0
DA:464,0
DA:465,0
DA:466,0
DA:467,0
DA:468,0
DA:469,0
DA:470,0
DA:473,0
DA:474,0
DA:475,0
DA:476,0
DA:477,0
DA:478,0
DA:479,0
DA:481,0
DA:483,0
DA:484,0
DA:539,0
DA:541,0
DA:542,0
DA:543,0
DA:544,0
DA:545,0
DA:547,0
DA:548,0
DA:551,0
DA:553,0
DA:554,0
DA:561,0
DA:562,0
DA:563,0
DA:564,0
DA:565,0
DA:566,0
DA:568,0
DA:573,0
DA:574,0
DA:578,0
DA:579,0
DA:587,0
DA:588,0
DA:599,0
DA:600,0
DA:601,0
DA:609,0
DA:611,0
DA:615,0
DA:616,0
DA:623,0
DA:624,0
DA:626,0
DA:627,0
DA:635,0
DA:637,0
DA:638,0
DA:639,0
DA:640,0
DA:641,0
DA:643,0
DA:644,0
DA:647,0
DA:649,0
DA:650,0
DA:653,0
DA:654,0
DA:660,0
DA:661,0
DA:662,0
DA:663,0
DA:664,0
DA:665,0
DA:671,0
DA:672,0
DA:676,0
DA:677,0
DA:682,0
DA:683,0
DA:688,0
DA:689,0
DA:691,0
DA:699,0
DA:701,0
DA:702,0
DA:703,0
DA:704,0
DA:706,0
DA:707,0
DA:709,0
DA:711,0
DA:712,0
DA:714,0
DA:715,0
DA:735,0
DA:736,0
DA:740,0
DA:741,0
DA:748,0
DA:753,0
DA:754,0
DA:756,0
DA:764,0
DA:766,0
DA:767,0
DA:768,0
DA:769,0
DA:770,0
DA:771,0
DA:772,0
DA:774,0
DA:775,0
DA:776,0
DA:777,0
DA:779,0
DA:782,0
DA:783,0
DA:784,0
DA:785,0
DA:789,0
DA:790,0
DA:796,0
DA:798,0
DA:799,0
DA:801,0
DA:802,0
DA:803,0
DA:804,0
DA:806,0
DA:807,0
DA:808,0
DA:813,0
DA:814,0
DA:815,0
DA:817,0
DA:826,0
DA:832,0
DA:834,0
DA:835,0
DA:840,0
DA:841,0
DA:850,0
DA:851,0
DA:861,63
DA:863,63
DA:864,63
DA:865,63
DA:866,63
DA:868,63
DA:869,63
DA:872,63
DA:873,63
DA:874,63
DA:875,0
DA:876,0
DA:884,63
DA:885,63
DA:886,63
DA:887,0
DA:888,0
DA:891,63
DA:894,63
DA:895,63
DA:896,0
DA:897,0
DA:898,0
DA:902,63
DA:903,63
DA:904,0
DA:905,0
DA:907,63
DA:908,0
DA:919,0
DA:921,0
DA:923,0
DA:925,0
DA:927,0
DA:928,0
DA:929,0
DA:931,0
DA:932,0
DA:934,0
DA:935,0
DA:937,0
DA:938,0
DA:941,0
DA:944,0
DA:945,0
DA:946,0
DA:956,63
DA:958,63
DA:959,63
DA:960,63
DA:962,63
DA:963,63
DA:965,63
DA:968,63
DA:969,0
DA:970,63
DA:977,0
DA:979,0
DA:983,0
DA:984,0
DA:992,65
DA:994,65
DA:995,65
DA:997,65
DA:998,65
DA:1000,65
DA:1003,0
DA:1004,0
DA:1005,0
DA:1013,65
DA:1015,65
DA:1016,65
DA:1018,65
DA:1019,65
DA:1021,65
DA:1023,0
DA:1025,0
DA:1026,0
DA:1028,65
DA:1029,65
LF:435
LH:62
end_of_record
