TN:
SF:/home/yilegu/squint/bug_study/leveldb-1/leveldb/port/port_posix.cc
FN:15,_ZN7leveldb4portL11PthreadCallEPKci
FNDA:13321254,_ZN7leveldb4portL11PthreadCallEPKci
FN:22,_ZN7leveldb4port5MutexC2Ev
FNDA:35631,_ZN7leveldb4port5MutexC2Ev
FN:24,_ZN7leveldb4port5MutexD2Ev
FNDA:33705,_ZN7leveldb4port5MutexD2Ev
FN:26,_ZN7leveldb4port5Mutex4LockEv
FNDA:6618677,_ZN7leveldb4port5Mutex4LockEv
FN:28,_ZN7leveldb4port5Mutex6UnlockEv
FNDA:6618677,_ZN7leveldb4port5Mutex6UnlockEv
FN:30,_ZN7leveldb4port7CondVarC2EPNS0_5MutexE
FNDA:5962,_ZN7leveldb4port7CondVarC2EPNS0_5MutexE
FN:35,_ZN7leveldb4port7CondVarD2Ev
FNDA:5962,_ZN7leveldb4port7CondVarD2Ev
FN:37,_ZN7leveldb4port7CondVar4WaitEv
FNDA:0,_ZN7leveldb4port7CondVar4WaitEv
FN:41,_ZN7leveldb4port7CondVar6SignalEv
FNDA:0,_ZN7leveldb4port7CondVar6SignalEv
FN:45,_ZN7leveldb4port7CondVar9SignalAllEv
FNDA:3,_ZN7leveldb4port7CondVar9SignalAllEv
FN:49,_ZN7leveldb4port8InitOnceEPiPFvvE
FNDA:2637,_ZN7leveldb4port8InitOnceEPiPFvvE
DA:15,13321254
DA:16,13321254
DA:17,0
DA:18,0
DA:20,13321254
DA:22,35631
DA:24,33705
DA:26,6618677
DA:28,6618677
DA:30,5962
DA:31,5962
DA:32,5962
DA:33,5962
DA:35,5962
DA:37,0
DA:38,0
DA:39,0
DA:41,0
DA:42,0
DA:43,0
DA:45,3
DA:46,3
DA:47,3
DA:49,2637
DA:50,2637
DA:51,2637
end_of_record
TN:
SF:/home/yilegu/squint/bug_study/leveldb-1/leveldb/include/leveldb/table.h
FN:62,_ZN7leveldb5TableC2EPNS0_3RepE
FNDA:1674,_ZN7leveldb5TableC2EPNS0_3RepE
DA:62,1674
end_of_record
SF:/home/yilegu/squint/bug_study/leveldb-1/leveldb/include/leveldb/slice.h
FN:28,_ZN7leveldb5SliceC2Ev
FNDA:0,_ZN7leveldb5SliceC2Ev
FN:31,_ZN7leveldb5SliceC2EPKcm
FNDA:0,_ZN7leveldb5SliceC2EPKcm
FN:34,_ZN7leveldb5SliceC2ERKNSt7__cxx1112basic_stringIcSt11char_traitsIcESaIcEEE
FNDA:0,_ZN7leveldb5SliceC2ERKNSt7__cxx1112basic_stringIcSt11char_traitsIcESaIcEEE
FN:37,_ZN7leveldb5SliceC2EPKc
FNDA:0,_ZN7leveldb5SliceC2EPKc
FN:40,_ZNK7leveldb5Slice4dataEv
FNDA:0,_ZNK7leveldb5Slice4dataEv
FN:43,_ZNK7leveldb5Slice4sizeEv
FNDA:0,_ZNK7leveldb5Slice4sizeEv
FN:87,_ZN7leveldbeqERKNS_5SliceES2_
FNDA:0,_ZN7leveldbeqERKNS_5SliceES2_
DA:28,0
DA:31,0
DA:34,0
DA:37,0
DA:40,0
DA:43,0
DA:87,0
DA:88,0
DA:89,0
end_of_record
SF:/usr/include/c++/12/bits/new_allocator.h
FN:80,_ZNSt15__new_allocatorIcEC2Ev
FNDA:0,_ZNSt15__new_allocatorIcEC2Ev
FN:90,_ZNSt15__new_allocatorIcED2Ev
FNDA:0,_ZNSt15__new_allocatorIcED2Ev
DA:80,0
DA:90,0
end_of_record
SF:/home/yilegu/squint/bug_study/leveldb-1/leveldb/include/leveldb/options.h
FN:161,_ZN7leveldb11ReadOptionsC2Ev
FNDA:0,_ZN7leveldb11ReadOptionsC2Ev
DA:161,0
DA:162,0
DA:163,0
DA:164,0
DA:165,0
end_of_record
SF:/usr/include/c++/12/bits/basic_string.tcc
FN:217,_ZNSt7__cxx1112basic_stringIcSt11char_traitsIcESaIcEE12_M_constructIPKcEEvT_S8_St20forward_iterator_tag
FNDA:0,_ZNSt7__cxx1112basic_stringIcSt11char_traitsIcESaIcEE12_M_constructIPKcEEvT_S8_St20forward_iterator_tag
FN:235,_ZZNSt7__cxx1112basic_stringIcSt11char_traitsIcESaIcEE12_M_constructIPKcEEvT_S8_St20forward_iterator_tagEN6_GuardC2EPS4_
FNDA:0,_ZZNSt7__cxx1112basic_stringIcSt11char_traitsIcESaIcEE12_M_constructIPKcEEvT_S8_St20forward_iterator_tagEN6_GuardC2EPS4_
FN:238,_ZZNSt7__cxx1112basic_stringIcSt11char_traitsIcESaIcEE12_M_constructIPKcEEvT_S8_St20forward_iterator_tagEN6_GuardD2Ev
FNDA:0,_ZZNSt7__cxx1112basic_stringIcSt11char_traitsIcESaIcEE12_M_constructIPKcEEvT_S8_St20forward_iterator_tagEN6_GuardD2Ev
DA:217,0
DA:221,0
DA:223,0
DA:225,0
DA:226,0
DA:235,0
DA:238,0
DA:241,0
DA:243,0
DA:245,0
DA:247,0
DA:248,0
end_of_record
SF:/home/yilegu/squint/bug_study/leveldb-1/leveldb/table/format.h
FN:27,_ZNK7leveldb11BlockHandle6offsetEv
FNDA:1116367,_ZNK7leveldb11BlockHandle6offsetEv
FN:49,_ZN7leveldb6FooterC2Ev
FNDA:0,_ZN7leveldb6FooterC2Ev
FN:52,_ZNK7leveldb6Footer16metaindex_handleEv
FNDA:1674,_ZNK7leveldb6Footer16metaindex_handleEv
FN:56,_ZNK7leveldb6Footer12index_handleEv
FNDA:1674,_ZNK7leveldb6Footer12index_handleEv
FN:101,_ZN7leveldb11BlockHandleC2Ev
FNDA:0,_ZN7leveldb11BlockHandleC2Ev
DA:27,1116367
DA:49,0
DA:52,1674
DA:56,1674
DA:57,1674
DA:101,0
DA:102,0
DA:103,0
DA:104,0
end_of_record
SF:/home/yilegu/squint/bug_study/leveldb-1/leveldb/include/leveldb/status.h
FN:24,_ZN7leveldb6StatusC2Ev
FNDA:0,_ZN7leveldb6StatusC2Ev
FN:25,_ZN7leveldb6StatusD2Ev
FNDA:0,_ZN7leveldb6StatusD2Ev
FN:44,_ZN7leveldb6Status15InvalidArgumentERKNS_5SliceES3_
FNDA:0,_ZN7leveldb6Status15InvalidArgumentERKNS_5SliceES3_
FN:52,_ZNK7leveldb6Status2okEv
FNDA:0,_ZNK7leveldb6Status2okEv
FN:92,_ZN7leveldb6StatusC2ERKS0_
FNDA:0,_ZN7leveldb6StatusC2ERKS0_
FN:95,_ZN7leveldb6StatusaSERKS0_
FNDA:0,_ZN7leveldb6StatusaSERKS0_
DA:24,0
DA:25,0
DA:44,0
DA:45,0
DA:52,0
DA:92,0
DA:93,0
DA:94,0
DA:95,0
DA:98,0
DA:99,0
DA:100,0
DA:102,0
end_of_record
SF:/usr/include/c++/12/bits/stl_iterator_base_types.h
FN:238,_ZSt19__iterator_categoryIPKcENSt15iterator_traitsIT_E17iterator_categoryERKS3_
FNDA:0,_ZSt19__iterator_categoryIPKcENSt15iterator_traitsIT_E17iterator_categoryERKS3_
DA:238,0
DA:239,0
end_of_record
SF:/usr/include/x86_64-linux-gnu/c++/12/bits/c++config.h
FN:516,_ZSt23__is_constant_evaluatedv
FNDA:0,_ZSt23__is_constant_evaluatedv
DA:516,0
DA:523,0
end_of_record
SF:/home/yilegu/squint/bug_study/leveldb-1/leveldb/table/table.cc
FN:21,_ZN7leveldb5Table3RepD2Ev
FNDA:1674,_ZN7leveldb5Table3RepD2Ev
FN:38,_ZN7leveldb5Table4OpenERKNS_7OptionsEPNS_16RandomAccessFileEmPPS0_
FNDA:1674,_ZN7leveldb5Table4OpenERKNS_7OptionsEPNS_16RandomAccessFileEmPPS0_
FN:87,_ZN7leveldb5Table8ReadMetaERKNS_6FooterE
FNDA:1674,_ZN7leveldb5Table8ReadMetaERKNS_6FooterE
FN:113,_ZN7leveldb5Table10ReadFilterERKNS_5SliceE
FNDA:0,_ZN7leveldb5Table10ReadFilterERKNS_5SliceE
FN:133,_ZN7leveldb5TableD2Ev
FNDA:1674,_ZN7leveldb5TableD2Ev
FN:137,_ZN7leveldbL11DeleteBlockEPvS0_
FNDA:56,_ZN7leveldbL11DeleteBlockEPvS0_
FN:141,_ZN7leveldbL17DeleteCachedBlockERKNS_5SliceEPv
FNDA:7585,_ZN7leveldbL17DeleteCachedBlockERKNS_5SliceEPv
FN:146,_ZN7leveldbL12ReleaseBlockEPvS0_
FNDA:1106996,_ZN7leveldbL12ReleaseBlockEPvS0_
FN:154,_ZN7leveldb5Table11BlockReaderEPvRKNS_11ReadOptionsERKNS_5SliceE
FNDA:1107052,_ZN7leveldb5Table11BlockReaderEPvRKNS_11ReadOptionsERKNS_5SliceE
FN:210,_ZNK7leveldb5Table11NewIteratorERKNS_11ReadOptionsE
FNDA:2687,_ZNK7leveldb5Table11NewIteratorERKNS_11ReadOptionsE
FN:216,_ZN7leveldb5Table11InternalGetERKNS_11ReadOptionsERKNS_5SliceEPvPFvS7_S6_S6_E
FNDA:1099429,_ZN7leveldb5Table11InternalGetERKNS_11ReadOptionsERKNS_5SliceEPvPFvS7_S6_S6_E
FN:248,_ZNK7leveldb5Table19ApproximateOffsetOfERKNS_5SliceE
FNDA:0,_ZNK7leveldb5Table19ApproximateOffsetOfERKNS_5SliceE
DA:21,1674
DA:22,1674
DA:23,1674
DA:24,1674
DA:25,1674
DA:38,1674
DA:42,1674
DA:43,1674
DA:44,0
DA:48,1674
DA:49,1674
DA:50,1674
DA:51,1674
DA:53,1674
DA:54,1674
DA:55,1674
DA:58,1674
DA:59,1674
DA:60,1674
DA:61,1674
DA:62,1674
DA:63,1674
DA:67,1674
DA:70,1674
DA:71,1674
DA:72,1674
DA:73,1674
DA:74,1674
DA:75,1674
DA:76,1674
DA:77,1674
DA:78,1674
DA:79,1674
DA:81,0
DA:84,1674
DA:85,1674
DA:87,1674
DA:88,1674
DA:89,1674
DA:94,0
DA:95,0
DA:96,0
DA:98,0
DA:100,0
DA:102,0
DA:103,0
DA:104,0
DA:105,0
DA:106,0
DA:107,0
DA:109,0
DA:110,0
DA:111,0
DA:113,0
DA:114,0
DA:115,0
DA:116,0
DA:117,0
DA:122,0
DA:123,0
DA:124,0
DA:125,0
DA:127,0
DA:128,0
DA:130,0
DA:133,1674
DA:134,1674
DA:135,1674
DA:137,56
DA:138,56
DA:139,56
DA:141,7585
DA:142,7585
DA:143,7585
DA:144,7585
DA:146,1106996
DA:147,1106996
DA:148,1106996
DA:149,1106996
DA:150,1106996
DA:154,1107052
DA:157,1107052
DA:158,1107052
DA:159,1107052
DA:160,1107052
DA:162,1107052
DA:163,1107052
DA:164,1107052
DA:168,1107052
DA:169,1107052
DA:170,1107052
DA:172,1107052
DA:173,1107052
DA:174,1107052
DA:175,1107052
DA:176,1107052
DA:177,1099411
DA:179,7641
DA:180,7641
DA:181,7641
DA:182,7641
DA:183,7585
DA:189,0
DA:190,0
DA:191,0
DA:197,1107052
DA:198,1107052
DA:199,1107052
DA:200,56
DA:202,1106996
DA:205,0
DA:207,1107052
DA:208,1107052
DA:210,2687
DA:211,2687
DA:212,2687
DA:213,2687
DA:216,1099429
DA:219,1099429
DA:220,1099429
DA:221,1099429
DA:222,1099429
DA:223,1099429
DA:224,1099429
DA:225,1099429
DA:226,0
DA:227,1099429
DA:228,0
DA:231,1099429
DA:232,1099429
DA:233,1099429
DA:234,1099429
DA:236,1099429
DA:237,1099429
DA:240,1099429
DA:241,1099429
DA:243,1099429
DA:244,1099429
DA:245,0
DA:248,0
DA:250,0
DA:251,0
DA:253,0
DA:254,0
DA:255,0
DA:256,0
DA:257,0
DA:258,0
DA:263,0
DA:265,0
DA:269,0
DA:271,0
DA:272,0
end_of_record
SF:/usr/include/c++/12/bits/char_traits.h
FN:121,_ZN9__gnu_cxx11char_traitsIcE2eqERKcS3_
FNDA:0,_ZN9__gnu_cxx11char_traitsIcE2eqERKcS3_
FN:182,_ZN9__gnu_cxx11char_traitsIcE6lengthEPKc
FNDA:0,_ZN9__gnu_cxx11char_traitsIcE6lengthEPKc
FN:393,_ZNSt11char_traitsIcE6lengthEPKc
FNDA:0,_ZNSt11char_traitsIcE6lengthEPKc
DA:121,0
DA:122,0
DA:182,0
DA:185,0
DA:186,0
DA:187,0
DA:188,0
DA:393,0
DA:396,0
DA:397,0
DA:399,0
end_of_record
SF:/usr/include/c++/12/bits/basic_string.h
FN:642,_ZNSt7__cxx1112basic_stringIcSt11char_traitsIcESaIcEEC2IS3_EEPKcRKS3_
FNDA:0,_ZNSt7__cxx1112basic_stringIcSt11char_traitsIcESaIcEEC2IS3_EEPKcRKS3_
DA:366,0
DA:642,0
DA:643,0
DA:646,0
DA:647,0
DA:649,0
DA:650,0
DA:651,0
end_of_record
SF:/home/yilegu/squint/bug_study/leveldb-1/leveldb/table/block.h
FN:24,_ZNK7leveldb5Block4sizeEv
FNDA:7585,_ZNK7leveldb5Block4sizeEv
DA:24,7585
end_of_record
SF:/usr/include/c++/12/bits/stl_iterator_base_funcs.h
FN:99,_ZSt10__distanceIPKcENSt15iterator_traitsIT_E15difference_typeES3_S3_St26random_access_iterator_tag
FNDA:0,_ZSt10__distanceIPKcENSt15iterator_traitsIT_E15difference_typeES3_S3_St26random_access_iterator_tag
FN:147,_ZSt8distanceIPKcENSt15iterator_traitsIT_E15difference_typeES3_S3_
FNDA:0,_ZSt8distanceIPKcENSt15iterator_traitsIT_E15difference_typeES3_S3_
DA:99,0
DA:105,0
DA:147,0
DA:150,0
DA:151,0
end_of_record
TN:
SF:/usr/include/c++/12/bits/stl_vector.h
FN:99,_ZNSt12_Vector_baseIjSaIjEE17_Vector_impl_dataC2Ev
FNDA:3048,_ZNSt12_Vector_baseIjSaIjEE17_Vector_impl_dataC2Ev
FN:137,_ZNSt12_Vector_baseIjSaIjEE12_Vector_implC2Ev
FNDA:3048,_ZNSt12_Vector_baseIjSaIjEE12_Vector_implC2Ev
FN:298,_ZNSt12_Vector_baseIjSaIjEE19_M_get_Tp_allocatorEv
FNDA:0,_ZNSt12_Vector_baseIjSaIjEE19_M_get_Tp_allocatorEv
FN:303,_ZNKSt12_Vector_baseIjSaIjEE19_M_get_Tp_allocatorEv
FNDA:17758,_ZNKSt12_Vector_baseIjSaIjEE19_M_get_Tp_allocatorEv
FN:312,_ZNSt12_Vector_baseIjSaIjEEC2Ev
FNDA:3048,_ZNSt12_Vector_baseIjSaIjEEC2Ev
FN:364,_ZNSt12_Vector_baseIjSaIjEED2Ev
FNDA:0,_ZNSt12_Vector_baseIjSaIjEED2Ev
FN:375,_ZNSt12_Vector_baseIjSaIjEE11_M_allocateEm
FNDA:8879,_ZNSt12_Vector_baseIjSaIjEE11_M_allocateEm
FN:383,_ZNSt12_Vector_baseIjSaIjEE13_M_deallocateEPjm
FNDA:0,_ZNSt12_Vector_baseIjSaIjEE13_M_deallocateEPjm
FN:499,_ZNSt6vectorIjSaIjEE11_S_relocateEPjS2_S2_RS0_
FNDA:17758,_ZNSt6vectorIjSaIjEE11_S_relocateEPjS2_S2_RS0_
FN:526,_ZNSt6vectorIjSaIjEEC2Ev
FNDA:3048,_ZNSt6vectorIjSaIjEEC2Ev
FN:728,_ZNSt6vectorIjSaIjEED2Ev
FNDA:0,_ZNSt6vectorIjSaIjEED2Ev
FN:868,_ZNSt6vectorIjSaIjEE5beginEv
FNDA:8879,_ZNSt6vectorIjSaIjEE5beginEv
FN:888,_ZNSt6vectorIjSaIjEE3endEv
FNDA:71663,_ZNSt6vectorIjSaIjEE3endEv
FN:987,_ZNKSt6vectorIjSaIjEE4sizeEv
FNDA:959095,_ZNKSt6vectorIjSaIjEE4sizeEv
FN:993,_ZNKSt6vectorIjSaIjEE8max_sizeEv
FNDA:17758,_ZNKSt6vectorIjSaIjEE8max_sizeEv
FN:1121,_ZNSt6vectorIjSaIjEEixEm
FNDA:59736,_ZNSt6vectorIjSaIjEEixEm
FN:1228,_ZNSt6vectorIjSaIjEE4backEv
FNDA:62784,_ZNSt6vectorIjSaIjEE4backEv
FN:1293,_ZNSt6vectorIjSaIjEE9push_backEOj
FNDA:62784,_ZNSt6vectorIjSaIjEE9push_backEOj
FN:1600,_ZNSt6vectorIjSaIjEE5clearEv
FNDA:5725,_ZNSt6vectorIjSaIjEE5clearEv
FN:1891,_ZNKSt6vectorIjSaIjEE12_M_check_lenEmPKc
FNDA:8879,_ZNKSt6vectorIjSaIjEE12_M_check_lenEmPKc
FN:1911,_ZNSt6vectorIjSaIjEE11_S_max_sizeERKS0_
FNDA:17758,_ZNSt6vectorIjSaIjEE11_S_max_sizeERKS0_
FN:1928,_ZNSt6vectorIjSaIjEE15_M_erase_at_endEPj
FNDA:5725,_ZNSt6vectorIjSaIjEE15_M_erase_at_endEPj
DA:99,3048
DA:100,3048
DA:101,3048
DA:137,3048
DA:139,3048
DA:140,3048
DA:298,0
DA:299,0
DA:303,17758
DA:304,17758
DA:312,3048
DA:364,0
DA:366,0
DA:367,0
DA:368,0
DA:375,8879
DA:378,8879
DA:383,0
DA:386,0
DA:387,0
DA:388,0
DA:499,17758
DA:504,17758
DA:526,3048
DA:728,0
DA:730,0
DA:731,0
DA:733,0
DA:868,8879
DA:869,8879
DA:888,71663
DA:889,71663
DA:987,959095
DA:988,959095
DA:993,17758
DA:994,17758
DA:1121,59736
DA:1124,59736
DA:1228,62784
DA:1231,62784
DA:1293,62784
DA:1294,62784
DA:1600,5725
DA:1601,5725
DA:1891,8879
DA:1893,8879
DA:1894,0
DA:1896,8879
DA:1897,8879
DA:1911,17758
DA:1916,17758
DA:1918,17758
DA:1919,17758
DA:1928,5725
DA:1930,5725
DA:1932,5725
DA:1933,5725
DA:1934,5725
DA:1937,5725
end_of_record
SF:/usr/include/c++/12/bits/move.h
FN:77,_ZSt7forwardIjEOT_RNSt16remove_referenceIS0_E4typeE
FNDA:197231,_ZSt7forwardIjEOT_RNSt16remove_referenceIS0_E4typeE
FN:104,_ZSt4moveIRjEONSt16remove_referenceIT_E4typeEOS2_
FNDA:62784,_ZSt4moveIRjEONSt16remove_referenceIT_E4typeEOS2_
FN:104,_ZSt4moveIRSaIcEEONSt16remove_referenceIT_E4typeEOS3_
FNDA:0,_ZSt4moveIRSaIcEEONSt16remove_referenceIT_E4typeEOS3_
DA:77,197231
DA:78,197231
DA:104,62784
DA:105,62784
DA:104,0
DA:105,0
end_of_record
SF:/usr/include/c++/12/bits/stl_uninitialized.h
FN:1100,_ZSt14__relocate_a_1IjjENSt9enable_ifIXsrSt24__is_bitwise_relocatableIT_vE5valueEPS2_E4typeES4_S4_S4_RSaIT0_E
FNDA:17758,_ZSt14__relocate_a_1IjjENSt9enable_ifIXsrSt24__is_bitwise_relocatableIT_vE5valueEPS2_E4typeES4_S4_S4_RSaIT0_E
FN:1127,_ZSt12__relocate_aIPjS0_SaIjEET0_T_S3_S2_RT1_
FNDA:17758,_ZSt12__relocate_aIPjS0_SaIjEET0_T_S3_S2_RT1_
DA:1100,17758
DA:1104,17758
DA:1105,17758
DA:1117,5831
DA:1119,17758
DA:1127,17758
DA:1133,17758
DA:1135,17758
end_of_record
SF:/usr/include/c++/12/bits/basic_string.h
end_of_record
SF:/usr/include/c++/12/bits/stl_construct.h
FN:172,_ZNSt12_Destroy_auxILb1EE9__destroyIPjEEvT_S3_
FNDA:0,_ZNSt12_Destroy_auxILb1EE9__destroyIPjEEvT_S3_
FN:182,_ZSt8_DestroyIPjEvT_S1_
FNDA:0,_ZSt8_DestroyIPjEvT_S1_
DA:172,0
DA:182,0
DA:196,0
DA:197,0
end_of_record
SF:/home/yilegu/squint/bug_study/leveldb-1/leveldb/include/leveldb/slice.h
FN:34,_ZN7leveldb5SliceC2ERKNSt7__cxx1112basic_stringIcSt11char_traitsIcESaIcEEE
FNDA:0,_ZN7leveldb5SliceC2ERKNSt7__cxx1112basic_stringIcSt11char_traitsIcESaIcEEE
FN:40,_ZNK7leveldb5Slice4dataEv
FNDA:0,_ZNK7leveldb5Slice4dataEv
FN:43,_ZNK7leveldb5Slice4sizeEv
FNDA:0,_ZNK7leveldb5Slice4sizeEv
FN:50,_ZNK7leveldb5SliceixEm
FNDA:0,_ZNK7leveldb5SliceixEm
FN:87,_ZN7leveldbeqERKNS_5SliceES2_
FNDA:0,_ZN7leveldbeqERKNS_5SliceES2_
DA:34,0
DA:40,0
DA:43,0
DA:50,0
DA:51,0
DA:52,0
DA:87,0
DA:88,0
DA:89,0
end_of_record
SF:/usr/include/c++/12/bits/alloc_traits.h
FN:463,_ZNSt16allocator_traitsISaIjEE8allocateERS0_m
FNDA:8879,_ZNSt16allocator_traitsISaIjEE8allocateERS0_m
FN:495,_ZNSt16allocator_traitsISaIjEE10deallocateERS0_Pjm
FNDA:0,_ZNSt16allocator_traitsISaIjEE10deallocateERS0_Pjm
FN:511,_ZNSt16allocator_traitsISaIjEE9constructIjJjEEEvRS0_PT_DpOT0_
FNDA:62784,_ZNSt16allocator_traitsISaIjEE9constructIjJjEEEvRS0_PT_DpOT0_
FN:547,_ZNSt16allocator_traitsISaIjEE8max_sizeERKS0_
FNDA:17758,_ZNSt16allocator_traitsISaIjEE8max_sizeERKS0_
FN:847,_ZSt8_DestroyIPjjEvT_S1_RSaIT0_E
FNDA:0,_ZSt8_DestroyIPjjEvT_S1_RSaIT0_E
DA:463,8879
DA:464,8879
DA:495,0
DA:496,0
DA:511,62784
DA:516,62784
DA:520,62784
DA:547,17758
DA:550,17758
DA:847,0
DA:850,0
DA:851,0
end_of_record
SF:/usr/include/c++/12/bits/new_allocator.h
FN:80,_ZNSt15__new_allocatorIjEC2Ev
FNDA:3048,_ZNSt15__new_allocatorIjEC2Ev
FN:80,_ZNSt15__new_allocatorIcEC2Ev
FNDA:0,_ZNSt15__new_allocatorIcEC2Ev
FN:90,_ZNSt15__new_allocatorIjED2Ev
FNDA:0,_ZNSt15__new_allocatorIjED2Ev
FN:90,_ZNSt15__new_allocatorIcED2Ev
FNDA:0,_ZNSt15__new_allocatorIcED2Ev
FN:112,_ZNSt15__new_allocatorIjE8allocateEmPKv
FNDA:8879,_ZNSt15__new_allocatorIjE8allocateEmPKv
FN:142,_ZNSt15__new_allocatorIjE10deallocateEPjm
FNDA:0,_ZNSt15__new_allocatorIjE10deallocateEPjm
FN:167,_ZNKSt15__new_allocatorIjE8max_sizeEv
FNDA:17758,_ZNKSt15__new_allocatorIjE8max_sizeEv
FN:173,_ZNSt15__new_allocatorIjE9constructIjJjEEEvPT_DpOT0_
FNDA:62784,_ZNSt15__new_allocatorIjE9constructIjJjEEEvPT_DpOT0_
FN:210,_ZNKSt15__new_allocatorIjE11_M_max_sizeEv
FNDA:26637,_ZNKSt15__new_allocatorIjE11_M_max_sizeEv
DA:80,3048
DA:80,0
DA:90,0
DA:90,0
DA:112,8879
DA:120,8879
DA:124,0
DA:125,0
DA:126,0
DA:137,8879
DA:142,0
DA:158,0
DA:167,17758
DA:168,17758
DA:173,62784
DA:175,62784
DA:210,26637
DA:213,26637
end_of_record
SF:/usr/include/c++/12/bits/allocator.h
FN:156,_ZNSaIjEC2Ev
FNDA:3048,_ZNSaIjEC2Ev
FN:174,_ZNSaIjED2Ev
FNDA:0,_ZNSaIjED2Ev
DA:156,3048
DA:174,0
end_of_record
SF:/home/yilegu/squint/bug_study/leveldb-1/leveldb/table/block_builder.cc
FN:39,_ZN7leveldb12BlockBuilderC2EPKNS_7OptionsE
FNDA:3048,_ZN7leveldb12BlockBuilderC2EPKNS_7OptionsE
FN:48,_ZN7leveldb12BlockBuilder5ResetEv
FNDA:5725,_ZN7leveldb12BlockBuilder5ResetEv
FN:57,_ZNK7leveldb12BlockBuilder19CurrentSizeEstimateEv
FNDA:852393,_ZNK7leveldb12BlockBuilder19CurrentSizeEstimateEv
FN:63,_ZN7leveldb12BlockBuilder6FinishEv
FNDA:5725,_ZN7leveldb12BlockBuilder6FinishEv
FN:73,_ZN7leveldb12BlockBuilder3AddERKNS_5SliceES3_
FNDA:856086,_ZN7leveldb12BlockBuilder3AddERKNS_5SliceES3_
DA:39,3048
DA:40,3048
DA:41,3048
DA:42,3048
DA:43,6096
DA:44,3048
DA:45,3048
DA:46,3048
DA:48,5725
DA:49,5725
DA:50,5725
DA:51,5725
DA:52,5725
DA:53,5725
DA:54,5725
DA:55,5725
DA:57,852393
DA:58,852393
DA:59,852393
DA:60,852393
DA:63,5725
DA:65,65461
DA:66,59736
DA:68,5725
DA:69,5725
DA:70,5725
DA:73,856086
DA:74,856086
DA:75,856086
DA:76,856086
DA:77,856086
DA:79,856086
DA:80,856086
DA:82,802075
DA:83,2943879
DA:84,2141804
DA:88,54011
DA:89,54011
DA:91,856086
DA:94,856086
DA:95,856086
DA:96,856086
DA:99,856086
DA:100,856086
DA:103,856086
DA:104,856086
DA:105,856086
DA:106,856086
DA:107,856086
end_of_record
SF:/usr/include/c++/12/new
FN:174,_ZnwmPv
FNDA:0,_ZnwmPv
DA:174,0
DA:175,0
end_of_record
SF:/usr/include/c++/12/bits/vector.tcc
FN:111,_ZNSt6vectorIjSaIjEE12emplace_backIJjEEERjDpOT_
FNDA:62784,_ZNSt6vectorIjSaIjEE12emplace_backIJjEEERjDpOT_
FN:439,_ZNSt6vectorIjSaIjEE17_M_realloc_insertIJjEEEvN9__gnu_cxx17__normal_iteratorIPjS1_EEDpOT_
FNDA:8879,_ZNSt6vectorIjSaIjEE17_M_realloc_insertIJjEEEvN9__gnu_cxx17__normal_iteratorIPjS1_EEDpOT_
DA:111,62784
DA:114,62784
DA:117,53905
DA:119,53905
DA:123,8879
DA:125,62784
DA:439,8879
DA:449,8879
DA:450,8879
DA:451,8879
DA:452,8879
DA:453,8879
DA:454,8879
DA:462,8879
DA:463,8879
DA:469,8879
DA:474,8879
DA:475,8879
DA:477,8879
DA:479,8879
DA:480,8879
DA:513,8879
DA:514,8879
DA:515,8879
DA:516,8879
DA:517,8879
DA:518,8879
end_of_record
SF:/usr/include/c++/12/bits/stl_iterator.h
FN:1072,_ZN9__gnu_cxx17__normal_iteratorIPjSt6vectorIjSaIjEEEC2ERKS1_
FNDA:143326,_ZN9__gnu_cxx17__normal_iteratorIPjSt6vectorIjSaIjEEEC2ERKS1_
FN:1095,_ZNK9__gnu_cxx17__normal_iteratorIPjSt6vectorIjSaIjEEEdeEv
FNDA:62784,_ZNK9__gnu_cxx17__normal_iteratorIPjSt6vectorIjSaIjEEEdeEv
FN:1153,_ZNK9__gnu_cxx17__normal_iteratorIPjSt6vectorIjSaIjEEEmiEl
FNDA:62784,_ZNK9__gnu_cxx17__normal_iteratorIPjSt6vectorIjSaIjEEEmiEl
FN:1158,_ZNK9__gnu_cxx17__normal_iteratorIPjSt6vectorIjSaIjEEE4baseEv
FNDA:35516,_ZNK9__gnu_cxx17__normal_iteratorIPjSt6vectorIjSaIjEEE4baseEv
FN:1330,_ZN9__gnu_cxxmiIPjSt6vectorIjSaIjEEEENS_17__normal_iteratorIT_T0_E15difference_typeERKS8_SB_
FNDA:8879,_ZN9__gnu_cxxmiIPjSt6vectorIjSaIjEEEENS_17__normal_iteratorIT_T0_E15difference_typeERKS8_SB_
DA:1072,143326
DA:1073,143326
DA:1095,62784
DA:1096,62784
DA:1153,62784
DA:1154,62784
DA:1158,35516
DA:1159,35516
DA:1330,8879
DA:1333,8879
end_of_record
SF:/usr/include/c++/12/bits/stl_algobase.h
FN:230,_ZSt3minImERKT_S2_S2_
FNDA:0,_ZSt3minImERKT_S2_S2_
FN:254,_ZSt3maxImERKT_S2_S2_
FNDA:0,_ZSt3maxImERKT_S2_S2_
FN:313,_ZSt12__niter_baseIPjET_S1_
FNDA:53274,_ZSt12__niter_baseIPjET_S1_
DA:230,0
DA:235,0
DA:236,0
DA:237,0
DA:254,0
DA:259,0
DA:260,0
DA:261,0
DA:313,53274
DA:315,53274
end_of_record
TN:
SF:/home/yilegu/squint/bug_study/leveldb-1/leveldb/table/iterator.cc
FN:9,_ZN7leveldb8IteratorC2Ev
FNDA:2216572,_ZN7leveldb8IteratorC2Ev
FN:14,_ZN7leveldb8IteratorD0Ev
FNDA:0,_ZN7leveldb8IteratorD0Ev
FN:14,_ZN7leveldb8IteratorD2Ev
FNDA:2216572,_ZN7leveldb8IteratorD2Ev
FN:26,_ZN7leveldb8Iterator15RegisterCleanupEPFvPvS1_ES1_S1_
FNDA:1110693,_ZN7leveldb8Iterator15RegisterCleanupEPFvPvS1_ES1_S1_
FN:44,_ZN7leveldb12_GLOBAL__N_113EmptyIteratorC2ERKNS_6StatusE
FNDA:0,_ZN7leveldb12_GLOBAL__N_113EmptyIteratorC2ERKNS_6StatusE
FN:45,_ZNK7leveldb12_GLOBAL__N_113EmptyIterator5ValidEv
FNDA:0,_ZNK7leveldb12_GLOBAL__N_113EmptyIterator5ValidEv
FN:46,_ZN7leveldb12_GLOBAL__N_113EmptyIterator4SeekERKNS_5SliceE
FNDA:0,_ZN7leveldb12_GLOBAL__N_113EmptyIterator4SeekERKNS_5SliceE
FN:47,_ZN7leveldb12_GLOBAL__N_113EmptyIterator11SeekToFirstEv
FNDA:0,_ZN7leveldb12_GLOBAL__N_113EmptyIterator11SeekToFirstEv
FN:48,_ZN7leveldb12_GLOBAL__N_113EmptyIterator10SeekToLastEv
FNDA:0,_ZN7leveldb12_GLOBAL__N_113EmptyIterator10SeekToLastEv
FN:49,_ZN7leveldb12_GLOBAL__N_113EmptyIterator4NextEv
FNDA:0,_ZN7leveldb12_GLOBAL__N_113EmptyIterator4NextEv
FN:50,_ZN7leveldb12_GLOBAL__N_113EmptyIterator4PrevEv
FNDA:0,_ZN7leveldb12_GLOBAL__N_113EmptyIterator4PrevEv
FN:51,_ZNK7leveldb12_GLOBAL__N_113EmptyIterator3keyEv
FNDA:0,_ZNK7leveldb12_GLOBAL__N_113EmptyIterator3keyEv
FN:52,_ZNK7leveldb12_GLOBAL__N_113EmptyIterator5valueEv
FNDA:0,_ZNK7leveldb12_GLOBAL__N_113EmptyIterator5valueEv
FN:53,_ZNK7leveldb12_GLOBAL__N_113EmptyIterator6statusEv
FNDA:0,_ZNK7leveldb12_GLOBAL__N_113EmptyIterator6statusEv
FN:59,_ZN7leveldb16NewEmptyIteratorEv
FNDA:0,_ZN7leveldb16NewEmptyIteratorEv
FN:63,_ZN7leveldb16NewErrorIteratorERKNS_6StatusE
FNDA:0,_ZN7leveldb16NewErrorIteratorERKNS_6StatusE
DA:9,2216572
DA:10,2216572
DA:11,2216572
DA:12,2216572
DA:14,0
DA:24,0
DA:14,2216572
DA:15,2216572
DA:16,1110693
DA:17,1110693
DA:18,0
DA:19,0
DA:20,0
DA:21,0
DA:24,2216572
DA:26,1110693
DA:27,1110693
DA:29,1110693
DA:30,1110693
DA:32,0
DA:33,0
DA:34,0
DA:36,1110693
DA:37,1110693
DA:38,1110693
DA:39,1110693
DA:44,0
DA:45,0
DA:46,0
DA:47,0
DA:48,0
DA:49,0
DA:50,0
DA:51,0
DA:52,0
DA:53,0
DA:59,0
DA:60,0
DA:63,0
DA:64,0
end_of_record
SF:/home/yilegu/squint/bug_study/leveldb-1/leveldb/include/leveldb/status.h
FN:24,_ZN7leveldb6StatusC2Ev
FNDA:0,_ZN7leveldb6StatusC2Ev
FN:25,_ZN7leveldb6StatusD2Ev
FNDA:0,_ZN7leveldb6StatusD2Ev
FN:32,_ZN7leveldb6Status2OKEv
FNDA:0,_ZN7leveldb6Status2OKEv
FN:92,_ZN7leveldb6StatusC2ERKS0_
FNDA:0,_ZN7leveldb6StatusC2ERKS0_
DA:24,0
DA:25,0
DA:32,0
DA:92,0
DA:93,0
DA:94,0
end_of_record
TN:
SF:/usr/include/c++/12/new
FN:174,_ZnwmPv
FNDA:0,_ZnwmPv
DA:174,0
DA:175,0
end_of_record
SF:/usr/include/c++/12/bits/allocator.h
FN:156,_ZNSaIjEC2Ev
FNDA:0,_ZNSaIjEC2Ev
FN:156,_ZNSaIN7leveldb5SliceEEC2Ev
FNDA:0,_ZNSaIN7leveldb5SliceEEC2Ev
FN:156,_ZNSaImEC2Ev
FNDA:0,_ZNSaImEC2Ev
DA:156,0
DA:156,0
DA:156,0
end_of_record
SF:/usr/include/c++/12/bits/new_allocator.h
FN:80,_ZNSt15__new_allocatorIcEC2Ev
FNDA:0,_ZNSt15__new_allocatorIcEC2Ev
FN:80,_ZNSt15__new_allocatorImEC2Ev
FNDA:0,_ZNSt15__new_allocatorImEC2Ev
FN:80,_ZNSt15__new_allocatorIN7leveldb5SliceEEC2Ev
FNDA:0,_ZNSt15__new_allocatorIN7leveldb5SliceEEC2Ev
FN:80,_ZNSt15__new_allocatorIjEC2Ev
FNDA:0,_ZNSt15__new_allocatorIjEC2Ev
FN:90,_ZNSt15__new_allocatorIcED2Ev
FNDA:0,_ZNSt15__new_allocatorIcED2Ev
FN:112,_ZNSt15__new_allocatorIN7leveldb5SliceEE8allocateEmPKv
FNDA:0,_ZNSt15__new_allocatorIN7leveldb5SliceEE8allocateEmPKv
FN:112,_ZNSt15__new_allocatorImE8allocateEmPKv
FNDA:0,_ZNSt15__new_allocatorImE8allocateEmPKv
FN:112,_ZNSt15__new_allocatorIjE8allocateEmPKv
FNDA:0,_ZNSt15__new_allocatorIjE8allocateEmPKv
FN:142,_ZNSt15__new_allocatorIjE10deallocateEPjm
FNDA:0,_ZNSt15__new_allocatorIjE10deallocateEPjm
FN:142,_ZNSt15__new_allocatorIN7leveldb5SliceEE10deallocateEPS1_m
FNDA:0,_ZNSt15__new_allocatorIN7leveldb5SliceEE10deallocateEPS1_m
FN:142,_ZNSt15__new_allocatorImE10deallocateEPmm
FNDA:0,_ZNSt15__new_allocatorImE10deallocateEPmm
FN:167,_ZNKSt15__new_allocatorIN7leveldb5SliceEE8max_sizeEv
FNDA:0,_ZNKSt15__new_allocatorIN7leveldb5SliceEE8max_sizeEv
FN:167,_ZNKSt15__new_allocatorImE8max_sizeEv
FNDA:0,_ZNKSt15__new_allocatorImE8max_sizeEv
FN:167,_ZNKSt15__new_allocatorIjE8max_sizeEv
FNDA:0,_ZNKSt15__new_allocatorIjE8max_sizeEv
FN:173,_ZNSt15__new_allocatorIjE9constructIjJjEEEvPT_DpOT0_
FNDA:0,_ZNSt15__new_allocatorIjE9constructIjJjEEEvPT_DpOT0_
FN:173,_ZNSt15__new_allocatorImE9constructImJmEEEvPT_DpOT0_
FNDA:0,_ZNSt15__new_allocatorImE9constructImJmEEEvPT_DpOT0_
FN:173,_ZNSt15__new_allocatorIN7leveldb5SliceEE9constructIS1_JS1_EEEvPT_DpOT0_
FNDA:0,_ZNSt15__new_allocatorIN7leveldb5SliceEE9constructIS1_JS1_EEEvPT_DpOT0_
FN:179,_ZNSt15__new_allocatorIN7leveldb5SliceEE7destroyIS1_EEvPT_
FNDA:0,_ZNSt15__new_allocatorIN7leveldb5SliceEE7destroyIS1_EEvPT_
FN:210,_ZNKSt15__new_allocatorIN7leveldb5SliceEE11_M_max_sizeEv
FNDA:0,_ZNKSt15__new_allocatorIN7leveldb5SliceEE11_M_max_sizeEv
FN:210,_ZNKSt15__new_allocatorImE11_M_max_sizeEv
FNDA:0,_ZNKSt15__new_allocatorImE11_M_max_sizeEv
FN:210,_ZNKSt15__new_allocatorIjE11_M_max_sizeEv
FNDA:0,_ZNKSt15__new_allocatorIjE11_M_max_sizeEv
DA:80,0
DA:80,0
DA:80,0
DA:80,0
DA:90,0
DA:112,0
DA:120,0
DA:124,0
DA:125,0
DA:126,0
DA:137,0
DA:112,0
DA:120,0
DA:124,0
DA:125,0
DA:126,0
DA:137,0
DA:112,0
DA:120,0
DA:124,0
DA:125,0
DA:126,0
DA:137,0
DA:142,0
DA:158,0
DA:142,0
DA:158,0
DA:142,0
DA:158,0
DA:167,0
DA:168,0
DA:167,0
DA:168,0
DA:167,0
DA:168,0
DA:173,0
DA:175,0
DA:173,0
DA:175,0
DA:173,0
DA:175,0
DA:179,0
DA:181,0
DA:210,0
DA:213,0
DA:210,0
DA:213,0
DA:210,0
DA:213,0
end_of_record
SF:/home/yilegu/squint/bug_study/leveldb-1/leveldb/include/leveldb/slice.h
FN:28,_ZN7leveldb5SliceC2Ev
FNDA:0,_ZN7leveldb5SliceC2Ev
FN:31,_ZN7leveldb5SliceC2EPKcm
FNDA:0,_ZN7leveldb5SliceC2EPKcm
FN:34,_ZN7leveldb5SliceC2ERKNSt7__cxx1112basic_stringIcSt11char_traitsIcESaIcEEE
FNDA:0,_ZN7leveldb5SliceC2ERKNSt7__cxx1112basic_stringIcSt11char_traitsIcESaIcEEE
FN:40,_ZNK7leveldb5Slice4dataEv
FNDA:0,_ZNK7leveldb5Slice4dataEv
FN:43,_ZNK7leveldb5Slice4sizeEv
FNDA:0,_ZNK7leveldb5Slice4sizeEv
FN:50,_ZNK7leveldb5SliceixEm
FNDA:0,_ZNK7leveldb5SliceixEm
DA:28,0
DA:31,0
DA:34,0
DA:40,0
DA:43,0
DA:50,0
DA:51,0
DA:52,0
end_of_record
SF:/usr/include/c++/12/bits/alloc_traits.h
FN:463,_ZNSt16allocator_traitsISaIjEE8allocateERS0_m
FNDA:0,_ZNSt16allocator_traitsISaIjEE8allocateERS0_m
FN:463,_ZNSt16allocator_traitsISaImEE8allocateERS0_m
FNDA:0,_ZNSt16allocator_traitsISaImEE8allocateERS0_m
FN:463,_ZNSt16allocator_traitsISaIN7leveldb5SliceEEE8allocateERS2_m
FNDA:0,_ZNSt16allocator_traitsISaIN7leveldb5SliceEEE8allocateERS2_m
FN:495,_ZNSt16allocator_traitsISaIjEE10deallocateERS0_Pjm
FNDA:0,_ZNSt16allocator_traitsISaIjEE10deallocateERS0_Pjm
FN:495,_ZNSt16allocator_traitsISaIN7leveldb5SliceEEE10deallocateERS2_PS1_m
FNDA:0,_ZNSt16allocator_traitsISaIN7leveldb5SliceEEE10deallocateERS2_PS1_m
FN:495,_ZNSt16allocator_traitsISaImEE10deallocateERS0_Pmm
FNDA:0,_ZNSt16allocator_traitsISaImEE10deallocateERS0_Pmm
FN:511,_ZNSt16allocator_traitsISaIN7leveldb5SliceEEE9constructIS1_JS1_EEEvRS2_PT_DpOT0_
FNDA:0,_ZNSt16allocator_traitsISaIN7leveldb5SliceEEE9constructIS1_JS1_EEEvRS2_PT_DpOT0_
FN:511,_ZNSt16allocator_traitsISaIjEE9constructIjJjEEEvRS0_PT_DpOT0_
FNDA:0,_ZNSt16allocator_traitsISaIjEE9constructIjJjEEEvRS0_PT_DpOT0_
FN:511,_ZNSt16allocator_traitsISaImEE9constructImJmEEEvRS0_PT_DpOT0_
FNDA:0,_ZNSt16allocator_traitsISaImEE9constructImJmEEEvRS0_PT_DpOT0_
FN:531,_ZNSt16allocator_traitsISaIN7leveldb5SliceEEE7destroyIS1_EEvRS2_PT_
FNDA:0,_ZNSt16allocator_traitsISaIN7leveldb5SliceEEE7destroyIS1_EEvRS2_PT_
FN:547,_ZNSt16allocator_traitsISaIjEE8max_sizeERKS0_
FNDA:0,_ZNSt16allocator_traitsISaIjEE8max_sizeERKS0_
FN:547,_ZNSt16allocator_traitsISaImEE8max_sizeERKS0_
FNDA:0,_ZNSt16allocator_traitsISaImEE8max_sizeERKS0_
FN:547,_ZNSt16allocator_traitsISaIN7leveldb5SliceEEE8max_sizeERKS2_
FNDA:0,_ZNSt16allocator_traitsISaIN7leveldb5SliceEEE8max_sizeERKS2_
FN:847,_ZSt8_DestroyIPN7leveldb5SliceES1_EvT_S3_RSaIT0_E
FNDA:0,_ZSt8_DestroyIPN7leveldb5SliceES1_EvT_S3_RSaIT0_E
FN:847,_ZSt8_DestroyIPmmEvT_S1_RSaIT0_E
FNDA:0,_ZSt8_DestroyIPmmEvT_S1_RSaIT0_E
DA:463,0
DA:464,0
DA:463,0
DA:464,0
DA:463,0
DA:464,0
DA:495,0
DA:496,0
DA:495,0
DA:496,0
DA:495,0
DA:496,0
DA:511,0
DA:516,0
DA:520,0
DA:511,0
DA:516,0
DA:520,0
DA:511,0
DA:516,0
DA:520,0
DA:531,0
DA:535,0
DA:539,0
DA:547,0
DA:550,0
DA:547,0
DA:550,0
DA:547,0
DA:550,0
DA:847,0
DA:850,0
DA:851,0
DA:847,0
DA:850,0
DA:851,0
end_of_record
SF:/usr/include/c++/12/bits/stl_algobase.h
FN:230,_ZSt3minImERKT_S2_S2_
FNDA:0,_ZSt3minImERKT_S2_S2_
FN:254,_ZSt3maxImERKT_S2_S2_
FNDA:0,_ZSt3maxImERKT_S2_S2_
FN:313,_ZSt12__niter_baseIPjET_S1_
FNDA:0,_ZSt12__niter_baseIPjET_S1_
FN:313,_ZSt12__niter_baseIPmET_S1_
FNDA:0,_ZSt12__niter_baseIPmET_S1_
FN:313,_ZSt12__niter_baseIPN7leveldb5SliceEET_S3_
FNDA:0,_ZSt12__niter_baseIPN7leveldb5SliceEET_S3_
DA:230,0
DA:235,0
DA:236,0
DA:237,0
DA:254,0
DA:259,0
DA:260,0
DA:261,0
DA:313,0
DA:315,0
DA:313,0
DA:315,0
DA:313,0
DA:315,0
end_of_record
SF:/usr/include/c++/12/bits/stl_iterator.h
FN:1072,_ZN9__gnu_cxx17__normal_iteratorIPjSt6vectorIjSaIjEEEC2ERKS1_
FNDA:0,_ZN9__gnu_cxx17__normal_iteratorIPjSt6vectorIjSaIjEEEC2ERKS1_
FN:1072,_ZN9__gnu_cxx17__normal_iteratorIPmSt6vectorImSaImEEEC2ERKS1_
FNDA:0,_ZN9__gnu_cxx17__normal_iteratorIPmSt6vectorImSaImEEEC2ERKS1_
FN:1072,_ZN9__gnu_cxx17__normal_iteratorIPKmSt6vectorImSaImEEEC2ERKS2_
FNDA:0,_ZN9__gnu_cxx17__normal_iteratorIPKmSt6vectorImSaImEEEC2ERKS2_
FN:1095,_ZNK9__gnu_cxx17__normal_iteratorIPjSt6vectorIjSaIjEEEdeEv
FNDA:0,_ZNK9__gnu_cxx17__normal_iteratorIPjSt6vectorIjSaIjEEEdeEv
FN:1095,_ZNK9__gnu_cxx17__normal_iteratorIPmSt6vectorImSaImEEEdeEv
FNDA:0,_ZNK9__gnu_cxx17__normal_iteratorIPmSt6vectorImSaImEEEdeEv
FN:1153,_ZNK9__gnu_cxx17__normal_iteratorIPjSt6vectorIjSaIjEEEmiEl
FNDA:0,_ZNK9__gnu_cxx17__normal_iteratorIPjSt6vectorIjSaIjEEEmiEl
FN:1153,_ZNK9__gnu_cxx17__normal_iteratorIPmSt6vectorImSaImEEEmiEl
FNDA:0,_ZNK9__gnu_cxx17__normal_iteratorIPmSt6vectorImSaImEEEmiEl
FN:1158,_ZNK9__gnu_cxx17__normal_iteratorIPjSt6vectorIjSaIjEEE4baseEv
FNDA:0,_ZNK9__gnu_cxx17__normal_iteratorIPjSt6vectorIjSaIjEEE4baseEv
FN:1158,_ZNK9__gnu_cxx17__normal_iteratorIPmSt6vectorImSaImEEE4baseEv
FNDA:0,_ZNK9__gnu_cxx17__normal_iteratorIPmSt6vectorImSaImEEE4baseEv
FN:1158,_ZNK9__gnu_cxx17__normal_iteratorIPKmSt6vectorImSaImEEE4baseEv
FNDA:0,_ZNK9__gnu_cxx17__normal_iteratorIPKmSt6vectorImSaImEEE4baseEv
FN:1221,_ZN9__gnu_cxxeqIPKmSt6vectorImSaImEEEEbRKNS_17__normal_iteratorIT_T0_EESB_
FNDA:0,_ZN9__gnu_cxxeqIPKmSt6vectorImSaImEEEEbRKNS_17__normal_iteratorIT_T0_EESB_
FN:1330,_ZN9__gnu_cxxmiIPjSt6vectorIjSaIjEEEENS_17__normal_iteratorIT_T0_E15difference_typeERKS8_SB_
FNDA:0,_ZN9__gnu_cxxmiIPjSt6vectorIjSaIjEEEENS_17__normal_iteratorIT_T0_E15difference_typeERKS8_SB_
FN:1330,_ZN9__gnu_cxxmiIPmSt6vectorImSaImEEEENS_17__normal_iteratorIT_T0_E15difference_typeERKS8_SB_
FNDA:0,_ZN9__gnu_cxxmiIPmSt6vectorImSaImEEEENS_17__normal_iteratorIT_T0_E15difference_typeERKS8_SB_
DA:1072,0
DA:1073,0
DA:1072,0
DA:1073,0
DA:1072,0
DA:1073,0
DA:1095,0
DA:1096,0
DA:1095,0
DA:1096,0
DA:1153,0
DA:1154,0
DA:1153,0
DA:1154,0
DA:1158,0
DA:1159,0
DA:1158,0
DA:1159,0
DA:1158,0
DA:1159,0
DA:1221,0
DA:1224,0
DA:1330,0
DA:1333,0
DA:1330,0
DA:1333,0
end_of_record
SF:/usr/include/c++/12/bits/vector.tcc
FN:111,_ZNSt6vectorIjSaIjEE12emplace_backIJjEEERjDpOT_
FNDA:0,_ZNSt6vectorIjSaIjEE12emplace_backIJjEEERjDpOT_
FN:111,_ZNSt6vectorImSaImEE12emplace_backIJmEEERmDpOT_
FNDA:0,_ZNSt6vectorImSaImEE12emplace_backIJmEEERmDpOT_
FN:439,_ZNSt6vectorIjSaIjEE17_M_realloc_insertIJjEEEvN9__gnu_cxx17__normal_iteratorIPjS1_EEDpOT_
FNDA:0,_ZNSt6vectorIjSaIjEE17_M_realloc_insertIJjEEEvN9__gnu_cxx17__normal_iteratorIPjS1_EEDpOT_
FN:439,_ZNSt6vectorImSaImEE17_M_realloc_insertIJmEEEvN9__gnu_cxx17__normal_iteratorIPmS1_EEDpOT_
FNDA:0,_ZNSt6vectorImSaImEE17_M_realloc_insertIJmEEEvN9__gnu_cxx17__normal_iteratorIPmS1_EEDpOT_
FN:628,_ZNSt6vectorIN7leveldb5SliceESaIS1_EE17_M_default_appendEm
FNDA:0,_ZNSt6vectorIN7leveldb5SliceESaIS1_EE17_M_default_appendEm
DA:111,0
DA:114,0
DA:117,0
DA:119,0
DA:123,0
DA:125,0
DA:111,0
DA:114,0
DA:117,0
DA:119,0
DA:123,0
DA:125,0
DA:439,0
DA:449,0
DA:450,0
DA:451,0
DA:452,0
DA:453,0
DA:454,0
DA:462,0
DA:463,0
DA:469,0
DA:474,0
DA:475,0
DA:477,0
DA:479,0
DA:480,0
DA:513,0
DA:514,0
DA:515,0
DA:516,0
DA:517,0
DA:518,0
DA:439,0
DA:449,0
DA:450,0
DA:451,0
DA:452,0
DA:453,0
DA:454,0
DA:462,0
DA:463,0
DA:469,0
DA:474,0
DA:475,0
DA:477,0
DA:479,0
DA:480,0
DA:513,0
DA:514,0
DA:515,0
DA:516,0
DA:517,0
DA:518,0
DA:628,0
DA:631,0
DA:633,0
DA:634,0
DA:635,0
DA:637,0
DA:638,0
DA:640,0
DA:643,0
DA:644,0
DA:645,0
DA:652,0
DA:653,0
DA:656,0
DA:657,0
DA:662,0
DA:663,0
DA:665,0
DA:667,0
DA:668,0
DA:670,0
DA:671,0
DA:697,0
DA:698,0
DA:699,0
DA:700,0
DA:701,0
DA:704,0
end_of_record
SF:/usr/include/c++/12/bits/stl_vector.h
FN:99,_ZNSt12_Vector_baseImSaImEE17_Vector_impl_dataC2Ev
FNDA:0,_ZNSt12_Vector_baseImSaImEE17_Vector_impl_dataC2Ev
FN:99,_ZNSt12_Vector_baseIN7leveldb5SliceESaIS1_EE17_Vector_impl_dataC2Ev
FNDA:0,_ZNSt12_Vector_baseIN7leveldb5SliceESaIS1_EE17_Vector_impl_dataC2Ev
FN:99,_ZNSt12_Vector_baseIjSaIjEE17_Vector_impl_dataC2Ev
FNDA:0,_ZNSt12_Vector_baseIjSaIjEE17_Vector_impl_dataC2Ev
FN:137,_ZNSt12_Vector_baseImSaImEE12_Vector_implC2Ev
FNDA:0,_ZNSt12_Vector_baseImSaImEE12_Vector_implC2Ev
FN:137,_ZNSt12_Vector_baseIN7leveldb5SliceESaIS1_EE12_Vector_implC2Ev
FNDA:0,_ZNSt12_Vector_baseIN7leveldb5SliceESaIS1_EE12_Vector_implC2Ev
FN:137,_ZNSt12_Vector_baseIjSaIjEE12_Vector_implC2Ev
FNDA:0,_ZNSt12_Vector_baseIjSaIjEE12_Vector_implC2Ev
FN:298,_ZNSt12_Vector_baseImSaImEE19_M_get_Tp_allocatorEv
FNDA:0,_ZNSt12_Vector_baseImSaImEE19_M_get_Tp_allocatorEv
FN:298,_ZNSt12_Vector_baseIN7leveldb5SliceESaIS1_EE19_M_get_Tp_allocatorEv
FNDA:0,_ZNSt12_Vector_baseIN7leveldb5SliceESaIS1_EE19_M_get_Tp_allocatorEv
FN:298,_ZNSt12_Vector_baseIjSaIjEE19_M_get_Tp_allocatorEv
FNDA:0,_ZNSt12_Vector_baseIjSaIjEE19_M_get_Tp_allocatorEv
FN:303,_ZNKSt12_Vector_baseIjSaIjEE19_M_get_Tp_allocatorEv
FNDA:0,_ZNKSt12_Vector_baseIjSaIjEE19_M_get_Tp_allocatorEv
FN:303,_ZNKSt12_Vector_baseImSaImEE19_M_get_Tp_allocatorEv
FNDA:0,_ZNKSt12_Vector_baseImSaImEE19_M_get_Tp_allocatorEv
FN:303,_ZNKSt12_Vector_baseIN7leveldb5SliceESaIS1_EE19_M_get_Tp_allocatorEv
FNDA:0,_ZNKSt12_Vector_baseIN7leveldb5SliceESaIS1_EE19_M_get_Tp_allocatorEv
FN:312,_ZNSt12_Vector_baseImSaImEEC2Ev
FNDA:0,_ZNSt12_Vector_baseImSaImEEC2Ev
FN:312,_ZNSt12_Vector_baseIN7leveldb5SliceESaIS1_EEC2Ev
FNDA:0,_ZNSt12_Vector_baseIN7leveldb5SliceESaIS1_EEC2Ev
FN:312,_ZNSt12_Vector_baseIjSaIjEEC2Ev
FNDA:0,_ZNSt12_Vector_baseIjSaIjEEC2Ev
FN:375,_ZNSt12_Vector_baseIN7leveldb5SliceESaIS1_EE11_M_allocateEm
FNDA:0,_ZNSt12_Vector_baseIN7leveldb5SliceESaIS1_EE11_M_allocateEm
FN:375,_ZNSt12_Vector_baseIjSaIjEE11_M_allocateEm
FNDA:0,_ZNSt12_Vector_baseIjSaIjEE11_M_allocateEm
FN:375,_ZNSt12_Vector_baseImSaImEE11_M_allocateEm
FNDA:0,_ZNSt12_Vector_baseImSaImEE11_M_allocateEm
FN:383,_ZNSt12_Vector_baseImSaImEE13_M_deallocateEPmm
FNDA:0,_ZNSt12_Vector_baseImSaImEE13_M_deallocateEPmm
FN:383,_ZNSt12_Vector_baseIN7leveldb5SliceESaIS1_EE13_M_deallocateEPS1_m
FNDA:0,_ZNSt12_Vector_baseIN7leveldb5SliceESaIS1_EE13_M_deallocateEPS1_m
FN:383,_ZNSt12_Vector_baseIjSaIjEE13_M_deallocateEPjm
FNDA:0,_ZNSt12_Vector_baseIjSaIjEE13_M_deallocateEPjm
FN:499,_ZNSt6vectorIN7leveldb5SliceESaIS1_EE11_S_relocateEPS1_S4_S4_RS2_
FNDA:0,_ZNSt6vectorIN7leveldb5SliceESaIS1_EE11_S_relocateEPS1_S4_S4_RS2_
FN:499,_ZNSt6vectorIjSaIjEE11_S_relocateEPjS2_S2_RS0_
FNDA:0,_ZNSt6vectorIjSaIjEE11_S_relocateEPjS2_S2_RS0_
FN:499,_ZNSt6vectorImSaImEE11_S_relocateEPmS2_S2_RS0_
FNDA:0,_ZNSt6vectorImSaImEE11_S_relocateEPmS2_S2_RS0_
FN:526,_ZNSt6vectorImSaImEEC2Ev
FNDA:0,_ZNSt6vectorImSaImEEC2Ev
FN:526,_ZNSt6vectorIN7leveldb5SliceESaIS1_EEC2Ev
FNDA:0,_ZNSt6vectorIN7leveldb5SliceESaIS1_EEC2Ev
FN:526,_ZNSt6vectorIjSaIjEEC2Ev
FNDA:0,_ZNSt6vectorIjSaIjEEC2Ev
FN:868,_ZNSt6vectorImSaImEE5beginEv
FNDA:0,_ZNSt6vectorImSaImEE5beginEv
FN:868,_ZNSt6vectorIjSaIjEE5beginEv
FNDA:0,_ZNSt6vectorIjSaIjEE5beginEv
FN:878,_ZNKSt6vectorImSaImEE5beginEv
FNDA:0,_ZNKSt6vectorImSaImEE5beginEv
FN:888,_ZNSt6vectorImSaImEE3endEv
FNDA:0,_ZNSt6vectorImSaImEE3endEv
FN:888,_ZNSt6vectorIjSaIjEE3endEv
FNDA:0,_ZNSt6vectorIjSaIjEE3endEv
FN:898,_ZNKSt6vectorImSaImEE3endEv
FNDA:0,_ZNKSt6vectorImSaImEE3endEv
FN:987,_ZNKSt6vectorIN7leveldb5SliceESaIS1_EE4sizeEv
FNDA:0,_ZNKSt6vectorIN7leveldb5SliceESaIS1_EE4sizeEv
FN:987,_ZNKSt6vectorIjSaIjEE4sizeEv
FNDA:0,_ZNKSt6vectorIjSaIjEE4sizeEv
FN:987,_ZNKSt6vectorImSaImEE4sizeEv
FNDA:0,_ZNKSt6vectorImSaImEE4sizeEv
FN:993,_ZNKSt6vectorIjSaIjEE8max_sizeEv
FNDA:0,_ZNKSt6vectorIjSaIjEE8max_sizeEv
FN:993,_ZNKSt6vectorImSaImEE8max_sizeEv
FNDA:0,_ZNKSt6vectorImSaImEE8max_sizeEv
FN:993,_ZNKSt6vectorIN7leveldb5SliceESaIS1_EE8max_sizeEv
FNDA:0,_ZNKSt6vectorIN7leveldb5SliceESaIS1_EE8max_sizeEv
FN:1008,_ZNSt6vectorIN7leveldb5SliceESaIS1_EE6resizeEm
FNDA:0,_ZNSt6vectorIN7leveldb5SliceESaIS1_EE6resizeEm
FN:1083,_ZNKSt6vectorImSaImEE5emptyEv
FNDA:0,_ZNKSt6vectorImSaImEE5emptyEv
FN:1121,_ZNSt6vectorImSaImEEixEm
FNDA:0,_ZNSt6vectorImSaImEEixEm
FN:1121,_ZNSt6vectorIjSaIjEEixEm
FNDA:0,_ZNSt6vectorIjSaIjEEixEm
FN:1121,_ZNSt6vectorIN7leveldb5SliceESaIS1_EEixEm
FNDA:0,_ZNSt6vectorIN7leveldb5SliceESaIS1_EEixEm
FN:1228,_ZNSt6vectorIjSaIjEE4backEv
FNDA:0,_ZNSt6vectorIjSaIjEE4backEv
FN:1228,_ZNSt6vectorImSaImEE4backEv
FNDA:0,_ZNSt6vectorImSaImEE4backEv
FN:1293,_ZNSt6vectorIjSaIjEE9push_backEOj
FNDA:0,_ZNSt6vectorIjSaIjEE9push_backEOj
FN:1293,_ZNSt6vectorImSaImEE9push_backEOm
FNDA:0,_ZNSt6vectorImSaImEE9push_backEOm
FN:1600,_ZNSt6vectorIN7leveldb5SliceESaIS1_EE5clearEv
FNDA:0,_ZNSt6vectorIN7leveldb5SliceESaIS1_EE5clearEv
FN:1600,_ZNSt6vectorImSaImEE5clearEv
FNDA:0,_ZNSt6vectorImSaImEE5clearEv
FN:1891,_ZNKSt6vectorIN7leveldb5SliceESaIS1_EE12_M_check_lenEmPKc
FNDA:0,_ZNKSt6vectorIN7leveldb5SliceESaIS1_EE12_M_check_lenEmPKc
FN:1891,_ZNKSt6vectorImSaImEE12_M_check_lenEmPKc
FNDA:0,_ZNKSt6vectorImSaImEE12_M_check_lenEmPKc
FN:1891,_ZNKSt6vectorIjSaIjEE12_M_check_lenEmPKc
FNDA:0,_ZNKSt6vectorIjSaIjEE12_M_check_lenEmPKc
FN:1911,_ZNSt6vectorImSaImEE11_S_max_sizeERKS0_
FNDA:0,_ZNSt6vectorImSaImEE11_S_max_sizeERKS0_
FN:1911,_ZNSt6vectorIjSaIjEE11_S_max_sizeERKS0_
FNDA:0,_ZNSt6vectorIjSaIjEE11_S_max_sizeERKS0_
FN:1911,_ZNSt6vectorIN7leveldb5SliceESaIS1_EE11_S_max_sizeERKS2_
FNDA:0,_ZNSt6vectorIN7leveldb5SliceESaIS1_EE11_S_max_sizeERKS2_
FN:1928,_ZNSt6vectorIN7leveldb5SliceESaIS1_EE15_M_erase_at_endEPS1_
FNDA:0,_ZNSt6vectorIN7leveldb5SliceESaIS1_EE15_M_erase_at_endEPS1_
FN:1928,_ZNSt6vectorImSaImEE15_M_erase_at_endEPm
FNDA:0,_ZNSt6vectorImSaImEE15_M_erase_at_endEPm
DA:99,0
DA:100,0
DA:101,0
DA:99,0
DA:100,0
DA:101,0
DA:99,0
DA:100,0
DA:101,0
DA:137,0
DA:139,0
DA:140,0
DA:137,0
DA:139,0
DA:140,0
DA:137,0
DA:139,0
DA:140,0
DA:298,0
DA:299,0
DA:298,0
DA:299,0
DA:298,0
DA:299,0
DA:303,0
DA:304,0
DA:303,0
DA:304,0
DA:303,0
DA:304,0
DA:312,0
DA:312,0
DA:312,0
DA:375,0
DA:378,0
DA:375,0
DA:378,0
DA:375,0
DA:378,0
DA:383,0
DA:386,0
DA:387,0
DA:388,0
DA:383,0
DA:386,0
DA:387,0
DA:388,0
DA:383,0
DA:386,0
DA:387,0
DA:388,0
DA:499,0
DA:504,0
DA:499,0
DA:504,0
DA:499,0
DA:504,0
DA:526,0
DA:526,0
DA:526,0
DA:868,0
DA:869,0
DA:868,0
DA:869,0
DA:878,0
DA:879,0
DA:888,0
DA:889,0
DA:888,0
DA:889,0
DA:898,0
DA:899,0
DA:987,0
DA:988,0
DA:987,0
DA:988,0
DA:987,0
DA:988,0
DA:993,0
DA:994,0
DA:993,0
DA:994,0
DA:993,0
DA:994,0
DA:1008,0
DA:1010,0
DA:1011,0
DA:1012,0
DA:1013,0
DA:1014,0
DA:1083,0
DA:1084,0
DA:1121,0
DA:1124,0
DA:1121,0
DA:1124,0
DA:1121,0
DA:1124,0
DA:1228,0
DA:1231,0
DA:1228,0
DA:1231,0
DA:1293,0
DA:1294,0
DA:1293,0
DA:1294,0
DA:1600,0
DA:1601,0
DA:1600,0
DA:1601,0
DA:1891,0
DA:1893,0
DA:1894,0
DA:1896,0
DA:1897,0
DA:1891,0
DA:1893,0
DA:1894,0
DA:1896,0
DA:1897,0
DA:1891,0
DA:1893,0
DA:1894,0
DA:1896,0
DA:1897,0
DA:1911,0
DA:1916,0
DA:1918,0
DA:1919,0
DA:1911,0
DA:1916,0
DA:1918,0
DA:1919,0
DA:1911,0
DA:1916,0
DA:1918,0
DA:1919,0
DA:1928,0
DA:1930,0
DA:1932,0
DA:1933,0
DA:1934,0
DA:1937,0
DA:1928,0
DA:1930,0
DA:1932,0
DA:1933,0
DA:1934,0
DA:1937,0
end_of_record
SF:/usr/include/c++/12/bits/stl_construct.h
FN:109,_ZSt10_ConstructIN7leveldb5SliceEJEEvPT_DpOT0_
FNDA:0,_ZSt10_ConstructIN7leveldb5SliceEJEEvPT_DpOT0_
FN:172,_ZNSt12_Destroy_auxILb1EE9__destroyIPN7leveldb5SliceEEEvT_S5_
FNDA:0,_ZNSt12_Destroy_auxILb1EE9__destroyIPN7leveldb5SliceEEEvT_S5_
FN:172,_ZNSt12_Destroy_auxILb1EE9__destroyIPmEEvT_S3_
FNDA:0,_ZNSt12_Destroy_auxILb1EE9__destroyIPmEEvT_S3_
FN:182,_ZSt8_DestroyIPN7leveldb5SliceEEvT_S3_
FNDA:0,_ZSt8_DestroyIPN7leveldb5SliceEEvT_S3_
FN:182,_ZSt8_DestroyIPmEvT_S1_
FNDA:0,_ZSt8_DestroyIPmEvT_S1_
DA:109,0
DA:119,0
DA:120,0
DA:172,0
DA:172,0
DA:182,0
DA:196,0
DA:197,0
DA:182,0
DA:196,0
DA:197,0
end_of_record
SF:/home/yilegu/squint/bug_study/leveldb-1/leveldb/table/filter_block.cc
FN:18,_ZN7leveldb18FilterBlockBuilderC2EPKNS_12FilterPolicyE
FNDA:0,_ZN7leveldb18FilterBlockBuilderC2EPKNS_12FilterPolicyE
FN:22,_ZN7leveldb18FilterBlockBuilder10StartBlockEm
FNDA:0,_ZN7leveldb18FilterBlockBuilder10StartBlockEm
FN:30,_ZN7leveldb18FilterBlockBuilder6AddKeyERKNS_5SliceE
FNDA:0,_ZN7leveldb18FilterBlockBuilder6AddKeyERKNS_5SliceE
FN:36,_ZN7leveldb18FilterBlockBuilder6FinishEv
FNDA:0,_ZN7leveldb18FilterBlockBuilder6FinishEv
FN:52,_ZN7leveldb18FilterBlockBuilder14GenerateFilterEv
FNDA:0,_ZN7leveldb18FilterBlockBuilder14GenerateFilterEv
FN:78,_ZN7leveldb17FilterBlockReaderC2EPKNS_12FilterPolicyERKNS_5SliceE
FNDA:0,_ZN7leveldb17FilterBlockReaderC2EPKNS_12FilterPolicyERKNS_5SliceE
FN:95,_ZN7leveldb17FilterBlockReader11KeyMayMatchEmRKNS_5SliceE
FNDA:0,_ZN7leveldb17FilterBlockReader11KeyMayMatchEmRKNS_5SliceE
DA:18,0
DA:19,0
DA:20,0
DA:22,0
DA:23,0
DA:24,0
DA:25,0
DA:26,0
DA:28,0
DA:30,0
DA:31,0
DA:32,0
DA:33,0
DA:34,0
DA:36,0
DA:37,0
DA:38,0
DA:42,0
DA:43,0
DA:44,0
DA:47,0
DA:48,0
DA:49,0
DA:52,0
DA:53,0
DA:54,0
DA:56,0
DA:57,0
DA:61,0
DA:62,0
DA:63,0
DA:64,0
DA:65,0
DA:66,0
DA:70,0
DA:71,0
DA:73,0
DA:74,0
DA:75,0
DA:78,0
DA:79,0
DA:80,0
DA:81,0
DA:82,0
DA:83,0
DA:84,0
DA:85,0
DA:86,0
DA:87,0
DA:88,0
DA:89,0
DA:90,0
DA:91,0
DA:92,0
DA:95,0
DA:96,0
DA:97,0
DA:98,0
DA:99,0
DA:100,0
DA:101,0
DA:102,0
DA:103,0
DA:105,0
DA:108,0
end_of_record
SF:/usr/include/c++/12/bits/stl_uninitialized.h
FN:632,_ZNSt27__uninitialized_default_n_1ILb0EE18__uninit_default_nIPN7leveldb5SliceEmEET_S5_T0_
FNDA:0,_ZNSt27__uninitialized_default_n_1ILb0EE18__uninit_default_nIPN7leveldb5SliceEmEET_S5_T0_
FN:691,_ZSt25__uninitialized_default_nIPN7leveldb5SliceEmET_S3_T0_
FNDA:0,_ZSt25__uninitialized_default_nIPN7leveldb5SliceEmET_S3_T0_
FN:764,_ZSt27__uninitialized_default_n_aIPN7leveldb5SliceEmS1_ET_S3_T0_RSaIT1_E
FNDA:0,_ZSt27__uninitialized_default_n_aIPN7leveldb5SliceEmS1_ET_S3_T0_RSaIT1_E
FN:1056,_ZSt19__relocate_object_aIN7leveldb5SliceES1_SaIS1_EEvPT_PT0_RT1_
FNDA:0,_ZSt19__relocate_object_aIN7leveldb5SliceES1_SaIS1_EEvPT_PT0_RT1_
FN:1078,_ZSt14__relocate_a_1IPN7leveldb5SliceES2_SaIS1_EET0_T_S5_S4_RT1_
FNDA:0,_ZSt14__relocate_a_1IPN7leveldb5SliceES2_SaIS1_EET0_T_S5_S4_RT1_
FN:1100,_ZSt14__relocate_a_1IjjENSt9enable_ifIXsrSt24__is_bitwise_relocatableIT_vE5valueEPS2_E4typeES4_S4_S4_RSaIT0_E
FNDA:0,_ZSt14__relocate_a_1IjjENSt9enable_ifIXsrSt24__is_bitwise_relocatableIT_vE5valueEPS2_E4typeES4_S4_S4_RSaIT0_E
FN:1100,_ZSt14__relocate_a_1ImmENSt9enable_ifIXsrSt24__is_bitwise_relocatableIT_vE5valueEPS2_E4typeES4_S4_S4_RSaIT0_E
FNDA:0,_ZSt14__relocate_a_1ImmENSt9enable_ifIXsrSt24__is_bitwise_relocatableIT_vE5valueEPS2_E4typeES4_S4_S4_RSaIT0_E
FN:1127,_ZSt12__relocate_aIPjS0_SaIjEET0_T_S3_S2_RT1_
FNDA:0,_ZSt12__relocate_aIPjS0_SaIjEET0_T_S3_S2_RT1_
FN:1127,_ZSt12__relocate_aIPmS0_SaImEET0_T_S3_S2_RT1_
FNDA:0,_ZSt12__relocate_aIPmS0_SaImEET0_T_S3_S2_RT1_
FN:1127,_ZSt12__relocate_aIPN7leveldb5SliceES2_SaIS1_EET0_T_S5_S4_RT1_
FNDA:0,_ZSt12__relocate_aIPN7leveldb5SliceES2_SaIS1_EET0_T_S5_S4_RT1_
DA:632,0
DA:634,0
DA:637,0
DA:638,0
DA:639,0
DA:691,0
DA:696,0
DA:701,0
DA:764,0
DA:766,0
DA:1056,0
DA:1064,0
DA:1065,0
DA:1066,0
DA:1078,0
DA:1090,0
DA:1091,0
DA:1092,0
DA:1094,0
DA:1100,0
DA:1104,0
DA:1105,0
DA:1117,0
DA:1119,0
DA:1100,0
DA:1104,0
DA:1105,0
DA:1117,0
DA:1119,0
DA:1127,0
DA:1133,0
DA:1135,0
DA:1127,0
DA:1133,0
DA:1135,0
DA:1127,0
DA:1133,0
DA:1135,0
end_of_record
SF:/home/yilegu/squint/bug_study/leveldb-1/leveldb/util/coding.h
FN:58,_ZN7leveldb13DecodeFixed32EPKc
FNDA:0,_ZN7leveldb13DecodeFixed32EPKc
DA:58,0
DA:62,0
DA:63,0
end_of_record
SF:/usr/include/c++/12/bits/move.h
FN:49,_ZSt11__addressofIN7leveldb5SliceEEPT_RS2_
FNDA:0,_ZSt11__addressofIN7leveldb5SliceEEPT_RS2_
FN:77,_ZSt7forwardIN7leveldb5SliceEEOT_RNSt16remove_referenceIS2_E4typeE
FNDA:0,_ZSt7forwardIN7leveldb5SliceEEOT_RNSt16remove_referenceIS2_E4typeE
FN:77,_ZSt7forwardIjEOT_RNSt16remove_referenceIS0_E4typeE
FNDA:0,_ZSt7forwardIjEOT_RNSt16remove_referenceIS0_E4typeE
FN:77,_ZSt7forwardImEOT_RNSt16remove_referenceIS0_E4typeE
FNDA:0,_ZSt7forwardImEOT_RNSt16remove_referenceIS0_E4typeE
FN:104,_ZSt4moveIRN7leveldb5SliceEEONSt16remove_referenceIT_E4typeEOS4_
FNDA:0,_ZSt4moveIRN7leveldb5SliceEEONSt16remove_referenceIT_E4typeEOS4_
FN:104,_ZSt4moveIRjEONSt16remove_referenceIT_E4typeEOS2_
FNDA:0,_ZSt4moveIRjEONSt16remove_referenceIT_E4typeEOS2_
FN:104,_ZSt4moveIRmEONSt16remove_referenceIT_E4typeEOS2_
FNDA:0,_ZSt4moveIRmEONSt16remove_referenceIT_E4typeEOS2_
FN:104,_ZSt4moveIRSaIcEEONSt16remove_referenceIT_E4typeEOS3_
FNDA:0,_ZSt4moveIRSaIcEEONSt16remove_referenceIT_E4typeEOS3_
DA:49,0
DA:50,0
DA:77,0
DA:78,0
DA:77,0
DA:78,0
DA:77,0
DA:78,0
DA:104,0
DA:105,0
DA:104,0
DA:105,0
DA:104,0
DA:105,0
DA:104,0
DA:105,0
end_of_record
TN:
SF:/home/yilegu/squint/bug_study/leveldb-1/leveldb/table/format.h
FN:28,_ZN7leveldb11BlockHandle10set_offsetEm
FNDA:5725,_ZN7leveldb11BlockHandle10set_offsetEm
FN:32,_ZN7leveldb11BlockHandle8set_sizeEm
FNDA:5725,_ZN7leveldb11BlockHandle8set_sizeEm
FN:49,_ZN7leveldb6FooterC2Ev
FNDA:2690,_ZN7leveldb6FooterC2Ev
FN:53,_ZN7leveldb6Footer20set_metaindex_handleERKNS_11BlockHandleE
FNDA:1016,_ZN7leveldb6Footer20set_metaindex_handleERKNS_11BlockHandleE
FN:59,_ZN7leveldb6Footer16set_index_handleERKNS_11BlockHandleE
FNDA:1016,_ZN7leveldb6Footer16set_index_handleERKNS_11BlockHandleE
FN:101,_ZN7leveldb11BlockHandleC2Ev
FNDA:2217599,_ZN7leveldb11BlockHandleC2Ev
DA:28,5725
DA:32,5725
DA:49,2690
DA:53,1016
DA:59,1016
DA:60,1016
DA:61,1016
DA:101,2217599
DA:102,2217599
DA:103,2217599
DA:104,2217599
end_of_record
SF:/home/yilegu/squint/bug_study/leveldb-1/leveldb/table/table_builder.cc
FN:47,_ZN7leveldb12TableBuilder3RepC2ERKNS_7OptionsEPNS_12WritableFileE
FNDA:1016,_ZN7leveldb12TableBuilder3RepC2ERKNS_7OptionsEPNS_12WritableFileE
FN:63,_ZN7leveldb12TableBuilderC2ERKNS_7OptionsEPNS_12WritableFileE
FNDA:1016,_ZN7leveldb12TableBuilderC2ERKNS_7OptionsEPNS_12WritableFileE
FN:70,_ZN7leveldb12TableBuilderD2Ev
FNDA:1016,_ZN7leveldb12TableBuilderD2Ev
FN:76,_ZN7leveldb12TableBuilder13ChangeOptionsERKNS_7OptionsE
FNDA:0,_ZN7leveldb12TableBuilder13ChangeOptionsERKNS_7OptionsE
FN:92,_ZN7leveldb12TableBuilder3AddERKNS_5SliceES3_
FNDA:852393,_ZN7leveldb12TableBuilder3AddERKNS_5SliceES3_
FN:123,_ZN7leveldb12TableBuilder5FlushEv
FNDA:3693,_ZN7leveldb12TableBuilder5FlushEv
FN:139,_ZN7leveldb12TableBuilder10WriteBlockEPNS_12BlockBuilderEPNS_11BlockHandleE
FNDA:5725,_ZN7leveldb12TableBuilder10WriteBlockEPNS_12BlockBuilderEPNS_11BlockHandleE
FN:175,_ZN7leveldb12TableBuilder13WriteRawBlockERKNS_5SliceENS_15CompressionTypeEPNS_11BlockHandleE
FNDA:5725,_ZN7leveldb12TableBuilder13WriteRawBlockERKNS_5SliceENS_15CompressionTypeEPNS_11BlockHandleE
FN:195,_ZNK7leveldb12TableBuilder6statusEv
FNDA:869568,_ZNK7leveldb12TableBuilder6statusEv
FN:199,_ZN7leveldb12TableBuilder6FinishEv
FNDA:1016,_ZN7leveldb12TableBuilder6FinishEv
FN:256,_ZN7leveldb12TableBuilder7AbandonEv
FNDA:0,_ZN7leveldb12TableBuilder7AbandonEv
FN:262,_ZNK7leveldb12TableBuilder10NumEntriesEv
FNDA:0,_ZNK7leveldb12TableBuilder10NumEntriesEv
FN:266,_ZNK7leveldb12TableBuilder8FileSizeEv
FNDA:1016,_ZNK7leveldb12TableBuilder8FileSizeEv
DA:47,1016
DA:48,1016
DA:49,1016
DA:50,1016
DA:51,1016
DA:52,1016
DA:53,1016
DA:54,1016
DA:55,1016
DA:56,1016
DA:57,0
DA:58,3048
DA:59,1016
DA:60,1016
DA:63,1016
DA:64,1016
DA:65,1016
DA:66,0
DA:68,1016
DA:70,1016
DA:71,1016
DA:72,1016
DA:73,1016
DA:74,1016
DA:76,0
DA:80,0
DA:81,0
DA:86,0
DA:87,0
DA:88,0
DA:89,0
DA:92,852393
DA:93,852393
DA:94,852393
DA:95,852393
DA:96,852393
DA:97,851377
DA:100,852393
DA:101,2677
DA:102,2677
DA:103,2677
DA:104,2677
DA:105,2677
DA:106,2677
DA:107,2677
DA:109,852393
DA:110,0
DA:113,852393
DA:114,852393
DA:115,852393
DA:117,852393
DA:118,852393
DA:119,2677
DA:123,3693
DA:124,3693
DA:125,3693
DA:126,3693
DA:127,3693
DA:128,3693
DA:129,3693
DA:130,3693
DA:131,3693
DA:132,3693
DA:134,3693
DA:135,0
DA:139,5725
DA:144,5725
DA:145,5725
DA:146,5725
DA:148,5725
DA:149,5725
DA:151,5725
DA:152,0
DA:153,0
DA:154,0
DA:156,5725
DA:157,5725
DA:158,11450
DA:159,5725
DA:160,3655
DA:164,2070
DA:165,2070
DA:167,5725
DA:170,5725
DA:171,5725
DA:172,5725
DA:173,5725
DA:175,5725
DA:178,5725
DA:179,5725
DA:180,5725
DA:181,5725
DA:182,5725
DA:184,5725
DA:185,5725
DA:186,5725
DA:187,5725
DA:188,5725
DA:189,5725
DA:190,5725
DA:193,5725
DA:195,869568
DA:196,869568
DA:199,1016
DA:200,1016
DA:201,1016
DA:202,1016
DA:203,1016
DA:205,1016
DA:208,1016
DA:209,0
DA:214,1016
DA:215,1016
DA:216,1016
DA:218,0
DA:219,0
DA:220,0
DA:221,0
DA:222,0
DA:223,0
DA:226,1016
DA:227,1016
DA:230,1016
DA:231,1016
DA:232,1016
DA:233,1016
DA:234,1016
DA:235,1016
DA:236,1016
DA:237,1016
DA:238,1016
DA:242,1016
DA:243,1016
DA:244,1016
DA:245,1016
DA:246,1016
DA:247,1016
DA:248,1016
DA:249,1016
DA:250,1016
DA:252,1016
DA:253,2032
DA:256,0
DA:257,0
DA:258,0
DA:259,0
DA:260,0
DA:262,0
DA:263,0
DA:266,1016
DA:267,1016
end_of_record
SF:/usr/include/c++/12/bits/basic_string.tcc
FN:217,_ZNSt7__cxx1112basic_stringIcSt11char_traitsIcESaIcEE12_M_constructIPKcEEvT_S8_St20forward_iterator_tag
FNDA:0,_ZNSt7__cxx1112basic_stringIcSt11char_traitsIcESaIcEE12_M_constructIPKcEEvT_S8_St20forward_iterator_tag
FN:235,_ZZNSt7__cxx1112basic_stringIcSt11char_traitsIcESaIcEE12_M_constructIPKcEEvT_S8_St20forward_iterator_tagEN6_GuardC2EPS4_
FNDA:0,_ZZNSt7__cxx1112basic_stringIcSt11char_traitsIcESaIcEE12_M_constructIPKcEEvT_S8_St20forward_iterator_tagEN6_GuardC2EPS4_
FN:238,_ZZNSt7__cxx1112basic_stringIcSt11char_traitsIcESaIcEE12_M_constructIPKcEEvT_S8_St20forward_iterator_tagEN6_GuardD2Ev
FNDA:0,_ZZNSt7__cxx1112basic_stringIcSt11char_traitsIcESaIcEE12_M_constructIPKcEEvT_S8_St20forward_iterator_tagEN6_GuardD2Ev
DA:217,0
DA:221,0
DA:223,0
DA:225,0
DA:226,0
DA:235,0
DA:238,0
DA:241,0
DA:243,0
DA:245,0
DA:247,0
DA:248,0
end_of_record
SF:/home/yilegu/squint/bug_study/leveldb-1/leveldb/port/port_posix.h
FN:119,_ZN7leveldb4port15Snappy_CompressEPKcmPNSt7__cxx1112basic_stringIcSt11char_traitsIcESaIcEEE
FNDA:5725,_ZN7leveldb4port15Snappy_CompressEPKcmPNSt7__cxx1112basic_stringIcSt11char_traitsIcESaIcEEE
DA:119,5725
DA:122,5725
DA:124,5725
DA:125,5725
DA:126,5725
end_of_record
SF:/home/yilegu/squint/bug_study/leveldb-1/leveldb/include/leveldb/status.h
FN:24,_ZN7leveldb6StatusC2Ev
FNDA:0,_ZN7leveldb6StatusC2Ev
FN:25,_ZN7leveldb6StatusD2Ev
FNDA:0,_ZN7leveldb6StatusD2Ev
FN:32,_ZN7leveldb6Status2OKEv
FNDA:0,_ZN7leveldb6Status2OKEv
FN:44,_ZN7leveldb6Status15InvalidArgumentERKNS_5SliceES3_
FNDA:0,_ZN7leveldb6Status15InvalidArgumentERKNS_5SliceES3_
FN:52,_ZNK7leveldb6Status2okEv
FNDA:0,_ZNK7leveldb6Status2okEv
FN:92,_ZN7leveldb6StatusC2ERKS0_
FNDA:0,_ZN7leveldb6StatusC2ERKS0_
FN:95,_ZN7leveldb6StatusaSERKS0_
FNDA:0,_ZN7leveldb6StatusaSERKS0_
DA:24,0
DA:25,0
DA:32,0
DA:44,0
DA:45,0
DA:52,0
DA:92,0
DA:93,0
DA:94,0
DA:95,0
DA:98,0
DA:99,0
DA:100,0
DA:102,0
end_of_record
SF:/home/yilegu/squint/bug_study/leveldb-1/leveldb/include/leveldb/slice.h
FN:28,_ZN7leveldb5SliceC2Ev
FNDA:0,_ZN7leveldb5SliceC2Ev
FN:31,_ZN7leveldb5SliceC2EPKcm
FNDA:0,_ZN7leveldb5SliceC2EPKcm
FN:34,_ZN7leveldb5SliceC2ERKNSt7__cxx1112basic_stringIcSt11char_traitsIcESaIcEEE
FNDA:0,_ZN7leveldb5SliceC2ERKNSt7__cxx1112basic_stringIcSt11char_traitsIcESaIcEEE
FN:37,_ZN7leveldb5SliceC2EPKc
FNDA:0,_ZN7leveldb5SliceC2EPKc
FN:40,_ZNK7leveldb5Slice4dataEv
FNDA:0,_ZNK7leveldb5Slice4dataEv
FN:43,_ZNK7leveldb5Slice4sizeEv
FNDA:0,_ZNK7leveldb5Slice4sizeEv
DA:28,0
DA:31,0
DA:34,0
DA:37,0
DA:40,0
DA:43,0
end_of_record
SF:/usr/include/c++/12/bits/new_allocator.h
FN:80,_ZNSt15__new_allocatorIcEC2Ev
FNDA:0,_ZNSt15__new_allocatorIcEC2Ev
FN:90,_ZNSt15__new_allocatorIN7leveldb5SliceEED2Ev
FNDA:0,_ZNSt15__new_allocatorIN7leveldb5SliceEED2Ev
FN:90,_ZNSt15__new_allocatorImED2Ev
FNDA:0,_ZNSt15__new_allocatorImED2Ev
FN:90,_ZNSt15__new_allocatorIjED2Ev
FNDA:3048,_ZNSt15__new_allocatorIjED2Ev
FN:90,_ZNSt15__new_allocatorIcED2Ev
FNDA:0,_ZNSt15__new_allocatorIcED2Ev
FN:142,_ZNSt15__new_allocatorIN7leveldb5SliceEE10deallocateEPS1_m
FNDA:0,_ZNSt15__new_allocatorIN7leveldb5SliceEE10deallocateEPS1_m
FN:142,_ZNSt15__new_allocatorImE10deallocateEPmm
FNDA:0,_ZNSt15__new_allocatorImE10deallocateEPmm
FN:142,_ZNSt15__new_allocatorIjE10deallocateEPjm
FNDA:8879,_ZNSt15__new_allocatorIjE10deallocateEPjm
DA:80,0
DA:90,0
DA:90,0
DA:90,3048
DA:90,0
DA:142,0
DA:158,0
DA:142,0
DA:158,0
DA:142,8879
DA:158,8879
end_of_record
SF:/usr/include/c++/12/bits/alloc_traits.h
FN:495,_ZNSt16allocator_traitsISaIN7leveldb5SliceEEE10deallocateERS2_PS1_m
FNDA:0,_ZNSt16allocator_traitsISaIN7leveldb5SliceEEE10deallocateERS2_PS1_m
FN:495,_ZNSt16allocator_traitsISaImEE10deallocateERS0_Pmm
FNDA:0,_ZNSt16allocator_traitsISaImEE10deallocateERS0_Pmm
FN:495,_ZNSt16allocator_traitsISaIjEE10deallocateERS0_Pjm
FNDA:8879,_ZNSt16allocator_traitsISaIjEE10deallocateERS0_Pjm
FN:847,_ZSt8_DestroyIPN7leveldb5SliceES1_EvT_S3_RSaIT0_E
FNDA:0,_ZSt8_DestroyIPN7leveldb5SliceES1_EvT_S3_RSaIT0_E
FN:847,_ZSt8_DestroyIPmmEvT_S1_RSaIT0_E
FNDA:0,_ZSt8_DestroyIPmmEvT_S1_RSaIT0_E
FN:847,_ZSt8_DestroyIPjjEvT_S1_RSaIT0_E
FNDA:8773,_ZSt8_DestroyIPjjEvT_S1_RSaIT0_E
DA:495,0
DA:496,0
DA:495,0
DA:496,0
DA:495,8879
DA:496,8879
DA:847,0
DA:850,0
DA:851,0
DA:847,0
DA:850,0
DA:851,0
DA:847,8773
DA:850,8773
DA:851,8773
end_of_record
SF:/home/yilegu/squint/bug_study/leveldb-1/leveldb/util/crc32c.h
FN:20,_ZN7leveldb6crc32c5ValueEPKcm
FNDA:0,_ZN7leveldb6crc32c5ValueEPKcm
FN:31,_ZN7leveldb6crc32c4MaskEj
FNDA:0,_ZN7leveldb6crc32c4MaskEj
DA:20,0
DA:21,0
DA:31,0
DA:33,0
end_of_record
SF:/usr/include/c++/12/bits/allocator.h
FN:174,_ZNSaIN7leveldb5SliceEED2Ev
FNDA:0,_ZNSaIN7leveldb5SliceEED2Ev
FN:174,_ZNSaImED2Ev
FNDA:0,_ZNSaImED2Ev
FN:174,_ZNSaIjED2Ev
FNDA:3048,_ZNSaIjED2Ev
DA:174,0
DA:174,0
DA:174,3048
end_of_record
SF:/usr/include/c++/12/bits/move.h
FN:104,_ZSt4moveIRSaIcEEONSt16remove_referenceIT_E4typeEOS3_
FNDA:0,_ZSt4moveIRSaIcEEONSt16remove_referenceIT_E4typeEOS3_
DA:104,0
DA:105,0
end_of_record
SF:/home/yilegu/squint/bug_study/leveldb-1/leveldb/table/block_builder.h
FN:38,_ZNK7leveldb12BlockBuilder5emptyEv
FNDA:6370,_ZNK7leveldb12BlockBuilder5emptyEv
DA:38,6370
DA:39,6370
end_of_record
SF:/usr/include/c++/12/bits/basic_string.h
FN:642,_ZNSt7__cxx1112basic_stringIcSt11char_traitsIcESaIcEEC2IS3_EEPKcRKS3_
FNDA:0,_ZNSt7__cxx1112basic_stringIcSt11char_traitsIcESaIcEEC2IS3_EEPKcRKS3_
DA:366,0
DA:642,0
DA:643,0
DA:646,0
DA:647,0
DA:649,0
DA:650,0
DA:651,0
end_of_record
SF:/usr/include/c++/12/bits/stl_construct.h
FN:172,_ZNSt12_Destroy_auxILb1EE9__destroyIPN7leveldb5SliceEEEvT_S5_
FNDA:0,_ZNSt12_Destroy_auxILb1EE9__destroyIPN7leveldb5SliceEEEvT_S5_
FN:172,_ZNSt12_Destroy_auxILb1EE9__destroyIPmEEvT_S3_
FNDA:0,_ZNSt12_Destroy_auxILb1EE9__destroyIPmEEvT_S3_
FN:172,_ZNSt12_Destroy_auxILb1EE9__destroyIPjEEvT_S3_
FNDA:8773,_ZNSt12_Destroy_auxILb1EE9__destroyIPjEEvT_S3_
FN:182,_ZSt8_DestroyIPN7leveldb5SliceEEvT_S3_
FNDA:0,_ZSt8_DestroyIPN7leveldb5SliceEEvT_S3_
FN:182,_ZSt8_DestroyIPmEvT_S1_
FNDA:0,_ZSt8_DestroyIPmEvT_S1_
FN:182,_ZSt8_DestroyIPjEvT_S1_
FNDA:8773,_ZSt8_DestroyIPjEvT_S1_
DA:172,0
DA:172,0
DA:172,8773
DA:182,0
DA:196,0
DA:197,0
DA:182,0
DA:196,0
DA:197,0
DA:182,8773
DA:196,8773
DA:197,8773
end_of_record
SF:/usr/include/c++/12/bits/stl_iterator_base_funcs.h
FN:99,_ZSt10__distanceIPKcENSt15iterator_traitsIT_E15difference_typeES3_S3_St26random_access_iterator_tag
FNDA:0,_ZSt10__distanceIPKcENSt15iterator_traitsIT_E15difference_typeES3_S3_St26random_access_iterator_tag
FN:147,_ZSt8distanceIPKcENSt15iterator_traitsIT_E15difference_typeES3_S3_
FNDA:0,_ZSt8distanceIPKcENSt15iterator_traitsIT_E15difference_typeES3_S3_
DA:99,0
DA:105,0
DA:147,0
DA:150,0
DA:151,0
end_of_record
SF:/home/yilegu/squint/bug_study/leveldb-1/leveldb/include/leveldb/table_builder.h
FN:78,_ZNK7leveldb12TableBuilder2okEv
FNDA:869568,_ZNK7leveldb12TableBuilder2okEv
DA:78,869568
end_of_record
SF:/home/yilegu/squint/bug_study/leveldb-1/leveldb/table/filter_block.h
end_of_record
SF:/usr/include/x86_64-linux-gnu/c++/12/bits/c++config.h
FN:516,_ZSt23__is_constant_evaluatedv
FNDA:0,_ZSt23__is_constant_evaluatedv
DA:516,0
DA:523,0
end_of_record
SF:/usr/include/c++/12/bits/stl_iterator_base_types.h
FN:238,_ZSt19__iterator_categoryIPKcENSt15iterator_traitsIT_E17iterator_categoryERKS3_
FNDA:0,_ZSt19__iterator_categoryIPKcENSt15iterator_traitsIT_E17iterator_categoryERKS3_
DA:238,0
DA:239,0
end_of_record
SF:/usr/include/c++/12/bits/char_traits.h
FN:121,_ZN9__gnu_cxx11char_traitsIcE2eqERKcS3_
FNDA:0,_ZN9__gnu_cxx11char_traitsIcE2eqERKcS3_
FN:182,_ZN9__gnu_cxx11char_traitsIcE6lengthEPKc
FNDA:0,_ZN9__gnu_cxx11char_traitsIcE6lengthEPKc
FN:393,_ZNSt11char_traitsIcE6lengthEPKc
FNDA:0,_ZNSt11char_traitsIcE6lengthEPKc
DA:121,0
DA:122,0
DA:182,0
DA:185,0
DA:186,0
DA:187,0
DA:188,0
DA:393,0
DA:396,0
DA:397,0
DA:399,0
end_of_record
SF:/usr/include/c++/12/bits/stl_vector.h
FN:298,_ZNSt12_Vector_baseIN7leveldb5SliceESaIS1_EE19_M_get_Tp_allocatorEv
FNDA:0,_ZNSt12_Vector_baseIN7leveldb5SliceESaIS1_EE19_M_get_Tp_allocatorEv
FN:298,_ZNSt12_Vector_baseImSaImEE19_M_get_Tp_allocatorEv
FNDA:0,_ZNSt12_Vector_baseImSaImEE19_M_get_Tp_allocatorEv
FN:298,_ZNSt12_Vector_baseIjSaIjEE19_M_get_Tp_allocatorEv
FNDA:26531,_ZNSt12_Vector_baseIjSaIjEE19_M_get_Tp_allocatorEv
FN:364,_ZNSt12_Vector_baseIN7leveldb5SliceESaIS1_EED2Ev
FNDA:0,_ZNSt12_Vector_baseIN7leveldb5SliceESaIS1_EED2Ev
FN:364,_ZNSt12_Vector_baseImSaImEED2Ev
FNDA:0,_ZNSt12_Vector_baseImSaImEED2Ev
FN:364,_ZNSt12_Vector_baseIjSaIjEED2Ev
FNDA:3048,_ZNSt12_Vector_baseIjSaIjEED2Ev
FN:383,_ZNSt12_Vector_baseIN7leveldb5SliceESaIS1_EE13_M_deallocateEPS1_m
FNDA:0,_ZNSt12_Vector_baseIN7leveldb5SliceESaIS1_EE13_M_deallocateEPS1_m
FN:383,_ZNSt12_Vector_baseImSaImEE13_M_deallocateEPmm
FNDA:0,_ZNSt12_Vector_baseImSaImEE13_M_deallocateEPmm
FN:383,_ZNSt12_Vector_baseIjSaIjEE13_M_deallocateEPjm
FNDA:11927,_ZNSt12_Vector_baseIjSaIjEE13_M_deallocateEPjm
FN:728,_ZNSt6vectorIN7leveldb5SliceESaIS1_EED2Ev
FNDA:0,_ZNSt6vectorIN7leveldb5SliceESaIS1_EED2Ev
FN:728,_ZNSt6vectorImSaImEED2Ev
FNDA:0,_ZNSt6vectorImSaImEED2Ev
FN:728,_ZNSt6vectorIjSaIjEED2Ev
FNDA:3048,_ZNSt6vectorIjSaIjEED2Ev
DA:298,0
DA:299,0
DA:298,0
DA:299,0
DA:298,26531
DA:299,26531
DA:364,0
DA:366,0
DA:367,0
DA:368,0
DA:364,0
DA:366,0
DA:367,0
DA:368,0
DA:364,3048
DA:366,3048
DA:367,3048
DA:368,3048
DA:383,0
DA:386,0
DA:387,0
DA:388,0
DA:383,0
DA:386,0
DA:387,0
DA:388,0
DA:383,11927
DA:386,11927
DA:387,8879
DA:388,11927
DA:728,0
DA:730,0
DA:731,0
DA:733,0
DA:728,0
DA:730,0
DA:731,0
DA:733,0
DA:728,3048
DA:730,3048
DA:731,3048
DA:733,3048
end_of_record
TN:
SF:/home/yilegu/squint/bug_study/leveldb-1/leveldb/include/leveldb/slice.h
FN:28,_ZN7leveldb5SliceC2Ev
FNDA:0,_ZN7leveldb5SliceC2Ev
DA:28,0
end_of_record
SF:/home/yilegu/squint/bug_study/leveldb-1/leveldb/table/merger.cc
FN:16,_ZN7leveldb12_GLOBAL__N_115MergingIteratorC2EPKNS_10ComparatorEPPNS_8IteratorEi
FNDA:633,_ZN7leveldb12_GLOBAL__N_115MergingIteratorC2EPKNS_10ComparatorEPPNS_8IteratorEi
FN:27,_ZN7leveldb12_GLOBAL__N_115MergingIteratorD0Ev
FNDA:633,_ZN7leveldb12_GLOBAL__N_115MergingIteratorD0Ev
FN:27,_ZN7leveldb12_GLOBAL__N_115MergingIteratorD2Ev
FNDA:633,_ZN7leveldb12_GLOBAL__N_115MergingIteratorD2Ev
FN:31,_ZNK7leveldb12_GLOBAL__N_115MergingIterator5ValidEv
FNDA:15177198,_ZNK7leveldb12_GLOBAL__N_115MergingIterator5ValidEv
FN:35,_ZN7leveldb12_GLOBAL__N_115MergingIterator11SeekToFirstEv
FNDA:633,_ZN7leveldb12_GLOBAL__N_115MergingIterator11SeekToFirstEv
FN:43,_ZN7leveldb12_GLOBAL__N_115MergingIterator10SeekToLastEv
FNDA:0,_ZN7leveldb12_GLOBAL__N_115MergingIterator10SeekToLastEv
FN:51,_ZN7leveldb12_GLOBAL__N_115MergingIterator4SeekERKNS_5SliceE
FNDA:0,_ZN7leveldb12_GLOBAL__N_115MergingIterator4SeekERKNS_5SliceE
FN:59,_ZN7leveldb12_GLOBAL__N_115MergingIterator4NextEv
FNDA:1872768,_ZN7leveldb12_GLOBAL__N_115MergingIterator4NextEv
FN:85,_ZN7leveldb12_GLOBAL__N_115MergingIterator4PrevEv
FNDA:0,_ZN7leveldb12_GLOBAL__N_115MergingIterator4PrevEv
FN:114,_ZNK7leveldb12_GLOBAL__N_115MergingIterator3keyEv
FNDA:5715198,_ZNK7leveldb12_GLOBAL__N_115MergingIterator3keyEv
FN:119,_ZNK7leveldb12_GLOBAL__N_115MergingIterator5valueEv
FNDA:4434388,_ZNK7leveldb12_GLOBAL__N_115MergingIterator5valueEv
FN:124,_ZNK7leveldb12_GLOBAL__N_115MergingIterator6statusEv
FNDA:1281443,_ZNK7leveldb12_GLOBAL__N_115MergingIterator6statusEv
FN:155,_ZN7leveldb12_GLOBAL__N_115MergingIterator12FindSmallestEv
FNDA:1873401,_ZN7leveldb12_GLOBAL__N_115MergingIterator12FindSmallestEv
FN:170,_ZN7leveldb12_GLOBAL__N_115MergingIterator11FindLargestEv
FNDA:0,_ZN7leveldb12_GLOBAL__N_115MergingIterator11FindLargestEv
FN:186,_ZN7leveldb18NewMergingIteratorEPKNS_10ComparatorEPPNS_8IteratorEi
FNDA:954,_ZN7leveldb18NewMergingIteratorEPKNS_10ComparatorEPPNS_8IteratorEi
DA:16,633
DA:17,1266
DA:18,2859
DA:19,633
DA:20,633
DA:21,633
DA:22,2859
DA:23,2226
DA:25,633
DA:27,633
DA:29,633
DA:27,633
DA:28,2859
DA:29,633
DA:31,15177198
DA:32,15177198
DA:35,633
DA:36,2859
DA:37,2226
DA:39,633
DA:40,633
DA:41,633
DA:43,0
DA:44,0
DA:45,0
DA:47,0
DA:48,0
DA:49,0
DA:51,0
DA:52,0
DA:53,0
DA:55,0
DA:56,0
DA:57,0
DA:59,1872768
DA:60,1872768
DA:67,1872768
DA:68,0
DA:69,0
DA:70,0
DA:71,0
DA:72,0
DA:73,0
DA:74,0
DA:78,0
DA:81,1872768
DA:82,1872768
DA:83,1872768
DA:85,0
DA:86,0
DA:93,0
DA:94,0
DA:95,0
DA:96,0
DA:97,0
DA:98,0
DA:100,0
DA:103,0
DA:107,0
DA:110,0
DA:111,0
DA:112,0
DA:114,5715198
DA:115,5715198
DA:116,5715198
DA:119,4434388
DA:120,4434388
DA:121,4434388
DA:124,1281443
DA:125,1281443
DA:126,6433592
DA:127,5152149
DA:128,5152149
DA:129,0
DA:132,1281443
DA:133,0
DA:155,1873401
DA:156,1873401
DA:157,9154106
DA:158,7280705
DA:159,7280705
DA:160,4416863
DA:161,1872768
DA:162,2544095
DA:163,1048623
DA:167,1873401
DA:168,1873401
DA:170,0
DA:171,0
DA:172,0
DA:173,0
DA:174,0
DA:175,0
DA:176,0
DA:177,0
DA:178,0
DA:182,0
DA:183,0
DA:186,954
DA:187,954
DA:188,954
DA:189,0
DA:190,954
DA:191,321
DA:193,633
end_of_record
SF:/home/yilegu/squint/bug_study/leveldb-1/leveldb/include/leveldb/status.h
FN:24,_ZN7leveldb6StatusC2Ev
FNDA:0,_ZN7leveldb6StatusC2Ev
FN:25,_ZN7leveldb6StatusD2Ev
FNDA:0,_ZN7leveldb6StatusD2Ev
FN:52,_ZNK7leveldb6Status2okEv
FNDA:0,_ZNK7leveldb6Status2okEv
FN:95,_ZN7leveldb6StatusaSERKS0_
FNDA:0,_ZN7leveldb6StatusaSERKS0_
DA:24,0
DA:25,0
DA:52,0
DA:95,0
DA:98,0
DA:99,0
DA:100,0
DA:102,0
end_of_record
SF:/home/yilegu/squint/bug_study/leveldb-1/leveldb/table/iterator_wrapper.h
FN:16,_ZN7leveldb15IteratorWrapperC2Ev
FNDA:2226,_ZN7leveldb15IteratorWrapperC2Ev
FN:20,_ZN7leveldb15IteratorWrapperD2Ev
FNDA:8760,_ZN7leveldb15IteratorWrapperD2Ev
FN:25,_ZN7leveldb15IteratorWrapper3SetEPNS_8IteratorE
FNDA:21543,_ZN7leveldb15IteratorWrapper3SetEPNS_8IteratorE
FN:37,_ZNK7leveldb15IteratorWrapper5ValidEv
FNDA:50713361,_ZNK7leveldb15IteratorWrapper5ValidEv
FN:38,_ZNK7leveldb15IteratorWrapper3keyEv
FNDA:13701076,_ZNK7leveldb15IteratorWrapper3keyEv
FN:39,_ZNK7leveldb15IteratorWrapper5valueEv
FNDA:11274825,_ZNK7leveldb15IteratorWrapper5valueEv
FN:41,_ZNK7leveldb15IteratorWrapper6statusEv
FNDA:15659099,_ZNK7leveldb15IteratorWrapper6statusEv
FN:42,_ZN7leveldb15IteratorWrapper4NextEv
FNDA:4778737,_ZN7leveldb15IteratorWrapper4NextEv
FN:43,_ZN7leveldb15IteratorWrapper4PrevEv
FNDA:0,_ZN7leveldb15IteratorWrapper4PrevEv
FN:44,_ZN7leveldb15IteratorWrapper4SeekERKNS_5SliceE
FNDA:0,_ZN7leveldb15IteratorWrapper4SeekERKNS_5SliceE
FN:45,_ZN7leveldb15IteratorWrapper11SeekToFirstEv
FNDA:12758,_ZN7leveldb15IteratorWrapper11SeekToFirstEv
FN:46,_ZN7leveldb15IteratorWrapper10SeekToLastEv
FNDA:0,_ZN7leveldb15IteratorWrapper10SeekToLastEv
FN:49,_ZN7leveldb15IteratorWrapper6UpdateEv
FNDA:4805269,_ZN7leveldb15IteratorWrapper6UpdateEv
DA:16,2226
DA:20,8760
DA:25,21543
DA:26,21543
DA:27,21543
DA:28,21543
DA:29,7769
DA:31,13774
DA:33,21543
DA:37,50713361
DA:38,13701076
DA:39,11274825
DA:41,15659099
DA:42,4778737
DA:43,0
DA:44,0
DA:45,12758
DA:46,0
DA:49,4805269
DA:50,4805269
DA:51,4805269
DA:52,4778737
DA:54,4805269
end_of_record
TN:
SF:/home/yilegu/squint/bug_study/leveldb-1/leveldb/include/leveldb/status.h
FN:24,_ZN7leveldb6StatusC2Ev
FNDA:0,_ZN7leveldb6StatusC2Ev
FN:25,_ZN7leveldb6StatusD2Ev
FNDA:0,_ZN7leveldb6StatusD2Ev
FN:52,_ZNK7leveldb6Status2okEv
FNDA:0,_ZNK7leveldb6Status2okEv
FN:92,_ZN7leveldb6StatusC2ERKS0_
FNDA:0,_ZN7leveldb6StatusC2ERKS0_
FN:95,_ZN7leveldb6StatusaSERKS0_
FNDA:0,_ZN7leveldb6StatusaSERKS0_
DA:24,0
DA:25,0
DA:52,0
DA:92,0
DA:93,0
DA:94,0
DA:95,0
DA:98,0
DA:99,0
DA:100,0
DA:102,0
end_of_record
SF:/home/yilegu/squint/bug_study/leveldb-1/leveldb/include/leveldb/slice.h
FN:28,_ZN7leveldb5SliceC2Ev
FNDA:0,_ZN7leveldb5SliceC2Ev
FN:34,_ZN7leveldb5SliceC2ERKNSt7__cxx1112basic_stringIcSt11char_traitsIcESaIcEEE
FNDA:0,_ZN7leveldb5SliceC2ERKNSt7__cxx1112basic_stringIcSt11char_traitsIcESaIcEEE
FN:40,_ZNK7leveldb5Slice4dataEv
FNDA:0,_ZNK7leveldb5Slice4dataEv
FN:43,_ZNK7leveldb5Slice4sizeEv
FNDA:0,_ZNK7leveldb5Slice4sizeEv
FN:96,_ZNK7leveldb5Slice7compareERKS0_
FNDA:43826775,_ZNK7leveldb5Slice7compareERKS0_
DA:28,0
DA:34,0
DA:40,0
DA:43,0
DA:96,43826775
DA:97,43826775
DA:98,43826775
DA:99,43826775
DA:100,5628609
DA:101,4801935
DA:103,43826775
end_of_record
SF:/usr/include/c++/12/bits/new_allocator.h
FN:80,_ZNSt15__new_allocatorIcEC2Ev
FNDA:0,_ZNSt15__new_allocatorIcEC2Ev
FN:90,_ZNSt15__new_allocatorIcED2Ev
FNDA:0,_ZNSt15__new_allocatorIcED2Ev
DA:80,0
DA:90,0
end_of_record
SF:/usr/include/c++/12/bits/basic_string.h
end_of_record
SF:/usr/include/c++/12/bits/move.h
FN:104,_ZSt4moveIRSaIcEEONSt16remove_referenceIT_E4typeEOS3_
FNDA:0,_ZSt4moveIRSaIcEEONSt16remove_referenceIT_E4typeEOS3_
DA:104,0
DA:105,0
end_of_record
SF:/home/yilegu/squint/bug_study/leveldb-1/leveldb/table/two_level_iterator.cc
FN:34,_ZNK7leveldb12_GLOBAL__N_116TwoLevelIterator5ValidEv
FNDA:15529722,_ZNK7leveldb12_GLOBAL__N_116TwoLevelIterator5ValidEv
FN:37,_ZNK7leveldb12_GLOBAL__N_116TwoLevelIterator3keyEv
FNDA:2897688,_ZNK7leveldb12_GLOBAL__N_116TwoLevelIterator3keyEv
FN:41,_ZNK7leveldb12_GLOBAL__N_116TwoLevelIterator5valueEv
FNDA:6832156,_ZNK7leveldb12_GLOBAL__N_116TwoLevelIterator5valueEv
FN:45,_ZNK7leveldb12_GLOBAL__N_116TwoLevelIterator6statusEv
FNDA:5488705,_ZNK7leveldb12_GLOBAL__N_116TwoLevelIterator6statusEv
FN:57,_ZN7leveldb12_GLOBAL__N_116TwoLevelIterator9SaveErrorERKNS_6StatusE
FNDA:8281,_ZN7leveldb12_GLOBAL__N_116TwoLevelIterator9SaveErrorERKNS_6StatusE
FN:76,_ZN7leveldb12_GLOBAL__N_116TwoLevelIteratorC2EPNS_8IteratorEPFS3_PvRKNS_11ReadOptionsERKNS_5SliceEES4_S7_
FNDA:3267,_ZN7leveldb12_GLOBAL__N_116TwoLevelIteratorC2EPNS_8IteratorEPFS3_PvRKNS_11ReadOptionsERKNS_5SliceEES4_S7_
FN:88,_ZN7leveldb12_GLOBAL__N_116TwoLevelIteratorD2Ev
FNDA:3267,_ZN7leveldb12_GLOBAL__N_116TwoLevelIteratorD2Ev
FN:88,_ZN7leveldb12_GLOBAL__N_116TwoLevelIteratorD0Ev
FNDA:3267,_ZN7leveldb12_GLOBAL__N_116TwoLevelIteratorD0Ev
FN:91,_ZN7leveldb12_GLOBAL__N_116TwoLevelIterator4SeekERKNS_5SliceE
FNDA:0,_ZN7leveldb12_GLOBAL__N_116TwoLevelIterator4SeekERKNS_5SliceE
FN:98,_ZN7leveldb12_GLOBAL__N_116TwoLevelIterator11SeekToFirstEv
FNDA:2251,_ZN7leveldb12_GLOBAL__N_116TwoLevelIterator11SeekToFirstEv
FN:105,_ZN7leveldb12_GLOBAL__N_116TwoLevelIterator10SeekToLastEv
FNDA:0,_ZN7leveldb12_GLOBAL__N_116TwoLevelIterator10SeekToLastEv
FN:112,_ZN7leveldb12_GLOBAL__N_116TwoLevelIterator4NextEv
FNDA:2897688,_ZN7leveldb12_GLOBAL__N_116TwoLevelIterator4NextEv
FN:118,_ZN7leveldb12_GLOBAL__N_116TwoLevelIterator4PrevEv
FNDA:0,_ZN7leveldb12_GLOBAL__N_116TwoLevelIterator4PrevEv
FN:125,_ZN7leveldb12_GLOBAL__N_116TwoLevelIterator26SkipEmptyDataBlocksForwardEv
FNDA:2899939,_ZN7leveldb12_GLOBAL__N_116TwoLevelIterator26SkipEmptyDataBlocksForwardEv
FN:138,_ZN7leveldb12_GLOBAL__N_116TwoLevelIterator27SkipEmptyDataBlocksBackwardEv
FNDA:0,_ZN7leveldb12_GLOBAL__N_116TwoLevelIterator27SkipEmptyDataBlocksBackwardEv
FN:151,_ZN7leveldb12_GLOBAL__N_116TwoLevelIterator15SetDataIteratorEPNS_8IteratorE
FNDA:12783,_ZN7leveldb12_GLOBAL__N_116TwoLevelIterator15SetDataIteratorEPNS_8IteratorE
FN:156,_ZN7leveldb12_GLOBAL__N_116TwoLevelIterator13InitDataBlockEv
FNDA:10532,_ZN7leveldb12_GLOBAL__N_116TwoLevelIterator13InitDataBlockEv
FN:174,_ZN7leveldb19NewTwoLevelIteratorEPNS_8IteratorEPFS1_PvRKNS_11ReadOptionsERKNS_5SliceEES2_S5_
FNDA:3267,_ZN7leveldb19NewTwoLevelIteratorEPNS_8IteratorEPFS1_PvRKNS_11ReadOptionsERKNS_5SliceEES2_S5_
DA:34,15529722
DA:35,15529722
DA:37,2897688
DA:38,2897688
DA:39,2897688
DA:41,6832156
DA:42,6832156
DA:43,6832156
DA:45,5488705
DA:47,5488705
DA:48,0
DA:49,5488705
DA:50,0
DA:52,5488705
DA:57,8281
DA:58,8281
DA:59,8281
DA:76,3267
DA:80,3267
DA:81,3267
DA:82,3267
DA:83,3267
DA:84,3267
DA:85,6534
DA:86,3267
DA:88,3267
DA:89,3267
DA:88,3267
DA:89,3267
DA:91,0
DA:92,0
DA:93,0
DA:94,0
DA:95,0
DA:96,0
DA:98,2251
DA:99,2251
DA:100,2251
DA:101,2251
DA:102,2251
DA:103,2251
DA:105,0
DA:106,0
DA:107,0
DA:108,0
DA:109,0
DA:110,0
DA:112,2897688
DA:113,2897688
DA:114,2897688
DA:115,2897688
DA:116,2897688
DA:118,0
DA:119,0
DA:120,0
DA:121,0
DA:122,0
DA:125,2899939
DA:126,5808159
DA:128,10532
DA:129,2251
DA:130,2251
DA:132,8281
DA:133,8281
DA:134,8281
DA:138,0
DA:139,0
DA:141,0
DA:142,0
DA:143,0
DA:145,0
DA:146,0
DA:147,0
DA:151,12783
DA:152,12783
DA:153,12783
DA:154,12783
DA:156,10532
DA:157,10532
DA:158,2251
DA:160,8281
DA:161,8281
DA:165,8281
DA:166,8281
DA:167,8281
DA:170,10532
DA:174,3267
DA:179,3267
end_of_record
SF:/home/yilegu/squint/bug_study/leveldb-1/leveldb/table/iterator_wrapper.h
FN:17,_ZN7leveldb15IteratorWrapperC2EPNS_8IteratorE
FNDA:6534,_ZN7leveldb15IteratorWrapperC2EPNS_8IteratorE
FN:20,_ZN7leveldb15IteratorWrapperD2Ev
FNDA:0,_ZN7leveldb15IteratorWrapperD2Ev
FN:21,_ZNK7leveldb15IteratorWrapper4iterEv
FNDA:8428521,_ZNK7leveldb15IteratorWrapper4iterEv
FN:25,_ZN7leveldb15IteratorWrapper3SetEPNS_8IteratorE
FNDA:0,_ZN7leveldb15IteratorWrapper3SetEPNS_8IteratorE
FN:37,_ZNK7leveldb15IteratorWrapper5ValidEv
FNDA:0,_ZNK7leveldb15IteratorWrapper5ValidEv
FN:38,_ZNK7leveldb15IteratorWrapper3keyEv
FNDA:0,_ZNK7leveldb15IteratorWrapper3keyEv
FN:39,_ZNK7leveldb15IteratorWrapper5valueEv
FNDA:0,_ZNK7leveldb15IteratorWrapper5valueEv
FN:41,_ZNK7leveldb15IteratorWrapper6statusEv
FNDA:0,_ZNK7leveldb15IteratorWrapper6statusEv
FN:42,_ZN7leveldb15IteratorWrapper4NextEv
FNDA:0,_ZN7leveldb15IteratorWrapper4NextEv
FN:43,_ZN7leveldb15IteratorWrapper4PrevEv
FNDA:0,_ZN7leveldb15IteratorWrapper4PrevEv
FN:44,_ZN7leveldb15IteratorWrapper4SeekERKNS_5SliceE
FNDA:0,_ZN7leveldb15IteratorWrapper4SeekERKNS_5SliceE
FN:45,_ZN7leveldb15IteratorWrapper11SeekToFirstEv
FNDA:0,_ZN7leveldb15IteratorWrapper11SeekToFirstEv
FN:46,_ZN7leveldb15IteratorWrapper10SeekToLastEv
FNDA:0,_ZN7leveldb15IteratorWrapper10SeekToLastEv
FN:49,_ZN7leveldb15IteratorWrapper6UpdateEv
FNDA:0,_ZN7leveldb15IteratorWrapper6UpdateEv
DA:17,6534
DA:18,6534
DA:19,6534
DA:20,0
DA:21,8428521
DA:25,0
DA:26,0
DA:27,0
DA:28,0
DA:29,0
DA:31,0
DA:33,0
DA:37,0
DA:38,0
DA:39,0
DA:41,0
DA:42,0
DA:43,0
DA:44,0
DA:45,0
DA:46,0
DA:49,0
DA:50,0
DA:51,0
DA:52,0
DA:54,0
end_of_record
TN:
SF:/home/yilegu/squint/bug_study/leveldb-1/leveldb/util/coding.h
FN:58,_ZN7leveldb13DecodeFixed32EPKc
FNDA:0,_ZN7leveldb13DecodeFixed32EPKc
FN:89,_ZN7leveldb14GetVarint32PtrEPKcS1_Pj
FNDA:0,_ZN7leveldb14GetVarint32PtrEPKcS1_Pj
DA:58,0
DA:62,0
DA:63,0
DA:89,0
DA:92,0
DA:93,0
DA:94,0
DA:95,0
DA:96,0
DA:99,0
end_of_record
SF:/usr/include/c++/12/bits/basic_string.h
end_of_record
SF:/usr/include/c++/12/bits/move.h
FN:104,_ZSt4moveIRSaIcEEONSt16remove_referenceIT_E4typeEOS3_
FNDA:0,_ZSt4moveIRSaIcEEONSt16remove_referenceIT_E4typeEOS3_
DA:104,0
DA:105,0
end_of_record
SF:/home/yilegu/squint/bug_study/leveldb-1/leveldb/table/block.cc
FN:18,_ZNK7leveldb5Block11NumRestartsEv
FNDA:2227798,_ZNK7leveldb5Block11NumRestartsEv
FN:23,_ZN7leveldb5BlockC2ERKNS_13BlockContentsE
FNDA:9315,_ZN7leveldb5BlockC2ERKNS_13BlockContentsE
FN:40,_ZN7leveldb5BlockD2Ev
FNDA:9315,_ZN7leveldb5BlockD2Ev
FN:53,_ZN7leveldbL11DecodeEntryEPKcS1_PjS2_S2_
FNDA:21280125,_ZN7leveldbL11DecodeEntryEPKcS1_PjS2_S2_
FN:90,_ZNK7leveldb5Block4Iter7CompareERKNS_5SliceES4_
FNDA:19399734,_ZNK7leveldb5Block4Iter7CompareERKNS_5SliceES4_
FN:95,_ZNK7leveldb5Block4Iter15NextEntryOffsetEv
FNDA:14165468,_ZNK7leveldb5Block4Iter15NextEntryOffsetEv
FN:99,_ZN7leveldb5Block4Iter15GetRestartPointEj
FNDA:23373681,_ZN7leveldb5Block4Iter15GetRestartPointEj
FN:104,_ZN7leveldb5Block4Iter18SeekToRestartPointEj
FNDA:2208152,_ZN7leveldb5Block4Iter18SeekToRestartPointEj
FN:115,_ZN7leveldb5Block4IterC2EPKNS_10ComparatorEPKcjj
FNDA:2209168,_ZN7leveldb5Block4IterC2EPKNS_10ComparatorEPKcjj
FN:128,_ZNK7leveldb5Block4Iter5ValidEv
FNDA:16699362,_ZNK7leveldb5Block4Iter5ValidEv
FN:129,_ZNK7leveldb5Block4Iter6statusEv
FNDA:9231984,_ZNK7leveldb5Block4Iter6statusEv
FN:130,_ZNK7leveldb5Block4Iter3keyEv
FNDA:2979820,_ZNK7leveldb5Block4Iter3keyEv
FN:134,_ZNK7leveldb5Block4Iter5valueEv
FNDA:7740298,_ZNK7leveldb5Block4Iter5valueEv
FN:139,_ZN7leveldb5Block4Iter4NextEv
FNDA:1880391,_ZN7leveldb5Block4Iter4NextEv
FN:144,_ZN7leveldb5Block4Iter4PrevEv
FNDA:0,_ZN7leveldb5Block4Iter4PrevEv
FN:165,_ZN7leveldb5Block4Iter4SeekERKNS_5SliceE
FNDA:2198858,_ZN7leveldb5Block4Iter4SeekERKNS_5SliceE
FN:205,_ZN7leveldb5Block4Iter11SeekToFirstEv
FNDA:9294,_ZN7leveldb5Block4Iter11SeekToFirstEv
FN:210,_ZN7leveldb5Block4Iter10SeekToLastEv
FNDA:0,_ZN7leveldb5Block4Iter10SeekToLastEv
FN:218,_ZN7leveldb5Block4Iter15CorruptionErrorEv
FNDA:0,_ZN7leveldb5Block4Iter15CorruptionErrorEv
FN:226,_ZN7leveldb5Block4Iter12ParseNextKeyEv
FNDA:14165468,_ZN7leveldb5Block4Iter12ParseNextKeyEv
FN:256,_ZN7leveldb5Block11NewIteratorEPKNS_10ComparatorE
FNDA:2209168,_ZN7leveldb5Block11NewIteratorEPKNS_10ComparatorE
DA:18,2227798
DA:19,2227798
DA:20,2227798
DA:23,9315
DA:24,9315
DA:25,9315
DA:26,9315
DA:27,9315
DA:28,0
DA:30,9315
DA:31,9315
DA:33,0
DA:35,9315
DA:38,9315
DA:40,9315
DA:41,9315
DA:42,7585
DA:44,9315
DA:53,21280125
DA:57,21280125
DA:58,21280125
DA:59,21280125
DA:60,21280125
DA:61,21280125
DA:63,21280125
DA:65,0
DA:66,0
DA:67,0
DA:70,21280125
DA:71,0
DA:73,21280125
DA:90,19399734
DA:91,19399734
DA:95,14165468
DA:96,14165468
DA:99,23373681
DA:100,23373681
DA:101,23373681
DA:104,2208152
DA:105,2208152
DA:106,2208152
DA:110,2208152
DA:111,2208152
DA:112,2208152
DA:115,2209168
DA:119,4418336
DA:120,2209168
DA:121,2209168
DA:122,2209168
DA:123,2209168
DA:124,2209168
DA:125,2209168
DA:126,2209168
DA:128,16699362
DA:129,9231984
DA:130,2979820
DA:131,2979820
DA:132,2979820
DA:134,7740298
DA:135,7740298
DA:136,7740298
DA:139,1880391
DA:140,1880391
DA:141,1880391
DA:142,1880391
DA:144,0
DA:145,0
DA:148,0
DA:149,0
DA:150,0
DA:152,0
DA:153,0
DA:154,0
DA:156,0
DA:159,0
DA:162,0
DA:165,2198858
DA:168,2198858
DA:169,2198858
DA:170,9322809
DA:171,7123951
DA:172,7123951
DA:174,14247902
DA:175,7123951
DA:177,7123951
DA:178,0
DA:179,0
DA:181,7123951
DA:182,7123951
DA:185,3177843
DA:189,3946108
DA:194,2198858
DA:196,12275783
DA:197,0
DA:199,12275783
DA:200,2198858
DA:205,9294
DA:206,9294
DA:207,9294
DA:208,9294
DA:210,0
DA:211,0
DA:212,0
DA:215,0
DA:218,0
DA:219,0
DA:220,0
DA:221,0
DA:222,0
DA:223,0
DA:224,0
DA:226,14165468
DA:227,14165468
DA:228,14165468
DA:229,14165468
DA:230,14165468
DA:232,9294
DA:233,9294
DA:234,9294
DA:239,14156174
DA:240,14156174
DA:241,0
DA:242,0
DA:244,14156174
DA:245,14156174
DA:246,14156174
DA:247,28315213
DA:248,14041578
DA:249,117461
DA:251,14156174
DA:256,2209168
DA:257,2209168
DA:258,0
DA:260,2209168
DA:261,2209168
DA:262,0
DA:264,2209168
end_of_record
SF:/home/yilegu/squint/bug_study/leveldb-1/leveldb/include/leveldb/status.h
FN:24,_ZN7leveldb6StatusC2Ev
FNDA:0,_ZN7leveldb6StatusC2Ev
FN:25,_ZN7leveldb6StatusD2Ev
FNDA:0,_ZN7leveldb6StatusD2Ev
FN:38,_ZN7leveldb6Status10CorruptionERKNS_5SliceES3_
FNDA:0,_ZN7leveldb6Status10CorruptionERKNS_5SliceES3_
FN:92,_ZN7leveldb6StatusC2ERKS0_
FNDA:0,_ZN7leveldb6StatusC2ERKS0_
FN:95,_ZN7leveldb6StatusaSERKS0_
FNDA:0,_ZN7leveldb6StatusaSERKS0_
DA:24,0
DA:25,0
DA:38,0
DA:39,0
DA:92,0
DA:93,0
DA:94,0
DA:95,0
DA:98,0
DA:99,0
DA:100,0
DA:102,0
end_of_record
SF:/home/yilegu/squint/bug_study/leveldb-1/leveldb/include/leveldb/slice.h
FN:28,_ZN7leveldb5SliceC2Ev
FNDA:0,_ZN7leveldb5SliceC2Ev
FN:31,_ZN7leveldb5SliceC2EPKcm
FNDA:0,_ZN7leveldb5SliceC2EPKcm
FN:34,_ZN7leveldb5SliceC2ERKNSt7__cxx1112basic_stringIcSt11char_traitsIcESaIcEEE
FNDA:0,_ZN7leveldb5SliceC2ERKNSt7__cxx1112basic_stringIcSt11char_traitsIcESaIcEEE
FN:37,_ZN7leveldb5SliceC2EPKc
FNDA:0,_ZN7leveldb5SliceC2EPKc
FN:40,_ZNK7leveldb5Slice4dataEv
FNDA:0,_ZNK7leveldb5Slice4dataEv
FN:43,_ZNK7leveldb5Slice4sizeEv
FNDA:0,_ZNK7leveldb5Slice4sizeEv
FN:56,_ZN7leveldb5Slice5clearEv
FNDA:0,_ZN7leveldb5Slice5clearEv
DA:28,0
DA:31,0
DA:34,0
DA:37,0
DA:40,0
DA:43,0
DA:56,0
end_of_record
SF:/usr/include/c++/12/bits/new_allocator.h
FN:80,_ZNSt15__new_allocatorIcEC2Ev
FNDA:0,_ZNSt15__new_allocatorIcEC2Ev
FN:90,_ZNSt15__new_allocatorIcED2Ev
FNDA:0,_ZNSt15__new_allocatorIcED2Ev
DA:80,0
DA:90,0
end_of_record
TN:
SF:/home/yilegu/squint/bug_study/leveldb-1/leveldb/table/format.cc
FN:15,_ZNK7leveldb11BlockHandle8EncodeToEPNSt7__cxx1112basic_stringIcSt11char_traitsIcESaIcEEE
FNDA:5725,_ZNK7leveldb11BlockHandle8EncodeToEPNSt7__cxx1112basic_stringIcSt11char_traitsIcESaIcEEE
FN:23,_ZN7leveldb11BlockHandle10DecodeFromEPNS_5SliceE
FNDA:1110400,_ZN7leveldb11BlockHandle10DecodeFromEPNS_5SliceE
FN:32,_ZNK7leveldb6Footer8EncodeToEPNSt7__cxx1112basic_stringIcSt11char_traitsIcESaIcEEE
FNDA:1016,_ZNK7leveldb6Footer8EncodeToEPNSt7__cxx1112basic_stringIcSt11char_traitsIcESaIcEEE
FN:44,_ZN7leveldb6Footer10DecodeFromEPNS_5SliceE
FNDA:1674,_ZN7leveldb6Footer10DecodeFromEPNS_5SliceE
FN:66,_ZN7leveldb9ReadBlockEPNS_16RandomAccessFileERKNS_11ReadOptionsERKNS_11BlockHandleEPNS_13BlockContentsE
FNDA:9315,_ZN7leveldb9ReadBlockEPNS_16RandomAccessFileERKNS_11ReadOptionsERKNS_11BlockHandleEPNS_13BlockContentsE
DA:15,5725
DA:17,5725
DA:18,5725
DA:19,5725
DA:20,5725
DA:21,5725
DA:23,1110400
DA:24,2220800
DA:25,1110400
DA:26,1110400
DA:28,0
DA:32,1016
DA:34,1016
DA:36,1016
DA:37,1016
DA:38,1016
DA:39,1016
DA:40,1016
DA:41,1016
DA:42,1016
DA:44,1674
DA:45,1674
DA:46,1674
DA:47,1674
DA:48,1674
DA:49,1674
DA:50,1674
DA:51,0
DA:54,1674
DA:55,1674
DA:56,1674
DA:58,1674
DA:60,1674
DA:61,1674
DA:63,1674
DA:64,1674
DA:66,9315
DA:70,9315
DA:71,9315
DA:72,9315
DA:76,9315
DA:77,9315
DA:78,9315
DA:79,9315
DA:80,9315
DA:81,0
DA:82,0
DA:84,9315
DA:85,0
DA:86,0
DA:90,9315
DA:91,9315
DA:92,7641
DA:93,7641
DA:94,7641
DA:95,0
DA:96,0
DA:97,0
DA:101,9315
DA:102,1730
DA:103,1730
DA:107,1730
DA:108,1730
DA:109,1730
DA:110,1730
DA:112,0
DA:113,0
DA:114,0
DA:118,1730
DA:119,7585
DA:120,7585
DA:121,7585
DA:122,0
DA:123,0
DA:125,7585
DA:126,7585
DA:127,0
DA:128,0
DA:129,0
DA:131,7585
DA:132,7585
DA:133,7585
DA:134,7585
DA:135,7585
DA:137,0
DA:138,0
DA:139,0
DA:142,9315
DA:143,9315
end_of_record
SF:/home/yilegu/squint/bug_study/leveldb-1/leveldb/util/coding.h
FN:58,_ZN7leveldb13DecodeFixed32EPKc
FNDA:0,_ZN7leveldb13DecodeFixed32EPKc
DA:58,0
DA:62,0
DA:63,0
end_of_record
SF:/home/yilegu/squint/bug_study/leveldb-1/leveldb/util/crc32c.h
FN:20,_ZN7leveldb6crc32c5ValueEPKcm
FNDA:0,_ZN7leveldb6crc32c5ValueEPKcm
FN:37,_ZN7leveldb6crc32c6UnmaskEj
FNDA:0,_ZN7leveldb6crc32c6UnmaskEj
DA:20,0
DA:21,0
DA:37,0
DA:38,0
DA:39,0
end_of_record
SF:/home/yilegu/squint/bug_study/leveldb-1/leveldb/include/leveldb/slice.h
FN:28,_ZN7leveldb5SliceC2Ev
FNDA:0,_ZN7leveldb5SliceC2Ev
FN:31,_ZN7leveldb5SliceC2EPKcm
FNDA:0,_ZN7leveldb5SliceC2EPKcm
FN:37,_ZN7leveldb5SliceC2EPKc
FNDA:0,_ZN7leveldb5SliceC2EPKc
FN:40,_ZNK7leveldb5Slice4dataEv
FNDA:0,_ZNK7leveldb5Slice4dataEv
FN:43,_ZNK7leveldb5Slice4sizeEv
FNDA:0,_ZNK7leveldb5Slice4sizeEv
DA:28,0
DA:31,0
DA:37,0
DA:40,0
DA:43,0
end_of_record
SF:/home/yilegu/squint/bug_study/leveldb-1/leveldb/port/port_posix.h
FN:132,_ZN7leveldb4port28Snappy_GetUncompressedLengthEPKcmPm
FNDA:7585,_ZN7leveldb4port28Snappy_GetUncompressedLengthEPKcmPm
FN:141,_ZN7leveldb4port17Snappy_UncompressEPKcmPc
FNDA:7585,_ZN7leveldb4port17Snappy_UncompressEPKcmPc
DA:132,7585
DA:135,7585
DA:141,7585
DA:144,7585
end_of_record
[...]
FN:27,_ZN7leveldb11LogFileNameERKNSt7__cxx1112basic_stringIcSt11char_traitsIcESaIcEEEm
FNDA:2148,_ZN7leveldb11LogFileNameERKNSt7__cxx1112basic_stringIcSt11char_traitsIcESaIcEEEm
FN:32,_ZN7leveldb13TableFileNameERKNSt7__cxx1112basic_stringIcSt11char_traitsIcESaIcEEEm
FNDA:2690,_ZN7leveldb13TableFileNameERKNSt7__cxx1112basic_stringIcSt11char_traitsIcESaIcEEEm
FN:37,_ZN7leveldb16SSTTableFileNameERKNSt7__cxx1112basic_stringIcSt11char_traitsIcESaIcEEEm
FNDA:0,_ZN7leveldb16SSTTableFileNameERKNSt7__cxx1112basic_stringIcSt11char_traitsIcESaIcEEEm
FN:42,_ZN7leveldb18DescriptorFileNameERKNSt7__cxx1112basic_stringIcSt11char_traitsIcESaIcEEEm
FNDA:2050,_ZN7leveldb18DescriptorFileNameERKNSt7__cxx1112basic_stringIcSt11char_traitsIcESaIcEEEm
FN:50,_ZN7leveldb15CurrentFileNameERKNSt7__cxx1112basic_stringIcSt11char_traitsIcESaIcEEE
FNDA:2951,_ZN7leveldb15CurrentFileNameERKNSt7__cxx1112basic_stringIcSt11char_traitsIcESaIcEEE
FN:54,_ZN7leveldb12LockFileNameERKNSt7__cxx1112basic_stringIcSt11char_traitsIcESaIcEEE
FNDA:963,_ZN7leveldb12LockFileNameERKNSt7__cxx1112basic_stringIcSt11char_traitsIcESaIcEEE
FN:58,_ZN7leveldb12TempFileNameERKNSt7__cxx1112basic_stringIcSt11char_traitsIcESaIcEEEm
FNDA:1025,_ZN7leveldb12TempFileNameERKNSt7__cxx1112basic_stringIcSt11char_traitsIcESaIcEEEm
FN:63,_ZN7leveldb15InfoLogFileNameERKNSt7__cxx1112basic_stringIcSt11char_traitsIcESaIcEEE
FNDA:1926,_ZN7leveldb15InfoLogFileNameERKNSt7__cxx1112basic_stringIcSt11char_traitsIcESaIcEEE
FN:68,_ZN7leveldb18OldInfoLogFileNameERKNSt7__cxx1112basic_stringIcSt11char_traitsIcESaIcEEE
FNDA:963,_ZN7leveldb18OldInfoLogFileNameERKNSt7__cxx1112basic_stringIcSt11char_traitsIcESaIcEEE
FN:80,_ZN7leveldb13ParseFileNameERKNSt7__cxx1112basic_stringIcSt11char_traitsIcESaIcEEEPmPNS_8FileTypeE
FNDA:22785,_ZN7leveldb13ParseFileNameERKNSt7__cxx1112basic_stringIcSt11char_traitsIcESaIcEEEPmPNS_8FileTypeE
FN:126,_ZN7leveldb14SetCurrentFileEPNS_3EnvERKNSt7__cxx1112basic_stringIcSt11char_traitsIcESaIcEEEm
FNDA:1025,_ZN7leveldb14SetCurrentFileEPNS_3EnvERKNSt7__cxx1112basic_stringIcSt11char_traitsIcESaIcEEEm
DA:18,5863
DA:21,5863
DA:24,11726
DA:27,2148
DA:28,2148
DA:29,2148
DA:32,2690
DA:33,2690
DA:34,2690
DA:37,0
DA:38,0
DA:39,0
DA:42,2050
DA:43,2050
DA:45,2050
DA:47,4100
DA:50,2951
DA:51,2951
DA:54,963
DA:55,963
DA:58,1025
DA:59,1025
DA:60,1025
DA:63,1926
DA:64,1926
DA:68,963
DA:69,963
DA:80,22785
DA:83,22785
DA:84,22785
DA:85,1913
DA:86,1913
DA:87,20872
DA:88,1913
DA:89,1913
DA:90,18959
DA:91,3815
DA:92,3815
DA:93,15144
DA:94,3076
DA:96,3076
DA:97,0
DA:99,3076
DA:100,0
DA:102,3076
DA:103,3076
DA:108,12068
DA:109,5734
DA:111,6334
DA:112,6334
DA:113,3577
DA:114,2757
DA:115,2697
DA:116,60
DA:117,60
DA:119,0
DA:121,6334
DA:123,17051
DA:126,1025
DA:129,1025
DA:130,1025
DA:131,1025
DA:132,1025
DA:133,1025
DA:134,1025
DA:135,1025
DA:136,1025
DA:138,1025
DA:139,0
DA:141,2050
DA:142,1025
end_of_record
TN:
SF:/home/yilegu/squint/bug_study/leveldb-1/leveldb/include/leveldb/slice.h
FN:28,_ZN7leveldb5SliceC2Ev
FNDA:0,_ZN7leveldb5SliceC2Ev
FN:34,_ZN7leveldb5SliceC2ERKNSt7__cxx1112basic_stringIcSt11char_traitsIcESaIcEEE
FNDA:0,_ZN7leveldb5SliceC2ERKNSt7__cxx1112basic_stringIcSt11char_traitsIcESaIcEEE
FN:37,_ZN7leveldb5SliceC2EPKc
FNDA:0,_ZN7leveldb5SliceC2EPKc
FN:40,_ZNK7leveldb5Slice4dataEv
FNDA:0,_ZNK7leveldb5Slice4dataEv
FN:43,_ZNK7leveldb5Slice4sizeEv
FNDA:0,_ZNK7leveldb5Slice4sizeEv
FN:46,_ZNK7leveldb5Slice5emptyEv
FNDA:0,_ZNK7leveldb5Slice5emptyEv
FN:50,_ZNK7leveldb5SliceixEm
FNDA:6811379,_ZNK7leveldb5SliceixEm
FN:59,_ZN7leveldb5Slice13remove_prefixEm
FNDA:0,_ZN7leveldb5Slice13remove_prefixEm
DA:28,0
DA:34,0
DA:37,0
DA:40,0
DA:43,0
DA:46,0
DA:50,6811379
DA:51,6811379
DA:52,6811379
DA:59,0
DA:60,0
DA:61,0
DA:62,0
DA:63,0
end_of_record
SF:/home/yilegu/squint/bug_study/leveldb-1/leveldb/include/leveldb/status.h
FN:24,_ZN7leveldb6StatusC2Ev
FNDA:0,_ZN7leveldb6StatusC2Ev
FN:32,_ZN7leveldb6Status2OKEv
FNDA:0,_ZN7leveldb6Status2OKEv
FN:38,_ZN7leveldb6Status10CorruptionERKNS_5SliceES3_
FNDA:0,_ZN7leveldb6Status10CorruptionERKNS_5SliceES3_
DA:24,0
DA:32,0
DA:38,0
DA:39,0
end_of_record
SF:/usr/include/c++/12/bits/basic_string.h
end_of_record
SF:/usr/include/c++/12/bits/move.h
FN:104,_ZSt4moveIRSaIcEEONSt16remove_referenceIT_E4typeEOS3_
FNDA:0,_ZSt4moveIRSaIcEEONSt16remove_referenceIT_E4typeEOS3_
DA:104,0
DA:105,0
end_of_record
SF:/home/yilegu/squint/bug_study/leveldb-1/leveldb/db/write_batch.cc
FN:29,_ZN7leveldb10WriteBatchC2Ev
FNDA:7152,_ZN7leveldb10WriteBatchC2Ev
FN:33,_ZN7leveldb10WriteBatchD2Ev
FNDA:7152,_ZN7leveldb10WriteBatchD2Ev
FN:35,_ZN7leveldb10WriteBatch7HandlerD2Ev
FNDA:852847,_ZN7leveldb10WriteBatch7HandlerD2Ev
FN:35,_ZN7leveldb10WriteBatch7HandlerD0Ev
FNDA:0,_ZN7leveldb10WriteBatch7HandlerD0Ev
FN:37,_ZN7leveldb10WriteBatch5ClearEv
FNDA:7152,_ZN7leveldb10WriteBatch5ClearEv
FN:42,_ZNK7leveldb10WriteBatch7IterateEPNS0_7HandlerE
FNDA:852847,_ZNK7leveldb10WriteBatch7IterateEPNS0_7HandlerE
FN:82,_ZN7leveldb18WriteBatchInternal5CountEPKNS_10WriteBatchE
FNDA:1710693,_ZN7leveldb18WriteBatchInternal5CountEPKNS_10WriteBatchE
FN:86,_ZN7leveldb18WriteBatchInternal8SetCountEPNS_10WriteBatchEi
FNDA:4999,_ZN7leveldb18WriteBatchInternal8SetCountEPNS_10WriteBatchEi
FN:90,_ZN7leveldb18WriteBatchInternal8SequenceEPKNS_10WriteBatchE
FNDA:1700695,_ZN7leveldb18WriteBatchInternal8SequenceEPKNS_10WriteBatchE
FN:94,_ZN7leveldb18WriteBatchInternal11SetSequenceEPNS_10WriteBatchEm
FNDA:4999,_ZN7leveldb18WriteBatchInternal11SetSequenceEPNS_10WriteBatchEm
FN:98,_ZN7leveldb10WriteBatch3PutERKNS_5SliceES3_
FNDA:4507,_ZN7leveldb10WriteBatch3PutERKNS_5SliceES3_
FN:105,_ZN7leveldb10WriteBatch6DeleteERKNS_5SliceE
FNDA:492,_ZN7leveldb10WriteBatch6DeleteERKNS_5SliceE
FN:117,_ZN7leveldb12_GLOBAL__N_116MemTableInserter3PutERKNS_5SliceES4_
FNDA:725624,_ZN7leveldb12_GLOBAL__N_116MemTableInserter3PutERKNS_5SliceES4_
FN:121,_ZN7leveldb12_GLOBAL__N_116MemTableInserter6DeleteERKNS_5SliceE
FNDA:127223,_ZN7leveldb12_GLOBAL__N_116MemTableInserter6DeleteERKNS_5SliceE
FN:128,_ZN7leveldb18WriteBatchInternal10InsertIntoEPKNS_10WriteBatchEPNS_8MemTableE
FNDA:852847,_ZN7leveldb18WriteBatchInternal10InsertIntoEPKNS_10WriteBatchEPNS_8MemTableE
FN:136,_ZN7leveldb18WriteBatchInternal11SetContentsEPNS_10WriteBatchERKNS_5SliceE
FNDA:847848,_ZN7leveldb18WriteBatchInternal11SetContentsEPNS_10WriteBatchERKNS_5SliceE
FN:141,_ZN7leveldb18WriteBatchInternal6AppendEPNS_10WriteBatchEPKS1_
FNDA:0,_ZN7leveldb18WriteBatchInternal6AppendEPNS_10WriteBatchEPKS1_
DA:29,7152
DA:30,7152
DA:31,7152
DA:33,7152
DA:35,0
DA:35,852847
DA:37,7152
DA:38,7152
DA:39,7152
DA:40,7152
DA:42,852847
DA:43,852847
DA:44,852847
DA:45,0
DA:48,852847
DA:49,852847
DA:50,852847
DA:51,1705694
DA:52,852847
DA:53,852847
DA:54,852847
DA:55,852847
DA:56,725624
DA:57,1451248
DA:58,725624
DA:59,725624
DA:61,0
DA:63,725624
DA:64,127223
DA:65,127223
DA:66,127223
DA:68,0
DA:70,127223
DA:71,0
DA:72,0
DA:75,852847
DA:76,0
DA:78,852847
DA:82,1710693
DA:83,1710693
DA:86,4999
DA:87,4999
DA:88,4999
DA:90,1700695
DA:91,1700695
DA:94,4999
DA:95,4999
DA:96,4999
DA:98,4507
DA:99,4507
DA:100,4507
DA:101,4507
DA:102,4507
DA:103,4507
DA:105,492
DA:106,492
DA:107,492
DA:108,492
DA:109,492
DA:117,725624
DA:118,725624
DA:119,725624
DA:120,725624
DA:121,127223
DA:122,127223
DA:123,127223
DA:124,127223
DA:128,852847
DA:130,852847
DA:131,852847
DA:132,852847
DA:133,1705694
DA:134,852847
DA:136,847848
DA:137,847848
DA:138,847848
DA:139,847848
DA:141,0
DA:142,0
DA:143,0
DA:144,0
DA:145,0
end_of_record
SF:/usr/include/c++/12/bits/new_allocator.h
FN:80,_ZNSt15__new_allocatorIcEC2Ev
FNDA:0,_ZNSt15__new_allocatorIcEC2Ev
FN:90,_ZNSt15__new_allocatorIcED2Ev
FNDA:0,_ZNSt15__new_allocatorIcED2Ev
DA:80,0
DA:90,0
end_of_record
SF:/home/yilegu/squint/bug_study/leveldb-1/leveldb/include/leveldb/write_batch.h
end_of_record
SF:/home/yilegu/squint/bug_study/leveldb-1/leveldb/util/coding.h
FN:58,_ZN7leveldb13DecodeFixed32EPKc
FNDA:0,_ZN7leveldb13DecodeFixed32EPKc
FN:72,_ZN7leveldb13DecodeFixed64EPKc
FNDA:0,_ZN7leveldb13DecodeFixed64EPKc
DA:58,0
DA:62,0
DA:63,0
DA:72,0
DA:76,0
DA:77,0
end_of_record
TN:
SF:/home/yilegu/squint/bug_study/leveldb-1/leveldb/util/coding.h
FN:58,_ZN7leveldb13DecodeFixed32EPKc
FNDA:44179898,_ZN7leveldb13DecodeFixed32EPKc
DA:58,44179898
DA:62,44179898
DA:63,44179898
end_of_record
SF:/home/yilegu/squint/bug_study/leveldb-1/leveldb/util/crc32c.h
FN:20,_ZN7leveldb6crc32c5ValueEPKcm
FNDA:873868,_ZN7leveldb6crc32c5ValueEPKcm
FN:37,_ZN7leveldb6crc32c6UnmaskEj
FNDA:858228,_ZN7leveldb6crc32c6UnmaskEj
DA:20,873868
DA:21,873868
DA:37,858228
DA:38,858228
DA:39,858228
end_of_record
SF:/home/yilegu/squint/bug_study/leveldb-1/leveldb/db/log_reader.cc
FN:15,_ZN7leveldb3log6Reader8ReporterD0Ev
FNDA:0,_ZN7leveldb3log6Reader8ReporterD0Ev
FN:15,_ZN7leveldb3log6Reader8ReporterD2Ev
FNDA:2153,_ZN7leveldb3log6Reader8ReporterD2Ev
FN:18,_ZN7leveldb3log6ReaderC2EPNS_14SequentialFileEPNS1_8ReporterEbm
FNDA:2153,_ZN7leveldb3log6ReaderC2EPNS_14SequentialFileEPNS1_8ReporterEbm
FN:31,_ZN7leveldb3log6ReaderD2Ev
FNDA:2153,_ZN7leveldb3log6ReaderD2Ev
FN:35,_ZN7leveldb3log6Reader18SkipToInitialBlockEv
FNDA:0,_ZN7leveldb3log6Reader18SkipToInitialBlockEv
FN:59,_ZN7leveldb3log6Reader10ReadRecordEPNS_5SliceEPNSt7__cxx1112basic_stringIcSt11char_traitsIcESaIcEEE
FNDA:852289,_ZN7leveldb3log6Reader10ReadRecordEPNS_5SliceEPNSt7__cxx1112basic_stringIcSt11char_traitsIcESaIcEEE
FN:164,_ZN7leveldb3log6Reader16LastRecordOffsetEv
FNDA:0,_ZN7leveldb3log6Reader16LastRecordOffsetEv
FN:168,_ZN7leveldb3log6Reader16ReportCorruptionEmPKc
FNDA:0,_ZN7leveldb3log6Reader16ReportCorruptionEmPKc
FN:172,_ZN7leveldb3log6Reader10ReportDropEmRKNS_6StatusE
FNDA:0,_ZN7leveldb3log6Reader10ReportDropEmRKNS_6StatusE
FN:179,_ZN7leveldb3log6Reader18ReadPhysicalRecordEPNS_5SliceE
FNDA:852740,_ZN7leveldb3log6Reader18ReadPhysicalRecordEPNS_5SliceE
DA:15,0
DA:16,0
DA:15,2153
DA:16,2153
DA:18,2153
DA:19,2153
DA:20,2153
DA:21,2153
DA:22,2153
DA:23,2153
DA:24,2153
DA:25,2153
DA:26,2153
DA:27,2153
DA:28,2153
DA:29,2153
DA:31,2153
DA:32,2153
DA:33,2153
DA:35,0
DA:36,0
DA:37,0
DA:40,0
DA:41,0
DA:42,0
DA:45,0
DA:48,0
DA:49,0
DA:50,0
DA:51,0
DA:52,0
DA:54,0
DA:56,0
DA:59,852289
DA:60,852289
DA:61,0
DA:62,0
DA:66,852289
DA:67,852289
DA:68,852289
DA:71,852289
DA:73,852289
DA:75,852740
DA:76,852740
DA:77,852740
DA:78,849685
DA:79,849685
DA:84,0
DA:85,0
DA:87,0
DA:90,849685
DA:91,849685
DA:92,849685
DA:93,849685
DA:94,849685
DA:96,451
DA:97,451
DA:102,0
DA:103,0
DA:105,0
DA:108,451
DA:109,451
DA:110,451
DA:111,451
DA:113,0
DA:114,0
DA:115,0
DA:118,0
DA:120,0
DA:122,451
DA:123,451
DA:124,0
DA:127,451
DA:128,451
DA:129,451
DA:130,451
DA:132,0
DA:134,2153
DA:135,2153
DA:136,0
DA:137,0
DA:139,2153
DA:141,0
DA:142,0
DA:143,0
DA:144,0
DA:145,0
DA:147,0
DA:149,0
DA:151,0
DA:152,0
DA:153,0
DA:155,0
DA:156,0
DA:157,0
DA:160,451
DA:164,0
DA:165,0
DA:168,0
DA:169,0
DA:170,0
DA:172,0
DA:173,0
DA:174,0
DA:175,0
DA:177,0
DA:179,852740
DA:181,855344
DA:182,4757
DA:184,2604
DA:185,2604
DA:186,2604
DA:187,2604
DA:188,0
DA:189,0
DA:190,0
DA:191,0
DA:192,2604
DA:193,2153
DA:195,2604
DA:196,4757
DA:198,2153
DA:200,0
DA:201,0
DA:202,0
DA:203,0
DA:208,850587
DA:209,850587
DA:210,850587
DA:211,850587
DA:212,850587
DA:213,850587
DA:214,0
DA:215,0
DA:216,0
DA:217,0
DA:220,850587
DA:224,0
DA:225,0
DA:229,850587
DA:230,850587
DA:231,850587
DA:232,850587
DA:237,0
DA:238,0
DA:239,0
DA:240,0
DA:244,850587
DA:247,850587
DA:248,850587
DA:249,0
DA:250,0
DA:253,850587
DA:254,850587
DA:255,2604
end_of_record
SF:/home/yilegu/squint/bug_study/leveldb-1/leveldb/include/leveldb/slice.h
FN:28,_ZN7leveldb5SliceC2Ev
FNDA:0,_ZN7leveldb5SliceC2Ev
FN:31,_ZN7leveldb5SliceC2EPKcm
FNDA:0,_ZN7leveldb5SliceC2EPKcm
FN:34,_ZN7leveldb5SliceC2ERKNSt7__cxx1112basic_stringIcSt11char_traitsIcESaIcEEE
FNDA:0,_ZN7leveldb5SliceC2ERKNSt7__cxx1112basic_stringIcSt11char_traitsIcESaIcEEE
FN:37,_ZN7leveldb5SliceC2EPKc
FNDA:0,_ZN7leveldb5SliceC2EPKc
FN:40,_ZNK7leveldb5Slice4dataEv
FNDA:0,_ZNK7leveldb5Slice4dataEv
FN:43,_ZNK7leveldb5Slice4sizeEv
FNDA:0,_ZNK7leveldb5Slice4sizeEv
FN:56,_ZN7leveldb5Slice5clearEv
FNDA:854893,_ZN7leveldb5Slice5clearEv
FN:59,_ZN7leveldb5Slice13remove_prefixEm
FNDA:0,_ZN7leveldb5Slice13remove_prefixEm
DA:28,0
DA:31,0
DA:34,0
DA:37,0
DA:40,0
DA:43,0
DA:56,854893
DA:59,0
DA:60,0
DA:61,0
DA:62,0
DA:63,0
end_of_record
SF:/home/yilegu/squint/bug_study/leveldb-1/leveldb/include/leveldb/status.h
FN:25,_ZN7leveldb6StatusD2Ev
FNDA:0,_ZN7leveldb6StatusD2Ev
FN:38,_ZN7leveldb6Status10CorruptionERKNS_5SliceES3_
FNDA:0,_ZN7leveldb6Status10CorruptionERKNS_5SliceES3_
FN:52,_ZNK7leveldb6Status2okEv
FNDA:0,_ZNK7leveldb6Status2okEv
DA:25,0
DA:38,0
DA:39,0
DA:52,0
end_of_record
TN:
SF:/home/yilegu/squint/bug_study/leveldb-1/leveldb/db/dbformat.h
FN:75,_ZN7leveldb17ParsedInternalKeyC2Ev
FNDA:0,_ZN7leveldb17ParsedInternalKeyC2Ev
FN:76,_ZN7leveldb17ParsedInternalKeyC2ERKNS_5SliceERKmNS_9ValueTypeE
FNDA:0,_ZN7leveldb17ParsedInternalKeyC2ERKNS_5SliceERKmNS_9ValueTypeE
FN:98,_ZN7leveldb14ExtractUserKeyERKNS_5SliceE
FNDA:0,_ZN7leveldb14ExtractUserKeyERKNS_5SliceE
FN:176,_ZN7leveldb16ParseInternalKeyERKNS_5SliceEPNS_17ParsedInternalKeyE
FNDA:0,_ZN7leveldb16ParseInternalKeyERKNS_5SliceEPNS_17ParsedInternalKeyE
DA:75,0
DA:76,0
DA:77,0
DA:98,0
DA:99,0
DA:100,0
DA:176,0
DA:178,0
DA:179,0
DA:180,0
DA:181,0
DA:182,0
DA:183,0
DA:184,0
DA:185,0
end_of_record
SF:/usr/include/c++/12/bits/basic_string.h
FN:3853,_ZSt4swapIcSt11char_traitsIcESaIcEEvRNSt7__cxx1112basic_stringIT_T0_T1_EES9_
FNDA:0,_ZSt4swapIcSt11char_traitsIcESaIcEEvRNSt7__cxx1112basic_stringIT_T0_T1_EES9_
DA:3853,0
DA:3856,0
end_of_record
SF:/usr/include/c++/12/bits/move.h
FN:104,_ZSt4moveIRSaIcEEONSt16remove_referenceIT_E4typeEOS3_
FNDA:0,_ZSt4moveIRSaIcEEONSt16remove_referenceIT_E4typeEOS3_
DA:104,0
DA:105,0
end_of_record
SF:/home/yilegu/squint/bug_study/leveldb-1/leveldb/include/leveldb/status.h
FN:24,_ZN7leveldb6StatusC2Ev
FNDA:0,_ZN7leveldb6StatusC2Ev
FN:25,_ZN7leveldb6StatusD2Ev
FNDA:0,_ZN7leveldb6StatusD2Ev
FN:38,_ZN7leveldb6Status10CorruptionERKNS_5SliceES3_
FNDA:0,_ZN7leveldb6Status10CorruptionERKNS_5SliceES3_
FN:52,_ZNK7leveldb6Status2okEv
FNDA:0,_ZNK7leveldb6Status2okEv
FN:92,_ZN7leveldb6StatusC2ERKS0_
FNDA:0,_ZN7leveldb6StatusC2ERKS0_
FN:95,_ZN7leveldb6StatusaSERKS0_
FNDA:0,_ZN7leveldb6StatusaSERKS0_
DA:24,0
DA:25,0
DA:38,0
DA:39,0
DA:52,0
DA:92,0
DA:93,0
DA:94,0
DA:95,0
DA:98,0
DA:99,0
DA:100,0
DA:102,0
end_of_record
SF:/home/yilegu/squint/bug_study/leveldb-1/leveldb/util/random.h
FN:19,_ZN7leveldb6RandomC2Ej
FNDA:2933,_ZN7leveldb6RandomC2Ej
FN:25,_ZN7leveldb6Random4NextEv
FNDA:1121948,_ZN7leveldb6Random4NextEv
FN:48,_ZN7leveldb6Random7UniformEi
FNDA:1567,_ZN7leveldb6Random7UniformEi
DA:19,2933
DA:21,2933
DA:22,0
DA:24,2933
DA:25,1121948
DA:34,1121948
DA:37,1121948
DA:41,1121948
DA:42,0
DA:44,1121948
DA:48,1567
end_of_record
SF:/home/yilegu/squint/bug_study/leveldb-1/leveldb/include/leveldb/slice.h
FN:28,_ZN7leveldb5SliceC2Ev
FNDA:0,_ZN7leveldb5SliceC2Ev
FN:31,_ZN7leveldb5SliceC2EPKcm
FNDA:0,_ZN7leveldb5SliceC2EPKcm
FN:34,_ZN7leveldb5SliceC2ERKNSt7__cxx1112basic_stringIcSt11char_traitsIcESaIcEEE
FNDA:0,_ZN7leveldb5SliceC2ERKNSt7__cxx1112basic_stringIcSt11char_traitsIcESaIcEEE
FN:37,_ZN7leveldb5SliceC2EPKc
FNDA:0,_ZN7leveldb5SliceC2EPKc
FN:40,_ZNK7leveldb5Slice4dataEv
FNDA:0,_ZNK7leveldb5Slice4dataEv
FN:43,_ZNK7leveldb5Slice4sizeEv
FNDA:0,_ZNK7leveldb5Slice4sizeEv
DA:28,0
DA:31,0
DA:34,0
DA:37,0
DA:40,0
DA:43,0
end_of_record
SF:/home/yilegu/squint/bug_study/leveldb-1/leveldb/db/db_iter.cc
FN:51,_ZN7leveldb12_GLOBAL__N_16DBIterC2EPNS_6DBImplEPKNS_10ComparatorEPNS_8IteratorEmj
FNDA:954,_ZN7leveldb12_GLOBAL__N_16DBIterC2EPNS_6DBImplEPKNS_10ComparatorEPNS_8IteratorEmj
FN:62,_ZN7leveldb12_GLOBAL__N_16DBIterD2Ev
FNDA:954,_ZN7leveldb12_GLOBAL__N_16DBIterD2Ev
FN:62,_ZN7leveldb12_GLOBAL__N_16DBIterD0Ev
FNDA:954,_ZN7leveldb12_GLOBAL__N_16DBIterD0Ev
FN:65,_ZNK7leveldb12_GLOBAL__N_16DBIter5ValidEv
FNDA:1281764,_ZNK7leveldb12_GLOBAL__N_16DBIter5ValidEv
FN:66,_ZNK7leveldb12_GLOBAL__N_16DBIter3keyEv
FNDA:1280810,_ZNK7leveldb12_GLOBAL__N_16DBIter3keyEv
FN:70,_ZNK7leveldb12_GLOBAL__N_16DBIter5valueEv
FNDA:1280810,_ZNK7leveldb12_GLOBAL__N_16DBIter5valueEv
FN:74,_ZNK7leveldb12_GLOBAL__N_16DBIter6statusEv
FNDA:1281764,_ZNK7leveldb12_GLOBAL__N_16DBIter6statusEv
FN:93,_ZN7leveldb12_GLOBAL__N_16DBIter7SaveKeyERKNS_5SliceEPNSt7__cxx1112basic_stringIcSt11char_traitsIcESaIcEEE
FNDA:1576789,_ZN7leveldb12_GLOBAL__N_16DBIter7SaveKeyERKNS_5SliceEPNSt7__cxx1112basic_stringIcSt11char_traitsIcESaIcEEE
FN:97,_ZN7leveldb12_GLOBAL__N_16DBIter15ClearSavedValueEv
FNDA:954,_ZN7leveldb12_GLOBAL__N_16DBIter15ClearSavedValueEv
FN:107,_ZN7leveldb12_GLOBAL__N_16DBIter12RandomPeriodEv
FNDA:1567,_ZN7leveldb12_GLOBAL__N_16DBIter12RandomPeriodEv
FN:130,_ZN7leveldb12_GLOBAL__N_16DBIter8ParseKeyEPNS_17ParsedInternalKeyE
FNDA:3153578,_ZN7leveldb12_GLOBAL__N_16DBIter8ParseKeyEPNS_17ParsedInternalKeyE
FN:146,_ZN7leveldb12_GLOBAL__N_16DBIter4NextEv
FNDA:1280810,_ZN7leveldb12_GLOBAL__N_16DBIter4NextEv
FN:173,_ZN7leveldb12_GLOBAL__N_16DBIter17FindNextUserEntryEbPNSt7__cxx1112basic_stringIcSt11char_traitsIcESaIcEEE
FNDA:1281443,_ZN7leveldb12_GLOBAL__N_16DBIter17FindNextUserEntryEbPNSt7__cxx1112basic_stringIcSt11char_traitsIcESaIcEEE
FN:205,_ZN7leveldb12_GLOBAL__N_16DBIter4PrevEv
FNDA:0,_ZN7leveldb12_GLOBAL__N_16DBIter4PrevEv
FN:232,_ZN7leveldb12_GLOBAL__N_16DBIter17FindPrevUserEntryEv
FNDA:0,_ZN7leveldb12_GLOBAL__N_16DBIter17FindPrevUserEntryEv
FN:274,_ZN7leveldb12_GLOBAL__N_16DBIter4SeekERKNS_5SliceE
FNDA:0,_ZN7leveldb12_GLOBAL__N_16DBIter4SeekERKNS_5SliceE
FN:288,_ZN7leveldb12_GLOBAL__N_16DBIter11SeekToFirstEv
FNDA:954,_ZN7leveldb12_GLOBAL__N_16DBIter11SeekToFirstEv
FN:299,_ZN7leveldb12_GLOBAL__N_16DBIter10SeekToLastEv
FNDA:0,_ZN7leveldb12_GLOBAL__N_16DBIter10SeekToLastEv
FN:308,_ZN7leveldb13NewDBIteratorEPNS_6DBImplEPKNS_10ComparatorEPNS_8IteratorEmj
FNDA:954,_ZN7leveldb13NewDBIteratorEPNS_6DBImplEPKNS_10ComparatorEPNS_8IteratorEmj
DA:51,954
DA:53,1908
DA:54,954
DA:55,954
DA:56,954
DA:57,954
DA:58,954
DA:59,954
DA:60,1908
DA:61,954
DA:62,954
DA:64,954
DA:62,954
DA:63,954
DA:64,954
DA:65,1281764
DA:66,1280810
DA:67,1280810
DA:68,2561620
DA:70,1280810
DA:71,1280810
DA:72,1280810
DA:74,1281764
DA:75,1281764
DA:76,1281764
DA:78,0
DA:93,1576789
DA:94,1576789
DA:95,1576789
DA:97,954
DA:98,954
DA:99,0
DA:100,0
DA:101,0
DA:102,954
DA:104,954
DA:107,1567
DA:108,1567
DA:130,3153578
DA:131,3153578
DA:132,3153578
DA:133,3153578
DA:134,3154191
DA:135,613
DA:136,613
DA:138,3153578
DA:139,0
DA:140,0
DA:142,3153578
DA:146,1280810
DA:147,1280810
DA:149,1280810
DA:150,0
DA:154,0
DA:155,0
DA:157,0
DA:159,0
DA:160,0
DA:161,0
DA:162,0
DA:167,1280810
DA:170,1280810
DA:173,1281443
DA:175,1281443
DA:176,1281443
DA:178,3153578
DA:179,3153578
DA:180,3153578
DA:181,295979
DA:184,295979
DA:185,295979
DA:186,295979
DA:187,2857599
DA:188,5715178
DA:189,5715178
DA:192,1280810
DA:193,1280810
DA:194,1280810
DA:196,1576789
DA:199,1872768
DA:200,1872768
DA:201,633
DA:202,633
DA:205,0
DA:206,0
DA:208,0
DA:211,0
DA:212,0
DA:214,0
DA:215,0
DA:216,0
DA:217,0
DA:218,0
DA:219,0
DA:221,0
DA:222,0
DA:223,0
DA:226,0
DA:229,0
DA:232,0
DA:233,0
DA:235,0
DA:236,0
DA:238,0
DA:239,0
DA:240,0
DA:241,0
DA:243,0
DA:245,0
DA:246,0
DA:247,0
DA:248,0
DA:250,0
DA:251,0
DA:252,0
DA:253,0
DA:254,0
DA:255,0
DA:256,0
DA:259,0
DA:260,0
DA:263,0
DA:265,0
DA:266,0
DA:267,0
DA:268,0
DA:270,0
DA:272,0
DA:274,0
DA:275,0
DA:276,0
DA:277,0
DA:278,0
DA:279,0
DA:280,0
DA:281,0
DA:282,0
DA:284,0
DA:286,0
DA:288,954
DA:289,954
DA:290,954
DA:291,954
DA:292,954
DA:293,633
DA:295,321
DA:297,954
DA:299,0
DA:300,0
DA:301,0
DA:302,0
DA:303,0
DA:304,0
DA:308,954
DA:314,954
end_of_record
SF:/home/yilegu/squint/bug_study/leveldb-1/leveldb/util/coding.h
FN:72,_ZN7leveldb13DecodeFixed64EPKc
FNDA:0,_ZN7leveldb13DecodeFixed64EPKc
DA:72,0
DA:76,0
DA:77,0
end_of_record
SF:/usr/include/c++/12/bits/new_allocator.h
FN:80,_ZNSt15__new_allocatorIcEC2Ev
FNDA:0,_ZNSt15__new_allocatorIcEC2Ev
FN:90,_ZNSt15__new_allocatorIcED2Ev
FNDA:0,_ZNSt15__new_allocatorIcED2Ev
DA:80,0
DA:90,0
end_of_record
