TN:
SF:/home/yilegu/squint/bug_study/leveldb-1/leveldb/db/builder.cc
FN:17,_ZN7leveldb10BuildTableERKNSt7__cxx1112basic_stringIcSt11char_traitsIcESaIcEEEPNS_3EnvERKNS_7OptionsEPNS_10TableCacheEPNS_8IteratorEPNS_12FileMetaDataE
FNDA:1016,_ZN7leveldb10BuildTableERKNSt7__cxx1112basic_stringIcSt11char_traitsIcESaIcEEEPNS_3EnvERKNS_7OptionsEPNS_10TableCacheEPNS_8IteratorEPNS_12FileMetaDataE
FNF:1
FNH:1
DA:17,1016
DA:23,1016
DA:24,1016
DA:25,1016
DA:27,1016
DA:28,1016
DA:30,1016
DA:31,1016
DA:32,0
DA:35,1016
DA:36,1016
DA:37,853409
DA:38,852393
DA:39,852393
DA:40,852393
DA:44,1016
DA:45,1016
DA:46,1016
DA:47,1016
DA:48,1016
DA:51,0
DA:53,1016
DA:56,1016
DA:57,1016
DA:59,1016
DA:60,1016
DA:62,1016
DA:63,1016
DA:65,1016
DA:67,1016
DA:70,1016
DA:71,1016
DA:76,1016
DA:77,0
DA:80,1016
DA:83,0
DA:85,1016
DA:86,1016
LF:38
LH:34
end_of_record
TN:
SF:/home/yilegu/squint/bug_study/leveldb-1/leveldb/db/db_impl.cc
FN:50,_ZN7leveldb6DBImpl6WriterC2EPNS_4port5MutexE
FN:76,_ZN7leveldb6DBImpl15CompactionState14current_outputEv
FN:78,_ZN7leveldb6DBImpl15CompactionStateC2EPNS_10CompactionE
FN:88,_ZN7leveldbL11ClipToRangeIiiEEvPT_T0_S3_
FN:88,_ZN7leveldbL11ClipToRangeImiEEvPT_T0_S3_
FN:92,_ZN7leveldb15SanitizeOptionsERKNSt7__cxx1112basic_stringIcSt11char_traitsIcESaIcEEEPKNS_21InternalKeyComparatorEPKNS_20InternalFilterPolicyERKNS_7OptionsE
FN:118,_ZN7leveldb6DBImplC2ERKNS_7OptionsERKNSt7__cxx1112basic_stringIcSt11char_traitsIcESaIcEEE
FN:150,_ZN7leveldb6DBImplD0Ev
FN:150,_ZN7leveldb6DBImplD2Ev
FN:179,_ZN7leveldb6DBImpl5NewDBEv
FN:211,_ZNK7leveldb6DBImpl16MaybeIgnoreErrorEPNS_6StatusE
FN:220,_ZN7leveldb6DBImpl19DeleteObsoleteFilesEv
FN:276,_ZN7leveldb6DBImpl7RecoverEPNS_11VersionEditE
FN:364,_ZN7leveldb6DBImpl14RecoverLogFileEmPNS_11VersionEditEPm
FN:372,_ZZN7leveldb6DBImpl14RecoverLogFileEmPNS_11VersionEditEPmEN11LogReporter10CorruptionEmRKNS_6StatusE
FN:459,_ZN7leveldb6DBImpl16WriteLevel0TableEPNS_8MemTableEPNS_11VersionEditEPNS_7VersionE
FN:505,_ZN7leveldb6DBImpl15CompactMemTableEv
FN:538,_ZN7leveldb6DBImpl12CompactRangeEPKNS_5SliceES3_
FN:555,_ZN7leveldb6DBImpl17TEST_CompactRangeEiPKNS_5SliceES3_
FN:592,_ZN7leveldb6DBImpl20TEST_CompactMemTableEv
FN:609,_ZN7leveldb6DBImpl21RecordBackgroundErrorERKNS_6StatusE
FN:617,_ZN7leveldb6DBImpl23MaybeScheduleCompactionEv
FN:635,_ZN7leveldb6DBImpl6BGWorkEPv
FN:639,_ZN7leveldb6DBImpl14BackgroundCallEv
FN:658,_ZN7leveldb6DBImpl20BackgroundCompactionEv
FN:743,_ZN7leveldb6DBImpl17CleanupCompactionEPNS0_15CompactionStateE
FN:760,_ZN7leveldb6DBImpl24OpenCompactionOutputFileEPNS0_15CompactionStateE
FN:785,_ZN7leveldb6DBImpl26FinishCompactionOutputFileEPNS0_15CompactionStateEPNS_8IteratorE
FN:837,_ZN7leveldb6DBImpl24InstallCompactionResultsEPNS0_15CompactionStateE
FN:858,_ZN7leveldb6DBImpl16DoCompactionWorkEPNS0_15CompactionStateE
FN:1027,_ZN7leveldb12_GLOBAL__N_1L20CleanupIteratorStateEPvS1_
FN:1038,_ZN7leveldb6DBImpl19NewInternalIteratorERKNS_11ReadOptionsEPmPj
FN:1069,_ZN7leveldb6DBImpl24TEST_NewInternalIteratorEv
FN:1075,_ZN7leveldb6DBImpl33TEST_MaxNextLevelOverlappingBytesEv
FN:1080,_ZN7leveldb6DBImpl3GetERKNS_11ReadOptionsERKNS_5SliceEPNSt7__cxx1112basic_stringIcSt11char_traitsIcESaIcEEE
FN:1127,_ZN7leveldb6DBImpl11NewIteratorERKNS_11ReadOptionsE
FN:1139,_ZN7leveldb6DBImpl16RecordReadSampleENS_5SliceE
FN:1146,_ZN7leveldb6DBImpl11GetSnapshotEv
FN:1151,_ZN7leveldb6DBImpl15ReleaseSnapshotEPKNS_8SnapshotE
FN:1157,_ZN7leveldb6DBImpl3PutERKNS_12WriteOptionsERKNS_5SliceES6_Pb
FN:1161,_ZN7leveldb6DBImpl6DeleteERKNS_12WriteOptionsERKNS_5SliceEPb
FN:1168,_ZN7leveldb6DBImpl5WriteERKNS_12WriteOptionsEPNS_10WriteBatchEPb
FN:1254,_ZN7leveldb6DBImpl15BuildBatchGroupEPPNS0_6WriterE
FN:1303,_ZN7leveldb6DBImpl16MakeRoomForWriteEb
FN:1371,_ZN7leveldb6DBImpl11GetPropertyERKNS_5SliceEPNSt7__cxx1112basic_stringIcSt11char_traitsIcESaIcEEE
FN:1425,_ZN7leveldb6DBImpl19GetApproximateSizesEPKNS_5RangeEiPm
FN:1453,_ZN7leveldb2DB3PutERKNS_12WriteOptionsERKNS_5SliceES6_Pb
FN:1465,_ZN7leveldb2DB6DeleteERKNS_12WriteOptionsERKNS_5SliceEPb
FN:1472,_ZN7leveldb2DBD2Ev
FN:1472,_ZN7leveldb2DBD0Ev
FN:1474,_ZN7leveldb2DB4OpenERKNS_7OptionsERKNSt7__cxx1112basic_stringIcSt11char_traitsIcESaIcEEEPPS0_
FN:1508,_ZN7leveldb8SnapshotD0Ev
FN:1508,_ZN7leveldb8SnapshotD2Ev
FN:1511,_ZN7leveldb9DestroyDBERKNSt7__cxx1112basic_stringIcSt11char_traitsIcESaIcEEERKNS_7OptionsE
FNDA:4507,_ZN7leveldb6DBImpl3PutERKNS_12WriteOptionsERKNS_5SliceES6_Pb
FNDA:954,_ZN7leveldb12_GLOBAL__N_1L20CleanupIteratorStateEPvS1_
FNDA:0,_ZZN7leveldb6DBImpl14RecoverLogFileEmPNS_11VersionEditEPmEN11LogReporter10CorruptionEmRKNS_6StatusE
FNDA:0,_ZN7leveldb6DBImpl19GetApproximateSizesEPKNS_5RangeEiPm
FNDA:3,_ZN7leveldb6DBImpl15CompactMemTableEv
FNDA:0,_ZN7leveldb6DBImpl24InstallCompactionResultsEPNS0_15CompactionStateE
FNDA:492,_ZN7leveldb2DB6DeleteERKNS_12WriteOptionsERKNS_5SliceEPb
FNDA:0,_ZN7leveldb9DestroyDBERKNSt7__cxx1112basic_stringIcSt11char_traitsIcESaIcEEERKNS_7OptionsE
FNDA:0,_ZN7leveldb6DBImpl15ReleaseSnapshotEPKNS_8SnapshotE
FNDA:963,_ZN7leveldb6DBImplD0Ev
FNDA:0,_ZN7leveldb8SnapshotD0Ev
FNDA:963,_ZN7leveldb2DB4OpenERKNS_7OptionsERKNSt7__cxx1112basic_stringIcSt11char_traitsIcESaIcEEEPPS0_
FNDA:1083884,_ZN7leveldb6DBImpl3GetERKNS_11ReadOptionsERKNS_5SliceEPNSt7__cxx1112basic_stringIcSt11char_traitsIcESaIcEEE
FNDA:3,_ZN7leveldb6DBImpl20BackgroundCompactionEv
FNDA:492,_ZN7leveldb6DBImpl6DeleteERKNS_12WriteOptionsERKNS_5SliceEPb
FNDA:0,_ZN7leveldb6DBImpl24TEST_NewInternalIteratorEv
FNDA:963,_ZN7leveldb6DBImplD2Ev
FNDA:954,_ZN7leveldb6DBImpl11NewIteratorERKNS_11ReadOptionsE
FNDA:1016,_ZN7leveldb6DBImpl16WriteLevel0TableEPNS_8MemTableEPNS_11VersionEditEPNS_7VersionE
FNDA:963,_ZN7leveldb15SanitizeOptionsERKNSt7__cxx1112basic_stringIcSt11char_traitsIcESaIcEEEPKNS_21InternalKeyComparatorEPKNS_20InternalFilterPolicyERKNS_7OptionsE
FNDA:3,_ZN7leveldb6DBImpl6BGWorkEPv
FNDA:958,_ZN7leveldb6DBImpl19DeleteObsoleteFilesEv
FNDA:963,_ZN7leveldb8SnapshotD2Ev
FNDA:0,_ZN7leveldb6DBImpl33TEST_MaxNextLevelOverlappingBytesEv
FNDA:3,_ZN7leveldb6DBImpl14BackgroundCallEv
FNDA:1190,_ZN7leveldb6DBImpl14RecoverLogFileEmPNS_11VersionEditEPm
FNDA:0,_ZN7leveldb6DBImpl16DoCompactionWorkEPNS0_15CompactionStateE
FNDA:847848,_ZNK7leveldb6DBImpl16MaybeIgnoreErrorEPNS_6StatusE
FNDA:961,_ZN7leveldb6DBImpl23MaybeScheduleCompactionEv
FNDA:4507,_ZN7leveldb2DB3PutERKNS_12WriteOptionsERKNS_5SliceES6_Pb
FNDA:0,_ZN7leveldb6DBImpl17CleanupCompactionEPNS0_15CompactionStateE
FNDA:70,_ZN7leveldb6DBImpl5NewDBEv
FNDA:963,_ZN7leveldb2DBD2Ev
FNDA:963,_ZN7leveldb6DBImpl7RecoverEPNS_11VersionEditE
FNDA:4999,_ZN7leveldb6DBImpl15BuildBatchGroupEPPNS0_6WriterE
FNDA:4999,_ZN7leveldb6DBImpl6WriterC2EPNS_4port5MutexE
FNDA:613,_ZN7leveldb6DBImpl16RecordReadSampleENS_5SliceE
FNDA:0,_ZN7leveldb6DBImpl15CompactionStateC2EPNS_10CompactionE
FNDA:963,_ZN7leveldbL11ClipToRangeIiiEEvPT_T0_S3_
FNDA:0,_ZN7leveldb2DBD0Ev
FNDA:0,_ZN7leveldb6DBImpl17TEST_CompactRangeEiPKNS_5SliceES3_
FNDA:0,_ZN7leveldb6DBImpl11GetPropertyERKNS_5SliceEPNSt7__cxx1112basic_stringIcSt11char_traitsIcESaIcEEE
FNDA:963,_ZN7leveldb6DBImplC2ERKNS_7OptionsERKNSt7__cxx1112basic_stringIcSt11char_traitsIcESaIcEEE
FNDA:0,_ZN7leveldb6DBImpl24OpenCompactionOutputFileEPNS0_15CompactionStateE
FNDA:0,_ZN7leveldb6DBImpl11GetSnapshotEv
FNDA:0,_ZN7leveldb6DBImpl21RecordBackgroundErrorERKNS_6StatusE
FNDA:1926,_ZN7leveldbL11ClipToRangeImiEEvPT_T0_S3_
FNDA:0,_ZN7leveldb6DBImpl26FinishCompactionOutputFileEPNS0_15CompactionStateEPNS_8IteratorE
FNDA:0,_ZN7leveldb6DBImpl15CompactionState14current_outputEv
FNDA:954,_ZN7leveldb6DBImpl19NewInternalIteratorERKNS_11ReadOptionsEPmPj
FNDA:0,_ZN7leveldb6DBImpl12CompactRangeEPKNS_5SliceES3_
FNDA:0,_ZN7leveldb6DBImpl20TEST_CompactMemTableEv
FNDA:4999,_ZN7leveldb6DBImpl16MakeRoomForWriteEb
FNDA:4999,_ZN7leveldb6DBImpl5WriteERKNS_12WriteOptionsEPNS_10WriteBatchEPb
FNF:54
FNH:33
DA:50,4999
DA:76,0
DA:78,0
DA:79,0
DA:80,0
DA:81,0
DA:82,0
DA:83,0
DA:88,2889
DA:89,2889
DA:90,2889
DA:91,2889
DA:92,963
DA:96,963
DA:97,963
DA:98,963
DA:99,963
DA:100,963
DA:101,963
DA:102,963
DA:104,963
DA:105,963
DA:106,963
DA:107,963
DA:109,0
DA:111,963
DA:112,963
DA:113,963
DA:115,963
DA:118,963
DA:119,963
DA:120,963
DA:121,963
DA:122,963
DA:124,963
DA:125,963
DA:126,963
DA:127,963
DA:128,963
DA:129,963
DA:130,963
DA:131,963
DA:132,963
DA:133,963
DA:134,963
DA:135,963
DA:136,963
DA:137,963
DA:138,10593
DA:139,963
DA:140,963
DA:143,963
DA:144,963
DA:146,0
DA:147,963
DA:148,963
DA:150,4815
DA:152,963
DA:153,963
DA:154,963
DA:155,0
DA:157,963
DA:159,963
DA:160,963
DA:163,963
DA:164,963
DA:165,963
DA:166,963
DA:167,963
DA:168,963
DA:169,963
DA:171,963
DA:172,963
DA:174,963
DA:175,963
DA:177,1926
DA:179,70
DA:180,70
DA:181,70
DA:182,70
DA:183,70
DA:184,70
DA:186,70
DA:188,70
DA:189,70
DA:190,0
DA:193,70
DA:194,70
DA:195,70
DA:196,70
DA:197,70
DA:198,70
DA:200,70
DA:201,70
DA:202,70
DA:204,70
DA:206,0
DA:208,70
DA:209,70
DA:211,847848
DA:212,847848
DA:215,0
DA:216,0
DA:218,847848
DA:220,958
DA:221,958
DA:224,0
DA:228,958
DA:229,958
DA:231,958
DA:232,958
DA:235,13560
DA:236,12602
DA:237,9732
DA:238,9732
DA:239,2269
DA:240,3580
DA:241,1311
DA:242,2269
DA:243,1961
DA:246,1961
DA:247,1961
DA:248,1677
DA:249,1677
DA:250,1677
DA:251,0
DA:254,0
DA:255,0
DA:256,3825
DA:259,3825
DA:260,3825
DA:263,9732
DA:264,2314
DA:265,0
DA:267,2314
DA:270,2314
DA:274,958
DA:276,963
DA:277,963
DA:282,963
DA:283,963
DA:284,963
DA:285,963
DA:286,0
DA:289,963
DA:290,70
DA:291,70
DA:292,70
DA:293,0
DA:297,0
DA:300,893
DA:302,0
DA:306,963
DA:307,963
DA:308,955
DA:317,955
DA:318,955
DA:319,955
DA:320,955
DA:321,955
DA:322,0
DA:324,955
DA:325,955
DA:328,955
DA:329,11138
DA:330,10183
DA:331,7319
DA:332,7319
DA:333,1190
DA:336,955
DA:338,0
DA:339,0
DA:340,0
DA:344,955
DA:345,2145
DA:346,1190
DA:351,1190
DA:354,955
DA:355,955
DA:356,601
DA:359,955
DA:361,963
DA:362,963
DA:364,1190
DA:372,0
DA:373,0
DA:374,0
DA:375,0
DA:376,0
DA:377,0
DA:380,1190
DA:383,1190
DA:385,1190
DA:386,1190
DA:387,0
DA:388,0
DA:392,1190
DA:393,1190
DA:394,1190
DA:395,1190
DA:396,1190
DA:402,1190
DA:403,1190
DA:407,1190
DA:408,1190
DA:409,1190
DA:410,1190
DA:411,1696886
DA:412,847848
DA:413,847848
DA:414,0
DA:415,0
DA:416,0
DA:418,847848
DA:420,847848
DA:421,1013
DA:422,1013
DA:424,847848
DA:425,847848
DA:426,847848
DA:427,0
DA:430,847848
DA:431,847848
DA:432,847848
DA:433,847848
DA:436,847848
DA:437,385
DA:438,385
DA:441,0
DA:443,385
DA:444,385
DA:448,1190
DA:449,628
DA:454,1190
DA:455,1190
DA:456,1190
DA:457,1190
DA:459,1016
DA:461,1016
DA:462,1016
DA:463,1016
DA:464,1016
DA:465,1016
DA:466,1016
DA:467,1016
DA:468,1016
DA:470,1016
DA:472,1016
DA:473,1016
DA:474,1016
DA:477,1016
DA:478,1016
DA:479,1016
DA:480,2032
DA:481,1016
DA:482,1016
DA:487,1016
DA:488,1016
DA:489,1016
DA:490,1016
DA:491,1016
DA:492,3
DA:494,1016
DA:498,1016
DA:499,1016
DA:500,1016
DA:501,1016
DA:502,2032
DA:503,1016
DA:505,3
DA:506,3
DA:507,3
DA:510,3
DA:511,3
DA:512,3
DA:513,3
DA:514,3
DA:516,3
DA:517,0
DA:521,3
DA:522,3
DA:523,3
DA:524,3
DA:527,3
DA:529,3
DA:530,3
DA:531,3
DA:532,3
DA:534,0
DA:536,3
DA:538,0
DA:539,0
DA:541,0
DA:542,0
DA:543,0
DA:544,0
DA:545,0
DA:548,0
DA:549,0
DA:550,0
DA:551,0
DA:553,0
DA:555,0
DA:556,0
DA:557,0
DA:559,0
DA:561,0
DA:562,0
DA:563,0
DA:564,0
DA:565,0
DA:567,0
DA:568,0
DA:570,0
DA:571,0
DA:573,0
DA:574,0
DA:577,0
DA:578,0
DA:579,0
DA:580,0
DA:581,0
DA:583,0
DA:586,0
DA:588,0
DA:590,0
DA:592,0
DA:595,0
DA:596,0
DA:598,0
DA:599,0
DA:600,0
DA:602,0
DA:603,0
DA:605,0
DA:606,0
DA:607,0
DA:609,0
DA:610,0
DA:611,0
DA:612,0
DA:613,0
DA:615,0
DA:617,961
DA:618,961
DA:619,961
DA:621,961
DA:623,961
DA:625,2880
DA:626,1919
DA:627,958
DA:630,3
DA:631,3
DA:633,961
DA:635,3
DA:636,3
DA:637,3
DA:639,3
DA:640,3
DA:641,3
DA:642,3
DA:644,3
DA:647,3
DA:650,3
DA:654,3
DA:655,3
DA:656,3
DA:658,3
DA:659,3
DA:661,3
DA:662,3
DA:663,3
DA:667,0
DA:668,0
DA:669,0
DA:670,0
DA:671,0
DA:672,0
DA:673,0
DA:674,0
DA:676,0
DA:679,0
DA:680,0
DA:681,0
DA:683,0
DA:686,0
DA:687,0
DA:689,0
DA:691,0
DA:692,0
DA:693,0
DA:694,0
DA:695,0
DA:696,0
DA:697,0
DA:698,0
DA:701,0
DA:702,0
DA:703,0
DA:704,0
DA:705,0
DA:706,0
DA:708,0
DA:709,0
DA:710,0
DA:711,0
DA:713,0
DA:714,0
DA:715,0
DA:717,0
DA:719,0
DA:721,0
DA:724,0
DA:725,0
DA:728,0
DA:729,0
DA:730,0
DA:731,0
DA:733,0
DA:736,0
DA:737,0
DA:739,0
DA:741,0
DA:743,0
DA:744,0
DA:745,0
DA:747,0
DA:748,0
DA:750,0
DA:752,0
DA:753,0
DA:754,0
DA:755,0
DA:757,0
DA:758,0
DA:760,0
DA:761,0
DA:762,0
DA:765,0
DA:766,0
DA:767,0
DA:768,0
DA:769,0
DA:770,0
DA:771,0
DA:772,0
DA:773,0
DA:774,0
DA:777,0
DA:778,0
DA:779,0
DA:780,0
DA:782,0
DA:783,0
DA:785,0
DA:787,0
DA:788,0
DA:789,0
DA:791,0
DA:792,0
DA:795,0
DA:796,0
DA:797,0
DA:798,0
DA:800,0
DA:802,0
DA:803,0
DA:804,0
DA:805,0
DA:806,0
DA:809,0
DA:810,0
DA:812,0
DA:813,0
DA:815,0
DA:816,0
DA:818,0
DA:820,0
DA:823,0
DA:824,0
DA:825,0
DA:826,0
DA:833,0
DA:834,0
DA:837,0
DA:838,0
DA:839,0
DA:840,0
DA:841,0
DA:842,0
DA:843,0
DA:844,0
DA:847,0
DA:848,0
DA:849,0
DA:850,0
DA:851,0
DA:853,0
DA:855,0
DA:858,0
DA:859,0
DA:860,0
DA:862,0
DA:863,0
DA:864,0
DA:865,0
DA:866,0
DA:868,0
DA:869,0
DA:870,0
DA:871,0
DA:872,0
DA:874,0
DA:878,0
DA:880,0
DA:881,0
DA:882,0
DA:883,0
DA:884,0
DA:885,0
DA:886,0
DA:887,0
DA:889,0
DA:890,0
DA:891,0
DA:892,0
DA:893,0
DA:894,0
DA:896,0
DA:897,0
DA:900,0
DA:901,0
DA:902,0
DA:903,0
DA:904,0
DA:905,0
DA:910,0
DA:911,0
DA:913,0
DA:914,0
DA:915,0
DA:917,0
DA:918,0
DA:919,0
DA:921,0
DA:922,0
DA:923,0
DA:926,0
DA:928,0
DA:929,0
DA:930,0
DA:931,0
DA:939,0
DA:942,0
DA:954,0
DA:956,0
DA:957,0
DA:958,0
DA:959,0
DA:962,0
DA:963,0
DA:965,0
DA:966,0
DA:969,0
DA:970,0
DA:971,0
DA:972,0
DA:973,0
DA:978,0
DA:981,0
DA:982,0
DA:984,0
DA:985,0
DA:987,0
DA:988,0
DA:990,0
DA:991,0
DA:993,0
DA:994,0
DA:995,0
DA:996,0
DA:997,0
DA:1000,0
DA:1001,0
DA:1004,0
DA:1005,0
DA:1007,0
DA:1008,0
DA:1010,0
DA:1011,0
DA:1014,0
DA:1015,0
DA:1016,0
DA:1017,0
DA:1027,954
DA:1028,954
DA:1029,954
DA:1030,954
DA:1031,954
DA:1032,954
DA:1033,954
DA:1034,954
DA:1035,954
DA:1038,954
DA:1041,954
DA:1042,954
DA:1043,954
DA:1046,954
DA:1047,954
DA:1048,954
DA:1049,954
DA:1050,0
DA:1051,0
DA:1053,954
DA:1055,954
DA:1056,954
DA:1058,954
DA:1059,954
DA:1060,954
DA:1061,954
DA:1062,954
DA:1064,954
DA:1065,954
DA:1066,954
DA:1067,954
DA:1069,0
DA:1072,0
DA:1075,0
DA:1076,0
DA:1077,0
DA:1078,0
DA:1080,1083884
DA:1083,1083884
DA:1084,1083884
DA:1086,1083884
DA:1087,0
DA:1089,1083884
DA:1092,1083884
DA:1093,1083884
DA:1094,1083884
DA:1095,1083884
DA:1096,1083884
DA:1097,1083884
DA:1099,1083884
DA:1104,1083884
DA:1106,1083884
DA:1107,1083884
DA:1109,1083884
DA:1112,1083884
DA:1113,1083884
DA:1115,1083884
DA:1116,1083884
DA:1118,1083884
DA:1119,0
DA:1121,1083884
DA:1122,1083884
DA:1123,1083884
DA:1124,2167768
DA:1125,1083884
DA:1127,954
DA:1130,954
DA:1131,954
DA:1133,954
DA:1134,0
DA:1135,954
DA:1136,1908
DA:1139,613
DA:1140,613
DA:1141,613
DA:1142,0
DA:1144,613
DA:1146,0
DA:1147,0
DA:1148,0
DA:1149,0
DA:1151,0
DA:1152,0
DA:1153,0
DA:1154,0
DA:1157,4507
DA:1158,4507
DA:1161,492
DA:1162,492
DA:1168,4999
DA:1169,4999
DA:1170,4999
DA:1171,4999
DA:1172,4999
DA:1174,4999
DA:1175,4999
DA:1176,4999
DA:1177,0
DA:1179,4999
DA:1180,0
DA:1184,4999
DA:1187,4999
DA:1188,3
DA:1189,3
DA:1190,3
DA:1192,4999
DA:1194,4999
DA:1195,4999
DA:1196,4999
DA:1197,4999
DA:1198,4999
DA:1199,4999
DA:1206,4999
DA:1207,4999
DA:1208,4999
DA:1211,4999
DA:1212,3
DA:1213,3
DA:1214,0
DA:1217,4999
DA:1218,4999
DA:1220,4999
DA:1221,4999
DA:1225,0
DA:1228,4999
DA:1230,4999
DA:1234,4999
DA:1235,4999
DA:1236,4999
DA:1237,0
DA:1238,0
DA:1239,0
DA:1241,4999
DA:1242,0
DA:1245,4999
DA:1246,0
DA:1249,4999
DA:1250,4999
DA:1254,4999
DA:1255,4999
DA:1256,4999
DA:1257,4999
DA:1258,4999
DA:1260,4999
DA:1265,4999
DA:1266,4999
DA:1267,4999
DA:1270,4999
DA:1271,4999
DA:1272,4999
DA:1273,4999
DA:1274,0
DA:1275,0
DA:1277,0
DA:1280,0
DA:1281,0
DA:1282,0
DA:1284,0
DA:1288,0
DA:1290,0
DA:1291,0
DA:1292,0
DA:1294,0
DA:1296,0
DA:1298,4999
DA:1303,4999
DA:1304,4999
DA:1305,4999
DA:1306,4999
DA:1307,4999
DA:1309,5002
DA:1311,0
DA:1312,0
DA:1313,5002
DA:1314,10004
DA:1315,5002
DA:1322,0
DA:1323,0
DA:1324,0
DA:1325,0
DA:1326,10004
DA:1327,5002
DA:1329,4999
DA:1330,3
DA:1333,0
DA:1334,0
DA:1335,3
DA:1337,0
DA:1338,0
DA:1343,3
DA:1346,3
DA:1347,3
DA:1348,3
DA:1349,3
DA:1350,3
DA:1352,0
DA:1353,0
DA:1355,3
DA:1356,3
DA:1357,3
DA:1358,3
DA:1359,3
DA:1360,3
DA:1361,3
DA:1362,3
DA:1363,3
DA:1364,3
DA:1365,3
DA:1367,3
DA:1368,4999
DA:1369,0
DA:1371,0
DA:1372,0
DA:1374,0
DA:1375,0
DA:1376,0
DA:1377,0
DA:1378,0
DA:1380,0
DA:1381,0
DA:1383,0
DA:1384,0
DA:1385,0
DA:1388,0
DA:1389,0
DA:1390,0
DA:1391,0
DA:1393,0
DA:1395,0
DA:1400,0
DA:1401,0
DA:1402,0
DA:1403,0
DA:1404,0
DA:1409,0
DA:1410,0
DA:1411,0
DA:1412,0
DA:1413,0
DA:1416,0
DA:1417,0
DA:1418,0
DA:1419,0
DA:1422,0
DA:1423,0
DA:1425,0
DA:1431,0
DA:1432,0
DA:1433,0
DA:1434,0
DA:1436,0
DA:1438,0
DA:1439,0
DA:1440,0
DA:1441,0
DA:1442,0
DA:1443,0
DA:1446,0
DA:1447,0
DA:1448,0
DA:1449,0
DA:1453,4507
DA:1460,4507
DA:1461,4507
DA:1462,9014
DA:1463,4507
DA:1465,492
DA:1467,492
DA:1468,492
DA:1469,984
DA:1470,492
DA:1472,963
DA:1474,963
DA:1476,963
DA:1478,963
DA:1479,963
DA:1480,963
DA:1481,963
DA:1482,963
DA:1483,955
DA:1485,955
DA:1487,955
DA:1488,955
DA:1489,955
DA:1490,955
DA:1491,955
DA:1492,955
DA:1494,955
DA:1495,955
DA:1496,955
DA:1499,963
DA:1500,963
DA:1501,955
DA:1503,8
DA:1505,1926
DA:1506,963
DA:1508,963
DA:1509,963
DA:1511,0
DA:1512,0
DA:1513,0
DA:1515,0
DA:1516,0
DA:1517,0
DA:1521,0
DA:1522,0
DA:1523,0
DA:1526,0
DA:1527,0
DA:1528,0
DA:1529,0
DA:1530,0
DA:1531,0
DA:1533,0
DA:1535,0
DA:1536,0
DA:1537,0
DA:1539,0
DA:1540,0
LF:913
LH:470
end_of_record
TN:
SF:/home/yilegu/squint/bug_study/leveldb-1/leveldb/db/db_impl.h
FN:183,_ZN7leveldb6DBImpl15CompactionStatsC2Ev
FN:185,_ZN7leveldb6DBImpl15CompactionStats3AddERKS1_
FN:197,_ZNK7leveldb6DBImpl15user_comparatorEv
FNDA:1024,_ZNK7leveldb6DBImpl15user_comparatorEv
FNDA:7757,_ZN7leveldb6DBImpl15CompactionStatsC2Ev
FNDA:1016,_ZN7leveldb6DBImpl15CompactionStats3AddERKS1_
FNF:3
FNH:3
DA:183,7757
DA:185,1016
DA:186,1016
DA:187,1016
DA:188,1016
DA:189,1016
DA:197,1024
DA:198,1024
LF:8
LH:8
end_of_record
TN:
SF:/home/yilegu/squint/bug_study/leveldb-1/leveldb/db/db_iter.cc
FN:51,_ZN7leveldb12_GLOBAL__N_16DBIterC2EPNS_6DBImplEPKNS_10ComparatorEPNS_8IteratorEmj
FN:62,_ZN7leveldb12_GLOBAL__N_16DBIterD2Ev
FN:62,_ZN7leveldb12_GLOBAL__N_16DBIterD0Ev
FN:65,_ZNK7leveldb12_GLOBAL__N_16DBIter5ValidEv
FN:66,_ZNK7leveldb12_GLOBAL__N_16DBIter3keyEv
FN:70,_ZNK7leveldb12_GLOBAL__N_16DBIter5valueEv
FN:74,_ZNK7leveldb12_GLOBAL__N_16DBIter6statusEv
FN:93,_ZN7leveldb12_GLOBAL__N_16DBIter7SaveKeyERKNS_5SliceEPNSt7__cxx1112basic_stringIcSt11char_traitsIcESaIcEEE
FN:97,_ZN7leveldb12_GLOBAL__N_16DBIter15ClearSavedValueEv
FN:107,_ZN7leveldb12_GLOBAL__N_16DBIter12RandomPeriodEv
FN:130,_ZN7leveldb12_GLOBAL__N_16DBIter8ParseKeyEPNS_17ParsedInternalKeyE
FN:146,_ZN7leveldb12_GLOBAL__N_16DBIter4NextEv
FN:173,_ZN7leveldb12_GLOBAL__N_16DBIter17FindNextUserEntryEbPNSt7__cxx1112basic_stringIcSt11char_traitsIcESaIcEEE
FN:205,_ZN7leveldb12_GLOBAL__N_16DBIter4PrevEv
FN:232,_ZN7leveldb12_GLOBAL__N_16DBIter17FindPrevUserEntryEv
FN:274,_ZN7leveldb12_GLOBAL__N_16DBIter4SeekERKNS_5SliceE
FN:288,_ZN7leveldb12_GLOBAL__N_16DBIter11SeekToFirstEv
FN:299,_ZN7leveldb12_GLOBAL__N_16DBIter10SeekToLastEv
FN:308,_ZN7leveldb13NewDBIteratorEPNS_6DBImplEPKNS_10ComparatorEPNS_8IteratorEmj
FNDA:1280810,_ZN7leveldb12_GLOBAL__N_16DBIter4NextEv
FNDA:3153578,_ZN7leveldb12_GLOBAL__N_16DBIter8ParseKeyEPNS_17ParsedInternalKeyE
FNDA:1567,_ZN7leveldb12_GLOBAL__N_16DBIter12RandomPeriodEv
FNDA:954,_ZN7leveldb12_GLOBAL__N_16DBIterC2EPNS_6DBImplEPKNS_10ComparatorEPNS_8IteratorEmj
FNDA:1280810,_ZNK7leveldb12_GLOBAL__N_16DBIter5valueEv
FNDA:954,_ZN7leveldb12_GLOBAL__N_16DBIterD2Ev
FNDA:0,_ZN7leveldb12_GLOBAL__N_16DBIter10SeekToLastEv
FNDA:1281443,_ZN7leveldb12_GLOBAL__N_16DBIter17FindNextUserEntryEbPNSt7__cxx1112basic_stringIcSt11char_traitsIcESaIcEEE
FNDA:0,_ZN7leveldb12_GLOBAL__N_16DBIter4SeekERKNS_5SliceE
FNDA:1281764,_ZNK7leveldb12_GLOBAL__N_16DBIter6statusEv
FNDA:0,_ZN7leveldb12_GLOBAL__N_16DBIter4PrevEv
FNDA:954,_ZN7leveldb12_GLOBAL__N_16DBIter11SeekToFirstEv
FNDA:954,_ZN7leveldb12_GLOBAL__N_16DBIterD0Ev
FNDA:1281764,_ZNK7leveldb12_GLOBAL__N_16DBIter5ValidEv
FNDA:1576789,_ZN7leveldb12_GLOBAL__N_16DBIter7SaveKeyERKNS_5SliceEPNSt7__cxx1112basic_stringIcSt11char_traitsIcESaIcEEE
FNDA:0,_ZN7leveldb12_GLOBAL__N_16DBIter17FindPrevUserEntryEv
FNDA:954,_ZN7leveldb13NewDBIteratorEPNS_6DBImplEPKNS_10ComparatorEPNS_8IteratorEmj
FNDA:1280810,_ZNK7leveldb12_GLOBAL__N_16DBIter3keyEv
FNDA:954,_ZN7leveldb12_GLOBAL__N_16DBIter15ClearSavedValueEv
FNF:19
FNH:15
DA:51,954
DA:53,1908
DA:54,954
DA:55,954
DA:56,954
DA:57,954
DA:58,954
DA:59,954
DA:60,1908
DA:61,954
DA:62,1908
DA:63,954
DA:64,1908
DA:65,1281764
DA:66,1280810
DA:67,1280810
DA:68,2561620
DA:70,1280810
DA:71,1280810
DA:72,1280810
DA:74,1281764
DA:75,1281764
DA:76,1281764
DA:78,0
DA:93,1576789
DA:94,1576789
DA:95,1576789
DA:97,954
DA:98,954
DA:99,0
DA:100,0
DA:101,0
DA:102,954
DA:104,954
DA:107,1567
DA:108,1567
DA:130,3153578
DA:131,3153578
DA:132,3153578
DA:133,3153578
DA:134,3154191
DA:135,613
DA:136,613
DA:138,3153578
DA:139,0
DA:140,0
DA:142,3153578
DA:146,1280810
DA:147,1280810
DA:149,1280810
DA:150,0
DA:154,0
DA:155,0
DA:157,0
DA:159,0
DA:160,0
DA:161,0
DA:162,0
DA:167,1280810
DA:170,1280810
DA:173,1281443
DA:175,1281443
DA:176,1281443
DA:178,3153578
DA:179,3153578
DA:180,3153578
DA:181,295979
DA:184,295979
DA:185,295979
DA:186,295979
DA:187,2857599
DA:188,5715178
DA:189,5715178
DA:192,1280810
DA:193,1280810
DA:194,1280810
DA:196,1576789
DA:199,1872768
DA:200,1872768
DA:201,633
DA:202,633
DA:205,0
DA:206,0
DA:208,0
DA:211,0
DA:212,0
DA:214,0
DA:215,0
DA:216,0
DA:217,0
DA:218,0
DA:219,0
DA:221,0
DA:222,0
DA:223,0
DA:226,0
DA:229,0
DA:232,0
DA:233,0
DA:235,0
DA:236,0
DA:238,0
DA:239,0
DA:240,0
DA:241,0
DA:243,0
DA:245,0
DA:246,0
DA:247,0
DA:248,0
DA:250,0
DA:251,0
DA:252,0
DA:253,0
DA:254,0
DA:255,0
DA:256,0
DA:259,0
DA:260,0
DA:263,0
DA:265,0
DA:266,0
DA:267,0
DA:268,0
DA:270,0
DA:272,0
DA:274,0
DA:275,0
DA:276,0
DA:277,0
DA:278,0
DA:279,0
DA:280,0
DA:281,0
DA:282,0
DA:284,0
DA:286,0
DA:288,954
DA:289,954
DA:290,954
DA:291,954
DA:292,954
DA:293,633
DA:295,321
DA:297,954
DA:299,0
DA:300,0
DA:301,0
DA:302,0
DA:303,0
DA:304,0
DA:308,954
DA:314,954
LF:153
LH:77
end_of_record
TN:
SF:/home/yilegu/squint/bug_study/leveldb-1/leveldb/db/dbformat.cc
FN:12,_ZN7leveldbL19PackSequenceAndTypeEmNS_9ValueTypeE
FN:18,_ZN7leveldb17AppendInternalKeyEPNSt7__cxx1112basic_stringIcSt11char_traitsIcESaIcEEERKNS_17ParsedInternalKeyE
FN:23,_ZNK7leveldb17ParsedInternalKey11DebugStringB5cxx11Ev
FN:34,_ZNK7leveldb11InternalKey11DebugStringB5cxx11Ev
FN:46,_ZNK7leveldb21InternalKeyComparator4NameEv
FN:50,_ZNK7leveldb21InternalKeyComparator7CompareERKNS_5SliceES3_
FN:68,_ZNK7leveldb21InternalKeyComparator21FindShortestSeparatorEPNSt7__cxx1112basic_stringIcSt11char_traitsIcESaIcEEERKNS_5SliceE
FN:87,_ZNK7leveldb21InternalKeyComparator18FindShortSuccessorEPNSt7__cxx1112basic_stringIcSt11char_traitsIcESaIcEEE
FN:101,_ZNK7leveldb20InternalFilterPolicy4NameEv
FN:105,_ZNK7leveldb20InternalFilterPolicy12CreateFilterEPKNS_5SliceEiPNSt7__cxx1112basic_stringIcSt11char_traitsIcESaIcEEE
FN:117,_ZNK7leveldb20InternalFilterPolicy11KeyMayMatchERKNS_5SliceES3_
FN:121,_ZN7leveldb9LookupKeyC2ERKNS_5SliceEm
FNDA:0,_ZNK7leveldb11InternalKey11DebugStringB5cxx11Ev
FNDA:1083884,_ZN7leveldb9LookupKeyC2ERKNS_5SliceEm
FNDA:0,_ZNK7leveldb20InternalFilterPolicy4NameEv
FNDA:0,_ZNK7leveldb20InternalFilterPolicy12CreateFilterEPKNS_5SliceEiPNSt7__cxx1112basic_stringIcSt11char_traitsIcESaIcEEE
FNDA:1084892,_ZN7leveldbL19PackSequenceAndTypeEmNS_9ValueTypeE
FNDA:0,_ZNK7leveldb17ParsedInternalKey11DebugStringB5cxx11Ev
FNDA:1016,_ZNK7leveldb21InternalKeyComparator18FindShortSuccessorEPNSt7__cxx1112basic_stringIcSt11char_traitsIcESaIcEEE
FNDA:2677,_ZNK7leveldb21InternalKeyComparator21FindShortestSeparatorEPNSt7__cxx1112basic_stringIcSt11char_traitsIcESaIcEEERKNS_5SliceE
FNDA:0,_ZNK7leveldb20InternalFilterPolicy11KeyMayMatchERKNS_5SliceES3_
FNDA:0,_ZNK7leveldb21InternalKeyComparator4NameEv
FNDA:36776053,_ZNK7leveldb21InternalKeyComparator7CompareERKNS_5SliceES3_
FNDA:12,_ZN7leveldb17AppendInternalKeyEPNSt7__cxx1112basic_stringIcSt11char_traitsIcESaIcEEERKNS_17ParsedInternalKeyE
FNF:12
FNH:6
DA:12,1084892
DA:13,1084892
DA:14,1084892
DA:15,1084892
DA:18,12
DA:19,12
DA:20,12
DA:21,12
DA:23,0
DA:25,0
DA:26,0
DA:27,0
DA:28,0
DA:29,0
DA:30,0
DA:31,0
DA:32,0
DA:34,0
DA:35,0
DA:36,0
DA:37,0
DA:38,0
DA:40,0
DA:41,0
DA:43,0
DA:44,0
DA:46,0
DA:47,0
DA:50,36776053
DA:55,36776053
DA:56,36776053
DA:57,1709997
DA:58,1709997
DA:59,1709997
DA:60,127223
DA:61,1582774
DA:62,1582756
DA:65,36776053
DA:68,2677
DA:72,2677
DA:73,2677
DA:74,2677
DA:75,2677
DA:76,2677
DA:77,2677
DA:80,0
DA:81,0
DA:82,0
DA:83,0
DA:85,2677
DA:87,1016
DA:88,1016
DA:89,1016
DA:90,1016
DA:91,2012
DA:92,2012
DA:95,996
DA:96,996
DA:97,996
DA:99,1016
DA:101,0
DA:102,0
DA:105,0
DA:109,0
DA:110,0
DA:111,0
DA:114,0
DA:115,0
DA:117,0
DA:118,0
DA:121,1083884
DA:122,1083884
DA:123,1083884
DA:125,1083884
DA:126,1083884
DA:128,0
DA:130,1083884
DA:131,1083884
DA:132,1083884
DA:133,1083884
DA:134,1083884
DA:135,1083884
DA:136,1083884
DA:137,1083884
DA:138,1083884
LF:85
LH:50
end_of_record
TN:
SF:/home/yilegu/squint/bug_study/leveldb-1/leveldb/db/dbformat.h
FN:75,_ZN7leveldb17ParsedInternalKeyC2Ev
FN:76,_ZN7leveldb17ParsedInternalKeyC2ERKNS_5SliceERKmNS_9ValueTypeE
FN:98,_ZN7leveldb14ExtractUserKeyERKNS_5SliceE
FN:117,_ZN7leveldb21InternalKeyComparatorC2EPKNS_10ComparatorE
FN:125,_ZNK7leveldb21InternalKeyComparator15user_comparatorEv
FN:135,_ZN7leveldb20InternalFilterPolicyC2EPKNS_12FilterPolicyE
FN:148,_ZN7leveldb11InternalKeyC2Ev
FN:149,_ZN7leveldb11InternalKeyC2ERKNS_5SliceEmNS_9ValueTypeE
FN:153,_ZN7leveldb11InternalKey10DecodeFromERKNS_5SliceE
FN:154,_ZNK7leveldb11InternalKey6EncodeEv
FN:159,_ZNK7leveldb11InternalKey8user_keyEv
FN:166,_ZN7leveldb11InternalKey5ClearEv
FN:171,_ZNK7leveldb21InternalKeyComparator7CompareERKNS_11InternalKeyES3_
FN:176,_ZN7leveldb16ParseInternalKeyERKNS_5SliceEPNS_17ParsedInternalKeyE
FN:198,_ZNK7leveldb9LookupKey12memtable_keyEv
FN:201,_ZNK7leveldb9LookupKey12internal_keyEv
FN:204,_ZNK7leveldb9LookupKey8user_keyEv
FN:224,_ZN7leveldb9LookupKeyD2Ev
FNDA:1083884,_ZN7leveldb9LookupKeyD2Ev
FNDA:1087444,_ZNK7leveldb21InternalKeyComparator15user_comparatorEv
FNDA:12244,_ZN7leveldb11InternalKeyC2Ev
FNDA:963,_ZN7leveldb20InternalFilterPolicyC2EPKNS_12FilterPolicyE
FNDA:12,_ZN7leveldb11InternalKeyC2ERKNS_5SliceEmNS_9ValueTypeE
FNDA:963,_ZN7leveldb21InternalKeyComparatorC2EPKNS_10ComparatorE
FNDA:4253620,_ZN7leveldb17ParsedInternalKeyC2Ev
FNDA:1083884,_ZNK7leveldb9LookupKey12memtable_keyEv
FNDA:1083884,_ZNK7leveldb9LookupKey8user_keyEv
FNDA:4253620,_ZN7leveldb16ParseInternalKeyERKNS_5SliceEPNS_17ParsedInternalKeyE
FNDA:3088282,_ZNK7leveldb11InternalKey8user_keyEv
FNDA:1689,_ZNK7leveldb21InternalKeyComparator7CompareERKNS_11InternalKeyES3_
FNDA:854725,_ZN7leveldb11InternalKey10DecodeFromERKNS_5SliceE
FNDA:1116023,_ZNK7leveldb11InternalKey6EncodeEv
FNDA:12,_ZN7leveldb17ParsedInternalKeyC2ERKNS_5SliceERKmNS_9ValueTypeE
FNDA:1083884,_ZNK7leveldb9LookupKey12internal_keyEv
FNDA:79208378,_ZN7leveldb14ExtractUserKeyERKNS_5SliceE
FNDA:0,_ZN7leveldb11InternalKey5ClearEv
FNF:18
FNH:17
DA:75,4253620
DA:76,12
DA:77,12
DA:98,79208378
DA:99,79208378
DA:100,79208378
DA:117,963
DA:125,1087444
DA:135,963
DA:148,12244
DA:149,12
DA:150,12
DA:151,12
DA:153,854725
DA:154,1116023
DA:155,1116023
DA:156,1116023
DA:159,3088282
DA:166,0
DA:171,1689
DA:173,1689
DA:176,4253620
DA:178,4253620
DA:179,4253620
DA:180,4253620
DA:181,4253620
DA:182,4253620
DA:183,4253620
DA:184,4253620
DA:185,4253620
DA:198,1083884
DA:201,1083884
DA:204,1083884
DA:224,1083884
DA:225,1083884
DA:226,1083884
LF:36
LH:35
end_of_record
TN:
SF:/home/yilegu/squint/bug_study/leveldb-1/leveldb/db/filename.cc
FN:18,_ZN7leveldbL12MakeFileNameERKNSt7__cxx1112basic_stringIcSt11char_traitsIcESaIcEEEmPKc
FN:27,_ZN7leveldb11LogFileNameERKNSt7__cxx1112basic_stringIcSt11char_traitsIcESaIcEEEm
FN:32,_ZN7leveldb13TableFileNameERKNSt7__cxx1112basic_stringIcSt11char_traitsIcESaIcEEEm
FN:37,_ZN7leveldb16SSTTableFileNameERKNSt7__cxx1112basic_stringIcSt11char_traitsIcESaIcEEEm
FN:42,_ZN7leveldb18DescriptorFileNameERKNSt7__cxx1112basic_stringIcSt11char_traitsIcESaIcEEEm
FN:50,_ZN7leveldb15CurrentFileNameERKNSt7__cxx1112basic_stringIcSt11char_traitsIcESaIcEEE
FN:54,_ZN7leveldb12LockFileNameERKNSt7__cxx1112basic_stringIcSt11char_traitsIcESaIcEEE
FN:58,_ZN7leveldb12TempFileNameERKNSt7__cxx1112basic_stringIcSt11char_traitsIcESaIcEEEm
FN:63,_ZN7leveldb15InfoLogFileNameERKNSt7__cxx1112basic_stringIcSt11char_traitsIcESaIcEEE
FN:68,_ZN7leveldb18OldInfoLogFileNameERKNSt7__cxx1112basic_stringIcSt11char_traitsIcESaIcEEE
FN:80,_ZN7leveldb13ParseFileNameERKNSt7__cxx1112basic_stringIcSt11char_traitsIcESaIcEEEPmPNS_8FileTypeE
FN:126,_ZN7leveldb14SetCurrentFileEPNS_3EnvERKNSt7__cxx1112basic_stringIcSt11char_traitsIcESaIcEEEm
FNDA:2690,_ZN7leveldb13TableFileNameERKNSt7__cxx1112basic_stringIcSt11char_traitsIcESaIcEEEm
FNDA:2951,_ZN7leveldb15CurrentFileNameERKNSt7__cxx1112basic_stringIcSt11char_traitsIcESaIcEEE
FNDA:963,_ZN7leveldb12LockFileNameERKNSt7__cxx1112basic_stringIcSt11char_traitsIcESaIcEEE
FNDA:2050,_ZN7leveldb18DescriptorFileNameERKNSt7__cxx1112basic_stringIcSt11char_traitsIcESaIcEEEm
FNDA:5863,_ZN7leveldbL12MakeFileNameERKNSt7__cxx1112basic_stringIcSt11char_traitsIcESaIcEEEmPKc
FNDA:1025,_ZN7leveldb12TempFileNameERKNSt7__cxx1112basic_stringIcSt11char_traitsIcESaIcEEEm
FNDA:0,_ZN7leveldb16SSTTableFileNameERKNSt7__cxx1112basic_stringIcSt11char_traitsIcESaIcEEEm
FNDA:1926,_ZN7leveldb15InfoLogFileNameERKNSt7__cxx1112basic_stringIcSt11char_traitsIcESaIcEEE
FNDA:1025,_ZN7leveldb14SetCurrentFileEPNS_3EnvERKNSt7__cxx1112basic_stringIcSt11char_traitsIcESaIcEEEm
FNDA:2148,_ZN7leveldb11LogFileNameERKNSt7__cxx1112basic_stringIcSt11char_traitsIcESaIcEEEm
FNDA:22785,_ZN7leveldb13ParseFileNameERKNSt7__cxx1112basic_stringIcSt11char_traitsIcESaIcEEEPmPNS_8FileTypeE
FNDA:963,_ZN7leveldb18OldInfoLogFileNameERKNSt7__cxx1112basic_stringIcSt11char_traitsIcESaIcEEE
FNF:12
FNH:11
DA:18,5863
DA:21,5863
DA:24,11726
DA:27,2148
DA:28,2148
DA:29,2148
DA:32,2690
DA:33,2690
DA:34,2690
DA:37,0
DA:38,0
DA:39,0
DA:42,2050
DA:43,2050
DA:45,2050
DA:47,4100
DA:50,2951
DA:51,2951
DA:54,963
DA:55,963
DA:58,1025
DA:59,1025
DA:60,1025
DA:63,1926
DA:64,1926
DA:68,963
DA:69,963
DA:80,22785
DA:83,22785
DA:84,22785
DA:85,1913
DA:86,1913
DA:87,20872
DA:88,1913
DA:89,1913
DA:90,18959
DA:91,3815
DA:92,3815
DA:93,15144
DA:94,3076
DA:96,3076
DA:97,0
DA:99,3076
DA:100,0
DA:102,3076
DA:103,3076
DA:108,12068
DA:109,5734
DA:111,6334
DA:112,6334
DA:113,3577
DA:114,2757
DA:115,2697
DA:116,60
DA:117,60
DA:119,0
DA:121,6334
DA:123,17051
DA:126,1025
DA:129,1025
DA:130,1025
DA:131,1025
DA:132,1025
DA:133,1025
DA:134,1025
DA:135,1025
DA:136,1025
DA:138,1025
DA:139,0
DA:141,2050
DA:142,1025
LF:71
LH:64
end_of_record
TN:
SF:/home/yilegu/squint/bug_study/leveldb-1/leveldb/db/log_reader.cc
FN:15,_ZN7leveldb3log6Reader8ReporterD2Ev
FN:15,_ZN7leveldb3log6Reader8ReporterD0Ev
FN:18,_ZN7leveldb3log6ReaderC2EPNS_14SequentialFileEPNS1_8ReporterEbm
FN:31,_ZN7leveldb3log6ReaderD2Ev
FN:35,_ZN7leveldb3log6Reader18SkipToInitialBlockEv
FN:59,_ZN7leveldb3log6Reader10ReadRecordEPNS_5SliceEPNSt7__cxx1112basic_stringIcSt11char_traitsIcESaIcEEE
FN:164,_ZN7leveldb3log6Reader16LastRecordOffsetEv
FN:168,_ZN7leveldb3log6Reader16ReportCorruptionEmPKc
FN:172,_ZN7leveldb3log6Reader10ReportDropEmRKNS_6StatusE
FN:179,_ZN7leveldb3log6Reader18ReadPhysicalRecordEPNS_5SliceE
FNDA:0,_ZN7leveldb3log6Reader16ReportCorruptionEmPKc
FNDA:2153,_ZN7leveldb3log6Reader8ReporterD2Ev
FNDA:0,_ZN7leveldb3log6Reader10ReportDropEmRKNS_6StatusE
FNDA:2153,_ZN7leveldb3log6ReaderD2Ev
FNDA:852740,_ZN7leveldb3log6Reader18ReadPhysicalRecordEPNS_5SliceE
FNDA:0,_ZN7leveldb3log6Reader8ReporterD0Ev
FNDA:852289,_ZN7leveldb3log6Reader10ReadRecordEPNS_5SliceEPNSt7__cxx1112basic_stringIcSt11char_traitsIcESaIcEEE
FNDA:0,_ZN7leveldb3log6Reader18SkipToInitialBlockEv
FNDA:2153,_ZN7leveldb3log6ReaderC2EPNS_14SequentialFileEPNS1_8ReporterEbm
FNDA:0,_ZN7leveldb3log6Reader16LastRecordOffsetEv
FNF:10
FNH:5
DA:15,2153
DA:16,2153
DA:18,2153
DA:19,2153
DA:20,2153
DA:21,2153
DA:22,2153
DA:23,2153
DA:24,2153
DA:25,2153
DA:26,2153
DA:27,2153
DA:28,2153
DA:29,2153
DA:31,2153
DA:32,2153
DA:33,2153
DA:35,0
DA:36,0
DA:37,0
DA:40,0
DA:41,0
DA:42,0
DA:45,0
DA:48,0
DA:49,0
DA:50,0
DA:51,0
DA:52,0
DA:54,0
DA:56,0
DA:59,852289
DA:60,852289
DA:61,0
DA:62,0
DA:66,852289
DA:67,852289
DA:68,852289
DA:71,852289
DA:73,852289
DA:75,852740
DA:76,852740
DA:77,852740
DA:78,849685
DA:79,849685
DA:84,0
DA:85,0
DA:87,0
DA:90,849685
DA:91,849685
DA:92,849685
DA:93,849685
DA:94,849685
DA:96,451
DA:97,451
DA:102,0
DA:103,0
DA:105,0
DA:108,451
DA:109,451
DA:110,451
DA:111,451
DA:113,0
DA:114,0
DA:115,0
DA:118,0
DA:120,0
DA:122,451
DA:123,451
DA:124,0
DA:127,451
DA:128,451
DA:129,451
DA:130,451
DA:132,0
DA:134,2153
DA:135,2153
DA:136,0
DA:137,0
DA:139,2153
DA:141,0
DA:142,0
DA:143,0
DA:144,0
DA:145,0
DA:147,0
DA:149,0
DA:151,0
DA:152,0
DA:153,0
DA:155,0
DA:156,0
DA:157,0
DA:160,451
DA:164,0
DA:165,0
DA:168,0
DA:169,0
DA:170,0
DA:172,0
DA:173,0
DA:174,0
DA:175,0
DA:177,0
DA:179,852740
DA:181,855344
DA:182,4757
DA:184,2604
DA:185,2604
DA:186,2604
DA:187,2604
DA:188,0
DA:189,0
DA:190,0
DA:191,0
DA:192,2604
DA:193,2153
DA:195,2604
DA:196,4757
DA:198,2153
DA:200,0
DA:201,0
DA:202,0
DA:203,0
DA:208,850587
DA:209,850587
DA:210,850587
DA:211,850587
DA:212,850587
DA:213,850587
DA:214,0
DA:215,0
DA:216,0
DA:217,0
DA:220,850587
DA:224,0
DA:225,0
DA:229,850587
DA:230,850587
DA:231,850587
DA:232,850587
DA:237,0
DA:238,0
DA:239,0
DA:240,0
DA:244,850587
DA:247,850587
DA:248,850587
DA:249,0
DA:250,0
DA:253,850587
DA:254,850587
DA:255,2604
LF:153
LH:79
end_of_record
TN:
SF:/home/yilegu/squint/bug_study/leveldb-1/leveldb/db/log_writer.cc
FN:15,_ZN7leveldb3log6WriterC2EPNS_12WritableFileE
FN:24,_ZN7leveldb3log6WriterD2Ev
FN:27,_ZN7leveldb3log6Writer9AddRecordERKNS_5SliceE
FN:75,_ZN7leveldb3log6Writer18EmitPhysicalRecordENS0_10RecordTypeEPKcm
FNDA:6985,_ZN7leveldb3log6Writer18EmitPhysicalRecordENS0_10RecordTypeEPKcm
FNDA:1983,_ZN7leveldb3log6WriterC2EPNS_12WritableFileE
FNDA:1983,_ZN7leveldb3log6WriterD2Ev
FNDA:6982,_ZN7leveldb3log6Writer9AddRecordERKNS_5SliceE
FNF:4
FNH:4
DA:15,1983
DA:16,1983
DA:17,1983
DA:18,11898
DA:19,9915
DA:20,9915
DA:22,1983
DA:24,1983
DA:25,1983
DA:27,6982
DA:28,6982
DA:29,6982
DA:34,6982
DA:35,6982
DA:37,6985
DA:38,6985
DA:39,6985
DA:41,3
DA:44,0
DA:46,3
DA:50,6985
DA:52,6985
DA:53,6985
DA:56,6985
DA:57,6985
DA:58,6979
DA:59,6
DA:60,3
DA:61,3
DA:62,3
DA:64,0
DA:67,6985
DA:68,6985
DA:69,6985
DA:70,6985
DA:71,6985
DA:72,13964
DA:73,0
DA:75,6985
DA:76,6985
DA:77,6985
DA:81,6985
DA:82,6985
DA:83,6985
DA:86,6985
DA:87,6985
DA:88,6985
DA:91,6985
DA:92,6985
DA:93,6985
DA:94,6985
DA:95,6985
DA:98,6985
DA:99,13970
DA:100,0
LF:55
LH:51
end_of_record
TN:
SF:/home/yilegu/squint/bug_study/leveldb-1/leveldb/db/memtable.cc
FN:14,_ZN7leveldbL22GetLengthPrefixedSliceEPKc
FN:21,_ZN7leveldb8MemTableC2ERKNS_21InternalKeyComparatorE
FN:27,_ZN7leveldb8MemTableD2Ev
FN:31,_ZN7leveldb8MemTable22ApproximateMemoryUsageEv
FN:33,_ZNK7leveldb8MemTable13KeyComparatorclEPKcS3_
FN:44,_ZN7leveldbL9EncodeKeyEPNSt7__cxx1112basic_stringIcSt11char_traitsIcESaIcEEERKNS_5SliceE
FN:53,_ZN7leveldb16MemTableIteratorC2EPNS_8SkipListIPKcNS_8MemTable13KeyComparatorEEE
FN:55,_ZNK7leveldb16MemTableIterator5ValidEv
FN:56,_ZN7leveldb16MemTableIterator4SeekERKNS_5SliceE
FN:57,_ZN7leveldb16MemTableIterator11SeekToFirstEv
FN:58,_ZN7leveldb16MemTableIterator10SeekToLastEv
FN:59,_ZN7leveldb16MemTableIterator4NextEv
FN:60,_ZN7leveldb16MemTableIterator4PrevEv
FN:61,_ZNK7leveldb16MemTableIterator3keyEv
FN:62,_ZNK7leveldb16MemTableIterator5valueEv
FN:67,_ZNK7leveldb16MemTableIterator6statusEv
FN:78,_ZN7leveldb8MemTable11NewIteratorEv
FN:82,_ZN7leveldb8MemTable3AddEmNS_9ValueTypeERKNS_5SliceES4_
FN:108,_ZN7leveldb8MemTable3GetERKNS_9LookupKeyEPNSt7__cxx1112basic_stringIcSt11char_traitsIcESaIcEEEPNS_6StatusE
FNDA:852393,_ZNK7leveldb16MemTableIterator5valueEv
FNDA:1970,_ZN7leveldb8MemTable11NewIteratorEv
FNDA:856012,_ZNK7leveldb16MemTableIterator5ValidEv
FNDA:1970,_ZN7leveldb16MemTableIterator11SeekToFirstEv
FNDA:1970,_ZN7leveldb16MemTableIteratorC2EPNS_8SkipListIPKcNS_8MemTable13KeyComparatorEEE
FNDA:26594499,_ZN7leveldbL22GetLengthPrefixedSliceEPKc
FNDA:852847,_ZN7leveldb8MemTable3AddEmNS_9ValueTypeERKNS_5SliceES4_
FNDA:12018152,_ZNK7leveldb8MemTable13KeyComparatorclEPKcS3_
FNDA:0,_ZN7leveldb16MemTableIterator10SeekToLastEv
FNDA:1083884,_ZN7leveldb8MemTable3GetERKNS_9LookupKeyEPNSt7__cxx1112basic_stringIcSt11char_traitsIcESaIcEEEPNS_6StatusE
FNDA:852393,_ZN7leveldb16MemTableIterator4NextEv
FNDA:0,_ZN7leveldbL9EncodeKeyEPNSt7__cxx1112basic_stringIcSt11char_traitsIcESaIcEEERKNS_5SliceE
FNDA:0,_ZN7leveldb16MemTableIterator4PrevEv
FNDA:1979,_ZN7leveldb8MemTableC2ERKNS_21InternalKeyComparatorE
FNDA:0,_ZN7leveldb16MemTableIterator4SeekERKNS_5SliceE
FNDA:1282780,_ZNK7leveldb16MemTableIterator6statusEv
FNDA:853409,_ZNK7leveldb16MemTableIterator3keyEv
FNDA:1979,_ZN7leveldb8MemTableD2Ev
FNDA:852850,_ZN7leveldb8MemTable22ApproximateMemoryUsageEv
FNF:19
FNH:15
DA:14,26594499
DA:16,26594499
DA:17,26594499
DA:18,26594499
DA:21,1979
DA:22,1979
DA:23,1979
DA:24,1979
DA:25,1979
DA:27,1979
DA:28,1979
DA:29,1979
DA:31,852850
DA:33,12018152
DA:36,12018152
DA:37,12018152
DA:38,24036304
DA:44,0
DA:45,0
DA:46,0
DA:47,0
DA:48,0
DA:53,1970
DA:55,856012
DA:56,0
DA:57,1970
DA:58,0
DA:59,852393
DA:60,0
DA:61,853409
DA:62,852393
DA:63,852393
DA:64,1704786
DA:67,1282780
DA:78,1970
DA:79,1970
DA:82,852847
DA:90,852847
DA:91,852847
DA:92,852847
DA:94,852847
DA:95,852847
DA:96,852847
DA:97,852847
DA:98,852847
DA:99,852847
DA:100,852847
DA:101,852847
DA:102,852847
DA:103,852847
DA:104,852847
DA:105,852847
DA:106,852847
DA:108,1083884
DA:109,1083884
DA:110,1083884
DA:111,1083884
DA:112,1083884
DA:122,0
DA:124,0
DA:125,0
DA:126,0
DA:127,0
DA:129,0
DA:130,0
DA:131,0
DA:132,0
DA:133,0
DA:134,0
DA:136,0
DA:137,0
DA:138,0
DA:142,1083884
LF:73
LH:51
end_of_record
TN:
SF:/home/yilegu/squint/bug_study/leveldb-1/leveldb/db/memtable.h
FN:27,_ZN7leveldb8MemTable3RefEv
FN:30,_ZN7leveldb8MemTable5UnrefEv
FN:71,_ZN7leveldb8MemTable13KeyComparatorC2ERKNS_21InternalKeyComparatorE
FNDA:1086817,_ZN7leveldb8MemTable5UnrefEv
FNDA:1086817,_ZN7leveldb8MemTable3RefEv
FNDA:1979,_ZN7leveldb8MemTable13KeyComparatorC2ERKNS_21InternalKeyComparatorE
FNF:3
FNH:3
DA:27,1086817
DA:30,1086817
DA:31,1086817
DA:32,1086817
DA:33,1086817
DA:34,1979
DA:36,1086817
DA:71,1979
LF:8
LH:8
end_of_record
TN:
SF:/home/yilegu/squint/bug_study/leveldb-1/leveldb/db/skiplist.h
FN:107,_ZNK7leveldb8SkipListIPKcNS_8MemTable13KeyComparatorEE12GetMaxHeightEv
FN:117,_ZNK7leveldb8SkipListIPKcNS_8MemTable13KeyComparatorEE5EqualERKS2_S7_
FN:145,_ZN7leveldb8SkipListIPKcNS_8MemTable13KeyComparatorEE4NodeC2ERKS2_
FN:151,_ZN7leveldb8SkipListIPKcNS_8MemTable13KeyComparatorEE4Node4NextEi
FN:157,_ZN7leveldb8SkipListIPKcNS_8MemTable13KeyComparatorEE4Node7SetNextEiPS6_
FN:165,_ZN7leveldb8SkipListIPKcNS_8MemTable13KeyComparatorEE4Node14NoBarrier_NextEi
FN:169,_ZN7leveldb8SkipListIPKcNS_8MemTable13KeyComparatorEE4Node17NoBarrier_SetNextEiPS6_
FN:181,_ZN7leveldb8SkipListIPKcNS_8MemTable13KeyComparatorEE7NewNodeERKS2_i
FN:188,_ZN7leveldb8SkipListIPKcNS_8MemTable13KeyComparatorEE8IteratorC2EPKS5_
FN:194,_ZNK7leveldb8SkipListIPKcNS_8MemTable13KeyComparatorEE8Iterator5ValidEv
FN:199,_ZNK7leveldb8SkipListIPKcNS_8MemTable13KeyComparatorEE8Iterator3keyEv
FN:205,_ZN7leveldb8SkipListIPKcNS_8MemTable13KeyComparatorEE8Iterator4NextEv
FN:211,_ZN7leveldb8SkipListIPKcNS_8MemTable13KeyComparatorEE8Iterator4PrevEv
FN:222,_ZN7leveldb8SkipListIPKcNS_8MemTable13KeyComparatorEE8Iterator4SeekERKS2_
FN:227,_ZN7leveldb8SkipListIPKcNS_8MemTable13KeyComparatorEE8Iterator11SeekToFirstEv
FN:232,_ZN7leveldb8SkipListIPKcNS_8MemTable13KeyComparatorEE8Iterator10SeekToLastEv
FN:240,_ZN7leveldb8SkipListIPKcNS_8MemTable13KeyComparatorEE12RandomHeightEv
FN:253,_ZNK7leveldb8SkipListIPKcNS_8MemTable13KeyComparatorEE14KeyIsAfterNodeERKS2_PNS5_4NodeE
FN:259,_ZNK7leveldb8SkipListIPKcNS_8MemTable13KeyComparatorEE18FindGreaterOrEqualERKS2_PPNS5_4NodeE
FN:282,_ZNK7leveldb8SkipListIPKcNS_8MemTable13KeyComparatorEE12FindLessThanERKS2_
FN:302,_ZNK7leveldb8SkipListIPKcNS_8MemTable13KeyComparatorEE8FindLastEv
FN:322,_ZN7leveldb8SkipListIPKcNS_8MemTable13KeyComparatorEEC2ES4_PNS_5ArenaE
FN:334,_ZN7leveldb8SkipListIPKcNS_8MemTable13KeyComparatorEE6InsertERKS2_
FNDA:852393,_ZN7leveldb8SkipListIPKcNS_8MemTable13KeyComparatorEE8Iterator4NextEv
FNDA:15937802,_ZNK7leveldb8SkipListIPKcNS_8MemTable13KeyComparatorEE14KeyIsAfterNodeERKS2_PNS5_4NodeE
FNDA:2793848,_ZNK7leveldb8SkipListIPKcNS_8MemTable13KeyComparatorEE12GetMaxHeightEv
FNDA:852847,_ZN7leveldb8SkipListIPKcNS_8MemTable13KeyComparatorEE6InsertERKS2_
FNDA:0,_ZNK7leveldb8SkipListIPKcNS_8MemTable13KeyComparatorEE12FindLessThanERKS2_
FNDA:0,_ZN7leveldb8SkipListIPKcNS_8MemTable13KeyComparatorEE8Iterator10SeekToLastEv
FNDA:0,_ZN7leveldb8SkipListIPKcNS_8MemTable13KeyComparatorEE8Iterator4PrevEv
FNDA:422571,_ZNK7leveldb8SkipListIPKcNS_8MemTable13KeyComparatorEE5EqualERKS2_S7_
FNDA:1120381,_ZN7leveldb8SkipListIPKcNS_8MemTable13KeyComparatorEE4Node17NoBarrier_SetNextEiPS6_
FNDA:0,_ZNK7leveldb8SkipListIPKcNS_8MemTable13KeyComparatorEE8FindLastEv
FNDA:1144129,_ZN7leveldb8SkipListIPKcNS_8MemTable13KeyComparatorEE4Node7SetNextEiPS6_
FNDA:1705802,_ZNK7leveldb8SkipListIPKcNS_8MemTable13KeyComparatorEE8Iterator3keyEv
FNDA:1085854,_ZN7leveldb8SkipListIPKcNS_8MemTable13KeyComparatorEE8IteratorC2EPKS5_
FNDA:1970,_ZN7leveldb8SkipListIPKcNS_8MemTable13KeyComparatorEE8Iterator11SeekToFirstEv
FNDA:1120381,_ZN7leveldb8SkipListIPKcNS_8MemTable13KeyComparatorEE4Node14NoBarrier_NextEi
FNDA:1083884,_ZN7leveldb8SkipListIPKcNS_8MemTable13KeyComparatorEE8Iterator4SeekERKS2_
FNDA:854826,_ZN7leveldb8SkipListIPKcNS_8MemTable13KeyComparatorEE7NewNodeERKS2_i
FNDA:852847,_ZN7leveldb8SkipListIPKcNS_8MemTable13KeyComparatorEE12RandomHeightEv
FNDA:16792165,_ZN7leveldb8SkipListIPKcNS_8MemTable13KeyComparatorEE4Node4NextEi
FNDA:854826,_ZN7leveldb8SkipListIPKcNS_8MemTable13KeyComparatorEE4NodeC2ERKS2_
FNDA:1979,_ZN7leveldb8SkipListIPKcNS_8MemTable13KeyComparatorEEC2ES4_PNS_5ArenaE
FNDA:1936731,_ZNK7leveldb8SkipListIPKcNS_8MemTable13KeyComparatorEE18FindGreaterOrEqualERKS2_PPNS5_4NodeE
FNDA:4498091,_ZNK7leveldb8SkipListIPKcNS_8MemTable13KeyComparatorEE8Iterator5ValidEv
FNF:23
FNH:19
DA:107,2793848
DA:109,2793848
DA:117,422571
DA:145,1709652
DA:151,16792165
DA:152,16792165
DA:155,16792165
DA:157,1144129
DA:158,1144129
DA:161,1144129
DA:162,1144129
DA:165,1120381
DA:166,1120381
DA:167,1120381
DA:169,1120381
DA:170,1120381
DA:171,1120381
DA:172,1120381
DA:181,854826
DA:182,1709652
DA:183,854826
DA:184,854826
DA:188,1085854
DA:189,1085854
DA:190,1085854
DA:191,1085854
DA:194,4498091
DA:195,4498091
DA:199,1705802
DA:200,1705802
DA:201,1705802
DA:205,852393
DA:206,852393
DA:207,852393
DA:208,852393
DA:211,0
DA:214,0
DA:215,0
DA:216,0
DA:217,0
DA:219,0
DA:222,1083884
DA:223,1083884
DA:224,1083884
DA:227,1970
DA:228,1970
DA:229,1970
DA:232,0
DA:233,0
DA:234,0
DA:235,0
DA:237,0
DA:240,852847
DA:243,852847
DA:244,1120381
DA:245,267534
DA:247,852847
DA:248,852847
DA:249,852847
DA:253,15937802
DA:255,15937802
DA:259,1936731
DA:261,1936731
DA:262,1936731
DA:263,14001071
DA:264,15937802
DA:265,15937802
DA:267,9791648
DA:269,6146154
DA:270,6146154
DA:271,1936731
DA:274,4209423
DA:282,0
DA:283,0
DA:284,0
DA:285,0
DA:286,0
DA:287,0
DA:288,0
DA:289,0
DA:290,0
DA:293,0
DA:296,0
DA:302,0
DA:304,0
DA:305,0
DA:306,0
DA:307,0
DA:308,0
DA:309,0
DA:310,0
DA:313,0
DA:316,0
DA:322,1979
DA:323,1979
DA:324,1979
DA:325,1979
DA:326,1979
DA:327,1979
DA:328,25727
DA:329,23748
DA:331,1979
DA:334,852847
DA:338,852847
DA:341,852847
DA:343,852847
DA:344,852847
DA:345,9918
DA:346,5648
DA:357,4270
DA:360,852847
DA:361,1973228
DA:364,1120381
DA:365,1120381
DA:367,852847
LF:115
LH:83
end_of_record
TN:
SF:/home/yilegu/squint/bug_study/leveldb-1/leveldb/db/snapshot.h
FN:32,_ZN7leveldb12SnapshotListC2Ev
FN:37,_ZNK7leveldb12SnapshotList5emptyEv
FN:38,_ZNK7leveldb12SnapshotList6oldestEv
FN:41,_ZN7leveldb12SnapshotList3NewEm
FN:52,_ZN7leveldb12SnapshotList6DeleteEPKNS_12SnapshotImplE
FNDA:0,_ZNK7leveldb12SnapshotList5emptyEv
FNDA:963,_ZN7leveldb12SnapshotListC2Ev
FNDA:0,_ZN7leveldb12SnapshotList3NewEm
FNDA:0,_ZN7leveldb12SnapshotList6DeleteEPKNS_12SnapshotImplE
FNDA:0,_ZNK7leveldb12SnapshotList6oldestEv
FNF:5
FNH:1
DA:32,963
DA:33,963
DA:34,963
DA:35,963
DA:37,0
DA:38,0
DA:41,0
DA:42,0
DA:43,0
DA:44,0
DA:45,0
DA:46,0
DA:47,0
DA:48,0
DA:49,0
DA:52,0
DA:53,0
DA:54,0
DA:55,0
DA:56,0
DA:57,0
LF:21
LH:4
end_of_record
TN:
SF:/home/yilegu/squint/bug_study/leveldb-1/leveldb/db/table_cache.cc
FN:19,_ZN7leveldbL11DeleteEntryERKNS_5SliceEPv
FN:26,_ZN7leveldbL10UnrefEntryEPvS0_
FN:32,_ZN7leveldb10TableCacheC2ERKNSt7__cxx1112basic_stringIcSt11char_traitsIcESaIcEEEPKNS_7OptionsEi
FN:41,_ZN7leveldb10TableCacheD2Ev
FN:45,_ZN7leveldb10TableCache9FindTableEmmPPNS_5Cache6HandleE
FN:82,_ZN7leveldb10TableCache11NewIteratorERKNS_11ReadOptionsEmmPPNS_5TableE
FN:105,_ZN7leveldb10TableCache3GetERKNS_11ReadOptionsEmmRKNS_5SliceEPvPFvS7_S6_S6_E
FN:121,_ZN7leveldb10TableCache5EvictEm
FNDA:1674,_ZN7leveldbL11DeleteEntryERKNS_5SliceEPv
FNDA:0,_ZN7leveldb10TableCache5EvictEm
FNDA:2687,_ZN7leveldbL10UnrefEntryEPvS0_
FNDA:963,_ZN7leveldb10TableCacheC2ERKNSt7__cxx1112basic_stringIcSt11char_traitsIcESaIcEEEPKNS_7OptionsEi
FNDA:963,_ZN7leveldb10TableCacheD2Ev
FNDA:1099429,_ZN7leveldb10TableCache3GetERKNS_11ReadOptionsEmmRKNS_5SliceEPvPFvS7_S6_S6_E
FNDA:2687,_ZN7leveldb10TableCache11NewIteratorERKNS_11ReadOptionsEmmPPNS_5TableE
FNDA:1102116,_ZN7leveldb10TableCache9FindTableEmmPPNS_5Cache6HandleE
FNF:8
FNH:7
DA:19,1674
DA:20,1674
DA:21,1674
DA:22,1674
DA:23,1674
DA:24,1674
DA:26,2687
DA:27,2687
DA:28,2687
DA:29,2687
DA:30,2687
DA:32,963
DA:34,963
DA:35,963
DA:36,963
DA:37,963
DA:38,963
DA:39,963
DA:41,1926
DA:42,963
DA:43,963
DA:45,1102116
DA:47,1102116
DA:49,1102116
DA:50,1102116
DA:51,1102116
DA:52,1102116
DA:53,1674
DA:54,1674
DA:55,1674
DA:56,1674
DA:57,1674
DA:58,0
DA:59,0
DA:60,0
DA:62,0
DA:63,1674
DA:64,1674
DA:67,1674
DA:68,0
DA:69,0
DA:73,1674
DA:74,1674
DA:75,1674
DA:76,1674
DA:78,1674
DA:79,2204232
DA:80,0
DA:82,2687
DA:86,2687
DA:87,0
DA:90,2687
DA:91,2687
DA:92,2687
DA:93,0
DA:96,2687
DA:97,2687
DA:98,2687
DA:99,2687
DA:100,0
DA:102,2687
DA:103,2687
DA:105,1099429
DA:111,1099429
DA:112,1099429
DA:113,1099429
DA:114,1099429
DA:115,1099429
DA:116,1099429
DA:118,2198858
DA:119,0
DA:121,0
DA:123,0
DA:124,0
DA:125,0
LF:75
LH:60
end_of_record
TN:
SF:/home/yilegu/squint/bug_study/leveldb-1/leveldb/db/version_edit.cc
FN:26,_ZN7leveldb11VersionEdit5ClearEv
FN:41,_ZNK7leveldb11VersionEdit8EncodeToEPNSt7__cxx1112basic_stringIcSt11char_traitsIcESaIcEEE
FN:88,_ZN7leveldbL14GetInternalKeyEPNS_5SliceEPNS_11InternalKeyE
FN:98,_ZN7leveldbL8GetLevelEPNS_5SliceEPi
FN:109,_ZN7leveldb11VersionEdit10DecodeFromERKNS_5SliceE
FN:212,_ZNK7leveldb11VersionEdit11DebugStringB5cxx11Ev
FNDA:658,_ZN7leveldbL8GetLevelEPNS_5SliceEPi
FNDA:2288,_ZN7leveldb11VersionEdit10DecodeFromERKNS_5SliceE
FNDA:6567,_ZN7leveldb11VersionEdit5ClearEv
FNDA:1316,_ZN7leveldbL14GetInternalKeyEPNS_5SliceEPNS_11InternalKeyE
FNDA:0,_ZNK7leveldb11VersionEdit11DebugStringB5cxx11Ev
FNDA:1983,_ZNK7leveldb11VersionEdit8EncodeToEPNSt7__cxx1112basic_stringIcSt11char_traitsIcESaIcEEE
FNF:6
FNH:5
DA:26,6567
DA:27,6567
DA:28,6567
DA:29,6567
DA:30,6567
DA:31,6567
DA:32,6567
DA:33,6567
DA:34,6567
DA:35,6567
DA:36,6567
DA:37,6567
DA:38,6567
DA:39,6567
DA:41,1983
DA:42,1983
DA:43,1025
DA:44,1025
DA:46,1983
DA:47,1028
DA:48,1028
DA:50,1983
DA:51,958
DA:52,958
DA:54,1983
DA:55,1028
DA:56,1028
DA:58,1983
DA:59,1028
DA:60,1028
DA:63,1983
DA:64,0
DA:65,0
DA:66,0
DA:69,1983
DA:70,1983
DA:71,0
DA:72,0
DA:73,0
DA:74,0
DA:77,3657
DA:78,1674
DA:79,1674
DA:80,1674
DA:81,1674
DA:82,1674
DA:83,1674
DA:84,1674
DA:86,1983
DA:88,1316
DA:89,1316
DA:90,1316
DA:91,1316
DA:92,1316
DA:94,0
DA:98,658
DA:100,1316
DA:101,658
DA:102,658
DA:103,658
DA:105,0
DA:109,2288
DA:110,2288
DA:111,2288
DA:112,2288
DA:118,2288
DA:119,2288
DA:120,2288
DA:122,10073
DA:123,7785
DA:124,955
DA:125,955
DA:126,955
DA:127,955
DA:129,0
DA:131,955
DA:133,1613
DA:134,1613
DA:135,1613
DA:137,0
DA:139,1613
DA:141,1333
DA:142,1333
DA:143,1333
DA:145,0
DA:147,1333
DA:149,1613
DA:150,1613
DA:151,1613
DA:153,0
DA:155,1613
DA:157,1613
DA:158,1613
DA:159,1613
DA:161,0
DA:163,1613
DA:165,0
DA:166,0
DA:167,0
DA:168,0
DA:170,0
DA:172,0
DA:174,0
DA:175,0
DA:176,0
DA:177,0
DA:179,0
DA:181,0
DA:183,658
DA:184,658
DA:185,658
DA:186,658
DA:187,1974
DA:188,658
DA:189,658
DA:191,0
DA:193,658
DA:195,0
DA:196,0
DA:197,0
DA:201,2288
DA:202,0
DA:205,2288
DA:206,2288
DA:207,0
DA:209,4576
DA:210,2288
DA:212,0
DA:213,0
DA:214,0
DA:215,0
DA:216,0
DA:217,0
DA:219,0
DA:220,0
DA:221,0
DA:223,0
DA:224,0
DA:225,0
DA:227,0
DA:228,0
DA:229,0
DA:231,0
DA:232,0
DA:233,0
DA:235,0
DA:236,0
DA:237,0
DA:238,0
DA:239,0
DA:241,0
DA:242,0
DA:243,0
DA:244,0
DA:245,0
DA:246,0
DA:247,0
DA:249,0
DA:250,0
DA:251,0
DA:252,0
DA:253,0
DA:254,0
DA:255,0
DA:256,0
DA:257,0
DA:258,0
DA:259,0
DA:260,0
DA:262,0
DA:263,0
DA:264,0
LF:172
LH:95
end_of_record
TN:
SF:/home/yilegu/squint/bug_study/leveldb-1/leveldb/db/version_edit.h
FN:25,_ZN7leveldb12FileMetaDataC2Ev
FN:30,_ZN7leveldb11VersionEditC2Ev
FN:31,_ZN7leveldb11VersionEditD2Ev
FN:35,_ZN7leveldb11VersionEdit17SetComparatorNameERKNS_5SliceE
FN:39,_ZN7leveldb11VersionEdit12SetLogNumberEm
FN:43,_ZN7leveldb11VersionEdit16SetPrevLogNumberEm
FN:47,_ZN7leveldb11VersionEdit11SetNextFileEm
FN:51,_ZN7leveldb11VersionEdit15SetLastSequenceEm
FN:55,_ZN7leveldb11VersionEdit17SetCompactPointerEiRKNS_11InternalKeyE
FN:62,_ZN7leveldb11VersionEdit7AddFileEimmRKNS_11InternalKeyES3_
FN:75,_ZN7leveldb11VersionEdit10DeleteFileEim
FNDA:4279,_ZN7leveldb11VersionEditC2Ev
FNDA:4279,_ZN7leveldb11VersionEditD2Ev
FNDA:0,_ZN7leveldb11VersionEdit17SetCompactPointerEiRKNS_11InternalKeyE
FNDA:1028,_ZN7leveldb11VersionEdit12SetLogNumberEm
FNDA:0,_ZN7leveldb11VersionEdit10DeleteFileEim
FNDA:4978,_ZN7leveldb12FileMetaDataC2Ev
FNDA:1983,_ZN7leveldb11VersionEdit11SetNextFileEm
FNDA:1025,_ZN7leveldb11VersionEdit17SetComparatorNameERKNS_5SliceE
FNDA:1028,_ZN7leveldb11VersionEdit15SetLastSequenceEm
FNDA:1674,_ZN7leveldb11VersionEdit7AddFileEimmRKNS_11InternalKeyES3_
FNDA:958,_ZN7leveldb11VersionEdit16SetPrevLogNumberEm
FNF:11
FNH:9
DA:25,4978
DA:30,4279
DA:31,4279
DA:35,1025
DA:36,1025
DA:37,1025
DA:38,1025
DA:39,1028
DA:40,1028
DA:41,1028
DA:42,1028
DA:43,958
DA:44,958
DA:45,958
DA:46,958
DA:47,1983
DA:48,1983
DA:49,1983
DA:50,1983
DA:51,1028
DA:52,1028
DA:53,1028
DA:54,1028
DA:55,0
DA:56,0
DA:57,0
DA:62,1674
DA:66,1674
DA:67,1674
DA:68,1674
DA:69,1674
DA:70,1674
DA:71,1674
DA:72,1674
DA:75,0
DA:76,0
DA:77,0
LF:37
LH:31
end_of_record
TN:
SF:/home/yilegu/squint/bug_study/leveldb-1/leveldb/db/version_set.cc
FN:34,_ZN7leveldbL16MaxBytesForLevelEi
FN:45,_ZN7leveldbL19MaxFileSizeForLevelEi
FN:49,_ZN7leveldbL13TotalFileSizeERKSt6vectorIPNS_12FileMetaDataESaIS2_EE
FN:58,_ZN7leveldb12_GLOBAL__N_114IntSetToStringERKSt3setImSt4lessImESaImEE
FN:71,_ZN7leveldb7VersionD2Ev
FN:91,_ZN7leveldb8FindFileERKNS_21InternalKeyComparatorERKSt6vectorIPNS_12FileMetaDataESaIS5_EERKNS_5SliceE
FN:112,_ZN7leveldbL9AfterFileEPKNS_10ComparatorEPKNS_5SliceEPKNS_12FileMetaDataE
FN:119,_ZN7leveldbL10BeforeFileEPKNS_10ComparatorEPKNS_5SliceEPKNS_12FileMetaDataE
FN:126,_ZN7leveldb21SomeFileOverlapsRangeERKNS_21InternalKeyComparatorEbRKSt6vectorIPNS_12FileMetaDataESaIS5_EEPKNS_5SliceESC_
FN:170,_ZN7leveldb7Version20LevelFileNumIteratorC2ERKNS_21InternalKeyComparatorEPKSt6vectorIPNS_12FileMetaDataESaIS7_EE
FN:176,_ZNK7leveldb7Version20LevelFileNumIterator5ValidEv
FN:179,_ZN7leveldb7Version20LevelFileNumIterator4SeekERKNS_5SliceE
FN:182,_ZN7leveldb7Version20LevelFileNumIterator11SeekToFirstEv
FN:183,_ZN7leveldb7Version20LevelFileNumIterator10SeekToLastEv
FN:186,_ZN7leveldb7Version20LevelFileNumIterator4NextEv
FN:190,_ZN7leveldb7Version20LevelFileNumIterator4PrevEv
FN:198,_ZNK7leveldb7Version20LevelFileNumIterator3keyEv
FN:202,_ZNK7leveldb7Version20LevelFileNumIterator5valueEv
FN:208,_ZNK7leveldb7Version20LevelFileNumIterator6statusEv
FN:218,_ZN7leveldbL15GetFileIteratorEPvRKNS_11ReadOptionsERKNS_5SliceE
FN:232,_ZNK7leveldb7Version24NewConcatenatingIteratorERKNS_11ReadOptionsEi
FN:239,_ZN7leveldb7Version12AddIteratorsERKNS_11ReadOptionsEPSt6vectorIPNS_8IteratorESaIS6_EE
FN:273,_ZN7leveldbL9SaveValueEPvRKNS_5SliceES3_
FN:288,_ZN7leveldbL11NewestFirstEPNS_12FileMetaDataES1_
FN:292,_ZN7leveldb7Version18ForEachOverlappingENS_5SliceES1_PvPFbS2_iPNS_12FileMetaDataEE
FN:337,_ZN7leveldb7Version3GetERKNS_11ReadOptionsERKNS_9LookupKeyEPNSt7__cxx1112basic_stringIcSt11char_traitsIcESaIcEEEPNS0_8GetStatsE
FN:436,_ZN7leveldb7Version11UpdateStatsERKNS0_8GetStatsE
FN:449,_ZN7leveldb7Version16RecordReadSampleENS_5SliceE
FN:459,_ZZN7leveldb7Version16RecordReadSampleENS_5SliceEEN5State5MatchEPviPNS_12FileMetaDataE
FN:487,_ZN7leveldb7Version3RefEv
FN:491,_ZN7leveldb7Version5UnrefEv
FN:500,_ZN7leveldb7Version14OverlapInLevelEiPKNS_5SliceES3_
FN:507,_ZN7leveldb7Version26PickLevelForMemTableOutputERKNS_5SliceES3_
FN:536,_ZN7leveldb7Version20GetOverlappingInputsEiPKNS_11InternalKeyES3_PSt6vectorIPNS_12FileMetaDataESaIS6_EE
FN:579,_ZNK7leveldb7Version11DebugStringB5cxx11Ev
FN:614,_ZNK7leveldb10VersionSet7Builder13BySmallestKeyclEPNS_12FileMetaDataES4_
FN:637,_ZN7leveldb10VersionSet7BuilderC2EPS0_PNS_7VersionE
FN:648,_ZN7leveldb10VersionSet7BuilderD2Ev
FN:670,_ZN7leveldb10VersionSet7Builder5ApplyEPNS_11VersionEditE
FN:716,_ZN7leveldb10VersionSet7Builder6SaveToEPNS_7VersionE
FN:764,_ZN7leveldb10VersionSet7Builder12MaybeAddFileEPNS_7VersionEiPNS_12FileMetaDataE
FN:780,_ZN7leveldb10VersionSetC2ERKNSt7__cxx1112basic_stringIcSt11char_traitsIcESaIcEEEPKNS_7OptionsEPNS_10TableCacheEPKNS_21InternalKeyComparatorE
FN:801,_ZN7leveldb10VersionSetD2Ev
FN:808,_ZN7leveldb10VersionSet13AppendVersionEPNS_7VersionE
FN:825,_ZN7leveldb10VersionSet11LogAndApplyEPNS_11VersionEditEPNS_4port5MutexE
FN:910,_ZN7leveldb10VersionSet7RecoverEv
FN:913,_ZZN7leveldb10VersionSet7RecoverEvEN11LogReporter10CorruptionEmRKNS_6StatusE
FN:1025,_ZN7leveldb10VersionSet18MarkFileNumberUsedEm
FN:1031,_ZN7leveldb10VersionSet8FinalizeEPNS_7VersionE
FN:1068,_ZN7leveldb10VersionSet13WriteSnapshotEPNS_3log6WriterE
FN:1098,_ZNK7leveldb10VersionSet13NumLevelFilesEi
FN:1104,_ZNK7leveldb10VersionSet12LevelSummaryEPNS0_19LevelSummaryStorageE
FN:1119,_ZN7leveldb10VersionSet19ApproximateOffsetOfEPNS_7VersionERKNS_11InternalKeyE
FN:1151,_ZN7leveldb10VersionSet12AddLiveFilesEPSt3setImSt4lessImESaImEE
FN:1164,_ZNK7leveldb10VersionSet13NumLevelBytesEi
FN:1170,_ZN7leveldb10VersionSet28MaxNextLevelOverlappingBytesEv
FN:1190,_ZN7leveldb10VersionSet8GetRangeERKSt6vectorIPNS_12FileMetaDataESaIS3_EEPNS_11InternalKeyES9_
FN:1215,_ZN7leveldb10VersionSet9GetRange2ERKSt6vectorIPNS_12FileMetaDataESaIS3_EES7_PNS_11InternalKeyES9_
FN:1224,_ZN7leveldb10VersionSet17MakeInputIteratorEPNS_10CompactionE
FN:1257,_ZN7leveldb10VersionSet14PickCompactionEv
FN:1311,_ZN7leveldb10VersionSet16SetupOtherInputsEPNS_10CompactionE
FN:1378,_ZN7leveldb10VersionSet12CompactRangeEiPKNS_11InternalKeyES3_
FN:1413,_ZN7leveldb10CompactionC2Ei
FN:1425,_ZN7leveldb10CompactionD2Ev
FN:1431,_ZNK7leveldb10Compaction13IsTrivialMoveEv
FN:1440,_ZN7leveldb10Compaction17AddInputDeletionsEPNS_11VersionEditE
FN:1448,_ZN7leveldb10Compaction17IsBaseLevelForKeyERKNS_5SliceE
FN:1469,_ZN7leveldb10Compaction16ShouldStopBeforeERKNS_5SliceE
FN:1491,_ZN7leveldb10Compaction13ReleaseInputsEv
FNDA:0,_ZN7leveldb10VersionSet28MaxNextLevelOverlappingBytesEv
FNDA:3792,_ZNK7leveldb7Version20LevelFileNumIterator5ValidEv
FNDA:613,_ZN7leveldb7Version16RecordReadSampleENS_5SliceE
FNDA:0,_ZN7leveldb10Compaction13ReleaseInputsEv
FNDA:847726,_ZN7leveldb8FindFileERKNS_21InternalKeyComparatorERKSt6vectorIPNS_12FileMetaDataESaIS5_EERKNS_5SliceE
FNDA:963,_ZN7leveldb10VersionSet7RecoverEv
FNDA:0,_ZN7leveldb10Compaction17AddInputDeletionsEPNS_11VersionEditE
FNDA:1913,_ZN7leveldb10VersionSet12AddLiveFilesEPSt3setImSt4lessImESaImEE
FNDA:580,_ZN7leveldb7Version20LevelFileNumIterator11SeekToFirstEv
FNDA:0,_ZNK7leveldb10Compaction13IsTrivialMoveEv
FNDA:0,_ZN7leveldb10VersionSet19ApproximateOffsetOfEPNS_7VersionERKNS_11InternalKeyE
FNDA:1921,_ZN7leveldb10VersionSet7BuilderD2Ev
FNDA:0,_ZN7leveldb10Compaction16ShouldStopBeforeERKNS_5SliceE
FNDA:955,_ZN7leveldb10VersionSet13WriteSnapshotEPNS_3log6WriterE
FNDA:0,_ZN7leveldb10VersionSet16SetupOtherInputsEPNS_10CompactionE
FNDA:658,_ZNK7leveldb7Version20LevelFileNumIterator5valueEv
FNDA:3,_ZN7leveldb7Version26PickLevelForMemTableOutputERKNS_5SliceES3_
FNDA:0,_ZN7leveldb10VersionSet14PickCompactionEv
FNDA:0,_ZN7leveldb10VersionSet8GetRangeERKSt6vectorIPNS_12FileMetaDataESaIS3_EEPNS_11InternalKeyES9_
FNDA:9565,_ZN7leveldbL16MaxBytesForLevelEi
FNDA:1856841,_ZNK7leveldb7Version20LevelFileNumIterator6statusEv
FNDA:9,_ZN7leveldb7Version14OverlapInLevelEiPKNS_5SliceES3_
FNDA:963,_ZN7leveldb10VersionSetC2ERKNSt7__cxx1112basic_stringIcSt11char_traitsIcESaIcEEEPKNS_7OptionsEPNS_10TableCacheEPKNS_21InternalKeyComparatorE
FNDA:1375,_ZNK7leveldb10VersionSet7Builder13BySmallestKeyclEPNS_12FileMetaDataES4_
FNDA:0,_ZN7leveldb7Version20LevelFileNumIterator10SeekToLastEv
FNDA:0,_ZN7leveldb10VersionSet17MakeInputIteratorEPNS_10CompactionE
FNDA:5005,_ZNK7leveldb10VersionSet13NumLevelFilesEi
FNDA:954,_ZN7leveldb7Version12AddIteratorsERKNS_11ReadOptionsEPSt6vectorIPNS_8IteratorESaIS6_EE
FNDA:0,_ZN7leveldb7Version20LevelFileNumIterator4PrevEv
FNDA:1099429,_ZN7leveldbL9SaveValueEPvRKNS_5SliceES3_
FNDA:1913,_ZN7leveldb10VersionSet7Builder6SaveToEPNS_7VersionE
FNDA:0,_ZNK7leveldb7Version11DebugStringB5cxx11Ev
FNDA:0,_ZN7leveldb10VersionSet9GetRange2ERKSt6vectorIPNS_12FileMetaDataESaIS3_EES7_PNS_11InternalKeyES9_
FNDA:613,_ZN7leveldb7Version18ForEachOverlappingENS_5SliceES1_PvPFbS2_iPNS_12FileMetaDataEE
FNDA:0,_ZN7leveldb7Version20LevelFileNumIterator4SeekERKNS_5SliceE
FNDA:2,_ZN7leveldbL10BeforeFileEPKNS_10ComparatorEPKNS_5SliceEPKNS_12FileMetaDataE
FNDA:1921,_ZN7leveldb10VersionSet7BuilderC2EPS0_PNS_7VersionE
FNDA:2876,_ZN7leveldb10VersionSet13AppendVersionEPNS_7VersionE
FNDA:0,_ZN7leveldb10CompactionD2Ev
FNDA:658,_ZN7leveldb7Version20LevelFileNumIterator4NextEv
FNDA:720,_ZN7leveldbL11NewestFirstEPNS_12FileMetaDataES1_
FNDA:3116,_ZN7leveldb10VersionSet18MarkFileNumberUsedEm
FNDA:958,_ZN7leveldb10VersionSet11LogAndApplyEPNS_11VersionEditEPNS_4port5MutexE
FNDA:1083884,_ZN7leveldb7Version3GetERKNS_11ReadOptionsERKNS_9LookupKeyEPNSt7__cxx1112basic_stringIcSt11char_traitsIcESaIcEEEPNS0_8GetStatsE
FNDA:1084375,_ZN7leveldb7Version11UpdateStatsERKNS0_8GetStatsE
FNDA:0,_ZN7leveldbL19MaxFileSizeForLevelEi
FNDA:580,_ZNK7leveldb7Version24NewConcatenatingIteratorERKNS_11ReadOptionsEi
FNDA:0,_ZN7leveldb10Compaction17IsBaseLevelForKeyERKNS_5SliceE
FNDA:3246,_ZN7leveldb10VersionSet7Builder5ApplyEPNS_11VersionEditE
FNDA:0,_ZNK7leveldb10VersionSet12LevelSummaryEPNS0_19LevelSummaryStorageE
FNDA:1913,_ZN7leveldb10VersionSet8FinalizeEPNS_7VersionE
FNDA:0,_ZN7leveldb10VersionSet12CompactRangeEiPKNS_11InternalKeyES3_
FNDA:2335,_ZN7leveldb10VersionSet7Builder12MaybeAddFileEPNS_7VersionEiPNS_12FileMetaDataE
FNDA:0,_ZN7leveldb10CompactionC2Ei
FNDA:1104,_ZZN7leveldb7Version16RecordReadSampleENS_5SliceEEN5State5MatchEPviPNS_12FileMetaDataE
FNDA:658,_ZNK7leveldb7Version20LevelFileNumIterator3keyEv
FNDA:0,_ZZN7leveldb10VersionSet7RecoverEvEN11LogReporter10CorruptionEmRKNS_6StatusE
FNDA:0,_ZN7leveldb12_GLOBAL__N_114IntSetToStringERKSt3setImSt4lessImESaImEE
FNDA:0,_ZN7leveldbL9AfterFileEPKNS_10ComparatorEPKNS_5SliceEPKNS_12FileMetaDataE
FNDA:658,_ZN7leveldbL15GetFileIteratorEPvRKNS_11ReadOptionsERKNS_5SliceE
FNDA:9,_ZN7leveldb21SomeFileOverlapsRangeERKNS_21InternalKeyComparatorEbRKSt6vectorIPNS_12FileMetaDataESaIS5_EEPKNS_5SliceESC_
FNDA:580,_ZN7leveldb7Version20LevelFileNumIteratorC2ERKNS_21InternalKeyComparatorEPKSt6vectorIPNS_12FileMetaDataESaIS7_EE
FNDA:1089638,_ZN7leveldb7Version5UnrefEv
FNDA:3839,_ZN7leveldb7VersionD2Ev
FNDA:9569,_ZN7leveldbL13TotalFileSizeERKSt6vectorIPNS_12FileMetaDataESaIS2_EE
FNDA:0,_ZNK7leveldb10VersionSet13NumLevelBytesEi
FNDA:1089638,_ZN7leveldb7Version3RefEv
FNDA:963,_ZN7leveldb10VersionSetD2Ev
FNDA:4,_ZN7leveldb7Version20GetOverlappingInputsEiPKNS_11InternalKeyES3_PSt6vectorIPNS_12FileMetaDataESaIS6_EE
FNF:69
FNH:44
DA:34,9565
DA:37,9565
DA:38,28695
DA:39,19130
DA:40,19130
DA:42,9565
DA:45,0
DA:46,0
DA:49,9569
DA:50,9569
DA:51,10893
DA:52,1324
DA:54,9569
DA:58,0
DA:59,0
DA:60,0
DA:61,0
DA:62,0
DA:63,0
DA:64,0
DA:66,0
DA:67,0
DA:68,0
DA:71,30712
DA:72,3839
DA:75,3839
DA:76,3839
DA:79,30712
DA:80,29208
DA:81,2335
DA:82,2335
DA:83,2335
DA:84,2335
DA:85,1674
DA:89,30712
DA:91,847726
DA:94,847726
DA:95,847726
DA:96,1956359
DA:97,1108633
DA:98,1108633
DA:99,1108633
DA:102,171793
DA:106,936840
DA:109,847726
DA:112,0
DA:115,0
DA:116,0
DA:119,2
DA:122,4
DA:123,4
DA:126,9
DA:132,9
DA:133,9
DA:135,3
DA:136,0
DA:137,0
DA:138,0
DA:141,0
DA:144,3
DA:148,6
DA:149,6
DA:151,6
DA:152,6
DA:153,6
DA:155,6
DA:157,4
DA:160,2
DA:170,580
DA:172,1160
DA:173,580
DA:174,580
DA:175,580
DA:176,3792
DA:177,3792
DA:179,0
DA:180,0
DA:181,0
DA:182,580
DA:183,0
DA:184,0
DA:185,0
DA:186,658
DA:187,658
DA:188,658
DA:189,658
DA:190,0
DA:191,0
DA:192,0
DA:193,0
DA:195,0
DA:197,0
DA:198,658
DA:199,658
DA:200,658
DA:202,658
DA:203,658
DA:204,658
DA:205,658
DA:206,658
DA:208,1856841
DA:218,658
DA:221,658
DA:222,658
DA:223,0
DA:224,0
DA:226,658
DA:228,1316
DA:232,580
DA:234,580
DA:235,580
DA:236,1160
DA:239,954
DA:242,1967
DA:243,2026
DA:244,1013
DA:245,1013
DA:251,6678
DA:252,5724
DA:253,580
DA:256,954
DA:273,1099429
DA:274,1099429
DA:275,1099429
DA:276,1099429
DA:277,0
DA:279,1099429
DA:280,1083882
DA:281,1083882
DA:282,1083882
DA:286,1099429
DA:288,720
DA:289,720
DA:292,613
DA:296,613
DA:299,613
DA:300,613
DA:301,1606
DA:302,993
DA:303,1568
DA:304,1568
DA:305,524
DA:308,613
DA:309,377
DA:310,754
DA:311,524
DA:312,147
DA:318,1542
DA:319,1420
DA:320,1420
DA:323,580
DA:324,580
DA:325,580
DA:326,580
DA:329,580
DA:330,344
DA:335,613
DA:337,1083884
DA:341,1083884
DA:342,1083884
DA:343,1083884
DA:344,1083884
DA:346,1083884
DA:347,1083884
DA:348,1083884
DA:349,1083884
DA:354,1083884
DA:356,2004586
DA:357,2004584
DA:358,2004584
DA:361,1931024
DA:362,1931024
DA:365,1083884
DA:366,2795568
DA:367,1711684
DA:368,2293690
DA:369,2293690
DA:370,405045
DA:373,1083884
DA:375,404472
DA:376,404472
DA:377,404472
DA:380,847140
DA:381,847140
DA:382,56742
DA:383,56742
DA:385,790398
DA:386,790398
DA:388,95816
DA:389,95816
DA:391,694582
DA:392,694582
DA:397,1267159
DA:398,1099429
DA:400,15545
DA:401,15545
DA:404,1099429
DA:405,1099429
DA:406,1099429
DA:408,1099429
DA:409,1099429
DA:410,1099429
DA:411,1099429
DA:412,1099429
DA:413,1099429
DA:415,1099429
DA:416,1083882
DA:418,1099429
DA:419,15547
DA:420,15547
DA:421,1083882
DA:422,1083882
DA:423,0
DA:424,0
DA:425,0
DA:426,0
DA:427,0
DA:428,0
DA:433,4
DA:434,1083884
DA:436,1084375
DA:437,1084375
DA:438,1084375
DA:439,16036
DA:440,16036
DA:441,0
DA:442,0
DA:443,0
DA:446,1084375
DA:449,613
DA:450,613
DA:451,613
DA:452,0
DA:459,1104
DA:460,1104
DA:461,1104
DA:462,1104
DA:464,613
DA:465,613
DA:468,1104
DA:473,613
DA:474,613
DA:480,613
DA:482,491
DA:484,122
DA:487,1089638
DA:488,1089638
DA:489,1089638
DA:491,1089638
DA:492,1089638
DA:493,1089638
DA:494,1089638
DA:495,1089638
DA:496,2876
DA:498,1089638
DA:500,9
DA:503,9
DA:504,9
DA:507,3
DA:510,3
DA:511,3
DA:514,3
DA:515,3
DA:516,3
DA:517,7
DA:518,6
DA:519,2
DA:521,4
DA:523,4
DA:524,4
DA:525,4
DA:526,0
DA:529,4
DA:531,3
DA:532,3
DA:536,4
DA:541,4
DA:542,4
DA:543,4
DA:544,4
DA:545,4
DA:546,4
DA:548,4
DA:549,4
DA:551,4
DA:552,6
DA:553,2
DA:554,2
DA:555,2
DA:556,2
DA:558,2
DA:561,2
DA:562,2
DA:565,0
DA:566,0
DA:567,0
DA:568,0
DA:569,0
DA:570,0
DA:571,0
DA:572,0
DA:577,4
DA:579,0
DA:580,0
DA:581,0
DA:586,0
DA:587,0
DA:588,0
DA:589,0
DA:590,0
DA:591,0
DA:592,0
DA:593,0
DA:594,0
DA:595,0
DA:596,0
DA:597,0
DA:598,0
DA:599,0
DA:602,0
DA:603,0
DA:614,1375
DA:615,1375
DA:616,1375
DA:617,1375
DA:620,0
DA:637,1921
DA:638,1921
DA:639,15368
DA:640,1921
DA:642,1921
DA:643,15368
DA:644,13447
DA:646,1921
DA:648,15368
DA:649,15368
DA:650,13447
DA:651,13447
DA:652,13447
DA:653,13447
DA:654,15121
DA:655,1674
DA:657,13447
DA:658,15121
DA:659,1674
DA:660,1674
DA:661,1674
DA:662,0
DA:665,13447
DA:666,1921
DA:667,15368
DA:670,3246
DA:672,3246
DA:673,0
DA:674,0
DA:675,0
DA:679,3246
DA:680,3246
DA:681,3246
DA:682,0
DA:683,0
DA:684,0
DA:685,0
DA:689,4920
DA:690,1674
DA:691,1674
DA:692,1674
DA:707,1674
DA:708,1674
DA:710,1674
DA:711,1674
DA:713,3246
DA:716,1913
DA:718,1913
DA:719,15304
DA:722,13391
DA:723,13391
DA:724,13391
DA:725,13391
DA:726,13391
DA:727,13391
DA:728,15065
DA:729,1674
DA:731,1674
DA:732,1674
DA:733,1675
DA:734,1
DA:735,1
DA:738,1674
DA:742,14051
DA:743,660
DA:748,13391
DA:749,11635
DA:750,157
DA:751,157
DA:752,157
DA:753,0
DA:754,0
DA:755,0
DA:756,0
DA:762,1913
DA:764,2335
DA:765,2335
DA:768,2335
DA:769,2335
DA:771,157
DA:774,2335
DA:775,2335
DA:777,2335
DA:780,963
DA:783,963
DA:784,963
DA:785,963
DA:786,963
DA:787,963
DA:788,963
DA:789,963
DA:790,963
DA:791,963
DA:792,963
DA:793,963
DA:794,963
DA:795,963
DA:796,963
DA:797,7704
DA:798,963
DA:799,963
DA:801,7704
DA:802,963
DA:803,963
DA:804,963
DA:805,963
DA:806,8667
DA:808,2876
DA:810,2876
DA:811,2876
DA:812,2876
DA:813,1913
DA:815,2876
DA:816,2876
DA:819,2876
DA:820,2876
DA:821,2876
DA:822,2876
DA:823,2876
DA:825,958
DA:826,958
DA:827,958
DA:828,958
DA:830,0
DA:833,958
DA:834,955
DA:837,958
DA:838,958
DA:840,958
DA:842,958
DA:843,958
DA:844,958
DA:845,958
DA:846,958
DA:850,958
DA:851,958
DA:852,958
DA:855,955
DA:856,955
DA:857,955
DA:858,955
DA:859,955
DA:860,955
DA:861,955
DA:867,958
DA:870,958
DA:871,958
DA:872,958
DA:873,958
DA:874,958
DA:875,958
DA:877,958
DA:878,0
DA:880,958
DA:884,958
DA:885,955
DA:888,958
DA:892,958
DA:893,958
DA:894,958
DA:895,958
DA:897,0
DA:898,0
DA:899,0
DA:900,0
DA:901,0
DA:902,0
DA:903,0
DA:907,1916
DA:908,958
DA:910,963
DA:913,0
DA:914,0
DA:915,0
DA:919,963
DA:920,963
DA:921,963
DA:922,0
DA:924,963
DA:925,0
DA:927,963
DA:929,963
DA:931,963
DA:932,963
DA:933,0
DA:936,963
DA:937,963
DA:938,963
DA:939,963
DA:940,963
DA:941,963
DA:942,963
DA:943,963
DA:944,963
DA:947,963
DA:948,963
DA:949,963
DA:950,963
DA:951,963
DA:952,3251
DA:953,2288
DA:954,2288
DA:955,2288
DA:956,3243
DA:957,955
DA:958,0
DA:959,0
DA:960,0
DA:964,2288
DA:965,2288
DA:968,2288
DA:969,1613
DA:970,1613
DA:973,2288
DA:974,1333
DA:975,1333
DA:978,2288
DA:979,1613
DA:980,1613
DA:983,2288
DA:984,1613
DA:985,1613
DA:987,2288
DA:988,963
DA:989,963
DA:990,963
DA:992,963
DA:993,963
DA:994,8
DA:995,955
DA:996,0
DA:997,955
DA:998,0
DA:1001,963
DA:1002,288
DA:1005,963
DA:1006,963
DA:1009,963
DA:1010,955
DA:1011,955
DA:1013,955
DA:1014,955
DA:1015,955
DA:1016,955
DA:1017,955
DA:1018,955
DA:1019,955
DA:1022,963
DA:1023,963
DA:1025,3116
DA:1026,3116
DA:1027,798
DA:1029,3116
DA:1031,1913
DA:1033,1913
DA:1034,1913
DA:1036,13391
DA:1038,11478
DA:1050,1913
DA:1054,9565
DA:1055,9565
DA:1058,11478
DA:1059,2260
DA:1060,2260
DA:1064,1913
DA:1065,1913
DA:1066,1913
DA:1068,955
DA:1072,955
DA:1073,955
DA:1076,7640
DA:1077,6685
DA:1078,0
DA:1079,0
DA:1080,0
DA:1081,0
DA:1085,7640
DA:1086,6685
DA:1087,7343
DA:1088,658
DA:1089,658
DA:1093,955
DA:1094,955
DA:1095,1910
DA:1096,955
DA:1098,5005
DA:1099,5005
DA:1100,5005
DA:1101,5005
DA:1104,0
DA:1107,0
DA:1109,0
DA:1110,0
DA:1111,0
DA:1112,0
DA:1113,0
DA:1114,0
DA:1115,0
DA:1116,0
DA:1119,0
DA:1120,0
DA:1121,0
DA:1122,0
DA:1123,0
DA:1124,0
DA:1126,0
DA:1127,0
DA:1129,0
DA:1133,0
DA:1139,0
DA:1140,0
DA:1141,0
DA:1142,0
DA:1144,0
DA:1148,0
DA:1151,1913
DA:1152,1913
DA:1153,3826
DA:1154,1913
DA:1155,15304
DA:1156,13391
DA:1157,15726
DA:1158,2335
DA:1162,1913
DA:1164,0
DA:1165,0
DA:1166,0
DA:1167,0
DA:1170,0
DA:1171,0
DA:1172,0
DA:1173,0
DA:1174,0
DA:1175,0
DA:1176,0
DA:1178,0
DA:1179,0
DA:1180,0
DA:1184,0
DA:1185,0
DA:1190,0
DA:1193,0
DA:1194,0
DA:1195,0
DA:1196,0
DA:1197,0
DA:1198,0
DA:1199,0
DA:1200,0
DA:1202,0
DA:1203,0
DA:1205,0
DA:1206,0
DA:1210,0
DA:1215,0
DA:1219,0
DA:1220,0
DA:1221,0
DA:1222,0
DA:1224,0
DA:1225,0
DA:1226,0
DA:1227,0
DA:1232,0
DA:1233,0
DA:1234,0
DA:1235,0
DA:1236,0
DA:1237,0
DA:1238,0
DA:1239,0
DA:1240,0
DA:1241,0
DA:1245,0
DA:1246,0
DA:1247,0
DA:1251,0
DA:1252,0
DA:1253,0
DA:1254,0
DA:1257,0
DA:1263,0
DA:1264,0
DA:1265,0
DA:1266,0
DA:1267,0
DA:1268,0
DA:1269,0
DA:1272,0
DA:1273,0
DA:1274,0
DA:1275,0
DA:1276,0
DA:1277,0
DA:1280,0
DA:1282,0
DA:1284,0
DA:1285,0
DA:1286,0
DA:1287,0
DA:1289,0
DA:1292,0
DA:1293,0
DA:1296,0
DA:1297,0
DA:1298,0
DA:1302,0
DA:1303,0
DA:1304,0
DA:1306,0
DA:1308,0
DA:1311,0
DA:1312,0
DA:1313,0
DA:1314,0
DA:1316,0
DA:1319,0
DA:1320,0
DA:1324,0
DA:1325,0
DA:1326,0
DA:1327,0
DA:1328,0
DA:1329,0
DA:1330,0
DA:1331,0
DA:1332,0
DA:1333,0
DA:1334,0
DA:1335,0
DA:1337,0
DA:1338,0
DA:1341,0
DA:1342,0
DA:1344,0
DA:1345,0
DA:1347,0
DA:1348,0
DA:1349,0
DA:1350,0
DA:1351,0
DA:1353,0
DA:1354,0
DA:1358,0
DA:1359,0
DA:1374,0
DA:1375,0
DA:1376,0
DA:1378,0
DA:1382,0
DA:1383,0
DA:1384,0
DA:1385,0
DA:1392,0
DA:1393,0
DA:1394,0
DA:1395,0
DA:1396,0
DA:1397,0
DA:1398,0
DA:1399,0
DA:1400,0
DA:1405,0
DA:1406,0
DA:1407,0
DA:1408,0
DA:1409,0
DA:1410,0
DA:1411,0
DA:1413,0
DA:1414,0
DA:1415,0
DA:1416,0
DA:1417,0
DA:1418,0
DA:1419,0
DA:1420,0
DA:1421,0
DA:1423,0
DA:1425,0
DA:1426,0
DA:1427,0
DA:1429,0
DA:1431,0
DA:1435,0
DA:1436,0
DA:1437,0
DA:1440,0
DA:1441,0
DA:1442,0
DA:1443,0
DA:1446,0
DA:1448,0
DA:1450,0
DA:1451,0
DA:1452,0
DA:1453,0
DA:1454,0
DA:1455,0
DA:1457,0
DA:1459,0
DA:1461,0
DA:1463,0
DA:1466,0
DA:1469,0
DA:1471,0
DA:1472,0
DA:1473,0
DA:1474,0
DA:1475,0
DA:1476,0
DA:1478,0
DA:1480,0
DA:1482,0
DA:1484,0
DA:1485,0
DA:1487,0
DA:1491,0
DA:1492,0
DA:1493,0
DA:1494,0
DA:1496,0
LF:848
LH:515
end_of_record
TN:
SF:/home/yilegu/squint/bug_study/leveldb-1/leveldb/db/version_set.h
FN:150,_ZN7leveldb7VersionC2EPNS_10VersionSetE
FN:185,_ZNK7leveldb10VersionSet7currentEv
FN:188,_ZNK7leveldb10VersionSet18ManifestFileNumberEv
FN:191,_ZN7leveldb10VersionSet13NewFileNumberEv
FN:196,_ZN7leveldb10VersionSet15ReuseFileNumberEm
FN:209,_ZNK7leveldb10VersionSet12LastSequenceEv
FN:212,_ZN7leveldb10VersionSet15SetLastSequenceEm
FN:221,_ZNK7leveldb10VersionSet9LogNumberEv
FN:225,_ZNK7leveldb10VersionSet13PrevLogNumberEv
FN:251,_ZNK7leveldb10VersionSet15NeedsCompactionEv
FN:328,_ZNK7leveldb10Compaction5levelEv
FN:332,_ZN7leveldb10Compaction4editEv
FN:335,_ZNK7leveldb10Compaction15num_input_filesEi
FN:338,_ZNK7leveldb10Compaction5inputEii
FN:341,_ZNK7leveldb10Compaction17MaxOutputFileSizeEv
FNDA:0,_ZNK7leveldb10Compaction17MaxOutputFileSizeEv
FNDA:1090792,_ZNK7leveldb10VersionSet12LastSequenceEv
FNDA:3224,_ZNK7leveldb10VersionSet9LogNumberEv
FNDA:1961,_ZNK7leveldb10VersionSet18ManifestFileNumberEv
FNDA:1087362,_ZNK7leveldb10VersionSet7currentEv
FNDA:0,_ZNK7leveldb10Compaction5inputEii
FNDA:0,_ZNK7leveldb10Compaction15num_input_filesEi
FNDA:3839,_ZN7leveldb7VersionC2EPNS_10VersionSetE
FNDA:958,_ZNK7leveldb10VersionSet15NeedsCompactionEv
FNDA:2269,_ZNK7leveldb10VersionSet13PrevLogNumberEv
FNDA:0,_ZN7leveldb10Compaction4editEv
FNDA:0,_ZN7leveldb10VersionSet15ReuseFileNumberEm
FNDA:0,_ZNK7leveldb10Compaction5levelEv
FNDA:1974,_ZN7leveldb10VersionSet13NewFileNumberEv
FNDA:5600,_ZN7leveldb10VersionSet15SetLastSequenceEm
FNF:15
FNH:9
DA:150,3839
DA:151,3839
DA:152,3839
DA:153,3839
DA:154,3839
DA:155,30712
DA:156,3839
DA:185,1087362
DA:188,1961
DA:191,1974
DA:196,0
DA:197,0
DA:198,0
DA:200,0
DA:209,1090792
DA:212,5600
DA:213,5600
DA:214,5600
DA:215,5600
DA:221,3224
DA:225,2269
DA:251,958
DA:252,958
DA:253,958
DA:328,0
DA:332,0
DA:335,0
DA:338,0
DA:341,0
LF:29
LH:20
end_of_record
TN:
SF:/home/yilegu/squint/bug_study/leveldb-1/leveldb/db/write_batch.cc
FN:29,_ZN7leveldb10WriteBatchC2Ev
FN:33,_ZN7leveldb10WriteBatchD2Ev
FN:35,_ZN7leveldb10WriteBatch7HandlerD2Ev
FN:35,_ZN7leveldb10WriteBatch7HandlerD0Ev
FN:37,_ZN7leveldb10WriteBatch5ClearEv
FN:42,_ZNK7leveldb10WriteBatch7IterateEPNS0_7HandlerE
FN:82,_ZN7leveldb18WriteBatchInternal5CountEPKNS_10WriteBatchE
FN:86,_ZN7leveldb18WriteBatchInternal8SetCountEPNS_10WriteBatchEi
FN:90,_ZN7leveldb18WriteBatchInternal8SequenceEPKNS_10WriteBatchE
FN:94,_ZN7leveldb18WriteBatchInternal11SetSequenceEPNS_10WriteBatchEm
FN:98,_ZN7leveldb10WriteBatch3PutERKNS_5SliceES3_
FN:105,_ZN7leveldb10WriteBatch6DeleteERKNS_5SliceE
FN:117,_ZN7leveldb12_GLOBAL__N_116MemTableInserter3PutERKNS_5SliceES4_
FN:121,_ZN7leveldb12_GLOBAL__N_116MemTableInserter6DeleteERKNS_5SliceE
FN:128,_ZN7leveldb18WriteBatchInternal10InsertIntoEPKNS_10WriteBatchEPNS_8MemTableE
FN:136,_ZN7leveldb18WriteBatchInternal11SetContentsEPNS_10WriteBatchERKNS_5SliceE
FN:141,_ZN7leveldb18WriteBatchInternal6AppendEPNS_10WriteBatchEPKS1_
FNDA:725624,_ZN7leveldb12_GLOBAL__N_116MemTableInserter3PutERKNS_5SliceES4_
FNDA:4507,_ZN7leveldb10WriteBatch3PutERKNS_5SliceES3_
FNDA:1700695,_ZN7leveldb18WriteBatchInternal8SequenceEPKNS_10WriteBatchE
FNDA:4999,_ZN7leveldb18WriteBatchInternal8SetCountEPNS_10WriteBatchEi
FNDA:7152,_ZN7leveldb10WriteBatch5ClearEv
FNDA:1710693,_ZN7leveldb18WriteBatchInternal5CountEPKNS_10WriteBatchE
FNDA:0,_ZN7leveldb18WriteBatchInternal6AppendEPNS_10WriteBatchEPKS1_
FNDA:7152,_ZN7leveldb10WriteBatchD2Ev
FNDA:852847,_ZNK7leveldb10WriteBatch7IterateEPNS0_7HandlerE
FNDA:127223,_ZN7leveldb12_GLOBAL__N_116MemTableInserter6DeleteERKNS_5SliceE
FNDA:492,_ZN7leveldb10WriteBatch6DeleteERKNS_5SliceE
FNDA:0,_ZN7leveldb10WriteBatch7HandlerD0Ev
FNDA:852847,_ZN7leveldb10WriteBatch7HandlerD2Ev
FNDA:847848,_ZN7leveldb18WriteBatchInternal11SetContentsEPNS_10WriteBatchERKNS_5SliceE
FNDA:4999,_ZN7leveldb18WriteBatchInternal11SetSequenceEPNS_10WriteBatchEm
FNDA:852847,_ZN7leveldb18WriteBatchInternal10InsertIntoEPKNS_10WriteBatchEPNS_8MemTableE
FNDA:7152,_ZN7leveldb10WriteBatchC2Ev
FNF:17
FNH:15
DA:29,7152
DA:30,7152
DA:31,7152
DA:33,7152
DA:35,852847
DA:37,7152
DA:38,7152
DA:39,7152
DA:40,7152
DA:42,852847
DA:43,852847
DA:44,852847
DA:45,0
DA:48,852847
DA:49,852847
DA:50,852847
DA:51,1705694
DA:52,852847
DA:53,852847
DA:54,852847
DA:55,852847
DA:56,725624
DA:57,1451248
DA:58,725624
DA:59,725624
DA:61,0
DA:63,725624
DA:64,127223
DA:65,127223
DA:66,127223
DA:68,0
DA:70,127223
DA:71,0
DA:72,0
DA:75,852847
DA:76,0
DA:78,852847
DA:82,1710693
DA:83,1710693
DA:86,4999
DA:87,4999
DA:88,4999
DA:90,1700695
DA:91,1700695
DA:94,4999
DA:95,4999
DA:96,4999
DA:98,4507
DA:99,4507
DA:100,4507
DA:101,4507
DA:102,4507
DA:103,4507
DA:105,492
DA:106,492
DA:107,492
DA:108,492
DA:109,492
DA:117,725624
DA:118,725624
DA:119,725624
DA:120,725624
DA:121,127223
DA:122,127223
DA:123,127223
DA:124,127223
DA:128,852847
DA:130,852847
DA:131,852847
DA:132,852847
DA:133,1705694
DA:134,852847
DA:136,847848
DA:137,847848
DA:138,847848
DA:139,847848
DA:141,0
DA:142,0
DA:143,0
DA:144,0
DA:145,0
LF:81
LH:70
end_of_record
TN:
SF:/home/yilegu/squint/bug_study/leveldb-1/leveldb/db/write_batch_internal.h
FN:31,_ZN7leveldb18WriteBatchInternal8ContentsEPKNS_10WriteBatchE
FN:35,_ZN7leveldb18WriteBatchInternal8ByteSizeEPKNS_10WriteBatchE
FNDA:4999,_ZN7leveldb18WriteBatchInternal8ByteSizeEPKNS_10WriteBatchE
FNDA:4999,_ZN7leveldb18WriteBatchInternal8ContentsEPKNS_10WriteBatchE
FNF:2
FNH:2
DA:31,4999
DA:32,4999
DA:35,4999
DA:36,4999
LF:4
LH:4
end_of_record
TN:
SF:/home/yilegu/squint/bug_study/leveldb-1/leveldb/include/leveldb/cache.h
FN:34,_ZN7leveldb5CacheC2Ev
FNDA:1926,_ZN7leveldb5CacheC2Ev
FNF:1
FNH:1
DA:34,1926
LF:1
LH:1
end_of_record
TN:
SF:/home/yilegu/squint/bug_study/leveldb-1/leveldb/include/leveldb/db.h
FN:55,_ZN7leveldb2DBC2Ev
FNDA:963,_ZN7leveldb2DBC2Ev
FNF:1
FNH:1
DA:55,963
LF:1
LH:1
end_of_record
TN:
SF:/home/yilegu/squint/bug_study/leveldb-1/leveldb/include/leveldb/env.h
FN:33,_ZN7leveldb3EnvC2Ev
FN:157,_ZN7leveldb14SequentialFileC2Ev
FN:188,_ZN7leveldb16RandomAccessFileC2Ev
FN:214,_ZN7leveldb12WritableFileC2Ev
FN:231,_ZN7leveldb6LoggerC2Ev
FN:247,_ZN7leveldb8FileLockC2Ev
FN:283,_ZN7leveldb10EnvWrapper17NewSequentialFileERKNSt7__cxx1112basic_stringIcSt11char_traitsIcESaIcEEEPPNS_14SequentialFileE
FN:286,_ZN7leveldb10EnvWrapper19NewRandomAccessFileERKNSt7__cxx1112basic_stringIcSt11char_traitsIcESaIcEEEPPNS_16RandomAccessFileE
FN:289,_ZN7leveldb10EnvWrapper15NewWritableFileERKNSt7__cxx1112basic_stringIcSt11char_traitsIcESaIcEEEPPNS_12WritableFileE
FN:292,_ZN7leveldb10EnvWrapper10FileExistsERKNSt7__cxx1112basic_stringIcSt11char_traitsIcESaIcEEE
FN:293,_ZN7leveldb10EnvWrapper11GetChildrenERKNSt7__cxx1112basic_stringIcSt11char_traitsIcESaIcEEEPSt6vectorIS6_SaIS6_EE
FN:296,_ZN7leveldb10EnvWrapper10DeleteFileERKNSt7__cxx1112basic_stringIcSt11char_traitsIcESaIcEEE
FN:297,_ZN7leveldb10EnvWrapper9CreateDirERKNSt7__cxx1112basic_stringIcSt11char_traitsIcESaIcEEE
FN:298,_ZN7leveldb10EnvWrapper9DeleteDirERKNSt7__cxx1112basic_stringIcSt11char_traitsIcESaIcEEE
FN:299,_ZN7leveldb10EnvWrapper11GetFileSizeERKNSt7__cxx1112basic_stringIcSt11char_traitsIcESaIcEEEPm
FN:302,_ZN7leveldb10EnvWrapper10RenameFileERKNSt7__cxx1112basic_stringIcSt11char_traitsIcESaIcEEES8_
FN:305,_ZN7leveldb10EnvWrapper8LockFileERKNSt7__cxx1112basic_stringIcSt11char_traitsIcESaIcEEEPPNS_8FileLockE
FN:308,_ZN7leveldb10EnvWrapper10UnlockFileEPNS_8FileLockE
FN:309,_ZN7leveldb10EnvWrapper8ScheduleEPFvPvES1_
FN:312,_ZN7leveldb10EnvWrapper11StartThreadEPFvPvES1_
FN:315,_ZN7leveldb10EnvWrapper16GetTestDirectoryEPNSt7__cxx1112basic_stringIcSt11char_traitsIcESaIcEEE
FN:318,_ZN7leveldb10EnvWrapper9NewLoggerERKNSt7__cxx1112basic_stringIcSt11char_traitsIcESaIcEEEPPNS_6LoggerE
FN:321,_ZN7leveldb10EnvWrapper9NowMicrosEv
FN:324,_ZN7leveldb10EnvWrapper20SleepForMicrosecondsEi
FNDA:0,_ZN7leveldb10EnvWrapper10RenameFileERKNSt7__cxx1112basic_stringIcSt11char_traitsIcESaIcEEES8_
FNDA:0,_ZN7leveldb10EnvWrapper16GetTestDirectoryEPNSt7__cxx1112basic_stringIcSt11char_traitsIcESaIcEEE
FNDA:0,_ZN7leveldb10EnvWrapper17NewSequentialFileERKNSt7__cxx1112basic_stringIcSt11char_traitsIcESaIcEEEPPNS_14SequentialFileE
FNDA:0,_ZN7leveldb10EnvWrapper9NowMicrosEv
FNDA:0,_ZN7leveldb10EnvWrapper19NewRandomAccessFileERKNSt7__cxx1112basic_stringIcSt11char_traitsIcESaIcEEEPPNS_16RandomAccessFileE
FNDA:0,_ZN7leveldb10EnvWrapper9CreateDirERKNSt7__cxx1112basic_stringIcSt11char_traitsIcESaIcEEE
FNDA:0,_ZN7leveldb10EnvWrapper20SleepForMicrosecondsEi
FNDA:0,_ZN7leveldb10EnvWrapper11StartThreadEPFvPvES1_
FNDA:0,_ZN7leveldb10EnvWrapper8ScheduleEPFvPvES1_
FNDA:3116,_ZN7leveldb14SequentialFileC2Ev
FNDA:0,_ZN7leveldb10EnvWrapper11GetChildrenERKNSt7__cxx1112basic_stringIcSt11char_traitsIcESaIcEEEPSt6vectorIS6_SaIS6_EE
FNDA:0,_ZN7leveldb10EnvWrapper9NewLoggerERKNSt7__cxx1112basic_stringIcSt11char_traitsIcESaIcEEEPPNS_6LoggerE
FNDA:0,_ZN7leveldb10EnvWrapper10FileExistsERKNSt7__cxx1112basic_stringIcSt11char_traitsIcESaIcEEE
FNDA:1674,_ZN7leveldb16RandomAccessFileC2Ev
FNDA:0,_ZN7leveldb10EnvWrapper10DeleteFileERKNSt7__cxx1112basic_stringIcSt11char_traitsIcESaIcEEE
FNDA:0,_ZN7leveldb10EnvWrapper9DeleteDirERKNSt7__cxx1112basic_stringIcSt11char_traitsIcESaIcEEE
FNDA:0,_ZN7leveldb10EnvWrapper8LockFileERKNSt7__cxx1112basic_stringIcSt11char_traitsIcESaIcEEEPPNS_8FileLockE
FNDA:0,_ZN7leveldb10EnvWrapper10UnlockFileEPNS_8FileLockE
FNDA:963,_ZN7leveldb8FileLockC2Ev
FNDA:4024,_ZN7leveldb12WritableFileC2Ev
FNDA:963,_ZN7leveldb6LoggerC2Ev
FNDA:0,_ZN7leveldb10EnvWrapper11GetFileSizeERKNSt7__cxx1112basic_stringIcSt11char_traitsIcESaIcEEEPm
FNDA:963,_ZN7leveldb3EnvC2Ev
FNDA:0,_ZN7leveldb10EnvWrapper15NewWritableFileERKNSt7__cxx1112basic_stringIcSt11char_traitsIcESaIcEEEPPNS_12WritableFileE
FNF:24
FNH:6
DA:33,963
DA:157,3116
DA:188,1674
DA:214,4024
DA:231,963
DA:247,963
DA:283,0
DA:284,0
DA:286,0
DA:287,0
DA:289,0
DA:290,0
DA:292,0
DA:293,0
DA:294,0
DA:296,0
DA:297,0
DA:298,0
DA:299,0
DA:300,0
DA:302,0
DA:303,0
DA:305,0
DA:306,0
DA:308,0
DA:309,0
DA:310,0
DA:312,0
DA:313,0
DA:315,0
DA:316,0
DA:318,0
DA:319,0
DA:321,0
DA:322,0
DA:324,0
DA:325,0
DA:326,0
LF:38
LH:6
end_of_record
TN:
SF:/home/yilegu/squint/bug_study/leveldb-1/leveldb/include/leveldb/options.h
FN:161,_ZN7leveldb11ReadOptionsC2Ev
FN:188,_ZN7leveldb12WriteOptionsC2Ev
[...]
FN:21,_ZN7leveldb6LoggerD2Ev
FN:21,_ZN7leveldb6LoggerD0Ev
FN:24,_ZN7leveldb8FileLockD0Ev
FN:24,_ZN7leveldb8FileLockD2Ev
FN:27,_ZN7leveldb3LogEPNS_6LoggerEPKcz
FN:36,_ZN7leveldbL19DoWriteStringToFileEPNS_3EnvERKNS_5SliceERKNSt7__cxx1112basic_stringIcSt11char_traitsIcESaIcEEEb
FN:58,_ZN7leveldb17WriteStringToFileEPNS_3EnvERKNS_5SliceERKNSt7__cxx1112basic_stringIcSt11char_traitsIcESaIcEEE
FN:63,_ZN7leveldb21WriteStringToFileSyncEPNS_3EnvERKNS_5SliceERKNSt7__cxx1112basic_stringIcSt11char_traitsIcESaIcEEE
FN:68,_ZN7leveldb16ReadFileToStringEPNS_3EnvERKNSt7__cxx1112basic_stringIcSt11char_traitsIcESaIcEEEPS7_
FN:93,_ZN7leveldb10EnvWrapperD2Ev
FN:93,_ZN7leveldb10EnvWrapperD0Ev
FNDA:963,_ZN7leveldb8FileLockD2Ev
FNDA:0,_ZN7leveldb8FileLockD0Ev
FNDA:1025,_ZN7leveldbL19DoWriteStringToFileEPNS_3EnvERKNS_5SliceERKNSt7__cxx1112basic_stringIcSt11char_traitsIcESaIcEEEb
FNDA:0,_ZN7leveldb17WriteStringToFileEPNS_3EnvERKNS_5SliceERKNSt7__cxx1112basic_stringIcSt11char_traitsIcESaIcEEE
FNDA:4024,_ZN7leveldb12WritableFileD2Ev
FNDA:963,_ZN7leveldb6LoggerD2Ev
FNDA:0,_ZN7leveldb10EnvWrapperD2Ev
FNDA:0,_ZN7leveldb14SequentialFileD0Ev
FNDA:0,_ZN7leveldb3EnvD2Ev
FNDA:5536,_ZN7leveldb3LogEPNS_6LoggerEPKcz
FNDA:0,_ZN7leveldb16RandomAccessFileD0Ev
FNDA:0,_ZN7leveldb10EnvWrapperD0Ev
FNDA:0,_ZN7leveldb6LoggerD0Ev
FNDA:963,_ZN7leveldb16ReadFileToStringEPNS_3EnvERKNSt7__cxx1112basic_stringIcSt11char_traitsIcESaIcEEEPS7_
FNDA:1674,_ZN7leveldb16RandomAccessFileD2Ev
FNDA:1025,_ZN7leveldb21WriteStringToFileSyncEPNS_3EnvERKNS_5SliceERKNSt7__cxx1112basic_stringIcSt11char_traitsIcESaIcEEE
FNDA:3116,_ZN7leveldb14SequentialFileD2Ev
FNDA:0,_ZN7leveldb3EnvD0Ev
FNDA:0,_ZN7leveldb12WritableFileD0Ev
FNF:19
FNH:9
DA:9,0
DA:10,0
DA:12,3116
DA:13,3116
DA:15,1674
DA:16,1674
DA:18,4024
DA:19,4024
DA:21,963
DA:22,963
DA:24,963
DA:25,963
DA:27,5536
DA:28,5536
DA:30,5536
DA:31,5536
DA:32,5536
DA:34,5536
DA:36,1025
DA:40,1025
DA:41,1025
DA:42,0
DA:44,1025
DA:45,1025
DA:46,1025
DA:48,1025
DA:49,1025
DA:51,1025
DA:52,1025
DA:53,0
DA:55,1025
DA:56,0
DA:58,0
DA:60,0
DA:63,1025
DA:65,1025
DA:68,963
DA:69,963
DA:71,963
DA:72,963
DA:73,0
DA:76,963
DA:78,1926
DA:79,1926
DA:80,1926
DA:81,0
DA:83,1926
DA:84,1926
DA:85,963
DA:87,963
DA:88,963
DA:89,963
DA:90,963
DA:91,0
DA:93,0
DA:94,0
LF:56
LH:44
end_of_record
TN:
SF:/home/yilegu/squint/bug_study/leveldb-1/leveldb/util/env_posix.cc
FN:34,_ZN7leveldb12_GLOBAL__N_1L7IOErrorERKNSt7__cxx1112basic_stringIcSt11char_traitsIcESaIcEEEi
FN:44,_ZN7leveldb12_GLOBAL__N_119PosixSequentialFileC2ERKNSt7__cxx1112basic_stringIcSt11char_traitsIcESaIcEEEP8_IO_FILE
FN:46,_ZN7leveldb12_GLOBAL__N_119PosixSequentialFileD0Ev
FN:46,_ZN7leveldb12_GLOBAL__N_119PosixSequentialFileD2Ev
FN:48,_ZN7leveldb12_GLOBAL__N_119PosixSequentialFile4ReadEmPNS_5SliceEPc
FN:63,_ZN7leveldb12_GLOBAL__N_119PosixSequentialFile4SkipEm
FN:78,_ZN7leveldb12_GLOBAL__N_121PosixRandomAccessFileC2ERKNSt7__cxx1112basic_stringIcSt11char_traitsIcESaIcEEEi
FN:80,_ZN7leveldb12_GLOBAL__N_121PosixRandomAccessFileD0Ev
FN:80,_ZN7leveldb12_GLOBAL__N_121PosixRandomAccessFileD2Ev
FN:82,_ZNK7leveldb12_GLOBAL__N_121PosixRandomAccessFile4ReadEmmPNS_5SliceEPc
FN:101,_ZN7leveldb12_GLOBAL__N_111MmapLimiterC2Ev
FN:107,_ZN7leveldb12_GLOBAL__N_111MmapLimiter7AcquireEv
FN:122,_ZN7leveldb12_GLOBAL__N_111MmapLimiter7ReleaseEv
FN:131,_ZNK7leveldb12_GLOBAL__N_111MmapLimiter10GetAllowedEv
FN:136,_ZN7leveldb12_GLOBAL__N_111MmapLimiter10SetAllowedEl
FN:154,_ZN7leveldb12_GLOBAL__N_121PosixMmapReadableFileC2ERKNSt7__cxx1112basic_stringIcSt11char_traitsIcESaIcEEEPvmPNS0_11MmapLimiterE
FN:160,_ZN7leveldb12_GLOBAL__N_121PosixMmapReadableFileD0Ev
FN:160,_ZN7leveldb12_GLOBAL__N_121PosixMmapReadableFileD2Ev
FN:165,_ZNK7leveldb12_GLOBAL__N_121PosixMmapReadableFile4ReadEmmPNS_5SliceEPc
FN:184,_ZN7leveldb12_GLOBAL__N_117PosixWritableFileC2ERKNSt7__cxx1112basic_stringIcSt11char_traitsIcESaIcEEEP8_IO_FILE
FN:187,_ZN7leveldb12_GLOBAL__N_117PosixWritableFileD0Ev
FN:187,_ZN7leveldb12_GLOBAL__N_117PosixWritableFileD2Ev
FN:194,_ZN7leveldb12_GLOBAL__N_117PosixWritableFile6AppendERKNS_5SliceE
FN:202,_ZN7leveldb12_GLOBAL__N_117PosixWritableFile5CloseEv
FN:211,_ZN7leveldb12_GLOBAL__N_117PosixWritableFile5FlushEv
FN:218,_ZN7leveldb12_GLOBAL__N_117PosixWritableFile17SyncDirIfManifestEv
FN:245,_ZN7leveldb12_GLOBAL__N_117PosixWritableFile4SyncEv
FN:259,_ZN7leveldb12_GLOBAL__N_1L12LockOrUnlockEib
FN:284,_ZN7leveldb12_GLOBAL__N_114PosixLockTable6InsertERKNSt7__cxx1112basic_stringIcSt11char_traitsIcESaIcEEE
FN:288,_ZN7leveldb12_GLOBAL__N_114PosixLockTable6RemoveERKNSt7__cxx1112basic_stringIcSt11char_traitsIcESaIcEEE
FN:297,_ZN7leveldb12_GLOBAL__N_18PosixEnvD2Ev
FN:297,_ZN7leveldb12_GLOBAL__N_18PosixEnvD0Ev
FN:302,_ZN7leveldb12_GLOBAL__N_18PosixEnv17NewSequentialFileERKNSt7__cxx1112basic_stringIcSt11char_traitsIcESaIcEEEPPNS_14SequentialFileE
FN:314,_ZN7leveldb12_GLOBAL__N_18PosixEnv19NewRandomAccessFileERKNSt7__cxx1112basic_stringIcSt11char_traitsIcESaIcEEEPPNS_16RandomAccessFileE
FN:342,_ZN7leveldb12_GLOBAL__N_18PosixEnv15NewWritableFileERKNSt7__cxx1112basic_stringIcSt11char_traitsIcESaIcEEEPPNS_12WritableFileE
FN:355,_ZN7leveldb12_GLOBAL__N_18PosixEnv10FileExistsERKNSt7__cxx1112basic_stringIcSt11char_traitsIcESaIcEEE
FN:359,_ZN7leveldb12_GLOBAL__N_18PosixEnv11GetChildrenERKNSt7__cxx1112basic_stringIcSt11char_traitsIcESaIcEEEPSt6vectorIS7_SaIS7_EE
FN:374,_ZN7leveldb12_GLOBAL__N_18PosixEnv10DeleteFileERKNSt7__cxx1112basic_stringIcSt11char_traitsIcESaIcEEE
FN:382,_ZN7leveldb12_GLOBAL__N_18PosixEnv9CreateDirERKNSt7__cxx1112basic_stringIcSt11char_traitsIcESaIcEEE
FN:390,_ZN7leveldb12_GLOBAL__N_18PosixEnv9DeleteDirERKNSt7__cxx1112basic_stringIcSt11char_traitsIcESaIcEEE
FN:398,_ZN7leveldb12_GLOBAL__N_18PosixEnv11GetFileSizeERKNSt7__cxx1112basic_stringIcSt11char_traitsIcESaIcEEEPm
FN:410,_ZN7leveldb12_GLOBAL__N_18PosixEnv10RenameFileERKNSt7__cxx1112basic_stringIcSt11char_traitsIcESaIcEEES9_
FN:418,_ZN7leveldb12_GLOBAL__N_18PosixEnv8LockFileERKNSt7__cxx1112basic_stringIcSt11char_traitsIcESaIcEEEPPNS_8FileLockE
FN:440,_ZN7leveldb12_GLOBAL__N_18PosixEnv10UnlockFileEPNS_8FileLockE
FN:456,_ZN7leveldb12_GLOBAL__N_18PosixEnv16GetTestDirectoryEPNSt7__cxx1112basic_stringIcSt11char_traitsIcESaIcEEE
FN:470,_ZN7leveldb12_GLOBAL__N_18PosixEnv6gettidEv
FN:477,_ZN7leveldb12_GLOBAL__N_18PosixEnv9NewLoggerERKNSt7__cxx1112basic_stringIcSt11char_traitsIcESaIcEEEPPNS_6LoggerE
FN:488,_ZN7leveldb12_GLOBAL__N_18PosixEnv9NowMicrosEv
FN:494,_ZN7leveldb12_GLOBAL__N_18PosixEnv20SleepForMicrosecondsEi
FN:499,_ZN7leveldb12_GLOBAL__N_18PosixEnv11PthreadCallEPKci
FN:508,_ZN7leveldb12_GLOBAL__N_18PosixEnv15BGThreadWrapperEPv
FN:527,_ZN7leveldb12_GLOBAL__N_18PosixEnvC2Ev
FN:532,_ZN7leveldb12_GLOBAL__N_18PosixEnv8ScheduleEPFvPvES2_
FN:557,_ZN7leveldb12_GLOBAL__N_18PosixEnv8BGThreadEv
FN:580,_ZN7leveldb12_GLOBAL__N_1L18StartThreadWrapperEPv
FN:587,_ZN7leveldb12_GLOBAL__N_18PosixEnv11StartThreadEPFvPvES2_
FN:600,_ZN7leveldbL14InitDefaultEnvEv
FN:602,_ZN7leveldb3Env7DefaultEv
FNDA:2637,_ZN7leveldb3Env7DefaultEv
FNDA:1674,_ZN7leveldb12_GLOBAL__N_121PosixMmapReadableFileD0Ev
FNDA:1926,_ZN7leveldb12_GLOBAL__N_1L12LockOrUnlockEib
FNDA:2314,_ZN7leveldb12_GLOBAL__N_18PosixEnv10DeleteFileERKNSt7__cxx1112basic_stringIcSt11char_traitsIcESaIcEEE
FNDA:3116,_ZN7leveldb12_GLOBAL__N_18PosixEnv17NewSequentialFileERKNSt7__cxx1112basic_stringIcSt11char_traitsIcESaIcEEEPPNS_14SequentialFileE
FNDA:4024,_ZN7leveldb12_GLOBAL__N_117PosixWritableFileC2ERKNSt7__cxx1112basic_stringIcSt11char_traitsIcESaIcEEEP8_IO_FILE
FNDA:0,_ZN7leveldb12_GLOBAL__N_18PosixEnv20SleepForMicrosecondsEi
FNDA:4024,_ZN7leveldb12_GLOBAL__N_18PosixEnv15NewWritableFileERKNSt7__cxx1112basic_stringIcSt11char_traitsIcESaIcEEEPPNS_12WritableFileE
FNDA:0,_ZN7leveldb12_GLOBAL__N_121PosixRandomAccessFileD0Ev
FNDA:3116,_ZN7leveldb12_GLOBAL__N_119PosixSequentialFileD2Ev
FNDA:3116,_ZN7leveldb12_GLOBAL__N_119PosixSequentialFileC2ERKNSt7__cxx1112basic_stringIcSt11char_traitsIcESaIcEEEP8_IO_FILE
FNDA:4024,_ZN7leveldb12_GLOBAL__N_117PosixWritableFileD2Ev
FNDA:1988,_ZN7leveldb12_GLOBAL__N_18PosixEnv10RenameFileERKNSt7__cxx1112basic_stringIcSt11char_traitsIcESaIcEEES9_
FNDA:0,_ZN7leveldb12_GLOBAL__N_121PosixRandomAccessFileD2Ev
FNDA:2032,_ZN7leveldb12_GLOBAL__N_18PosixEnv9NowMicrosEv
FNDA:0,_ZN7leveldb12_GLOBAL__N_121PosixRandomAccessFileC2ERKNSt7__cxx1112basic_stringIcSt11char_traitsIcESaIcEEEi
FNDA:1674,_ZN7leveldb12_GLOBAL__N_121PosixMmapReadableFileD2Ev
FNDA:1930,_ZN7leveldb12_GLOBAL__N_1L7IOErrorERKNSt7__cxx1112basic_stringIcSt11char_traitsIcESaIcEEEi
FNDA:963,_ZN7leveldb12_GLOBAL__N_18PosixEnvC2Ev
FNDA:1,_ZN7leveldb12_GLOBAL__N_18PosixEnv8BGThreadEv
FNDA:963,_ZN7leveldb12_GLOBAL__N_114PosixLockTable6RemoveERKNSt7__cxx1112basic_stringIcSt11char_traitsIcESaIcEEE
FNDA:1926,_ZN7leveldb12_GLOBAL__N_18PosixEnv9CreateDirERKNSt7__cxx1112basic_stringIcSt11char_traitsIcESaIcEEE
FNDA:0,_ZN7leveldb12_GLOBAL__N_1L18StartThreadWrapperEPv
FNDA:0,_ZN7leveldb12_GLOBAL__N_18PosixEnv11StartThreadEPFvPvES2_
FNDA:1,_ZN7leveldb12_GLOBAL__N_18PosixEnv15BGThreadWrapperEPv
FNDA:4024,_ZN7leveldb12_GLOBAL__N_117PosixWritableFileD0Ev
FNDA:1945,_ZN7leveldb12_GLOBAL__N_18PosixEnv11PthreadCallEPKci
FNDA:0,_ZN7leveldb12_GLOBAL__N_18PosixEnvD0Ev
FNDA:963,_ZN7leveldb12_GLOBAL__N_114PosixLockTable6InsertERKNSt7__cxx1112basic_stringIcSt11char_traitsIcESaIcEEE
FNDA:4311,_ZN7leveldb12_GLOBAL__N_111MmapLimiter10SetAllowedEl
FNDA:3116,_ZN7leveldb12_GLOBAL__N_119PosixSequentialFileD0Ev
FNDA:3002,_ZN7leveldb12_GLOBAL__N_117PosixWritableFile4SyncEv
FNDA:0,_ZN7leveldb12_GLOBAL__N_119PosixSequentialFile4SkipEm
FNDA:0,_ZNK7leveldb12_GLOBAL__N_121PosixRandomAccessFile4ReadEmmPNS_5SliceEPc
FNDA:10678,_ZN7leveldb12_GLOBAL__N_117PosixWritableFile5FlushEv
FNDA:1674,_ZN7leveldb12_GLOBAL__N_111MmapLimiter7AcquireEv
FNDA:5536,_ZN7leveldb12_GLOBAL__N_18PosixEnv6gettidEv
FNDA:1674,_ZN7leveldb12_GLOBAL__N_121PosixMmapReadableFileC2ERKNSt7__cxx1112basic_stringIcSt11char_traitsIcESaIcEEEPvmPNS0_11MmapLimiterE
FNDA:3002,_ZN7leveldb12_GLOBAL__N_117PosixWritableFile17SyncDirIfManifestEv
FNDA:10989,_ZNK7leveldb12_GLOBAL__N_121PosixMmapReadableFile4ReadEmmPNS_5SliceEPc
FNDA:963,_ZN7leveldb12_GLOBAL__N_18PosixEnv9NewLoggerERKNSt7__cxx1112basic_stringIcSt11char_traitsIcESaIcEEEPPNS_6LoggerE
FNDA:4530,_ZN7leveldb12_GLOBAL__N_119PosixSequentialFile4ReadEmPNS_5SliceEPc
FNDA:0,_ZN7leveldb12_GLOBAL__N_18PosixEnv9DeleteDirERKNSt7__cxx1112basic_stringIcSt11char_traitsIcESaIcEEE
FNDA:1913,_ZN7leveldb12_GLOBAL__N_18PosixEnv11GetChildrenERKNSt7__cxx1112basic_stringIcSt11char_traitsIcESaIcEEEPSt6vectorIS7_SaIS7_EE
FNDA:1674,_ZN7leveldb12_GLOBAL__N_111MmapLimiter7ReleaseEv
FNDA:0,_ZN7leveldb12_GLOBAL__N_18PosixEnvD2Ev
FNDA:963,_ZN7leveldb12_GLOBAL__N_18PosixEnv10UnlockFileEPNS_8FileLockE
FNDA:0,_ZN7leveldb12_GLOBAL__N_18PosixEnv16GetTestDirectoryEPNSt7__cxx1112basic_stringIcSt11char_traitsIcESaIcEEE
FNDA:27461,_ZN7leveldb12_GLOBAL__N_117PosixWritableFile6AppendERKNS_5SliceE
FNDA:5022,_ZNK7leveldb12_GLOBAL__N_111MmapLimiter10GetAllowedEv
FNDA:1674,_ZN7leveldb12_GLOBAL__N_18PosixEnv11GetFileSizeERKNSt7__cxx1112basic_stringIcSt11char_traitsIcESaIcEEEPm
FNDA:963,_ZN7leveldb12_GLOBAL__N_111MmapLimiterC2Ev
FNDA:2111,_ZN7leveldb12_GLOBAL__N_117PosixWritableFile5CloseEv
FNDA:963,_ZN7leveldbL14InitDefaultEnvEv
FNDA:3,_ZN7leveldb12_GLOBAL__N_18PosixEnv8ScheduleEPFvPvES2_
FNDA:963,_ZN7leveldb12_GLOBAL__N_18PosixEnv10FileExistsERKNSt7__cxx1112basic_stringIcSt11char_traitsIcESaIcEEE
FNDA:1674,_ZN7leveldb12_GLOBAL__N_18PosixEnv19NewRandomAccessFileERKNSt7__cxx1112basic_stringIcSt11char_traitsIcESaIcEEEPPNS_16RandomAccessFileE
FNDA:963,_ZN7leveldb12_GLOBAL__N_18PosixEnv8LockFileERKNSt7__cxx1112basic_stringIcSt11char_traitsIcESaIcEEEPPNS_8FileLockE
FNF:58
FNH:46
DA:34,1930
DA:35,1930
DA:44,3116
DA:45,3116
DA:46,6232
DA:48,4530
DA:49,4530
DA:50,4530
DA:51,4530
DA:52,4530
DA:53,4079
DA:57,0
DA:60,4530
DA:61,0
DA:63,0
DA:64,0
DA:65,0
DA:67,0
DA:78,0
DA:79,0
DA:80,0
DA:82,0
DA:84,0
DA:85,0
DA:86,0
DA:87,0
DA:89,0
DA:91,0
DA:92,0
DA:101,963
DA:102,963
DA:103,963
DA:107,1674
DA:108,1674
DA:109,0
DA:111,1674
DA:112,1674
DA:113,1674
DA:114,0
DA:116,1674
DA:117,1674
DA:119,1674
DA:122,1674
DA:123,1674
DA:124,1674
DA:125,1674
DA:131,5022
DA:132,5022
DA:136,4311
DA:137,4311
DA:138,4311
DA:154,1674
DA:156,5022
DA:157,1674
DA:158,1674
DA:160,3348
DA:161,1674
DA:162,1674
DA:163,3348
DA:165,10989
DA:167,10989
DA:168,10989
DA:169,0
DA:170,0
DA:172,10989
DA:174,10989
DA:175,0
DA:184,4024
DA:185,4024
DA:187,8048
DA:188,4024
DA:190,1913
DA:192,8048
DA:194,27461
DA:195,27461
DA:196,27461
DA:197,0
DA:199,27461
DA:202,2111
DA:203,2111
DA:204,2111
DA:205,0
DA:207,2111
DA:208,2111
DA:209,0
DA:211,10678
DA:212,10678
DA:213,0
DA:215,10678
DA:218,3002
DA:219,3002
DA:220,3002
DA:221,3002
DA:222,3002
DA:223,3002
DA:224,0
DA:225,0
DA:227,3002
DA:228,3002
DA:230,3002
DA:231,3002
DA:232,958
DA:233,958
DA:234,0
DA:236,958
DA:237,0
DA:239,958
DA:242,6004
DA:243,3002
DA:245,3002
DA:247,3002
DA:248,3002
DA:249,0
DA:251,6004
DA:252,3002
DA:253,0
DA:255,3002
DA:256,0
DA:259,1926
DA:260,1926
DA:262,1926
DA:263,1926
DA:264,1926
DA:265,1926
DA:266,1926
DA:267,3852
DA:284,963
DA:285,963
DA:286,1926
DA:287,963
DA:288,963
DA:289,963
DA:290,963
DA:291,963
DA:297,0
DA:298,0
DA:299,0
DA:300,0
DA:302,3116
DA:304,3116
DA:305,3116
DA:306,0
DA:307,0
DA:309,3116
DA:310,3116
DA:314,1674
DA:316,1674
DA:317,1674
DA:318,1674
DA:319,1674
DA:320,0
DA:321,1674
DA:323,1674
DA:324,1674
DA:325,1674
DA:326,1674
DA:327,1674
DA:329,0
DA:332,1674
DA:333,1674
DA:334,0
DA:337,0
DA:339,1674
DA:340,0
DA:342,4024
DA:344,4024
DA:345,4024
DA:346,4024
DA:347,0
DA:348,0
DA:350,4024
DA:352,4024
DA:353,0
DA:355,963
DA:356,963
DA:359,1913
DA:361,1913
DA:362,1913
DA:363,1913
DA:364,0
DA:367,24698
DA:368,22785
DA:370,1913
DA:371,1913
DA:374,2314
DA:375,2314
DA:376,2314
DA:377,0
DA:379,2314
DA:380,0
DA:382,1926
DA:383,1926
DA:384,1926
DA:385,1926
DA:387,1926
DA:388,0
DA:390,0
DA:391,0
DA:392,0
DA:393,0
DA:395,0
DA:396,0
DA:398,1674
DA:399,1674
DA:401,1674
DA:402,0
DA:403,0
DA:405,1674
DA:407,3348
DA:408,0
DA:410,1988
DA:411,1988
DA:412,1988
DA:413,4
DA:415,1988
DA:416,0
DA:418,963
DA:419,963
DA:420,963
DA:421,963
DA:422,963
DA:423,0
DA:424,963
DA:425,0
DA:426,0
DA:427,963
DA:428,0
DA:429,0
DA:430,0
DA:432,963
DA:433,963
DA:434,963
DA:435,963
DA:437,963
DA:438,0
DA:440,963
DA:441,963
DA:442,963
DA:443,963
DA:444,0
DA:446,963
DA:447,963
DA:448,963
DA:449,963
DA:450,0
DA:456,0
DA:457,0
DA:458,0
DA:459,0
DA:462,0
DA:463,0
DA:466,0
DA:467,0
DA:470,5536
DA:471,5536
DA:472,5536
DA:473,5536
DA:474,5536
DA:477,963
DA:478,963
DA:479,963
DA:480,0
DA:481,0
DA:483,963
DA:484,963
DA:488,2032
DA:490,2032
DA:491,2032
DA:494,0
DA:495,0
DA:496,0
DA:499,1945
DA:500,1945
DA:501,0
DA:502,0
DA:504,1945
DA:508,1
DA:509,1
DA:510,0
DA:527,963
DA:528,963
DA:529,963
DA:530,963
DA:532,3
DA:533,3
DA:536,3
DA:537,1
DA:538,1
DA:545,3
DA:546,3
DA:550,3
DA:551,3
DA:552,3
DA:554,3
DA:555,3
DA:557,1
DA:560,4
DA:561,6
DA:562,3
DA:565,3
DA:566,3
DA:567,3
DA:569,3
DA:570,3
DA:571,3
DA:580,0
DA:581,0
DA:582,0
DA:583,0
DA:584,0
DA:587,0
DA:589,0
DA:590,0
DA:591,0
DA:592,0
DA:594,0
DA:600,963
DA:602,2637
DA:603,2637
DA:604,2637
LF:320
LH:223
end_of_record
TN:
SF:/home/yilegu/squint/bug_study/leveldb-1/leveldb/util/filter_policy.cc
FN:9,_ZN7leveldb12FilterPolicyD0Ev
FN:9,_ZN7leveldb12FilterPolicyD2Ev
FNDA:0,_ZN7leveldb12FilterPolicyD0Ev
FNDA:963,_ZN7leveldb12FilterPolicyD2Ev
FNF:2
FNH:1
DA:9,963
LF:1
LH:1
end_of_record
TN:
SF:/home/yilegu/squint/bug_study/leveldb-1/leveldb/util/hash.cc
FN:18,_ZN7leveldb4HashEPKcmj
FNDA:2218427,_ZN7leveldb4HashEPKcmj
FNF:1
FNH:1
DA:18,2218427
DA:20,2218427
DA:21,2218427
DA:22,2218427
DA:23,2218427
DA:26,8884555
DA:27,6666128
DA:28,6666128
DA:29,6666128
DA:30,6666128
DA:31,6666128
DA:35,2218427
DA:36,0
DA:37,0
DA:39,0
DA:40,0
DA:42,0
DA:43,0
DA:44,0
DA:45,0
DA:46,0
DA:48,2218427
LF:22
LH:13
end_of_record
TN:
SF:/home/yilegu/squint/bug_study/leveldb-1/leveldb/util/logging.cc
FN:16,_ZN7leveldb14AppendNumberToEPNSt7__cxx1112basic_stringIcSt11char_traitsIcESaIcEEEm
FN:22,_ZN7leveldb21AppendEscapedStringToEPNSt7__cxx1112basic_stringIcSt11char_traitsIcESaIcEEERKNS_5SliceE
FN:36,_ZN7leveldb14NumberToStringB5cxx11Em
FN:42,_ZN7leveldb12EscapeStringB5cxx11ERKNS_5SliceE
FN:48,_ZN7leveldb11ConsumeCharEPNS_5SliceEc
FN:57,_ZN7leveldb20ConsumeDecimalNumberEPNS_5SliceEPm
FNDA:0,_ZN7leveldb14NumberToStringB5cxx11Em
FNDA:0,_ZN7leveldb21AppendEscapedStringToEPNSt7__cxx1112basic_stringIcSt11char_traitsIcESaIcEEERKNS_5SliceE
FNDA:0,_ZN7leveldb12EscapeStringB5cxx11ERKNS_5SliceE
FNDA:0,_ZN7leveldb14AppendNumberToEPNSt7__cxx1112basic_stringIcSt11char_traitsIcESaIcEEEm
FNDA:15144,_ZN7leveldb20ConsumeDecimalNumberEPNS_5SliceEPm
FNDA:0,_ZN7leveldb11ConsumeCharEPNS_5SliceEc
FNF:6
FNH:1
DA:16,0
DA:18,0
DA:19,0
DA:20,0
DA:22,0
DA:23,0
DA:24,0
DA:25,0
DA:26,0
DA:29,0
DA:30,0
DA:31,0
DA:34,0
DA:36,0
DA:37,0
DA:38,0
DA:39,0
DA:40,0
DA:42,0
DA:43,0
DA:44,0
DA:45,0
DA:46,0
DA:48,0
DA:49,0
DA:50,0
DA:51,0
DA:53,0
DA:57,15144
DA:58,15144
DA:59,15144
DA:60,71604
DA:61,68528
DA:62,68528
DA:63,56460
DA:64,56460
DA:66,56460
DA:67,0
DA:69,0
DA:71,56460
DA:72,56460
DA:77,15144
DA:78,15144
LF:43
LH:13
end_of_record
TN:
SF:/home/yilegu/squint/bug_study/leveldb-1/leveldb/util/mutexlock.h
FN:25,_ZN7leveldb9MutexLockC2EPNS_4port5MutexE
FN:29,_ZN7leveldb9MutexLockD2Ev
FNDA:5523986,_ZN7leveldb9MutexLockC2EPNS_4port5MutexE
FNDA:5523986,_ZN7leveldb9MutexLockD2Ev
FNF:2
FNH:2
DA:25,5523986
DA:26,5523986
DA:27,5523986
DA:28,5523986
DA:29,5523986
LF:5
LH:5
end_of_record
TN:
SF:/home/yilegu/squint/bug_study/leveldb-1/leveldb/util/options.cc
FN:12,_ZN7leveldb7OptionsC2Ev
FNDA:2637,_ZN7leveldb7OptionsC2Ev
FNF:1
FNH:1
DA:12,2637
DA:13,2637
DA:14,2637
DA:15,2637
DA:16,2637
DA:17,2637
DA:18,2637
DA:19,2637
DA:20,2637
DA:21,2637
DA:22,2637
DA:23,2637
DA:24,2637
DA:25,2637
DA:26,2637
LF:15
LH:15
end_of_record
TN:
SF:/home/yilegu/squint/bug_study/leveldb-1/leveldb/util/posix_logger.h
FN:24,_ZN7leveldb11PosixLoggerC2EP8_IO_FILEPFmvE
FN:25,_ZN7leveldb11PosixLoggerD0Ev
FN:25,_ZN7leveldb11PosixLoggerD2Ev
FN:28,_ZN7leveldb11PosixLogger4LogvEPKcP13__va_list_tag
FNDA:5536,_ZN7leveldb11PosixLogger4LogvEPKcP13__va_list_tag
FNDA:963,_ZN7leveldb11PosixLoggerD2Ev
FNDA:963,_ZN7leveldb11PosixLoggerD0Ev
FNDA:963,_ZN7leveldb11PosixLoggerC2EP8_IO_FILEPFmvE
FNF:4
FNH:4
DA:24,963
DA:25,1926
DA:26,963
DA:27,1926
DA:28,5536
DA:29,5536
DA:34,5536
DA:37,5536
DA:38,5536
DA:39,5536
DA:41,0
DA:42,0
DA:44,5536
DA:45,5536
DA:48,5536
DA:49,5536
DA:51,5536
DA:52,5536
DA:54,5536
DA:55,5536
DA:60,5536
DA:64,5536
DA:66,5536
DA:67,5536
DA:68,5536
DA:72,5536
DA:73,0
DA:74,0
DA:76,0
DA:81,5536
DA:82,3222
DA:85,5536
DA:86,5536
DA:87,5536
DA:88,5536
DA:89,0
DA:91,5536
DA:93,5536
LF:38
LH:32
end_of_record
TN:
SF:/home/yilegu/squint/bug_study/leveldb-1/leveldb/util/random.h
FN:19,_ZN7leveldb6RandomC2Ej
FN:25,_ZN7leveldb6Random4NextEv
FN:48,_ZN7leveldb6Random7UniformEi
FNDA:1121948,_ZN7leveldb6Random4NextEv
FNDA:1567,_ZN7leveldb6Random7UniformEi
FNDA:2933,_ZN7leveldb6RandomC2Ej
FNF:3
FNH:3
DA:19,2933
DA:21,2933
DA:22,0
DA:24,2933
DA:25,1121948
DA:34,1121948
DA:37,1121948
DA:41,1121948
DA:42,0
DA:44,1121948
DA:48,1567
LF:11
LH:9
end_of_record
TN:
SF:/home/yilegu/squint/bug_study/leveldb-1/leveldb/util/status.cc
FN:11,_ZN7leveldb6Status9CopyStateEPKc
FN:19,_ZN7leveldb6StatusC2ENS0_4CodeERKNS_5SliceES4_
FN:36,_ZNK7leveldb6Status8ToStringB5cxx11Ev
FNDA:1974,_ZN7leveldb6Status9CopyStateEPKc
FNDA:1940,_ZN7leveldb6StatusC2ENS0_4CodeERKNS_5SliceES4_
FNDA:1024,_ZNK7leveldb6Status8ToStringB5cxx11Ev
FNF:3
FNH:3
DA:11,1974
DA:13,1974
DA:14,1974
DA:15,1974
DA:16,1974
DA:19,1940
DA:20,1940
DA:21,1940
DA:22,1940
DA:23,1940
DA:24,1940
DA:25,1940
DA:26,1940
DA:27,1940
DA:28,1940
DA:29,1930
DA:30,1930
DA:31,1930
DA:33,1940
DA:34,1940
DA:36,1024
DA:37,1024
DA:38,1016
DA:42,8
DA:43,0
DA:44,0
DA:45,0
DA:46,0
DA:47,0
DA:48,0
DA:49,8
DA:50,8
DA:51,8
DA:52,0
DA:53,0
DA:54,0
DA:55,0
DA:56,0
DA:57,0
DA:58,0
DA:59,0
DA:60,0
DA:61,0
DA:62,0
DA:63,0
DA:64,0
DA:65,0
DA:67,16
DA:69,8
DA:70,8
DA:71,8
LF:51
LH:31
end_of_record
